#
# There is insufficient memory for the Java Runtime Environment to continue.
# Native memory allocation (malloc) failed to allocate 1639632 bytes. Error detail: Chunk::new
# Possible reasons:
#   The system is out of physical RAM or swap space
#   This process is running with CompressedOops enabled, and the Java Heap may be blocking the growth of the native heap
# Possible solutions:
#   Reduce memory load on the system
#   Increase physical memory or swap space
#   Check if swap backing store is full
#   Decrease Java heap size (-Xmx/-Xms)
#   Decrease number of Java threads
#   Decrease Java thread stack sizes (-Xss)
#   Set larger code cache with -XX:ReservedCodeCacheSize=
#   JVM is running with Unscaled Compressed Oops mode in which the Java heap is
#     placed in the first 4GB address space. The Java Heap base address is the
#     maximum limit for the native heap growth. Please use -XX:HeapBaseMinAddress
#     to set the Java Heap base and to place the Java Heap above 4GB virtual address.
# This output file may be truncated or incomplete.
#
#  Out of Memory Error (arena.cpp:168), pid=424, tid=5240
#
# JRE version: OpenJDK Runtime Environment Temurin-21.0.10+7 (21.0.10+7) (build 21.0.10+7-LTS)
# Java VM: OpenJDK 64-Bit Server VM Temurin-21.0.10+7 (21.0.10+7-LTS, mixed mode, sharing, tiered, compressed oops, compressed class ptrs, parallel gc, windows-amd64)
# No core dump will be written. Minidumps are not enabled by default on client versions of Windows
#

---------------  S U M M A R Y ------------

Command Line: --add-modules=ALL-SYSTEM --add-opens=java.base/java.util=ALL-UNNAMED --add-opens=java.base/java.lang=ALL-UNNAMED --add-opens=java.base/sun.nio.fs=ALL-UNNAMED -Declipse.application=org.eclipse.jdt.ls.core.id1 -Dosgi.bundles.defaultStartLevel=4 -Declipse.product=org.eclipse.jdt.ls.core.product -Djava.import.generatesMetadataFilesAtProjectRoot=false -DDetectVMInstallationsJob.disabled=true -Dfile.encoding=utf8 -XX:+UseParallelGC -XX:GCTimeRatio=4 -XX:AdaptiveSizePolicyWeight=90 -Dsun.zip.disableMemoryMapping=true -Xmx2G -Xms100m -Xlog:disable -javaagent:c:\Users\pewie\.antigravity\extensions\redhat.java-1.53.0-win32-x64\lombok\lombok-1.18.39-4050.jar -XX:+HeapDumpOnOutOfMemoryError -XX:HeapDumpPath=c:\Users\pewie\AppData\Roaming\Antigravity\User\workspaceStorage\f149a9d50be24f18af22f269c2f768ee\redhat.java -Daether.dependencyCollector.impl=bf c:\Users\pewie\.antigravity\extensions\redhat.java-1.53.0-win32-x64\server\plugins\org.eclipse.equinox.launcher_1.7.100.v20251111-0406.jar -configuration c:\Users\pewie\AppData\Roaming\Antigravity\User\globalStorage\redhat.java\1.53.0\config_win -data c:\Users\pewie\AppData\Roaming\Antigravity\User\workspaceStorage\f149a9d50be24f18af22f269c2f768ee\redhat.java\jdt_ws --pipe=\\.\pipe\lsp-41e613d7d161ed13e26a82daf0aee9d6-sock

Host: AMD Ryzen 7 4800H with Radeon Graphics         , 16 cores, 7G,  Windows 11 , 64 bit Build 26100 (10.0.26100.7920)
Time: Mon Apr 13 18:39:51 2026 elapsed time: 38.256105 seconds (0d 0h 0m 38s)

---------------  T H R E A D  ---------------

Current thread (0x00000221ea9fb0e0):  JavaThread "C2 CompilerThread0" daemon [_thread_in_native, id=5240, stack(0x0000008808c00000,0x0000008808d00000) (1024K)]


Current CompileTask:
C2:38256 6495       4       org.eclipse.osgi.internal.loader.BundleLoader::addExportedProvidersFor (167 bytes)

Stack: [0x0000008808c00000,0x0000008808d00000]
Native frames: (J=compiled Java code, j=interpreted, Vv=VM code, C=native code)
V  [jvm.dll+0x6d7a39]
V  [jvm.dll+0x8b4b26]
V  [jvm.dll+0x8b70de]
V  [jvm.dll+0x8b77c3]
V  [jvm.dll+0x284346]
V  [jvm.dll+0xc66ed]
V  [jvm.dll+0xc6c31]
V  [jvm.dll+0x3bec3b]
V  [jvm.dll+0x38b162]
V  [jvm.dll+0x38a5aa]
V  [jvm.dll+0x24c560]
V  [jvm.dll+0x24bb40]
V  [jvm.dll+0x1cb34e]
V  [jvm.dll+0x25b85d]
V  [jvm.dll+0x259dea]
V  [jvm.dll+0x3f857e]
V  [jvm.dll+0x85f59d]
V  [jvm.dll+0x6d626d]
C  [ucrtbase.dll+0x37b0]
C  [KERNEL32.DLL+0x2e8d7]
C  [ntdll.dll+0x8c48c]


---------------  P R O C E S S  ---------------

Threads class SMR info:
_java_thread_list=0x00000221cb501c20, length=50, elements={
0x00000221e84da9e0, 0x00000221fd3f67b0, 0x00000221fd3f8b00, 0x00000221fd3fbdc0,
0x00000221fd3fe930, 0x00000221ea9f82e0, 0x00000221ea9fa2a0, 0x00000221ea9fb0e0,
0x00000221eaa0b7f0, 0x00000221fea4eb10, 0x00000221c5129790, 0x00000221c5764340,
0x00000221fe911c10, 0x00000221fe837a30, 0x00000221fe8384b0, 0x00000221c53928a0,
0x00000221c5400060, 0x00000221fe85c3a0, 0x00000221ca4caa50, 0x00000221ca4cb0e0,
0x00000221ca4c96a0, 0x00000221ca4ccb20, 0x00000221ca4c9d30, 0x00000221ca4cc490,
0x00000221ca4ca3c0, 0x00000221ca4cb770, 0x00000221ca4cbe00, 0x00000221caea04c0,
0x00000221caea11e0, 0x00000221caea0b50, 0x00000221cae9dd60, 0x00000221cae9e3f0,
0x00000221cae9ea80, 0x00000221cae9fe30, 0x00000221cae9f110, 0x00000221cae9f7a0,
0x00000221cabfede0, 0x00000221cac00820, 0x00000221cac00eb0, 0x00000221cac01540,
0x00000221cabfe750, 0x00000221cabfe0c0, 0x00000221cabffb00, 0x00000221cac00190,
0x00000221cac02260, 0x00000221cac01bd0, 0x00000221cac028f0, 0x00000221cabff470,
0x00000221cac03ca0, 0x00000221cac05050
}

Java Threads: ( => current thread )
  0x00000221e84da9e0 JavaThread "main"                              [_thread_blocked, id=12364, stack(0x0000008808200000,0x0000008808300000) (1024K)]
  0x00000221fd3f67b0 JavaThread "Reference Handler"          daemon [_thread_blocked, id=13696, stack(0x0000008808600000,0x0000008808700000) (1024K)]
  0x00000221fd3f8b00 JavaThread "Finalizer"                  daemon [_thread_blocked, id=32568, stack(0x0000008808700000,0x0000008808800000) (1024K)]
  0x00000221fd3fbdc0 JavaThread "Signal Dispatcher"          daemon [_thread_blocked, id=12456, stack(0x0000008808800000,0x0000008808900000) (1024K)]
  0x00000221fd3fe930 JavaThread "Attach Listener"            daemon [_thread_blocked, id=24096, stack(0x0000008808900000,0x0000008808a00000) (1024K)]
  0x00000221ea9f82e0 JavaThread "Service Thread"             daemon [_thread_blocked, id=17044, stack(0x0000008808a00000,0x0000008808b00000) (1024K)]
  0x00000221ea9fa2a0 JavaThread "Monitor Deflation Thread"   daemon [_thread_blocked, id=26248, stack(0x0000008808b00000,0x0000008808c00000) (1024K)]
=>0x00000221ea9fb0e0 JavaThread "C2 CompilerThread0"         daemon [_thread_in_native, id=5240, stack(0x0000008808c00000,0x0000008808d00000) (1024K)]
  0x00000221eaa0b7f0 JavaThread "C1 CompilerThread0"         daemon [_thread_blocked, id=14980, stack(0x0000008808d00000,0x0000008808e00000) (1024K)]
  0x00000221fea4eb10 JavaThread "Common-Cleaner"             daemon [_thread_blocked, id=26820, stack(0x0000008809100000,0x0000008809200000) (1024K)]
  0x00000221c5129790 JavaThread "Notification Thread"        daemon [_thread_blocked, id=32064, stack(0x0000008809300000,0x0000008809400000) (1024K)]
  0x00000221c5764340 JavaThread "Active Thread: Equinox Container: f9e8872b-3ce8-4936-b6fd-c7c40dbc919d"        [_thread_blocked, id=32584, stack(0x0000008809000000,0x0000008809100000) (1024K)]
  0x00000221fe911c10 JavaThread "Refresh Thread: Equinox Container: f9e8872b-3ce8-4936-b6fd-c7c40dbc919d" daemon [_thread_blocked, id=10624, stack(0x0000008808e00000,0x0000008808f00000) (1024K)]
  0x00000221fe837a30 JavaThread "Framework Event Dispatcher: Equinox Container: f9e8872b-3ce8-4936-b6fd-c7c40dbc919d" daemon [_thread_blocked, id=11752, stack(0x0000008808f00000,0x0000008809000000) (1024K)]
  0x00000221fe8384b0 JavaThread "Start Level: Equinox Container: f9e8872b-3ce8-4936-b6fd-c7c40dbc919d" daemon [_thread_blocked, id=6388, stack(0x0000008809200000,0x0000008809300000) (1024K)]
  0x00000221c53928a0 JavaThread "Bundle File Closer"         daemon [_thread_blocked, id=26116, stack(0x0000008809e00000,0x0000008809f00000) (1024K)]
  0x00000221c5400060 JavaThread "SCR Component Actor"        daemon [_thread_blocked, id=19220, stack(0x000000880a000000,0x000000880a100000) (1024K)]
  0x00000221fe85c3a0 JavaThread "Worker-JM"                         [_thread_blocked, id=10692, stack(0x000000880a300000,0x000000880a400000) (1024K)]
  0x00000221ca4caa50 JavaThread "JNA Cleaner"                daemon [_thread_blocked, id=2652, stack(0x000000880a200000,0x000000880a300000) (1024K)]
  0x00000221ca4cb0e0 JavaThread "Worker-0"                          [_thread_blocked, id=6528, stack(0x000000880a600000,0x000000880a700000) (1024K)]
  0x00000221ca4c96a0 JavaThread "Worker-1"                          [_thread_blocked, id=18728, stack(0x000000880a700000,0x000000880a800000) (1024K)]
  0x00000221ca4ccb20 JavaThread "Worker-2: Initialize Workspace"        [_thread_blocked, id=27968, stack(0x000000880a800000,0x000000880a900000) (1024K)]
  0x00000221ca4c9d30 JavaThread "Worker-3"                          [_thread_blocked, id=14060, stack(0x000000880a900000,0x000000880aa00000) (1024K)]
  0x00000221ca4cc490 JavaThread "Java indexing"              daemon [_thread_blocked, id=15900, stack(0x000000880aa00000,0x000000880ab00000) (1024K)]
  0x00000221ca4ca3c0 JavaThread "Worker-4"                          [_thread_blocked, id=7496, stack(0x000000880ad00000,0x000000880ae00000) (1024K)]
  0x00000221ca4cb770 JavaThread "Worker-5"                          [_thread_blocked, id=10528, stack(0x000000880ae00000,0x000000880af00000) (1024K)]
  0x00000221ca4cbe00 JavaThread "Thread-1"                   daemon [_thread_in_native, id=7172, stack(0x000000880af00000,0x000000880b000000) (1024K)]
  0x00000221caea04c0 JavaThread "Thread-2"                   daemon [_thread_in_native, id=19868, stack(0x000000880b000000,0x000000880b100000) (1024K)]
  0x00000221caea11e0 JavaThread "Thread-3"                   daemon [_thread_in_native, id=32220, stack(0x000000880b100000,0x000000880b200000) (1024K)]
  0x00000221caea0b50 JavaThread "Thread-4"                   daemon [_thread_in_native, id=19304, stack(0x000000880b200000,0x000000880b300000) (1024K)]
  0x00000221cae9dd60 JavaThread "Thread-5"                   daemon [_thread_in_native, id=24428, stack(0x000000880b300000,0x000000880b400000) (1024K)]
  0x00000221cae9e3f0 JavaThread "Thread-6"                   daemon [_thread_in_native, id=31752, stack(0x000000880b400000,0x000000880b500000) (1024K)]
  0x00000221cae9ea80 JavaThread "Thread-7"                   daemon [_thread_in_native, id=22340, stack(0x000000880b500000,0x000000880b600000) (1024K)]
  0x00000221cae9fe30 JavaThread "Thread-8"                   daemon [_thread_in_native, id=6600, stack(0x000000880b600000,0x000000880b700000) (1024K)]
  0x00000221cae9f110 JavaThread "Thread-9"                   daemon [_thread_in_native, id=22504, stack(0x000000880b700000,0x000000880b800000) (1024K)]
  0x00000221cae9f7a0 JavaThread "Thread-10"                  daemon [_thread_in_native, id=16652, stack(0x000000880b800000,0x000000880b900000) (1024K)]
  0x00000221cabfede0 JavaThread "Thread-11"                  daemon [_thread_in_native, id=18588, stack(0x000000880b900000,0x000000880ba00000) (1024K)]
  0x00000221cac00820 JavaThread "Thread-12"                  daemon [_thread_in_native, id=30196, stack(0x000000880ba00000,0x000000880bb00000) (1024K)]
  0x00000221cac00eb0 JavaThread "Thread-13"                  daemon [_thread_in_native, id=20168, stack(0x000000880bb00000,0x000000880bc00000) (1024K)]
  0x00000221cac01540 JavaThread "Thread-14"                  daemon [_thread_in_native, id=19228, stack(0x000000880bc00000,0x000000880bd00000) (1024K)]
  0x00000221cabfe750 JavaThread "Thread-15"                  daemon [_thread_in_native, id=32640, stack(0x000000880bd00000,0x000000880be00000) (1024K)]
  0x00000221cabfe0c0 JavaThread "Thread-16"                  daemon [_thread_in_native, id=24768, stack(0x000000880be00000,0x000000880bf00000) (1024K)]
  0x00000221cabffb00 JavaThread "Thread-17"                  daemon [_thread_in_native, id=9640, stack(0x000000880bf00000,0x000000880c000000) (1024K)]
  0x00000221cac00190 JavaThread "pool-2-thread-1"                   [_thread_blocked, id=32384, stack(0x000000880c000000,0x000000880c100000) (1024K)]
  0x00000221cac02260 JavaThread "WorkspaceEventsHandler"            [_thread_blocked, id=11280, stack(0x000000880c100000,0x000000880c200000) (1024K)]
  0x00000221cac01bd0 JavaThread "pool-1-thread-1"                   [_thread_blocked, id=8512, stack(0x000000880c200000,0x000000880c300000) (1024K)]
  0x00000221cac028f0 JavaThread "ForkJoinPool.commonPool-worker-1" daemon [_thread_blocked, id=31620, stack(0x000000880c300000,0x000000880c400000) (1024K)]
  0x00000221cabff470 JavaThread "ForkJoinPool.commonPool-worker-2" daemon [_thread_blocked, id=23360, stack(0x000000880c400000,0x000000880c500000) (1024K)]
  0x00000221cac03ca0 JavaThread "Timer-0"                           [_thread_blocked, id=11976, stack(0x000000880c500000,0x000000880c600000) (1024K)]
  0x00000221cac05050 JavaThread "Connection worker"                 [_thread_in_Java, id=18552, stack(0x000000880c600000,0x000000880c700000) (1024K)]
Total: 50

Other Threads:
  0x00000221fd3e2d70 VMThread "VM Thread"                           [id=2596, stack(0x0000008808500000,0x0000008808600000) (1024K)]
  0x00000221fd2dca00 WatcherThread "VM Periodic Task Thread"        [id=3916, stack(0x0000008808400000,0x0000008808500000) (1024K)]
  0x00000221ea96bba0 WorkerThread "GC Thread#0"                     [id=21068, stack(0x0000008808300000,0x0000008808400000) (1024K)]
  0x00000221c55efca0 WorkerThread "GC Thread#1"                     [id=11040, stack(0x0000008809400000,0x0000008809500000) (1024K)]
  0x00000221c58e7f20 WorkerThread "GC Thread#2"                     [id=28700, stack(0x0000008809500000,0x0000008809600000) (1024K)]
  0x00000221c58e82d0 WorkerThread "GC Thread#3"                     [id=11328, stack(0x0000008809600000,0x0000008809700000) (1024K)]
  0x00000221c56057f0 WorkerThread "GC Thread#4"                     [id=4416, stack(0x0000008809700000,0x0000008809800000) (1024K)]
  0x00000221c5605ba0 WorkerThread "GC Thread#5"                     [id=21964, stack(0x0000008809800000,0x0000008809900000) (1024K)]
  0x00000221c5605f50 WorkerThread "GC Thread#6"                     [id=8316, stack(0x0000008809900000,0x0000008809a00000) (1024K)]
  0x00000221c5726040 WorkerThread "GC Thread#7"                     [id=27848, stack(0x0000008809a00000,0x0000008809b00000) (1024K)]
  0x00000221c54ef3d0 WorkerThread "GC Thread#8"                     [id=29688, stack(0x0000008809b00000,0x0000008809c00000) (1024K)]
  0x00000221c54ef780 WorkerThread "GC Thread#9"                     [id=30220, stack(0x0000008809c00000,0x0000008809d00000) (1024K)]
  0x00000221c54efb30 WorkerThread "GC Thread#10"                    [id=13680, stack(0x0000008809d00000,0x0000008809e00000) (1024K)]
  0x00000221ca082080 WorkerThread "GC Thread#11"                    [id=22940, stack(0x000000880a100000,0x000000880a200000) (1024K)]
  0x00000221ca1c8d80 WorkerThread "GC Thread#12"                    [id=25684, stack(0x000000880a500000,0x000000880a600000) (1024K)]
Total: 15

Threads with active compile tasks:
C2 CompilerThread0  38317 6495       4       org.eclipse.osgi.internal.loader.BundleLoader::addExportedProvidersFor (167 bytes)
Total: 1

VM state: not at safepoint (normal execution)

VM Mutex/Monitor currently owned by a thread: None

Heap address: 0x0000000080000000, size: 2048 MB, Compressed Oops mode: 32-bit

CDS archive(s) mapped at: [0x0000022184000000-0x0000022184ba0000-0x0000022184ba0000), size 12189696, SharedBaseAddress: 0x0000022184000000, ArchiveRelocationMode: 1.
Compressed class space mapped at: 0x0000022185000000-0x00000221c5000000, reserved size: 1073741824
Narrow klass base: 0x0000022184000000, Narrow klass shift: 0, Narrow klass range: 0x100000000

GC Precious Log:
 CardTable entry size: 512
 CPUs: 16 total, 16 available
 Memory: 8061M
 Large Page Support: Disabled
 NUMA Support: Disabled
 Compressed Oops: Enabled (32-bit)
 Alignments: Space 512K, Generation 512K, Heap 2M
 Heap Min Capacity: 100M
 Heap Initial Capacity: 100M
 Heap Max Capacity: 2G
 Pre-touch: Disabled
 Parallel Workers: 13

Heap:
 PSYoungGen      total 23040K, used 8524K [0x00000000d5580000, 0x00000000d7080000, 0x0000000100000000)
  eden space 21504K, 32% used [0x00000000d5580000,0x00000000d5c55620,0x00000000d6a80000)
  from space 1536K, 99% used [0x00000000d6b00000,0x00000000d6c7dc90,0x00000000d6c80000)
  to   space 3072K, 0% used [0x00000000d6d80000,0x00000000d6d80000,0x00000000d7080000)
 ParOldGen       total 68608K, used 25103K [0x0000000080000000, 0x0000000084300000, 0x00000000d5580000)
  object space 68608K, 36% used [0x0000000080000000,0x0000000081883ea0,0x0000000084300000)
 Metaspace       used 48670K, committed 49856K, reserved 1114112K
  class space    used 5400K, committed 5952K, reserved 1048576K

Card table byte_map: [0x00000221ea320000,0x00000221ea730000] _byte_map_base: 0x00000221e9f20000

Marking Bits: (ParMarkBitMap*) 0x00007ffd5b503450
 Begin Bits: [0x0000022180000000, 0x0000022182000000)
 End Bits:   [0x0000022182000000, 0x0000022184000000)

Polling page: 0x00000221ea110000

Metaspace:

Usage:
  Non-class:     42.26 MB used.
      Class:      5.27 MB used.
       Both:     47.53 MB used.

Virtual space:
  Non-class space:       64.00 MB reserved,      42.88 MB ( 67%) committed,  1 nodes.
      Class space:        1.00 GB reserved,       5.81 MB ( <1%) committed,  1 nodes.
             Both:        1.06 GB reserved,      48.69 MB (  4%) committed. 

Chunk freelists:
   Non-Class:  4.88 MB
       Class:  10.11 MB
        Both:  14.99 MB

MaxMetaspaceSize: unlimited
CompressedClassSpaceSize: 1.00 GB
Initial GC threshold: 21.00 MB
Current GC threshold: 58.38 MB
CDS: on
 - commit_granule_bytes: 65536.
 - commit_granule_words: 8192.
 - virtual_space_node_default_size: 8388608.
 - enlarge_chunks_in_place: 1.
 - use_allocation_guard: 0.


Internal statistics:

num_allocs_failed_limit: 8.
num_arena_births: 840.
num_arena_deaths: 14.
num_vsnodes_births: 2.
num_vsnodes_deaths: 0.
num_space_committed: 779.
num_space_uncommitted: 0.
num_chunks_returned_to_freelist: 22.
num_chunks_taken_from_freelist: 3050.
num_chunk_merges: 13.
num_chunk_splits: 1870.
num_chunks_enlarged: 1042.
num_inconsistent_stats: 0.

CodeHeap 'non-profiled nmethods': size=119168Kb used=2369Kb max_used=2369Kb free=116798Kb
 bounds [0x00000221f56f0000, 0x00000221f5960000, 0x00000221fcb50000]
CodeHeap 'profiled nmethods': size=119104Kb used=13182Kb max_used=13182Kb free=105921Kb
 bounds [0x00000221edb50000, 0x00000221ee830000, 0x00000221f4fa0000]
CodeHeap 'non-nmethods': size=7488Kb used=1374Kb max_used=2932Kb free=6113Kb
 bounds [0x00000221f4fa0000, 0x00000221f5290000, 0x00000221f56f0000]
CodeCache: size=245760Kb, used=16925Kb, max_used=18483Kb, free=228832Kb
 total_blobs=6853, nmethods=6177, adapters=582, full_count=0
Compilation: enabled, stopped_count=0, restarted_count=0

Compilation events (20 events):
Event: 37.408 Thread 0x00000221c57f40b0 nmethod 6755 0x00000221ee81ef90 code [0x00000221ee81f140, 0x00000221ee81f350]
Event: 37.408 Thread 0x00000221eaa0b7f0 nmethod 6754 0x00000221ee81f410 code [0x00000221ee81f5e0, 0x00000221ee81f958]
Event: 37.409 Thread 0x00000221eaa0b7f0 6756       1       java.lang.NamedPackage::packageName (5 bytes)
Event: 37.410 Thread 0x00000221eaa0b7f0 nmethod 6756 0x00000221f5940410 code [0x00000221f59405a0, 0x00000221f5940668]
Event: 37.458 Thread 0x00000221eaa0b7f0 6757       3       org.gradle.internal.classpath.DefaultClassPath$ImmutableUniqueList::get (57 bytes)
Event: 37.458 Thread 0x00000221ca00b0c0 6758       3       org.gradle.internal.Cast::uncheckedNonnullCast (2 bytes)
Event: 37.459 Thread 0x00000221ca00b0c0 nmethod 6758 0x00000221ee81fb10 code [0x00000221ee81fca0, 0x00000221ee81fd90]
Event: 37.460 Thread 0x00000221eaa0b7f0 nmethod 6757 0x00000221ee81fe10 code [0x00000221ee820080, 0x00000221ee820860]
Event: 37.463 Thread 0x00000221c57f40b0 6759   !   3       java.net.URL::of (255 bytes)
Event: 37.466 Thread 0x00000221c57f40b0 nmethod 6759 0x00000221ee820c10 code [0x00000221ee821060, 0x00000221ee822b28]
Event: 37.549 Thread 0x00000221eaa0b7f0 6760       3       java.lang.ClassLoader::getResources (55 bytes)
Event: 37.549 Thread 0x00000221ca00b0c0 6761       3       java.lang.CompoundEnumeration::<init> (10 bytes)
Event: 37.549 Thread 0x00000221ca00b0c0 nmethod 6761 0x00000221ee823610 code [0x00000221ee8237c0, 0x00000221ee823948]
Event: 37.550 Thread 0x00000221eaa0b7f0 nmethod 6760 0x00000221ee823a10 code [0x00000221ee823c60, 0x00000221ee8247d8]
Event: 37.586 Thread 0x00000221ca00b0c0 6762 %     3       java.util.zip.ZipFile$Source::initCEN @ 261 (612 bytes)
Event: 37.591 Thread 0x00000221ca00b0c0 nmethod 6762% 0x00000221ee824b10 code [0x00000221ee825080, 0x00000221ee828340]
Event: 37.720 Thread 0x00000221ca00b0c0 6763       3       java.util.Hashtable::<init> (8 bytes)
Event: 37.721 Thread 0x00000221ca00b0c0 nmethod 6763 0x00000221ee829790 code [0x00000221ee829960, 0x00000221ee829aa0]
Event: 37.944 Thread 0x00000221eaa0b7f0 6764       3       java.util.zip.ZipFile$Source::initCEN (612 bytes)
Event: 37.950 Thread 0x00000221eaa0b7f0 nmethod 6764 0x00000221ee829b90 code [0x00000221ee82a0e0, 0x00000221ee82d1c0]

GC Heap History (20 events):
Event: 29.590 GC heap before
{Heap before GC invocations=12 (full 1):
 PSYoungGen      total 25600K, used 25598K [0x00000000d5580000, 0x00000000d7380000, 0x0000000100000000)
  eden space 23040K, 100% used [0x00000000d5580000,0x00000000d6c00000,0x00000000d6c00000)
  from space 2560K, 99% used [0x00000000d7100000,0x00000000d737fb68,0x00000000d7380000)
  to   space 3584K, 0% used [0x00000000d6c80000,0x00000000d6c80000,0x00000000d7000000)
 ParOldGen       total 68608K, used 14106K [0x0000000080000000, 0x0000000084300000, 0x00000000d5580000)
  object space 68608K, 20% used [0x0000000080000000,0x0000000080dc6b20,0x0000000084300000)
 Metaspace       used 30810K, committed 31744K, reserved 1114112K
  class space    used 3140K, committed 3520K, reserved 1048576K
}
Event: 29.595 GC heap after
{Heap after GC invocations=12 (full 1):
 PSYoungGen      total 24064K, used 1310K [0x00000000d5580000, 0x00000000d7180000, 0x0000000100000000)
  eden space 22528K, 0% used [0x00000000d5580000,0x00000000d5580000,0x00000000d6b80000)
  from space 1536K, 85% used [0x00000000d6c80000,0x00000000d6dc7810,0x00000000d6e00000)
  to   space 2048K, 0% used [0x00000000d6f80000,0x00000000d6f80000,0x00000000d7180000)
 ParOldGen       total 68608K, used 16415K [0x0000000080000000, 0x0000000084300000, 0x00000000d5580000)
  object space 68608K, 23% used [0x0000000080000000,0x0000000081007f28,0x0000000084300000)
 Metaspace       used 30810K, committed 31744K, reserved 1114112K
  class space    used 3140K, committed 3520K, reserved 1048576K
}
Event: 30.223 GC heap before
{Heap before GC invocations=13 (full 1):
 PSYoungGen      total 24064K, used 23838K [0x00000000d5580000, 0x00000000d7180000, 0x0000000100000000)
  eden space 22528K, 100% used [0x00000000d5580000,0x00000000d6b80000,0x00000000d6b80000)
  from space 1536K, 85% used [0x00000000d6c80000,0x00000000d6dc7810,0x00000000d6e00000)
  to   space 2048K, 0% used [0x00000000d6f80000,0x00000000d6f80000,0x00000000d7180000)
 ParOldGen       total 68608K, used 16415K [0x0000000080000000, 0x0000000084300000, 0x00000000d5580000)
  object space 68608K, 23% used [0x0000000080000000,0x0000000081007f28,0x0000000084300000)
 Metaspace       used 33315K, committed 34304K, reserved 1114112K
  class space    used 3420K, committed 3840K, reserved 1048576K
}
Event: 30.226 GC heap after
{Heap after GC invocations=13 (full 1):
 PSYoungGen      total 23552K, used 1181K [0x00000000d5580000, 0x00000000d7100000, 0x0000000100000000)
  eden space 22016K, 0% used [0x00000000d5580000,0x00000000d5580000,0x00000000d6b00000)
  from space 1536K, 76% used [0x00000000d6f80000,0x00000000d70a7470,0x00000000d7100000)
  to   space 1536K, 0% used [0x00000000d6e00000,0x00000000d6e00000,0x00000000d6f80000)
 ParOldGen       total 68608K, used 17349K [0x0000000080000000, 0x0000000084300000, 0x00000000d5580000)
  object space 68608K, 25% used [0x0000000080000000,0x00000000810f1668,0x0000000084300000)
 Metaspace       used 33315K, committed 34304K, reserved 1114112K
  class space    used 3420K, committed 3840K, reserved 1048576K
}
Event: 30.544 GC heap before
{Heap before GC invocations=14 (full 1):
 PSYoungGen      total 23552K, used 19119K [0x00000000d5580000, 0x00000000d7100000, 0x0000000100000000)
  eden space 22016K, 81% used [0x00000000d5580000,0x00000000d67047c0,0x00000000d6b00000)
  from space 1536K, 76% used [0x00000000d6f80000,0x00000000d70a7470,0x00000000d7100000)
  to   space 1536K, 0% used [0x00000000d6e00000,0x00000000d6e00000,0x00000000d6f80000)
 ParOldGen       total 68608K, used 17349K [0x0000000080000000, 0x0000000084300000, 0x00000000d5580000)
  object space 68608K, 25% used [0x0000000080000000,0x00000000810f1668,0x0000000084300000)
 Metaspace       used 34892K, committed 35840K, reserved 1114112K
  class space    used 3619K, committed 4032K, reserved 1048576K
}
Event: 30.548 GC heap after
{Heap after GC invocations=14 (full 1):
 PSYoungGen      total 23552K, used 1185K [0x00000000d5580000, 0x00000000d7000000, 0x0000000100000000)
  eden space 22016K, 0% used [0x00000000d5580000,0x00000000d5580000,0x00000000d6b00000)
  from space 1536K, 77% used [0x00000000d6e00000,0x00000000d6f28638,0x00000000d6f80000)
  to   space 512K, 0% used [0x00000000d6f80000,0x00000000d6f80000,0x00000000d7000000)
 ParOldGen       total 68608K, used 18293K [0x0000000080000000, 0x0000000084300000, 0x00000000d5580000)
  object space 68608K, 26% used [0x0000000080000000,0x00000000811dd620,0x0000000084300000)
 Metaspace       used 34892K, committed 35840K, reserved 1114112K
  class space    used 3619K, committed 4032K, reserved 1048576K
}
Event: 30.548 GC heap before
{Heap before GC invocations=15 (full 2):
 PSYoungGen      total 23552K, used 1185K [0x00000000d5580000, 0x00000000d7000000, 0x0000000100000000)
  eden space 22016K, 0% used [0x00000000d5580000,0x00000000d5580000,0x00000000d6b00000)
  from space 1536K, 77% used [0x00000000d6e00000,0x00000000d6f28638,0x00000000d6f80000)
  to   space 512K, 0% used [0x00000000d6f80000,0x00000000d6f80000,0x00000000d7000000)
 ParOldGen       total 68608K, used 18293K [0x0000000080000000, 0x0000000084300000, 0x00000000d5580000)
  object space 68608K, 26% used [0x0000000080000000,0x00000000811dd620,0x0000000084300000)
 Metaspace       used 34892K, committed 35840K, reserved 1114112K
  class space    used 3619K, committed 4032K, reserved 1048576K
}
Event: 30.608 GC heap after
{Heap after GC invocations=15 (full 2):
 PSYoungGen      total 23552K, used 0K [0x00000000d5580000, 0x00000000d7000000, 0x0000000100000000)
  eden space 22016K, 0% used [0x00000000d5580000,0x00000000d5580000,0x00000000d6b00000)
  from space 1536K, 0% used [0x00000000d6e00000,0x00000000d6e00000,0x00000000d6f80000)
  to   space 512K, 0% used [0x00000000d6f80000,0x00000000d6f80000,0x00000000d7000000)
 ParOldGen       total 68608K, used 17957K [0x0000000080000000, 0x0000000084300000, 0x00000000d5580000)
  object space 68608K, 26% used [0x0000000080000000,0x0000000081189408,0x0000000084300000)
 Metaspace       used 34892K, committed 35840K, reserved 1114112K
  class space    used 3619K, committed 4032K, reserved 1048576K
}
Event: 31.096 GC heap before
{Heap before GC invocations=16 (full 2):
 PSYoungGen      total 23552K, used 22016K [0x00000000d5580000, 0x00000000d7000000, 0x0000000100000000)
  eden space 22016K, 100% used [0x00000000d5580000,0x00000000d6b00000,0x00000000d6b00000)
  from space 1536K, 0% used [0x00000000d6e00000,0x00000000d6e00000,0x00000000d6f80000)
  to   space 512K, 0% used [0x00000000d6f80000,0x00000000d6f80000,0x00000000d7000000)
 ParOldGen       total 68608K, used 17957K [0x0000000080000000, 0x0000000084300000, 0x00000000d5580000)
  object space 68608K, 26% used [0x0000000080000000,0x0000000081189408,0x0000000084300000)
 Metaspace       used 37498K, committed 38528K, reserved 1114112K
  class space    used 3949K, committed 4416K, reserved 1048576K
}
Event: 31.101 GC heap after
{Heap after GC invocations=16 (full 2):
 PSYoungGen      total 22528K, used 512K [0x00000000d5580000, 0x00000000d7000000, 0x0000000100000000)
  eden space 22016K, 0% used [0x00000000d5580000,0x00000000d5580000,0x00000000d6b00000)
  from space 512K, 100% used [0x00000000d6f80000,0x00000000d7000000,0x00000000d7000000)
  to   space 2560K, 0% used [0x00000000d6b00000,0x00000000d6b00000,0x00000000d6d80000)
 ParOldGen       total 68608K, used 19553K [0x0000000080000000, 0x0000000084300000, 0x00000000d5580000)
  object space 68608K, 28% used [0x0000000080000000,0x00000000813184e0,0x0000000084300000)
 Metaspace       used 37498K, committed 38528K, reserved 1114112K
  class space    used 3949K, committed 4416K, reserved 1048576K
}
Event: 32.231 GC heap before
{Heap before GC invocations=17 (full 2):
 PSYoungGen      total 22528K, used 22528K [0x00000000d5580000, 0x00000000d7000000, 0x0000000100000000)
  eden space 22016K, 100% used [0x00000000d5580000,0x00000000d6b00000,0x00000000d6b00000)
  from space 512K, 100% used [0x00000000d6f80000,0x00000000d7000000,0x00000000d7000000)
  to   space 2560K, 0% used [0x00000000d6b00000,0x00000000d6b00000,0x00000000d6d80000)
 ParOldGen       total 68608K, used 19553K [0x0000000080000000, 0x0000000084300000, 0x00000000d5580000)
  object space 68608K, 28% used [0x0000000080000000,0x00000000813184e0,0x0000000084300000)
 Metaspace       used 39951K, committed 41024K, reserved 1114112K
  class space    used 4279K, committed 4736K, reserved 1048576K
}
Event: 32.234 GC heap after
{Heap after GC invocations=17 (full 2):
 PSYoungGen      total 24576K, used 1248K [0x00000000d5580000, 0x00000000d7000000, 0x0000000100000000)
  eden space 22016K, 0% used [0x00000000d5580000,0x00000000d5580000,0x00000000d6b00000)
  from space 2560K, 48% used [0x00000000d6b00000,0x00000000d6c38000,0x00000000d6d80000)
  to   space 2048K, 0% used [0x00000000d6e00000,0x00000000d6e00000,0x00000000d7000000)
 ParOldGen       total 68608K, used 20041K [0x0000000080000000, 0x0000000084300000, 0x00000000d5580000)
  object space 68608K, 29% used [0x0000000080000000,0x0000000081392500,0x0000000084300000)
 Metaspace       used 39951K, committed 41024K, reserved 1114112K
  class space    used 4279K, committed 4736K, reserved 1048576K
}
Event: 33.495 GC heap before
{Heap before GC invocations=18 (full 2):
 PSYoungGen      total 24576K, used 23264K [0x00000000d5580000, 0x00000000d7000000, 0x0000000100000000)
  eden space 22016K, 100% used [0x00000000d5580000,0x00000000d6b00000,0x00000000d6b00000)
  from space 2560K, 48% used [0x00000000d6b00000,0x00000000d6c38000,0x00000000d6d80000)
  to   space 2048K, 0% used [0x00000000d6e00000,0x00000000d6e00000,0x00000000d7000000)
 ParOldGen       total 68608K, used 20041K [0x0000000080000000, 0x0000000084300000, 0x00000000d5580000)
  object space 68608K, 29% used [0x0000000080000000,0x0000000081392500,0x0000000084300000)
 Metaspace       used 42257K, committed 43328K, reserved 1114112K
  class space    used 4569K, committed 5056K, reserved 1048576K
}
Event: 33.500 GC heap after
{Heap after GC invocations=18 (full 2):
 PSYoungGen      total 23552K, used 2016K [0x00000000d5580000, 0x00000000d7200000, 0x0000000100000000)
  eden space 21504K, 0% used [0x00000000d5580000,0x00000000d5580000,0x00000000d6a80000)
  from space 2048K, 98% used [0x00000000d6e00000,0x00000000d6ff8030,0x00000000d7000000)
  to   space 3584K, 0% used [0x00000000d6a80000,0x00000000d6a80000,0x00000000d6e00000)
 ParOldGen       total 68608K, used 21257K [0x0000000080000000, 0x0000000084300000, 0x00000000d5580000)
  object space 68608K, 30% used [0x0000000080000000,0x00000000814c2500,0x0000000084300000)
 Metaspace       used 42257K, committed 43328K, reserved 1114112K
  class space    used 4569K, committed 5056K, reserved 1048576K
}
Event: 34.574 GC heap before
{Heap before GC invocations=19 (full 2):
 PSYoungGen      total 23552K, used 23520K [0x00000000d5580000, 0x00000000d7200000, 0x0000000100000000)
  eden space 21504K, 100% used [0x00000000d5580000,0x00000000d6a80000,0x00000000d6a80000)
  from space 2048K, 98% used [0x00000000d6e00000,0x00000000d6ff8030,0x00000000d7000000)
  to   space 3584K, 0% used [0x00000000d6a80000,0x00000000d6a80000,0x00000000d6e00000)
 ParOldGen       total 68608K, used 21257K [0x0000000080000000, 0x0000000084300000, 0x00000000d5580000)
  object space 68608K, 30% used [0x0000000080000000,0x00000000814c2500,0x0000000084300000)
 Metaspace       used 44582K, committed 45760K, reserved 1114112K
  class space    used 4856K, committed 5376K, reserved 1048576K
}
Event: 34.579 GC heap after
{Heap after GC invocations=19 (full 2):
 PSYoungGen      total 23552K, used 2032K [0x00000000d5580000, 0x00000000d6f80000, 0x0000000100000000)
  eden space 21504K, 0% used [0x00000000d5580000,0x00000000d5580000,0x00000000d6a80000)
  from space 2048K, 99% used [0x00000000d6a80000,0x00000000d6c7c008,0x00000000d6c80000)
  to   space 2560K, 0% used [0x00000000d6d00000,0x00000000d6d00000,0x00000000d6f80000)
 ParOldGen       total 68608K, used 22600K [0x0000000080000000, 0x0000000084300000, 0x00000000d5580000)
  object space 68608K, 32% used [0x0000000080000000,0x0000000081612210,0x0000000084300000)
 Metaspace       used 44582K, committed 45760K, reserved 1114112K
  class space    used 4856K, committed 5376K, reserved 1048576K
}
Event: 36.009 GC heap before
{Heap before GC invocations=20 (full 2):
 PSYoungGen      total 23552K, used 23536K [0x00000000d5580000, 0x00000000d6f80000, 0x0000000100000000)
  eden space 21504K, 100% used [0x00000000d5580000,0x00000000d6a80000,0x00000000d6a80000)
  from space 2048K, 99% used [0x00000000d6a80000,0x00000000d6c7c008,0x00000000d6c80000)
  to   space 2560K, 0% used [0x00000000d6d00000,0x00000000d6d00000,0x00000000d6f80000)
 ParOldGen       total 68608K, used 22600K [0x0000000080000000, 0x0000000084300000, 0x00000000d5580000)
  object space 68608K, 32% used [0x0000000080000000,0x0000000081612210,0x0000000084300000)
 Metaspace       used 46745K, committed 47936K, reserved 1114112K
  class space    used 5085K, committed 5632K, reserved 1048576K
}
Event: 36.012 GC heap after
{Heap after GC invocations=20 (full 2):
 PSYoungGen      total 22528K, used 960K [0x00000000d5580000, 0x00000000d6e00000, 0x0000000100000000)
  eden space 21504K, 0% used [0x00000000d5580000,0x00000000d5580000,0x00000000d6a80000)
  from space 1024K, 93% used [0x00000000d6d00000,0x00000000d6df0000,0x00000000d6e00000)
  to   space 1536K, 0% used [0x00000000d6b00000,0x00000000d6b00000,0x00000000d6c80000)
 ParOldGen       total 68608K, used 24295K [0x0000000080000000, 0x0000000084300000, 0x00000000d5580000)
  object space 68608K, 35% used [0x0000000080000000,0x00000000817b9fa8,0x0000000084300000)
 Metaspace       used 46745K, committed 47936K, reserved 1114112K
  class space    used 5085K, committed 5632K, reserved 1048576K
}
Event: 37.708 GC heap before
{Heap before GC invocations=21 (full 2):
 PSYoungGen      total 22528K, used 22464K [0x00000000d5580000, 0x00000000d6e00000, 0x0000000100000000)
  eden space 21504K, 100% used [0x00000000d5580000,0x00000000d6a80000,0x00000000d6a80000)
  from space 1024K, 93% used [0x00000000d6d00000,0x00000000d6df0000,0x00000000d6e00000)
  to   space 1536K, 0% used [0x00000000d6b00000,0x00000000d6b00000,0x00000000d6c80000)
 ParOldGen       total 68608K, used 24295K [0x0000000080000000, 0x0000000084300000, 0x00000000d5580000)
  object space 68608K, 35% used [0x0000000080000000,0x00000000817b9fa8,0x0000000084300000)
 Metaspace       used 48649K, committed 49792K, reserved 1114112K
  class space    used 5395K, committed 5888K, reserved 1048576K
}
Event: 37.713 GC heap after
{Heap after GC invocations=21 (full 2):
 PSYoungGen      total 23040K, used 1527K [0x00000000d5580000, 0x00000000d7080000, 0x0000000100000000)
  eden space 21504K, 0% used [0x00000000d5580000,0x00000000d5580000,0x00000000d6a80000)
  from space 1536K, 99% used [0x00000000d6b00000,0x00000000d6c7dc90,0x00000000d6c80000)
  to   space 3072K, 0% used [0x00000000d6d80000,0x00000000d6d80000,0x00000000d7080000)
 ParOldGen       total 68608K, used 25103K [0x0000000080000000, 0x0000000084300000, 0x00000000d5580000)
  object space 68608K, 36% used [0x0000000080000000,0x0000000081883ea0,0x0000000084300000)
 Metaspace       used 48649K, committed 49792K, reserved 1114112K
  class space    used 5395K, committed 5888K, reserved 1048576K
}

Dll operation events (10 events):
Event: 0.013 Loaded shared library c:\Users\pewie\.antigravity\extensions\redhat.java-1.53.0-win32-x64\jre\21.0.10-win32-x86_64\bin\java.dll
Event: 0.078 Loaded shared library c:\Users\pewie\.antigravity\extensions\redhat.java-1.53.0-win32-x64\jre\21.0.10-win32-x86_64\bin\zip.dll
Event: 0.221 Loaded shared library C:\Users\pewie\.antigravity\extensions\redhat.java-1.53.0-win32-x64\jre\21.0.10-win32-x86_64\bin\instrument.dll
Event: 0.234 Loaded shared library C:\Users\pewie\.antigravity\extensions\redhat.java-1.53.0-win32-x64\jre\21.0.10-win32-x86_64\bin\net.dll
Event: 0.240 Loaded shared library C:\Users\pewie\.antigravity\extensions\redhat.java-1.53.0-win32-x64\jre\21.0.10-win32-x86_64\bin\nio.dll
Event: 0.248 Loaded shared library C:\Users\pewie\.antigravity\extensions\redhat.java-1.53.0-win32-x64\jre\21.0.10-win32-x86_64\bin\zip.dll
Event: 0.285 Loaded shared library C:\Users\pewie\.antigravity\extensions\redhat.java-1.53.0-win32-x64\jre\21.0.10-win32-x86_64\bin\jimage.dll
Event: 0.514 Loaded shared library c:\Users\pewie\.antigravity\extensions\redhat.java-1.53.0-win32-x64\jre\21.0.10-win32-x86_64\bin\verify.dll
Event: 14.456 Loaded shared library C:\Users\pewie\AppData\Roaming\Antigravity\User\globalStorage\redhat.java\1.53.0\config_win\org.eclipse.equinox.launcher\org.eclipse.equinox.launcher.win32.win32.x86_64_1.3.0.v20260203-2149\eclipse_11919.dll
Event: 25.399 Loaded shared library C:\Users\pewie\AppData\Local\Temp\jna-106560958\jna5522079438016111209.dll

Deoptimization events (20 events):
Event: 36.660 Thread 0x00000221ca4ccb20 DEOPT PACKING pc=0x00000221f576d080 sp=0x000000880a8fea40
Event: 36.660 Thread 0x00000221ca4ccb20 DEOPT UNPACKING pc=0x00000221f4ff3aa2 sp=0x000000880a8fea38 mode 2
Event: 36.811 Thread 0x00000221ca4ccb20 DEOPT PACKING pc=0x00000221ee6f07d6 sp=0x000000880a8f83b0
Event: 36.811 Thread 0x00000221ca4ccb20 DEOPT UNPACKING pc=0x00000221f4ff4242 sp=0x000000880a8f78c0 mode 0
Event: 37.289 Thread 0x00000221cac05050 Uncommon trap: trap_request=0xffffff45 fr.pc=0x00000221f57f0b2c relative=0x00000000000000ec
Event: 37.289 Thread 0x00000221cac05050 Uncommon trap: reason=unstable_if action=reinterpret pc=0x00000221f57f0b2c method=java.lang.StrictMath.floorOrCeil(DDDD)D @ 115 c2
Event: 37.289 Thread 0x00000221cac05050 DEOPT PACKING pc=0x00000221f57f0b2c sp=0x000000880c6fe4f0
Event: 37.289 Thread 0x00000221cac05050 DEOPT UNPACKING pc=0x00000221f4ff3aa2 sp=0x000000880c6fe458 mode 2
Event: 37.556 Thread 0x00000221cac05050 DEOPT PACKING pc=0x00000221ee083cb9 sp=0x000000880c6fd670
Event: 37.556 Thread 0x00000221cac05050 DEOPT UNPACKING pc=0x00000221f4ff4242 sp=0x000000880c6fcb70 mode 0
Event: 37.684 Thread 0x00000221cac05050 DEOPT PACKING pc=0x00000221ee083cb9 sp=0x000000880c6fd670
Event: 37.684 Thread 0x00000221cac05050 DEOPT UNPACKING pc=0x00000221f4ff4242 sp=0x000000880c6fcb70 mode 0
Event: 37.748 Thread 0x00000221cac05050 DEOPT PACKING pc=0x00000221ee75abc6 sp=0x000000880c6fd100
Event: 37.748 Thread 0x00000221cac05050 DEOPT UNPACKING pc=0x00000221f4ff4242 sp=0x000000880c6fc680 mode 0
Event: 37.794 Thread 0x00000221cac05050 DEOPT PACKING pc=0x00000221ee083cb9 sp=0x000000880c6fd670
Event: 37.794 Thread 0x00000221cac05050 DEOPT UNPACKING pc=0x00000221f4ff4242 sp=0x000000880c6fcb70 mode 0
Event: 37.892 Thread 0x00000221cac05050 DEOPT PACKING pc=0x00000221ee083cb9 sp=0x000000880c6fd670
Event: 37.892 Thread 0x00000221cac05050 DEOPT UNPACKING pc=0x00000221f4ff4242 sp=0x000000880c6fcb70 mode 0
Event: 37.944 Thread 0x00000221cac05050 DEOPT PACKING pc=0x00000221ee4c7ed2 sp=0x000000880c6fd280
Event: 37.944 Thread 0x00000221cac05050 DEOPT UNPACKING pc=0x00000221f4ff4242 sp=0x000000880c6fc7f0 mode 0

Classes loaded (20 events):
Event: 36.875 Loading class java/util/Timer
Event: 36.876 Loading class java/util/Timer done
Event: 36.877 Loading class java/util/TaskQueue
Event: 36.877 Loading class java/util/TaskQueue done
Event: 36.877 Loading class java/util/TimerThread
Event: 36.877 Loading class java/util/TimerThread done
Event: 36.877 Loading class java/util/Timer$ThreadReaper
Event: 36.878 Loading class java/util/Timer$ThreadReaper done
Event: 36.988 Loading class java/util/concurrent/CopyOnWriteArraySet
Event: 36.989 Loading class java/util/concurrent/CopyOnWriteArraySet done
Event: 37.111 Loading class java/util/concurrent/ArrayBlockingQueue
Event: 37.112 Loading class java/util/concurrent/ArrayBlockingQueue done
Event: 37.285 Loading class java/net/HttpURLConnection
Event: 37.287 Loading class java/net/HttpURLConnection done
Event: 37.333 Loading class java/io/FileFilter
Event: 37.334 Loading class java/io/FileFilter done
Event: 37.397 Loading class java/util/concurrent/ConcurrentHashMap$ValueSpliterator
Event: 37.397 Loading class java/util/concurrent/ConcurrentHashMap$ValueSpliterator done
Event: 37.401 Loading class jdk/internal/loader/BootLoader$PackageHelper
Event: 37.402 Loading class jdk/internal/loader/BootLoader$PackageHelper done

Classes unloaded (7 events):
Event: 27.370 Thread 0x00000221fd3e2d70 Unloading class 0x00000221851a4400 'java/lang/invoke/LambdaForm$MH+0x00000221851a4400'
Event: 27.370 Thread 0x00000221fd3e2d70 Unloading class 0x00000221851a4000 'java/lang/invoke/LambdaForm$MH+0x00000221851a4000'
Event: 27.370 Thread 0x00000221fd3e2d70 Unloading class 0x00000221851a3c00 'java/lang/invoke/LambdaForm$MH+0x00000221851a3c00'
Event: 27.370 Thread 0x00000221fd3e2d70 Unloading class 0x00000221851a3800 'java/lang/invoke/LambdaForm$MH+0x00000221851a3800'
Event: 27.370 Thread 0x00000221fd3e2d70 Unloading class 0x00000221851a3400 'java/lang/invoke/LambdaForm$BMH+0x00000221851a3400'
Event: 27.370 Thread 0x00000221fd3e2d70 Unloading class 0x00000221851a3000 'java/lang/invoke/LambdaForm$DMH+0x00000221851a3000'
Event: 27.370 Thread 0x00000221fd3e2d70 Unloading class 0x00000221851a2000 'java/lang/invoke/LambdaForm$DMH+0x00000221851a2000'

Classes redefined (0 events):
No events

Internal exceptions (20 events):
Event: 36.626 Thread 0x00000221ca4ccb20 Exception <a 'sun/nio/fs/WindowsException'{0x00000000d5866510}> (0x00000000d5866510) 
thrown [s\src\hotspot\share\prims\jni.cpp, line 520]
Event: 36.626 Thread 0x00000221ca4ccb20 Exception <a 'sun/nio/fs/WindowsException'{0x00000000d5866b08}> (0x00000000d5866b08) 
thrown [s\src\hotspot\share\prims\jni.cpp, line 520]
Event: 36.627 Thread 0x00000221ca4ccb20 Exception <a 'sun/nio/fs/WindowsException'{0x00000000d586a528}> (0x00000000d586a528) 
thrown [s\src\hotspot\share\prims\jni.cpp, line 520]
Event: 36.628 Thread 0x00000221ca4ccb20 Exception <a 'sun/nio/fs/WindowsException'{0x00000000d586aad8}> (0x00000000d586aad8) 
thrown [s\src\hotspot\share\prims\jni.cpp, line 520]
Event: 36.628 Thread 0x00000221ca4ccb20 Exception <a 'sun/nio/fs/WindowsException'{0x00000000d586b088}> (0x00000000d586b088) 
thrown [s\src\hotspot\share\prims\jni.cpp, line 520]
Event: 36.628 Thread 0x00000221ca4ccb20 Exception <a 'sun/nio/fs/WindowsException'{0x00000000d586b658}> (0x00000000d586b658) 
thrown [s\src\hotspot\share\prims\jni.cpp, line 520]
Event: 36.629 Thread 0x00000221ca4ccb20 Exception <a 'sun/nio/fs/WindowsException'{0x00000000d586ee98}> (0x00000000d586ee98) 
thrown [s\src\hotspot\share\prims\jni.cpp, line 520]
Event: 36.629 Thread 0x00000221ca4ccb20 Exception <a 'sun/nio/fs/WindowsException'{0x00000000d586f468}> (0x00000000d586f468) 
thrown [s\src\hotspot\share\prims\jni.cpp, line 520]
Event: 36.629 Thread 0x00000221ca4ccb20 Exception <a 'sun/nio/fs/WindowsException'{0x00000000d586fa38}> (0x00000000d586fa38) 
thrown [s\src\hotspot\share\prims\jni.cpp, line 520]
Event: 36.629 Thread 0x00000221ca4ccb20 Exception <a 'sun/nio/fs/WindowsException'{0x00000000d5870028}> (0x00000000d5870028) 
thrown [s\src\hotspot\share\prims\jni.cpp, line 520]
Event: 36.630 Thread 0x00000221ca4ccb20 Exception <a 'sun/nio/fs/WindowsException'{0x00000000d5873b20}> (0x00000000d5873b20) 
thrown [s\src\hotspot\share\prims\jni.cpp, line 520]
Event: 36.630 Thread 0x00000221ca4ccb20 Exception <a 'sun/nio/fs/WindowsException'{0x00000000d5874110}> (0x00000000d5874110) 
thrown [s\src\hotspot\share\prims\jni.cpp, line 520]
Event: 36.630 Thread 0x00000221ca4ccb20 Exception <a 'sun/nio/fs/WindowsException'{0x00000000d5874700}> (0x00000000d5874700) 
thrown [s\src\hotspot\share\prims\jni.cpp, line 520]
Event: 36.630 Thread 0x00000221ca4ccb20 Exception <a 'sun/nio/fs/WindowsException'{0x00000000d5874d08}> (0x00000000d5874d08) 
thrown [s\src\hotspot\share\prims\jni.cpp, line 520]
Event: 36.632 Thread 0x00000221ca4ccb20 Exception <a 'sun/nio/fs/WindowsException'{0x00000000d58795e8}> (0x00000000d58795e8) 
thrown [s\src\hotspot\share\prims\jni.cpp, line 520]
Event: 36.632 Thread 0x00000221ca4ccb20 Exception <a 'sun/nio/fs/WindowsException'{0x00000000d5879bb0}> (0x00000000d5879bb0) 
thrown [s\src\hotspot\share\prims\jni.cpp, line 520]
Event: 36.632 Thread 0x00000221ca4ccb20 Exception <a 'sun/nio/fs/WindowsException'{0x00000000d587a180}> (0x00000000d587a180) 
thrown [s\src\hotspot\share\prims\jni.cpp, line 520]
Event: 36.632 Thread 0x00000221ca4ccb20 Exception <a 'sun/nio/fs/WindowsException'{0x00000000d587a760}> (0x00000000d587a760) 
thrown [s\src\hotspot\share\prims\jni.cpp, line 520]
Event: 36.995 Thread 0x00000221ca4ccb20 Exception <a 'java/lang/NoSuchMethodError'{0x00000000d5ef6c78}: 'java.lang.Object java.lang.invoke.DirectMethodHandle$Holder.invokeVirtual(java.lang.Object, java.lang.Object, java.lang.Object, java.lang.Object)'> (0x00000000d5ef6c78) 
thrown [s\src\hotspot\share\interpreter\linkResolver.cpp, line 773]
Event: 37.001 Thread 0x00000221ca4ccb20 Exception <a 'java/lang/NoSuchMethodError'{0x00000000d5f19800}: 'java.lang.Object java.lang.invoke.DirectMethodHandle$Holder.invokeVirtual(java.lang.Object, java.lang.Object, java.lang.Object, java.lang.Object, java.lang.Object)'> (0x00000000d5f19800) 
thrown [s\src\hotspot\share\interpreter\linkResolver.cpp, line 773]

ZGC Phase Switch (0 events):
No events

VM Operations (20 events):
Event: 33.087 Executing non-safepoint VM operation: HandshakeAllThreads (Deoptimize)
Event: 33.087 Executing non-safepoint VM operation: HandshakeAllThreads (Deoptimize) done
Event: 33.355 Executing safepoint VM operation: ICBufferFull
Event: 33.355 Executing safepoint VM operation: ICBufferFull done
Event: 33.495 Executing safepoint VM operation: ParallelGCFailedAllocation (Allocation Failure)
Event: 33.500 Executing safepoint VM operation: ParallelGCFailedAllocation (Allocation Failure) done
Event: 34.226 Executing safepoint VM operation: ICBufferFull
Event: 34.226 Executing safepoint VM operation: ICBufferFull done
Event: 34.574 Executing safepoint VM operation: ParallelGCFailedAllocation (Allocation Failure)
Event: 34.579 Executing safepoint VM operation: ParallelGCFailedAllocation (Allocation Failure) done
Event: 35.067 Executing non-safepoint VM operation: HandshakeAllThreads (Deoptimize)
Event: 35.067 Executing non-safepoint VM operation: HandshakeAllThreads (Deoptimize) done
Event: 36.009 Executing safepoint VM operation: ParallelGCFailedAllocation (Allocation Failure)
Event: 36.013 Executing safepoint VM operation: ParallelGCFailedAllocation (Allocation Failure) done
Event: 37.018 Executing safepoint VM operation: Cleanup
Event: 37.018 Executing safepoint VM operation: Cleanup done
Event: 37.386 Executing non-safepoint VM operation: HandshakeAllThreads (Deoptimize)
Event: 37.386 Executing non-safepoint VM operation: HandshakeAllThreads (Deoptimize) done
Event: 37.708 Executing safepoint VM operation: ParallelGCFailedAllocation (Allocation Failure)
Event: 37.713 Executing safepoint VM operation: ParallelGCFailedAllocation (Allocation Failure) done

Memory protections (0 events):
No events

Nmethod flushes (20 events):
Event: 30.588 Thread 0x00000221fd3e2d70 flushing  nmethod 0x00000221ee233a10
Event: 30.588 Thread 0x00000221fd3e2d70 flushing  nmethod 0x00000221ee234310
Event: 30.588 Thread 0x00000221fd3e2d70 flushing  nmethod 0x00000221ee235510
Event: 30.588 Thread 0x00000221fd3e2d70 flushing  nmethod 0x00000221ee236190
Event: 30.588 Thread 0x00000221fd3e2d70 flushing  nmethod 0x00000221ee237e90
Event: 30.588 Thread 0x00000221fd3e2d70 flushing  nmethod 0x00000221ee238390
Event: 30.588 Thread 0x00000221fd3e2d70 flushing  nmethod 0x00000221ee238c90
Event: 30.588 Thread 0x00000221fd3e2d70 flushing  nmethod 0x00000221ee239510
Event: 30.588 Thread 0x00000221fd3e2d70 flushing  nmethod 0x00000221ee23a090
Event: 30.588 Thread 0x00000221fd3e2d70 flushing  nmethod 0x00000221ee23ca10
Event: 30.588 Thread 0x00000221fd3e2d70 flushing  nmethod 0x00000221ee23e490
Event: 30.588 Thread 0x00000221fd3e2d70 flushing  nmethod 0x00000221ee240690
Event: 30.588 Thread 0x00000221fd3e2d70 flushing  nmethod 0x00000221ee29fa10
Event: 30.588 Thread 0x00000221fd3e2d70 flushing  nmethod 0x00000221ee2a3e10
Event: 30.588 Thread 0x00000221fd3e2d70 flushing  nmethod 0x00000221ee2aaa10
Event: 30.588 Thread 0x00000221fd3e2d70 flushing  nmethod 0x00000221ee2c1190
Event: 30.588 Thread 0x00000221fd3e2d70 flushing  nmethod 0x00000221ee2c1690
Event: 30.588 Thread 0x00000221fd3e2d70 flushing  nmethod 0x00000221ee2fab10
Event: 30.588 Thread 0x00000221fd3e2d70 flushing  nmethod 0x00000221ee31d190
Event: 30.588 Thread 0x00000221fd3e2d70 flushing  nmethod 0x00000221ee334c90

Events (20 events):
Event: 30.810 Thread 0x00000221e84da9e0 Thread added: 0x00000221cae9dd60
Event: 30.810 Thread 0x00000221e84da9e0 Thread added: 0x00000221cae9e3f0
Event: 30.810 Thread 0x00000221e84da9e0 Thread added: 0x00000221cae9ea80
Event: 30.810 Thread 0x00000221e84da9e0 Thread added: 0x00000221cae9fe30
Event: 30.811 Thread 0x00000221e84da9e0 Thread added: 0x00000221cae9f110
Event: 30.812 Thread 0x00000221e84da9e0 Thread added: 0x00000221cae9f7a0
Event: 30.812 Thread 0x00000221e84da9e0 Thread added: 0x00000221cabfede0
Event: 30.812 Thread 0x00000221e84da9e0 Thread added: 0x00000221cac00820
Event: 30.812 Thread 0x00000221e84da9e0 Thread added: 0x00000221cac00eb0
Event: 30.812 Thread 0x00000221e84da9e0 Thread added: 0x00000221cac01540
Event: 30.813 Thread 0x00000221e84da9e0 Thread added: 0x00000221cabfe750
Event: 30.814 Thread 0x00000221e84da9e0 Thread added: 0x00000221cabfe0c0
Event: 30.814 Thread 0x00000221e84da9e0 Thread added: 0x00000221cabffb00
Event: 30.973 Thread 0x00000221e84da9e0 Thread added: 0x00000221cac00190
Event: 31.946 Thread 0x00000221e84da9e0 Thread added: 0x00000221cac02260
Event: 31.947 Thread 0x00000221e84da9e0 Thread added: 0x00000221cac01bd0
Event: 35.021 Thread 0x00000221ca4c9d30 Thread added: 0x00000221cac028f0
Event: 35.023 Thread 0x00000221cac028f0 Thread added: 0x00000221cabff470
Event: 36.878 Thread 0x00000221ca4ccb20 Thread added: 0x00000221cac03ca0
Event: 37.166 Thread 0x00000221ca4ccb20 Thread added: 0x00000221cac05050


Dynamic libraries:
0x00007ff7ba8f0000 - 0x00007ff7ba8fe000 	c:\Users\pewie\.antigravity\extensions\redhat.java-1.53.0-win32-x64\jre\21.0.10-win32-x86_64\bin\java.exe
0x00007ffe1c700000 - 0x00007ffe1c967000 	C:\WINDOWS\SYSTEM32\ntdll.dll
0x00007ffe1b300000 - 0x00007ffe1b3c9000 	C:\WINDOWS\System32\KERNEL32.DLL
0x00007ffe19d10000 - 0x00007ffe1a101000 	C:\WINDOWS\System32\KERNELBASE.dll
0x00007ffe1a290000 - 0x00007ffe1a3db000 	C:\WINDOWS\System32\ucrtbase.dll
0x00007ffde7250000 - 0x00007ffde7268000 	c:\Users\pewie\.antigravity\extensions\redhat.java-1.53.0-win32-x64\jre\21.0.10-win32-x86_64\bin\jli.dll
0x00007ffde3670000 - 0x00007ffde368e000 	c:\Users\pewie\.antigravity\extensions\redhat.java-1.53.0-win32-x64\jre\21.0.10-win32-x86_64\bin\VCRUNTIME140.dll
0x00007ffe1bb10000 - 0x00007ffe1bcd5000 	C:\WINDOWS\System32\USER32.dll
0x00007ffe19ae0000 - 0x00007ffe19b07000 	C:\WINDOWS\System32\win32u.dll
0x00007ffe02c10000 - 0x00007ffe02ea3000 	C:\WINDOWS\WinSxS\amd64_microsoft.windows.common-controls_6595b64144ccf1df_6.0.26100.8037_none_3e092faae333b53b\COMCTL32.dll
0x00007ffe1b2d0000 - 0x00007ffe1b2fb000 	C:\WINDOWS\System32\GDI32.dll
0x00007ffe1c170000 - 0x00007ffe1c219000 	C:\WINDOWS\System32\msvcrt.dll
0x00007ffe18fe0000 - 0x00007ffe1910b000 	C:\WINDOWS\System32\gdi32full.dll
0x00007ffe19a30000 - 0x00007ffe19ad3000 	C:\WINDOWS\System32\msvcp_win.dll
0x00007ffe1b8a0000 - 0x00007ffe1b8d1000 	C:\WINDOWS\System32\IMM32.DLL
0x00007ffe04070000 - 0x00007ffe0407c000 	c:\Users\pewie\.antigravity\extensions\redhat.java-1.53.0-win32-x64\jre\21.0.10-win32-x86_64\bin\vcruntime140_1.dll
0x00007ffd7ae30000 - 0x00007ffd7aebd000 	c:\Users\pewie\.antigravity\extensions\redhat.java-1.53.0-win32-x64\jre\21.0.10-win32-x86_64\bin\msvcp140.dll
0x00007ffd5a840000 - 0x00007ffd5b5e1000 	c:\Users\pewie\.antigravity\extensions\redhat.java-1.53.0-win32-x64\jre\21.0.10-win32-x86_64\bin\server\jvm.dll
0x00007ffe1b210000 - 0x00007ffe1b2cb000 	C:\WINDOWS\System32\ADVAPI32.dll
0x00007ffe1c610000 - 0x00007ffe1c6b7000 	C:\WINDOWS\System32\sechost.dll
0x00007ffe1c4f0000 - 0x00007ffe1c608000 	C:\WINDOWS\System32\RPCRT4.dll
0x00007ffe1b3d0000 - 0x00007ffe1b444000 	C:\WINDOWS\System32\WS2_32.dll
0x00007ffe0d3d0000 - 0x00007ffe0d405000 	C:\WINDOWS\SYSTEM32\WINMM.dll
0x00007ffe18e40000 - 0x00007ffe18e9e000 	C:\WINDOWS\SYSTEM32\POWRPROF.dll
0x00007ffe12620000 - 0x00007ffe1262b000 	C:\WINDOWS\SYSTEM32\VERSION.dll
0x00007ffe18e20000 - 0x00007ffe18e34000 	C:\WINDOWS\SYSTEM32\UMPDC.dll
0x00007ffe17d70000 - 0x00007ffe17d8b000 	C:\WINDOWS\SYSTEM32\kernel.appcore.dll
0x00007ffe034e0000 - 0x00007ffe034ea000 	c:\Users\pewie\.antigravity\extensions\redhat.java-1.53.0-win32-x64\jre\21.0.10-win32-x86_64\bin\jimage.dll
0x00007ffe16fb0000 - 0x00007ffe171f2000 	C:\WINDOWS\SYSTEM32\DBGHELP.DLL
0x00007ffe1ae80000 - 0x00007ffe1b202000 	C:\WINDOWS\System32\combase.dll
0x00007ffe1b9e0000 - 0x00007ffe1bab7000 	C:\WINDOWS\System32\OLEAUT32.dll
0x00007ffdeebf0000 - 0x00007ffdeec2b000 	C:\WINDOWS\SYSTEM32\dbgcore.DLL
0x00007ffe19980000 - 0x00007ffe19a25000 	C:\WINDOWS\System32\bcryptPrimitives.dll
0x00007ffdf5220000 - 0x00007ffdf522f000 	c:\Users\pewie\.antigravity\extensions\redhat.java-1.53.0-win32-x64\jre\21.0.10-win32-x86_64\bin\instrument.dll
0x00007ffde2350000 - 0x00007ffde2370000 	c:\Users\pewie\.antigravity\extensions\redhat.java-1.53.0-win32-x64\jre\21.0.10-win32-x86_64\bin\java.dll
0x00007ffe1a4a0000 - 0x00007ffe1abff000 	C:\WINDOWS\System32\SHELL32.dll
0x00007ffe19ba0000 - 0x00007ffe19d0a000 	C:\WINDOWS\System32\wintypes.dll
0x00007ffe19110000 - 0x00007ffe19974000 	C:\WINDOWS\System32\windows.storage.dll
0x00007ffe1b8e0000 - 0x00007ffe1b9d7000 	C:\WINDOWS\System32\SHCORE.dll
0x00007ffe1b590000 - 0x00007ffe1b5f7000 	C:\WINDOWS\System32\shlwapi.dll
0x00007ffe18f00000 - 0x00007ffe18f29000 	C:\WINDOWS\SYSTEM32\profapi.dll
0x00007ffdd9460000 - 0x00007ffdd9478000 	c:\Users\pewie\.antigravity\extensions\redhat.java-1.53.0-win32-x64\jre\21.0.10-win32-x86_64\bin\zip.dll
0x00007ffe034a0000 - 0x00007ffe034b0000 	C:\Users\pewie\.antigravity\extensions\redhat.java-1.53.0-win32-x64\jre\21.0.10-win32-x86_64\bin\net.dll
0x00007ffe129c0000 - 0x00007ffe12ae7000 	C:\WINDOWS\SYSTEM32\WINHTTP.dll
0x00007ffe182e0000 - 0x00007ffe1834b000 	C:\WINDOWS\system32\mswsock.dll
0x00007ffdd3040000 - 0x00007ffdd3056000 	C:\Users\pewie\.antigravity\extensions\redhat.java-1.53.0-win32-x64\jre\21.0.10-win32-x86_64\bin\nio.dll
0x00007ffde9840000 - 0x00007ffde9850000 	c:\Users\pewie\.antigravity\extensions\redhat.java-1.53.0-win32-x64\jre\21.0.10-win32-x86_64\bin\verify.dll
0x00007ffdc1e10000 - 0x00007ffdc1e55000 	C:\Users\pewie\AppData\Roaming\Antigravity\User\globalStorage\redhat.java\1.53.0\config_win\org.eclipse.equinox.launcher\org.eclipse.equinox.launcher.win32.win32.x86_64_1.3.0.v20260203-2149\eclipse_11919.dll
0x00007ffe1b600000 - 0x00007ffe1b795000 	C:\WINDOWS\System32\ole32.dll
0x00007ffe185c0000 - 0x00007ffe185db000 	C:\WINDOWS\SYSTEM32\CRYPTSP.dll
0x00007ffe17cd0000 - 0x00007ffe17d09000 	C:\WINDOWS\system32\rsaenh.dll
0x00007ffe18390000 - 0x00007ffe183c2000 	C:\WINDOWS\SYSTEM32\USERENV.dll
0x00007ffe18ed0000 - 0x00007ffe18efa000 	C:\WINDOWS\SYSTEM32\bcrypt.dll
0x00007ffe185e0000 - 0x00007ffe185ec000 	C:\WINDOWS\SYSTEM32\CRYPTBASE.dll
0x00007ffe17730000 - 0x00007ffe17763000 	C:\WINDOWS\SYSTEM32\IPHLPAPI.DLL
0x00007ffe1ae70000 - 0x00007ffe1ae7a000 	C:\WINDOWS\System32\NSI.dll
0x00007ffd93bc0000 - 0x00007ffd93c09000 	C:\Users\pewie\AppData\Local\Temp\jna-106560958\jna5522079438016111209.dll
0x00007ffe1ae60000 - 0x00007ffe1ae68000 	C:\WINDOWS\System32\PSAPI.DLL
0x00007ffe12b60000 - 0x00007ffe12b7d000 	C:\WINDOWS\SYSTEM32\dhcpcsvc6.DLL
0x00007ffe12990000 - 0x00007ffe129b3000 	C:\WINDOWS\SYSTEM32\dhcpcsvc.DLL

JVMTI agents:
c:\Users\pewie\.antigravity\extensions\redhat.java-1.53.0-win32-x64\lombok\lombok-1.18.39-4050.jar path:c:\Users\pewie\.antigravity\extensions\redhat.java-1.53.0-win32-x64\jre\21.0.10-win32-x86_64\bin\instrument.dll, loaded, initialized, instrumentlib options:none

dbghelp: loaded successfully - version: 4.0.5 - missing functions: none
symbol engine: initialized successfully - sym options: 0x614 - pdb path: .;c:\Users\pewie\.antigravity\extensions\redhat.java-1.53.0-win32-x64\jre\21.0.10-win32-x86_64\bin;C:\WINDOWS\SYSTEM32;C:\WINDOWS\WinSxS\amd64_microsoft.windows.common-controls_6595b64144ccf1df_6.0.26100.8037_none_3e092faae333b53b;c:\Users\pewie\.antigravity\extensions\redhat.java-1.53.0-win32-x64\jre\21.0.10-win32-x86_64\bin\server;C:\Users\pewie\AppData\Roaming\Antigravity\User\globalStorage\redhat.java\1.53.0\config_win\org.eclipse.equinox.launcher\org.eclipse.equinox.launcher.win32.win32.x86_64_1.3.0.v20260203-2149;C:\Users\pewie\AppData\Local\Temp\jna-106560958

VM Arguments:
jvm_args: --add-modules=ALL-SYSTEM --add-opens=java.base/java.util=ALL-UNNAMED --add-opens=java.base/java.lang=ALL-UNNAMED --add-opens=java.base/sun.nio.fs=ALL-UNNAMED -Declipse.application=org.eclipse.jdt.ls.core.id1 -Dosgi.bundles.defaultStartLevel=4 -Declipse.product=org.eclipse.jdt.ls.core.product -Djava.import.generatesMetadataFilesAtProjectRoot=false -DDetectVMInstallationsJob.disabled=true -Dfile.encoding=utf8 -XX:+UseParallelGC -XX:GCTimeRatio=4 -XX:AdaptiveSizePolicyWeight=90 -Dsun.zip.disableMemoryMapping=true -Xmx2G -Xms100m -Xlog:disable -javaagent:c:\Users\pewie\.antigravity\extensions\redhat.java-1.53.0-win32-x64\lombok\lombok-1.18.39-4050.jar -XX:+HeapDumpOnOutOfMemoryError -XX:HeapDumpPath=c:\Users\pewie\AppData\Roaming\Antigravity\User\workspaceStorage\f149a9d50be24f18af22f269c2f768ee\redhat.java -Daether.dependencyCollector.impl=bf 
java_command: c:\Users\pewie\.antigravity\extensions\redhat.java-1.53.0-win32-x64\server\plugins\org.eclipse.equinox.launcher_1.7.100.v20251111-0406.jar -configuration c:\Users\pewie\AppData\Roaming\Antigravity\User\globalStorage\redhat.java\1.53.0\config_win -data c:\Users\pewie\AppData\Roaming\Antigravity\User\workspaceStorage\f149a9d50be24f18af22f269c2f768ee\redhat.java\jdt_ws --pipe=\\.\pipe\lsp-41e613d7d161ed13e26a82daf0aee9d6-sock
java_class_path (initial): c:\Users\pewie\.antigravity\extensions\redhat.java-1.53.0-win32-x64\server\plugins\org.eclipse.equinox.launcher_1.7.100.v20251111-0406.jar
Launcher Type: SUN_STANDARD

[Global flags]
    uintx AdaptiveSizePolicyWeight                 = 90                                        {product} {command line}
     intx CICompilerCount                          = 12                                        {product} {ergonomic}
    uintx GCTimeRatio                              = 4                                         {product} {command line}
     bool HeapDumpOnOutOfMemoryError               = true                                   {manageable} {command line}
    ccstr HeapDumpPath                             = c:\Users\pewie\AppData\Roaming\Antigravity\User\workspaceStorage\f149a9d50be24f18af22f269c2f768ee\redhat.java         {manageable} {command line}
   size_t InitialHeapSize                          = 104857600                                 {product} {command line}
   size_t MaxHeapSize                              = 2147483648                                {product} {command line}
   size_t MaxNewSize                               = 715653120                                 {product} {ergonomic}
   size_t MinHeapDeltaBytes                        = 524288                                    {product} {ergonomic}
   size_t MinHeapSize                              = 104857600                                 {product} {command line}
   size_t NewSize                                  = 34603008                                  {product} {ergonomic}
    uintx NonNMethodCodeHeapSize                   = 7602480                                {pd product} {ergonomic}
    uintx NonProfiledCodeHeapSize                  = 122027880                              {pd product} {ergonomic}
   size_t OldSize                                  = 70254592                                  {product} {ergonomic}
    uintx ProfiledCodeHeapSize                     = 122027880                              {pd product} {ergonomic}
    uintx ReservedCodeCacheSize                    = 251658240                              {pd product} {ergonomic}
     bool SegmentedCodeCache                       = true                                      {product} {ergonomic}
   size_t SoftMaxHeapSize                          = 2147483648                             {manageable} {ergonomic}
     bool UseCompressedOops                        = true                           {product lp64_product} {ergonomic}
     bool UseLargePagesIndividualAllocation        = false                                  {pd product} {ergonomic}
     bool UseParallelGC                            = true                                      {product} {command line}

Logging:
Log output configuration:
 #0: stdout all=off uptime,level,tags foldmultilines=false
 #1: stderr all=off uptime,level,tags foldmultilines=false

Release file:
JAVA_VERSION="21.0.10" 
MODULES="java.base java.compiler java.datatransfer java.xml java.prefs java.desktop java.instrument java.logging java.management java.security.sasl java.naming java.rmi java.management.rmi java.net.http java.scripting java.security.jgss java.transaction.xa java.sql java.sql.rowset java.xml.crypto java.se java.smartcardio jdk.accessibility jdk.internal.jvmstat jdk.attach jdk.charsets jdk.internal.opt jdk.zipfs jdk.compiler jdk.crypto.ec jdk.crypto.cryptoki jdk.crypto.mscapi jdk.dynalink jdk.internal.ed jdk.editpad jdk.hotspot.agent jdk.httpserver jdk.internal.le jdk.internal.vm.ci jdk.internal.vm.compiler jdk.internal.vm.compiler.management jdk.jartool jdk.javadoc jdk.jcmd jdk.management jdk.management.agent jdk.jconsole jdk.jdeps jdk.jdwp.agent jdk.jdi jdk.jfr jdk.jshell jdk.jsobject jdk.jstatd jdk.localedata jdk.management.jfr jdk.naming.dns jdk.naming.rmi jdk.net jdk.nio.mapmode jdk.random jdk.sctp jdk.security.auth jdk.security.jgss jdk.unsupported jdk.unsupported.desktop jdk.xml.dom" 

Environment Variables:
PATH=C:\Program Files\Microsoft MPI\Bin\;C:\Program Files\Common Files\Oracle\Java\javapath;C:\Program Files (x86)\Common Files\Oracle\Java\java8path;C:\Program Files (x86)\Common Files\Oracle\Java\javapath;C:\Windows\system32;C:\Windows;C:\Windows\System32\Wbem;C:\Windows\System32\WindowsPowerShell\v1.0\;C:\Windows\System32\OpenSSH\;C:\Program Files (x86)\NVIDIA Corporation\PhysX\Common;C:\Program Files\NVIDIA Corporation\NVIDIA NvDLISR;C:\WINDOWS\system32;C:\WINDOWS;C:\WINDOWS\System32\Wbem;C:\WINDOWS\System32\WindowsPowerShell\v1.0\;C:\WINDOWS\System32\OpenSSH\;C:\Program Files (x86)\Microsoft SQL Server\160\Tools\Binn\;C:\Program Files\Microsoft SQL Server\160\Tools\Binn\;C:\Program Files\Microsoft SQL Server\Client SDK\ODBC\170\Tools\Binn\;C:\Program Files\Microsoft SQL Server\160\DTS\Binn\;C:\Program Files\dotnet\;C:\xampp\php;C:\ProgramData\ComposerSetup\bin;C:\Program Files\nodejs\;C:\Program Files\Git\cmd;C:\Program Files (x86)\Microsoft SQL Server\160\DTS\Binn\;C:\Program Files\Microsoft SQL Server\150\Tools\Binn\;C:\Program Files\PostgreSQL\18\bin;C:\Program Files\Docker\Docker\resources\bin;C:\Program Files (x86)\Windows Kits\10\Windows Performance Toolkit\;C:\Users\pewie\.cargo\bin;C:\Ruby34-x64\bin;C:\Users\pewie\AppData\Local\Programs\Python\Python313\Scripts\;C:\Users\pewie\AppData\Local\Programs\Python\Python313\;C:\Users\pewie\AppData\Local\Programs\Python\Launcher\;C:\Users\pewie\AppData\Local\Microsoft\WindowsApps;C:\Users\pewie\.dotnet\tools;C:\Users\pewie\AppData\Roaming\Composer\vendor\bin;C:\Users\pewie\AppData\Roaming\npm;C:\Users\pewie\AppData\Local\Programs\Microsoft VS Code\bin;C:\Users\pewie\AppData\Local\Programs\Antigravity\bin
USERNAME=pewie
OS=Windows_NT
PROCESSOR_IDENTIFIER=AMD64 Family 23 Model 96 Stepping 1, AuthenticAMD
TMP=C:\Users\pewie\AppData\Local\Temp
TEMP=C:\Users\pewie\AppData\Local\Temp




Periodic native trim disabled

---------------  S Y S T E M  ---------------

OS:
 Windows 11 , 64 bit Build 26100 (10.0.26100.7920)
OS uptime: 6 days 2:11 hours
Hyper-V role detected

CPU: total 16 (initial active 16) (16 cores per cpu, 2 threads per core) family 23 model 96 stepping 1 microcode 0x8600104, cx8, cmov, fxsr, ht, mmx, 3dnowpref, sse, sse2, sse3, ssse3, sse4a, sse4.1, sse4.2, popcnt, lzcnt, tsc, tscinvbit, avx, avx2, aes, clmul, bmi1, bmi2, adx, sha, fma, vzeroupper, clflush, clflushopt, hv, rdtscp, rdpid, f16c
Processor Information for the first 16 processors :
  Max Mhz: 2900, Current Mhz: 2900, Mhz Limit: 2900

Memory: 4k page, system-wide physical 8061M (321M free)
TotalPageFile size 26811M (AvailPageFile size 15M)
current process WorkingSet (physical memory assigned to process): 197M, peak: 197M
current process commit charge ("private bytes"): 352M, peak: 352M

vm_info: OpenJDK 64-Bit Server VM (21.0.10+7-LTS) for windows-amd64 JRE (21.0.10+7-LTS), built on 2026-01-20T00:00:00Z by "admin" with MS VC++ 17.12 (VS2022)

END.
