#
# There is insufficient memory for the Java Runtime Environment to continue.
# Native memory allocation (mmap) failed to map 4194304 bytes. Error detail: G1 virtual space
# Possible reasons:
#   The system is out of physical RAM or swap space
#   This process is running with CompressedOops enabled, and the Java Heap may be blocking the growth of the native heap
# Possible solutions:
#   Reduce memory load on the system
#   Increase physical memory or swap space
#   Check if swap backing store is full
#   Decrease Java heap size (-Xmx/-Xms)
#   Decrease number of Java threads
#   Decrease Java thread stack sizes (-Xss)
#   Set larger code cache with -XX:ReservedCodeCacheSize=
#   JVM is running with Unscaled Compressed Oops mode in which the Java heap is
#     placed in the first 4GB address space. The Java Heap base address is the
#     maximum limit for the native heap growth. Please use -XX:HeapBaseMinAddress
#     to set the Java Heap base and to place the Java Heap above 4GB virtual address.
# This output file may be truncated or incomplete.
#
#  Out of Memory Error (os_windows.cpp:3714), pid=20460, tid=1932
#
# JRE version: OpenJDK Runtime Environment Temurin-21.0.10+7 (21.0.10+7) (build 21.0.10+7-LTS)
# Java VM: OpenJDK 64-Bit Server VM Temurin-21.0.10+7 (21.0.10+7-LTS, mixed mode, sharing, tiered, compressed oops, compressed class ptrs, g1 gc, windows-amd64)
# No core dump will be written. Minidumps are not enabled by default on client versions of Windows
#

---------------  S U M M A R Y ------------

Command Line: --add-opens=java.base/java.lang=ALL-UNNAMED --add-opens=java.base/java.lang.invoke=ALL-UNNAMED --add-opens=java.base/java.util=ALL-UNNAMED --add-opens=java.prefs/java.util.prefs=ALL-UNNAMED --add-exports=jdk.compiler/com.sun.tools.javac.api=ALL-UNNAMED --add-exports=jdk.compiler/com.sun.tools.javac.util=ALL-UNNAMED --add-opens=java.base/java.util=ALL-UNNAMED --add-opens=java.prefs/java.util.prefs=ALL-UNNAMED --add-opens=java.base/java.nio.charset=ALL-UNNAMED --add-opens=java.base/java.net=ALL-UNNAMED --add-opens=java.base/java.util.concurrent.atomic=ALL-UNNAMED --add-opens=java.xml/javax.xml.namespace=ALL-UNNAMED -Xmx2048m -Dfile.encoding=UTF-8 -Duser.country=PL -Duser.language=pl -Duser.variant -javaagent:C:\Users\pewie\.gradle\wrapper\dists\gradle-8.13-bin\5xuhj0ry160q40clulazy9h7d\gradle-8.13\lib\agents\gradle-instrumentation-agent-8.13.jar org.gradle.launcher.daemon.bootstrap.GradleDaemon 8.13

Host: AMD Ryzen 7 4800H with Radeon Graphics         , 16 cores, 7G,  Windows 11 , 64 bit Build 26100 (10.0.26100.7920)
Time: Mon Apr 13 18:16:28 2026 elapsed time: 73.195268 seconds (0d 0h 1m 13s)

---------------  T H R E A D  ---------------

Current thread (0x00000256f2a23320):  VMThread "VM Thread"          [id=1932, stack(0x0000007d0e200000,0x0000007d0e300000) (1024K)]

Stack: [0x0000007d0e200000,0x0000007d0e300000]
Native frames: (J=compiled Java code, j=interpreted, Vv=VM code, C=native code)
V  [jvm.dll+0x6d7a39]
V  [jvm.dll+0x8b4b26]
V  [jvm.dll+0x8b70de]
V  [jvm.dll+0x8b77c3]
V  [jvm.dll+0x284346]
V  [jvm.dll+0x6d4355]
V  [jvm.dll+0x6c808a]
V  [jvm.dll+0x35edb8]
V  [jvm.dll+0x3669f6]
V  [jvm.dll+0x3b7afe]
V  [jvm.dll+0x3b7da8]
V  [jvm.dll+0x332fbc]
V  [jvm.dll+0x3357d6]
V  [jvm.dll+0x33f7cd]
V  [jvm.dll+0x374e8f]
V  [jvm.dll+0x8bd4b0]
V  [jvm.dll+0x8be824]
V  [jvm.dll+0x8bed50]
V  [jvm.dll+0x8beff3]
V  [jvm.dll+0x85f59d]
V  [jvm.dll+0x6d626d]
C  [ucrtbase.dll+0x37b0]
C  [KERNEL32.DLL+0x2e8d7]
C  [ntdll.dll+0x8c48c]

VM_Operation (0x0000007d0ddff880): G1PauseRemark, mode: safepoint, requested by thread 0x00000256d899b500


---------------  P R O C E S S  ---------------

Threads class SMR info:
_java_thread_list=0x00000256fae45be0, length=34, elements={
0x00000256d8930470, 0x00000256f2ad3280, 0x00000256f2a4a8b0, 0x00000256f2a4c030,
0x00000256f2a4ca90, 0x00000256f2a4d4f0, 0x00000256f2a4df50, 0x00000256f2a4fa00,
0x00000256f2a573d0, 0x00000256f2cc28b0, 0x00000256f2d48c80, 0x00000256f7bc8610,
0x00000256f85f6af0, 0x00000256f2b81210, 0x00000256f70b9e10, 0x00000256f70b35c0,
0x00000256f86d8590, 0x00000256f86d50f0, 0x00000256f86d5e10, 0x00000256f86d3d40,
0x00000256f86d2990, 0x00000256f86d3020, 0x00000256f86d36b0, 0x00000256f86d43d0,
0x00000256f86d5780, 0x00000256fac91dd0, 0x00000256fac92460, 0x00000256fac8f670,
0x00000256fac91740, 0x00000256fac93ea0, 0x00000256fac90a20, 0x00000256fac94530,
0x00000256fac95f70, 0x00000256f2bca290
}

Java Threads: ( => current thread )
  0x00000256d8930470 JavaThread "main"                              [_thread_blocked, id=24896, stack(0x0000007d0db00000,0x0000007d0dc00000) (1024K)]
  0x00000256f2ad3280 JavaThread "Reference Handler"          daemon [_thread_blocked, id=18588, stack(0x0000007d0e300000,0x0000007d0e400000) (1024K)]
  0x00000256f2a4a8b0 JavaThread "Finalizer"                  daemon [_thread_blocked, id=13908, stack(0x0000007d0e400000,0x0000007d0e500000) (1024K)]
  0x00000256f2a4c030 JavaThread "Signal Dispatcher"          daemon [_thread_blocked, id=30944, stack(0x0000007d0e500000,0x0000007d0e600000) (1024K)]
  0x00000256f2a4ca90 JavaThread "Attach Listener"            daemon [_thread_blocked, id=27816, stack(0x0000007d0e600000,0x0000007d0e700000) (1024K)]
  0x00000256f2a4d4f0 JavaThread "Service Thread"             daemon [_thread_blocked, id=6460, stack(0x0000007d0e700000,0x0000007d0e800000) (1024K)]
  0x00000256f2a4df50 JavaThread "Monitor Deflation Thread"   daemon [_thread_blocked, id=14340, stack(0x0000007d0e800000,0x0000007d0e900000) (1024K)]
  0x00000256f2a4fa00 JavaThread "C2 CompilerThread0"         daemon [_thread_blocked, id=16988, stack(0x0000007d0e900000,0x0000007d0ea00000) (1024K)]
  0x00000256f2a573d0 JavaThread "C1 CompilerThread0"         daemon [_thread_blocked, id=19568, stack(0x0000007d0ea00000,0x0000007d0eb00000) (1024K)]
  0x00000256f2cc28b0 JavaThread "Common-Cleaner"             daemon [_thread_blocked, id=29796, stack(0x0000007d0ee00000,0x0000007d0ef00000) (1024K)]
  0x00000256f2d48c80 JavaThread "Notification Thread"        daemon [_thread_blocked, id=13584, stack(0x0000007d0ef00000,0x0000007d0f000000) (1024K)]
  0x00000256f7bc8610 JavaThread "Daemon health stats"               [_thread_blocked, id=28748, stack(0x0000007d0f700000,0x0000007d0f800000) (1024K)]
  0x00000256f85f6af0 JavaThread "Incoming local TCP Connector on port 56283"        [_thread_in_native, id=7348, stack(0x0000007d0ed00000,0x0000007d0ee00000) (1024K)]
  0x00000256f2b81210 JavaThread "Daemon periodic checks"            [_thread_blocked, id=27584, stack(0x0000007d0f800000,0x0000007d0f900000) (1024K)]
  0x00000256f70b9e10 JavaThread "Daemon"                            [_thread_blocked, id=6912, stack(0x0000007d0f900000,0x0000007d0fa00000) (1024K)]
  0x00000256f70b35c0 JavaThread "Handler for socket connection from /127.0.0.1:56283 to /127.0.0.1:52147"        [_thread_in_native, id=9304, stack(0x0000007d0fa00000,0x0000007d0fb00000) (1024K)]
  0x00000256f86d8590 JavaThread "Cancel handler"                    [_thread_blocked, id=11612, stack(0x0000007d0fb00000,0x0000007d0fc00000) (1024K)]
  0x00000256f86d50f0 JavaThread "Daemon worker"                     [_thread_blocked, id=4056, stack(0x0000007d0fc00000,0x0000007d0fd00000) (1024K)]
  0x00000256f86d5e10 JavaThread "Asynchronous log dispatcher for DefaultDaemonConnection: socket connection from /127.0.0.1:56283 to /127.0.0.1:52147"        [_thread_blocked, id=27564, stack(0x0000007d0fd00000,0x0000007d0fe00000) (1024K)]
  0x00000256f86d3d40 JavaThread "Stdin handler"                     [_thread_blocked, id=468, stack(0x0000007d0fe00000,0x0000007d0ff00000) (1024K)]
  0x00000256f86d2990 JavaThread "Daemon client event forwarder"        [_thread_blocked, id=11408, stack(0x0000007d0ff00000,0x0000007d10000000) (1024K)]
  0x00000256f86d3020 JavaThread "Cache worker for journal cache (C:\Users\pewie\.gradle\caches\journal-1)"        [_thread_blocked, id=29384, stack(0x0000007d10000000,0x0000007d10100000) (1024K)]
  0x00000256f86d36b0 JavaThread "File lock request listener"        [_thread_in_native, id=13864, stack(0x0000007d10100000,0x0000007d10200000) (1024K)]
  0x00000256f86d43d0 JavaThread "Cache worker for file hash cache (C:\Users\pewie\.gradle\caches\8.13\fileHashes)"        [_thread_blocked, id=3160, stack(0x0000007d10200000,0x0000007d10300000) (1024K)]
  0x00000256f86d5780 JavaThread "Cache worker for file hash cache (C:\FocusQuest\mobile\.gradle\8.13\fileHashes)"        [_thread_blocked, id=11060, stack(0x0000007d10a00000,0x0000007d10b00000) (1024K)]
  0x00000256fac91dd0 JavaThread "Cache worker for Build Output Cleanup Cache (C:\FocusQuest\mobile\.gradle\buildOutputCleanup)"        [_thread_blocked, id=30392, stack(0x0000007d10b00000,0x0000007d10c00000) (1024K)]
  0x00000256fac92460 JavaThread "File watcher server"        daemon [_thread_in_native, id=32748, stack(0x0000007d10c00000,0x0000007d10d00000) (1024K)]
  0x00000256fac8f670 JavaThread "File watcher consumer"      daemon [_thread_blocked, id=15180, stack(0x0000007d10d00000,0x0000007d10e00000) (1024K)]
  0x00000256fac91740 JavaThread "Cache worker for checksums cache (C:\FocusQuest\mobile\.gradle\8.13\checksums)"        [_thread_blocked, id=15400, stack(0x0000007d10e00000,0x0000007d10f00000) (1024K)]
  0x00000256fac93ea0 JavaThread "Cache worker for file content cache (C:\Users\pewie\.gradle\caches\8.13\fileContent)"        [_thread_blocked, id=26864, stack(0x0000007d10f00000,0x0000007d11000000) (1024K)]
  0x00000256fac90a20 JavaThread "Cache worker for cache directory md-supplier (C:\Users\pewie\.gradle\caches\8.13\md-supplier)"        [_thread_blocked, id=27340, stack(0x0000007d11000000,0x0000007d11100000) (1024K)]
  0x00000256fac94530 JavaThread "Cache worker for cache directory md-rule (C:\Users\pewie\.gradle\caches\8.13\md-rule)"        [_thread_blocked, id=8524, stack(0x0000007d11100000,0x0000007d11200000) (1024K)]
  0x00000256fac95f70 JavaThread "Kotlin DSL Writer"                 [_thread_blocked, id=17652, stack(0x0000007d0eb00000,0x0000007d0ec00000) (1024K)]
  0x00000256f2bca290 JavaThread "C1 CompilerThread1"         daemon [_thread_blocked, id=25340, stack(0x0000007d0d800000,0x0000007d0d900000) (1024K)]
Total: 34

Other Threads:
=>0x00000256f2a23320 VMThread "VM Thread"                           [id=1932, stack(0x0000007d0e200000,0x0000007d0e300000) (1024K)]
  0x00000256f2a14c10 WatcherThread "VM Periodic Task Thread"        [id=17100, stack(0x0000007d0e100000,0x0000007d0e200000) (1024K)]
  0x00000256d89895f0 WorkerThread "GC Thread#0"                     [id=17888, stack(0x0000007d0dc00000,0x0000007d0dd00000) (1024K)]
  0x00000256f7259b90 WorkerThread "GC Thread#1"                     [id=21304, stack(0x0000007d0f000000,0x0000007d0f100000) (1024K)]
  0x00000256f2df6870 WorkerThread "GC Thread#2"                     [id=31076, stack(0x0000007d0f100000,0x0000007d0f200000) (1024K)]
  0x00000256f71161b0 WorkerThread "GC Thread#3"                     [id=14328, stack(0x0000007d0f200000,0x0000007d0f300000) (1024K)]
  0x00000256f2c2f530 WorkerThread "GC Thread#4"                     [id=24876, stack(0x0000007d0f300000,0x0000007d0f400000) (1024K)]
  0x00000256f8701b70 WorkerThread "GC Thread#5"                     [id=7068, stack(0x0000007d0f400000,0x0000007d0f500000) (1024K)]
  0x00000256f8720630 WorkerThread "GC Thread#6"                     [id=24252, stack(0x0000007d0f500000,0x0000007d0f600000) (1024K)]
  0x00000256f87209e0 WorkerThread "GC Thread#7"                     [id=17992, stack(0x0000007d0f600000,0x0000007d0f700000) (1024K)]
  0x00000256f7d48670 WorkerThread "GC Thread#8"                     [id=26716, stack(0x0000007d10300000,0x0000007d10400000) (1024K)]
  0x00000256f7d477b0 WorkerThread "GC Thread#9"                     [id=7732, stack(0x0000007d10400000,0x0000007d10500000) (1024K)]
  0x00000256f7d47050 WorkerThread "GC Thread#10"                    [id=15324, stack(0x0000007d10500000,0x0000007d10600000) (1024K)]
  0x00000256f7d47400 WorkerThread "GC Thread#11"                    [id=28148, stack(0x0000007d10600000,0x0000007d10700000) (1024K)]
  0x00000256f9754f00 WorkerThread "GC Thread#12"                    [id=14072, stack(0x0000007d10700000,0x0000007d10800000) (1024K)]
  0x00000256d899b500 ConcurrentGCThread "G1 Main Marker"            [id=28552, stack(0x0000007d0dd00000,0x0000007d0de00000) (1024K)]
  0x00000256d899bf20 WorkerThread "G1 Conc#0"                       [id=27860, stack(0x0000007d0de00000,0x0000007d0df00000) (1024K)]
  0x00000256f9755dc0 WorkerThread "G1 Conc#1"                       [id=20936, stack(0x0000007d10800000,0x0000007d10900000) (1024K)]
  0x00000256f9758650 WorkerThread "G1 Conc#2"                       [id=10840, stack(0x0000007d10900000,0x0000007d10a00000) (1024K)]
  0x00000256d89eea60 ConcurrentGCThread "G1 Refine#0"               [id=1272, stack(0x0000007d0df00000,0x0000007d0e000000) (1024K)]
  0x00000256f28e7420 ConcurrentGCThread "G1 Service"                [id=15716, stack(0x0000007d0e000000,0x0000007d0e100000) (1024K)]
Total: 21

Threads with active compile tasks:
C2 CompilerThread0  73238 8802   !   4       org.jetbrains.kotlin.storage.LockBasedStorageManager$MapBasedMemoizedFunction::invoke (410 bytes)
Total: 1

VM state: at safepoint (normal execution)

VM Mutex/Monitor currently owned by a thread:  ([mutex/lock_event])
[0x00007ffd7800e560] Threads_lock - owner thread: 0x00000256f2a23320
[0x00007ffd7800e660] Heap_lock - owner thread: 0x00000256d899b500

Heap address: 0x0000000080000000, size: 2048 MB, Compressed Oops mode: 32-bit

CDS archive(s) mapped at: [0x0000025680000000-0x0000025680ba0000-0x0000025680ba0000), size 12189696, SharedBaseAddress: 0x0000025680000000, ArchiveRelocationMode: 1.
Compressed class space mapped at: 0x0000025681000000-0x00000256c1000000, reserved size: 1073741824
Narrow klass base: 0x0000025680000000, Narrow klass shift: 0, Narrow klass range: 0x100000000

GC Precious Log:
 CardTable entry size: 512
 Card Set container configuration: InlinePtr #cards 5 size 8 Array Of Cards #cards 12 size 40 Howl #buckets 4 coarsen threshold 1843 Howl Bitmap #cards 512 size 80 coarsen threshold 460 Card regions per heap region 1 cards per card region 2048
 CPUs: 16 total, 16 available
 Memory: 8061M
 Large Page Support: Disabled
 NUMA Support: Disabled
 Compressed Oops: Enabled (32-bit)
 Heap Region Size: 1M
 Heap Min Capacity: 8M
 Heap Initial Capacity: 126M
 Heap Max Capacity: 2G
 Pre-touch: Disabled
 Parallel Workers: 13
 Concurrent Workers: 3
 Concurrent Refinement Workers: 13
 Periodic GC: Disabled

Heap:
 garbage-first heap   total 128000K, used 81842K [0x0000000080000000, 0x0000000100000000)
  region size 1024K, 9 young (9216K), 4 survivors (4096K)
 Metaspace       used 99902K, committed 102208K, reserved 1179648K
  class space    used 13824K, committed 14976K, reserved 1048576K

Heap Regions: E=young(eden), S=young(survivor), O=old, HS=humongous(starts), HC=humongous(continues), CS=collection set, F=free, TAMS=top-at-mark-start, PB=parsable bottom
|   0|0x0000000080000000, 0x0000000080100000, 0x0000000080100000|100%|HS|  |TAMS 0x0000000080100000| PB 0x0000000080000000| Complete 
|   1|0x0000000080100000, 0x0000000080200000, 0x0000000080200000|100%|HC|  |TAMS 0x0000000080200000| PB 0x0000000080100000| Complete 
|   2|0x0000000080200000, 0x0000000080300000, 0x0000000080300000|100%|HC|  |TAMS 0x0000000080300000| PB 0x0000000080200000| Complete 
|   3|0x0000000080300000, 0x0000000080400000, 0x0000000080400000|100%| O|  |TAMS 0x0000000080400000| PB 0x0000000080400000| Untracked 
|   4|0x0000000080400000, 0x0000000080500000, 0x0000000080500000|100%| O|  |TAMS 0x0000000080500000| PB 0x0000000080500000| Untracked 
|   5|0x0000000080500000, 0x0000000080600000, 0x0000000080600000|100%| O|  |TAMS 0x0000000080600000| PB 0x0000000080600000| Untracked 
|   6|0x0000000080600000, 0x0000000080700000, 0x0000000080700000|100%|HS|  |TAMS 0x0000000080700000| PB 0x0000000080600000| Complete 
|   7|0x0000000080700000, 0x0000000080800000, 0x0000000080800000|100%| O|  |TAMS 0x0000000080800000| PB 0x0000000080800000| Updating 
|   8|0x0000000080800000, 0x0000000080900000, 0x0000000080900000|100%| O|  |TAMS 0x0000000080900000| PB 0x0000000080900000| Untracked 
|   9|0x0000000080900000, 0x0000000080a00000, 0x0000000080a00000|100%| O|  |TAMS 0x0000000080a00000| PB 0x0000000080a00000| Untracked 
|  10|0x0000000080a00000, 0x0000000080b00000, 0x0000000080b00000|100%| O|  |TAMS 0x0000000080b00000| PB 0x0000000080b00000| Untracked 
|  11|0x0000000080b00000, 0x0000000080c00000, 0x0000000080c00000|100%| O|  |TAMS 0x0000000080c00000| PB 0x0000000080c00000| Untracked 
|  12|0x0000000080c00000, 0x0000000080d00000, 0x0000000080d00000|100%| O|  |TAMS 0x0000000080d00000| PB 0x0000000080d00000| Updating 
|  13|0x0000000080d00000, 0x0000000080e00000, 0x0000000080e00000|100%| O|  |TAMS 0x0000000080e00000| PB 0x0000000080e00000| Untracked 
|  14|0x0000000080e00000, 0x0000000080f00000, 0x0000000080f00000|100%| O|  |TAMS 0x0000000080f00000| PB 0x0000000080f00000| Untracked 
|  15|0x0000000080f00000, 0x0000000081000000, 0x0000000081000000|100%| O|  |TAMS 0x0000000081000000| PB 0x0000000081000000| Untracked 
|  16|0x0000000081000000, 0x0000000081100000, 0x0000000081100000|100%| O|  |TAMS 0x0000000081100000| PB 0x0000000081100000| Untracked 
|  17|0x0000000081100000, 0x0000000081200000, 0x0000000081200000|100%| O|  |TAMS 0x0000000081200000| PB 0x0000000081200000| Untracked 
|  18|0x0000000081200000, 0x0000000081300000, 0x0000000081300000|100%| O|  |TAMS 0x0000000081300000| PB 0x0000000081300000| Untracked 
|  19|0x0000000081300000, 0x0000000081400000, 0x0000000081400000|100%| O|  |TAMS 0x0000000081400000| PB 0x0000000081400000| Untracked 
|  20|0x0000000081400000, 0x0000000081500000, 0x0000000081500000|100%| O|  |TAMS 0x0000000081500000| PB 0x0000000081500000| Untracked 
|  21|0x0000000081500000, 0x0000000081600000, 0x0000000081600000|100%| O|  |TAMS 0x0000000081600000| PB 0x0000000081600000| Untracked 
|  22|0x0000000081600000, 0x0000000081700000, 0x0000000081700000|100%| O|  |TAMS 0x0000000081700000| PB 0x0000000081700000| Untracked 
|  23|0x0000000081700000, 0x0000000081800000, 0x0000000081800000|100%| O|  |TAMS 0x0000000081800000| PB 0x0000000081800000| Untracked 
|  24|0x0000000081800000, 0x0000000081900000, 0x0000000081900000|100%| O|  |TAMS 0x0000000081900000| PB 0x0000000081900000| Untracked 
|  25|0x0000000081900000, 0x0000000081a00000, 0x0000000081a00000|100%| O|  |TAMS 0x0000000081a00000| PB 0x0000000081a00000| Untracked 
|  26|0x0000000081a00000, 0x0000000081b00000, 0x0000000081b00000|100%| O|  |TAMS 0x0000000081b00000| PB 0x0000000081b00000| Untracked 
|  27|0x0000000081b00000, 0x0000000081c00000, 0x0000000081c00000|100%| O|  |TAMS 0x0000000081c00000| PB 0x0000000081c00000| Updating 
|  28|0x0000000081c00000, 0x0000000081d00000, 0x0000000081d00000|100%| O|  |TAMS 0x0000000081d00000| PB 0x0000000081d00000| Updating 
|  29|0x0000000081d00000, 0x0000000081e00000, 0x0000000081e00000|100%| O|  |TAMS 0x0000000081e00000| PB 0x0000000081e00000| Untracked 
|  30|0x0000000081e00000, 0x0000000081f00000, 0x0000000081f00000|100%| O|  |TAMS 0x0000000081f00000| PB 0x0000000081f00000| Updating 
|  31|0x0000000081f00000, 0x0000000082000000, 0x0000000082000000|100%| O|  |TAMS 0x0000000082000000| PB 0x0000000082000000| Updating 
|  32|0x0000000082000000, 0x0000000082100000, 0x0000000082100000|100%| O|  |TAMS 0x0000000082100000| PB 0x0000000082100000| Updating 
|  33|0x0000000082100000, 0x0000000082200000, 0x0000000082200000|100%| O|  |TAMS 0x0000000082200000| PB 0x0000000082200000| Untracked 
|  34|0x0000000082200000, 0x0000000082300000, 0x0000000082300000|100%|HS|  |TAMS 0x0000000082300000| PB 0x0000000082200000| Complete 
|  35|0x0000000082300000, 0x0000000082400000, 0x0000000082400000|100%| O|  |TAMS 0x0000000082400000| PB 0x0000000082400000| Untracked 
|  36|0x0000000082400000, 0x0000000082500000, 0x0000000082500000|100%| O|  |TAMS 0x0000000082500000| PB 0x0000000082500000| Untracked 
|  37|0x0000000082500000, 0x0000000082600000, 0x0000000082600000|100%| O|  |TAMS 0x0000000082600000| PB 0x0000000082600000| Untracked 
|  38|0x0000000082600000, 0x0000000082700000, 0x0000000082700000|100%| O|  |TAMS 0x0000000082700000| PB 0x0000000082700000| Untracked 
|  39|0x0000000082700000, 0x0000000082800000, 0x0000000082800000|100%| O|  |TAMS 0x0000000082800000| PB 0x0000000082800000| Updating 
|  40|0x0000000082800000, 0x0000000082900000, 0x0000000082900000|100%|HS|  |TAMS 0x0000000082900000| PB 0x0000000082800000| Complete 
|  41|0x0000000082900000, 0x0000000082a00000, 0x0000000082a00000|100%|HC|  |TAMS 0x0000000082a00000| PB 0x0000000082900000| Complete 
|  42|0x0000000082a00000, 0x0000000082b00000, 0x0000000082b00000|100%|HC|  |TAMS 0x0000000082b00000| PB 0x0000000082a00000| Complete 
|  43|0x0000000082b00000, 0x0000000082c00000, 0x0000000082c00000|100%|HC|  |TAMS 0x0000000082c00000| PB 0x0000000082b00000| Complete 
|  44|0x0000000082c00000, 0x0000000082d00000, 0x0000000082d00000|100%|HC|  |TAMS 0x0000000082d00000| PB 0x0000000082c00000| Complete 
|  45|0x0000000082d00000, 0x0000000082e00000, 0x0000000082e00000|100%|HC|  |TAMS 0x0000000082e00000| PB 0x0000000082d00000| Complete 
|  46|0x0000000082e00000, 0x0000000082f00000, 0x0000000082f00000|100%| O|  |TAMS 0x0000000082f00000| PB 0x0000000082f00000| Untracked 
|  47|0x0000000082f00000, 0x0000000083000000, 0x0000000083000000|100%| O|  |TAMS 0x0000000083000000| PB 0x0000000083000000| Untracked 
|  48|0x0000000083000000, 0x0000000083100000, 0x0000000083100000|100%| O|  |TAMS 0x0000000083100000| PB 0x0000000083100000| Untracked 
|  49|0x0000000083100000, 0x0000000083200000, 0x0000000083200000|100%| O|  |TAMS 0x0000000083200000| PB 0x0000000083200000| Untracked 
|  50|0x0000000083200000, 0x0000000083300000, 0x0000000083300000|100%| O|  |TAMS 0x0000000083300000| PB 0x0000000083300000| Untracked 
|  51|0x0000000083300000, 0x0000000083400000, 0x0000000083400000|100%| O|  |TAMS 0x0000000083400000| PB 0x0000000083400000| Untracked 
|  52|0x0000000083400000, 0x0000000083500000, 0x0000000083500000|100%| O|  |TAMS 0x0000000083500000| PB 0x0000000083500000| Updating 
|  53|0x0000000083500000, 0x0000000083600000, 0x0000000083600000|100%| O|  |TAMS 0x0000000083600000| PB 0x0000000083600000| Updating 
|  54|0x0000000083600000, 0x0000000083700000, 0x0000000083700000|100%| O|  |TAMS 0x0000000083700000| PB 0x0000000083700000| Untracked 
|  55|0x0000000083700000, 0x0000000083800000, 0x0000000083800000|100%| O|  |TAMS 0x0000000083800000| PB 0x0000000083800000| Untracked 
|  56|0x0000000083800000, 0x0000000083900000, 0x0000000083900000|100%| O|  |TAMS 0x00000000838a94f8| PB 0x00000000838a94f8| Untracked 
|  57|0x0000000083900000, 0x0000000083a00000, 0x0000000083a00000|100%| O|  |TAMS 0x0000000083900000| PB 0x0000000083900000| Untracked 
|  58|0x0000000083a00000, 0x0000000083a400d8, 0x0000000083b00000| 25%| O|  |TAMS 0x0000000083a00000| PB 0x0000000083a00000| Updating 
|  59|0x0000000083b00000, 0x0000000083b00000, 0x0000000083c00000|  0%| F|  |TAMS 0x0000000083b00000| PB 0x0000000083b00000| Untracked 
|  60|0x0000000083c00000, 0x0000000083c00000, 0x0000000083d00000|  0%| F|  |TAMS 0x0000000083c00000| PB 0x0000000083c00000| Untracked 
|  61|0x0000000083d00000, 0x0000000083d00000, 0x0000000083e00000|  0%| F|  |TAMS 0x0000000083d00000| PB 0x0000000083d00000| Untracked 
|  62|0x0000000083e00000, 0x0000000083e00000, 0x0000000083f00000|  0%| F|  |TAMS 0x0000000083e00000| PB 0x0000000083e00000| Untracked 
|  63|0x0000000083f00000, 0x0000000083f00000, 0x0000000084000000|  0%| F|  |TAMS 0x0000000083f00000| PB 0x0000000083f00000| Untracked 
|  64|0x0000000084000000, 0x0000000084000000, 0x0000000084100000|  0%| F|  |TAMS 0x0000000084000000| PB 0x0000000084000000| Untracked 
|  65|0x0000000084100000, 0x0000000084100000, 0x0000000084200000|  0%| F|  |TAMS 0x0000000084100000| PB 0x0000000084100000| Untracked 
|  66|0x0000000084200000, 0x0000000084200000, 0x0000000084300000|  0%| F|  |TAMS 0x0000000084200000| PB 0x0000000084200000| Untracked 
|  67|0x0000000084300000, 0x0000000084300000, 0x0000000084400000|  0%| F|  |TAMS 0x0000000084300000| PB 0x0000000084300000| Untracked 
|  68|0x0000000084400000, 0x00000000844aca18, 0x0000000084500000| 67%| S|CS|TAMS 0x0000000084400000| PB 0x0000000084400000| Complete 
|  69|0x0000000084500000, 0x0000000084600000, 0x0000000084600000|100%| S|CS|TAMS 0x0000000084500000| PB 0x0000000084500000| Complete 
|  70|0x0000000084600000, 0x0000000084700000, 0x0000000084700000|100%| S|CS|TAMS 0x0000000084600000| PB 0x0000000084600000| Complete 
|  71|0x0000000084700000, 0x0000000084800000, 0x0000000084800000|100%| S|CS|TAMS 0x0000000084700000| PB 0x0000000084700000| Complete 
|  72|0x0000000084800000, 0x0000000084800000, 0x0000000084900000|  0%| F|  |TAMS 0x0000000084800000| PB 0x0000000084800000| Untracked 
|  73|0x0000000084900000, 0x0000000084900000, 0x0000000084a00000|  0%| F|  |TAMS 0x0000000084900000| PB 0x0000000084900000| Untracked 
|  74|0x0000000084a00000, 0x0000000084a00000, 0x0000000084b00000|  0%| F|  |TAMS 0x0000000084a00000| PB 0x0000000084a00000| Untracked 
|  75|0x0000000084b00000, 0x0000000084b00000, 0x0000000084c00000|  0%| F|  |TAMS 0x0000000084b00000| PB 0x0000000084b00000| Untracked 
|  76|0x0000000084c00000, 0x0000000084c00000, 0x0000000084d00000|  0%| F|  |TAMS 0x0000000084c00000| PB 0x0000000084c00000| Untracked 
|  77|0x0000000084d00000, 0x0000000084d00000, 0x0000000084e00000|  0%| F|  |TAMS 0x0000000084d00000| PB 0x0000000084d00000| Untracked 
|  78|0x0000000084e00000, 0x0000000084e00000, 0x0000000084f00000|  0%| F|  |TAMS 0x0000000084e00000| PB 0x0000000084e00000| Untracked 
|  79|0x0000000084f00000, 0x0000000084f00000, 0x0000000085000000|  0%| F|  |TAMS 0x0000000084f00000| PB 0x0000000084f00000| Untracked 
|  80|0x0000000085000000, 0x0000000085000000, 0x0000000085100000|  0%| F|  |TAMS 0x0000000085000000| PB 0x0000000085000000| Untracked 
|  81|0x0000000085100000, 0x0000000085100000, 0x0000000085200000|  0%| F|  |TAMS 0x0000000085100000| PB 0x0000000085100000| Untracked 
|  82|0x0000000085200000, 0x0000000085200000, 0x0000000085300000|  0%| F|  |TAMS 0x0000000085200000| PB 0x0000000085200000| Untracked 
|  83|0x0000000085300000, 0x0000000085300000, 0x0000000085400000|  0%| F|  |TAMS 0x0000000085300000| PB 0x0000000085300000| Untracked 
|  84|0x0000000085400000, 0x0000000085400000, 0x0000000085500000|  0%| F|  |TAMS 0x0000000085400000| PB 0x0000000085400000| Untracked 
|  85|0x0000000085500000, 0x0000000085500000, 0x0000000085600000|  0%| F|  |TAMS 0x0000000085500000| PB 0x0000000085500000| Untracked 
|  86|0x0000000085600000, 0x0000000085600000, 0x0000000085700000|  0%| F|  |TAMS 0x0000000085600000| PB 0x0000000085600000| Untracked 
|  87|0x0000000085700000, 0x0000000085700000, 0x0000000085800000|  0%| F|  |TAMS 0x0000000085700000| PB 0x0000000085700000| Untracked 
|  88|0x0000000085800000, 0x0000000085800000, 0x0000000085900000|  0%| F|  |TAMS 0x0000000085800000| PB 0x0000000085800000| Untracked 
|  89|0x0000000085900000, 0x0000000085900000, 0x0000000085a00000|  0%| F|  |TAMS 0x0000000085900000| PB 0x0000000085900000| Untracked 
|  90|0x0000000085a00000, 0x0000000085a00000, 0x0000000085b00000|  0%| F|  |TAMS 0x0000000085a00000| PB 0x0000000085a00000| Untracked 
|  91|0x0000000085b00000, 0x0000000085b00000, 0x0000000085c00000|  0%| F|  |TAMS 0x0000000085b00000| PB 0x0000000085b00000| Untracked 
|  92|0x0000000085c00000, 0x0000000085c00000, 0x0000000085d00000|  0%| F|  |TAMS 0x0000000085c00000| PB 0x0000000085c00000| Untracked 
|  93|0x0000000085d00000, 0x0000000085d00000, 0x0000000085e00000|  0%| F|  |TAMS 0x0000000085d00000| PB 0x0000000085d00000| Untracked 
|  94|0x0000000085e00000, 0x0000000085e00000, 0x0000000085f00000|  0%| F|  |TAMS 0x0000000085e00000| PB 0x0000000085e00000| Untracked 
|  95|0x0000000085f00000, 0x0000000085f00000, 0x0000000086000000|  0%| F|  |TAMS 0x0000000085f00000| PB 0x0000000085f00000| Untracked 
|  96|0x0000000086000000, 0x0000000086000000, 0x0000000086100000|  0%| F|  |TAMS 0x0000000086000000| PB 0x0000000086000000| Untracked 
|  97|0x0000000086100000, 0x0000000086100000, 0x0000000086200000|  0%| F|  |TAMS 0x0000000086100000| PB 0x0000000086100000| Untracked 
|  98|0x0000000086200000, 0x0000000086200000, 0x0000000086300000|  0%| F|  |TAMS 0x0000000086200000| PB 0x0000000086200000| Untracked 
|  99|0x0000000086300000, 0x0000000086300000, 0x0000000086400000|  0%| F|  |TAMS 0x0000000086300000| PB 0x0000000086300000| Untracked 
| 100|0x0000000086400000, 0x0000000086400000, 0x0000000086500000|  0%| F|  |TAMS 0x0000000086400000| PB 0x0000000086400000| Untracked 
| 101|0x0000000086500000, 0x0000000086500000, 0x0000000086600000|  0%| F|  |TAMS 0x0000000086500000| PB 0x0000000086500000| Untracked 
| 102|0x0000000086600000, 0x0000000086600000, 0x0000000086700000|  0%| F|  |TAMS 0x0000000086600000| PB 0x0000000086600000| Untracked 
| 103|0x0000000086700000, 0x0000000086700000, 0x0000000086800000|  0%| F|  |TAMS 0x0000000086700000| PB 0x0000000086700000| Untracked 
| 104|0x0000000086800000, 0x0000000086800000, 0x0000000086900000|  0%| F|  |TAMS 0x0000000086800000| PB 0x0000000086800000| Untracked 
| 105|0x0000000086900000, 0x0000000086900000, 0x0000000086a00000|  0%| F|  |TAMS 0x0000000086900000| PB 0x0000000086900000| Untracked 
| 106|0x0000000086a00000, 0x0000000086a80000, 0x0000000086b00000| 50%| E|  |TAMS 0x0000000086a00000| PB 0x0000000086a00000| Complete 
| 107|0x0000000086b00000, 0x0000000086c00000, 0x0000000086c00000|100%| E|CS|TAMS 0x0000000086b00000| PB 0x0000000086b00000| Complete 
| 125|0x0000000087d00000, 0x0000000087e00000, 0x0000000087e00000|100%| E|CS|TAMS 0x0000000087d00000| PB 0x0000000087d00000| Complete 
|2032|0x00000000ff000000, 0x00000000ff100000, 0x00000000ff100000|100%| E|CS|TAMS 0x00000000ff000000| PB 0x00000000ff000000| Complete 
|2033|0x00000000ff100000, 0x00000000ff200000, 0x00000000ff200000|100%| O|  |TAMS 0x00000000ff200000| PB 0x00000000ff200000| Updating 
|2034|0x00000000ff200000, 0x00000000ff300000, 0x00000000ff300000|100%| E|CS|TAMS 0x00000000ff200000| PB 0x00000000ff200000| Complete 
|2035|0x00000000ff300000, 0x00000000ff400000, 0x00000000ff400000|100%| O|  |TAMS 0x00000000ff400000| PB 0x00000000ff400000| Updating 
|2036|0x00000000ff400000, 0x00000000ff500000, 0x00000000ff500000|100%| O|  |TAMS 0x00000000ff500000| PB 0x00000000ff500000| Updating 
|2037|0x00000000ff500000, 0x00000000ff600000, 0x00000000ff600000|100%| O|  |TAMS 0x00000000ff600000| PB 0x00000000ff600000| Updating 
|2038|0x00000000ff600000, 0x00000000ff700000, 0x00000000ff700000|100%| O|  |TAMS 0x00000000ff700000| PB 0x00000000ff700000| Untracked 
|2039|0x00000000ff700000, 0x00000000ff800000, 0x00000000ff800000|100%| O|  |TAMS 0x00000000ff800000| PB 0x00000000ff800000| Untracked 
|2040|0x00000000ff800000, 0x00000000ff900000, 0x00000000ff900000|100%| O|  |TAMS 0x00000000ff900000| PB 0x00000000ff900000| Untracked 
|2041|0x00000000ff900000, 0x00000000ffa00000, 0x00000000ffa00000|100%| O|  |TAMS 0x00000000ffa00000| PB 0x00000000ffa00000| Untracked 
|2042|0x00000000ffa00000, 0x00000000ffb00000, 0x00000000ffb00000|100%| O|  |TAMS 0x00000000ffb00000| PB 0x00000000ffb00000| Untracked 
|2043|0x00000000ffb00000, 0x00000000ffc00000, 0x00000000ffc00000|100%| O|  |TAMS 0x00000000ffc00000| PB 0x00000000ffc00000| Updating 
|2044|0x00000000ffc00000, 0x00000000ffd00000, 0x00000000ffd00000|100%| O|  |TAMS 0x00000000ffd00000| PB 0x00000000ffd00000| Untracked 
|2045|0x00000000ffd00000, 0x00000000ffe00000, 0x00000000ffe00000|100%| O|  |TAMS 0x00000000ffe00000| PB 0x00000000ffe00000| Untracked 
|2046|0x00000000ffe00000, 0x00000000fff00000, 0x00000000fff00000|100%| O|  |TAMS 0x00000000fff00000| PB 0x00000000fff00000| Untracked 
|2047|0x00000000fff00000, 0x0000000100000000, 0x0000000100000000|100%| O|  |TAMS 0x0000000100000000| PB 0x0000000100000000| Untracked 

Card table byte_map: [0x00000256ed5e0000,0x00000256ed9e0000] _byte_map_base: 0x00000256ed1e0000

Marking Bits: (CMBitMap*) 0x00000256d898ac20
 Bits: [0x00000256ed9e0000, 0x00000256ef9e0000)

Polling page: 0x00000256d86c0000

Metaspace:

Usage:
  Non-class:     84.06 MB used.
      Class:     13.50 MB used.
       Both:     97.56 MB used.

Virtual space:
  Non-class space:      128.00 MB reserved,      85.19 MB ( 67%) committed,  2 nodes.
      Class space:        1.00 GB reserved,      14.62 MB (  1%) committed,  1 nodes.
             Both:        1.12 GB reserved,      99.81 MB (  9%) committed. 

Chunk freelists:
   Non-Class:  10.64 MB
       Class:  1.36 MB
        Both:  12.00 MB

MaxMetaspaceSize: unlimited
CompressedClassSpaceSize: 1.00 GB
Initial GC threshold: 21.00 MB
Current GC threshold: 144.31 MB
CDS: on
 - commit_granule_bytes: 65536.
 - commit_granule_words: 8192.
 - virtual_space_node_default_size: 8388608.
 - enlarge_chunks_in_place: 1.
 - use_allocation_guard: 0.


Internal statistics:

num_allocs_failed_limit: 9.
num_arena_births: 4100.
num_arena_deaths: 0.
num_vsnodes_births: 3.
num_vsnodes_deaths: 0.
num_space_committed: 1595.
num_space_uncommitted: 0.
num_chunks_returned_to_freelist: 9.
num_chunks_taken_from_freelist: 8428.
num_chunk_merges: 9.
num_chunk_splits: 5851.
num_chunks_enlarged: 3935.
num_inconsistent_stats: 0.

CodeHeap 'non-profiled nmethods': size=119168Kb used=3807Kb max_used=3975Kb free=115361Kb
 bounds [0x00000256e4db0000, 0x00000256e51a0000, 0x00000256ec210000]
CodeHeap 'profiled nmethods': size=119104Kb used=15065Kb max_used=15418Kb free=104038Kb
 bounds [0x00000256dd210000, 0x00000256de120000, 0x00000256e4660000]
CodeHeap 'non-nmethods': size=7488Kb used=2575Kb max_used=3026Kb free=4912Kb
 bounds [0x00000256e4660000, 0x00000256e4960000, 0x00000256e4db0000]
CodeCache: size=245760Kb, used=21447Kb, max_used=22419Kb, free=224311Kb
 total_blobs=8307, nmethods=7433, adapters=777, full_count=0
Compilation: enabled, stopped_count=0, restarted_count=0

Compilation events (20 events):
Event: 70.344 Thread 0x00000256f2a573d0 nmethod 8809 0x00000256de11ba10 code [0x00000256de11bc00, 0x00000256de11bf40]
Event: 70.344 Thread 0x00000256f2bca290 nmethod 8808 0x00000256de11c090 code [0x00000256de11c280, 0x00000256de11c670]
Event: 70.344 Thread 0x00000256f2a573d0 8810       3       org.jetbrains.kotlin.com.intellij.psi.search.SearchScope::isEmptyScope (28 bytes)
Event: 70.344 Thread 0x00000256f2a573d0 nmethod 8810 0x00000256de11c810 code [0x00000256de11c9c0, 0x00000256de11cba8]
Event: 70.346 Thread 0x00000256f2a573d0 8811       3       org.jetbrains.kotlin.resolve.jvm.KotlinJavaPsiFacade::finders (30 bytes)
Event: 70.346 Thread 0x00000256f2a573d0 nmethod 8811 0x00000256de11cc90 code [0x00000256de11ce60, 0x00000256de11d0b0]
Event: 70.347 Thread 0x00000256f2bca290 8813       3       org.jetbrains.kotlin.com.intellij.psi.impl.PsiElementBase::<init> (5 bytes)
Event: 70.347 Thread 0x00000256f2a573d0 8814       3       org.jetbrains.kotlin.com.intellij.util.pico.CachingConstructorInjectionComponentAdapter::getComponentInstance (29 bytes)
Event: 70.347 Thread 0x00000256f2bca290 nmethod 8813 0x00000256de11d190 code [0x00000256de11d360, 0x00000256de11d660]
Event: 70.347 Thread 0x00000256f2bca290 8815       3       org.jetbrains.kotlin.cli.jvm.index.JavaRoot$RootTypes::getSourceAndBinary (4 bytes)
Event: 70.348 Thread 0x00000256f2a573d0 nmethod 8814 0x00000256de11d790 code [0x00000256de11d940, 0x00000256de11db30]
Event: 70.348 Thread 0x00000256f2bca290 nmethod 8815 0x00000256de11dc10 code [0x00000256de11ddc0, 0x00000256de11df30]
Event: 70.348 Thread 0x00000256f2a573d0 8817       3       org.jetbrains.kotlin.com.intellij.openapi.vfs.local.CoreLocalVirtualFile::getName (17 bytes)
Event: 70.348 Thread 0x00000256f2bca290 8818       3       org.jetbrains.kotlin.com.intellij.openapi.util.io.NioFiles::getFileName (38 bytes)
Event: 70.348 Thread 0x00000256f2a573d0 nmethod 8817 0x00000256de11e010 code [0x00000256de11e1c0, 0x00000256de11e368]
Event: 70.348 Thread 0x00000256f2a573d0 8819       3       org.jetbrains.kotlin.metadata.jvm.deserialization.ModuleMapping::findPackageParts (20 bytes)
Event: 70.348 Thread 0x00000256f2bca290 nmethod 8818 0x00000256de11e410 code [0x00000256de11e600, 0x00000256de11e998]
Event: 70.348 Thread 0x00000256f2bca290 8816       3       org.jetbrains.kotlin.cli.jvm.index.JavaRoot::access$getSourceAndBinary$cp (4 bytes)
Event: 70.348 Thread 0x00000256f2bca290 nmethod 8816 0x00000256dd914190 code [0x00000256dd914320, 0x00000256dd914418]
Event: 70.348 Thread 0x00000256f2a573d0 nmethod 8819 0x00000256de11eb10 code [0x00000256de11ed40, 0x00000256de11f4b0]

GC Heap History (20 events):
Event: 41.927 GC heap before
{Heap before GC invocations=15 (full 0):
 garbage-first heap   total 99328K, used 86357K [0x0000000080000000, 0x0000000100000000)
  region size 1024K, 45 young (46080K), 4 survivors (4096K)
 Metaspace       used 64538K, committed 66304K, reserved 1114112K
  class space    used 9169K, committed 10048K, reserved 1048576K
}
Event: 41.933 GC heap after
{Heap after GC invocations=16 (full 0):
 garbage-first heap   total 99328K, used 45695K [0x0000000080000000, 0x0000000100000000)
  region size 1024K, 2 young (2048K), 2 survivors (2048K)
 Metaspace       used 64538K, committed 66304K, reserved 1114112K
  class space    used 9169K, committed 10048K, reserved 1048576K
}
Event: 46.153 GC heap before
{Heap before GC invocations=16 (full 0):
 garbage-first heap   total 99328K, used 87679K [0x0000000080000000, 0x0000000100000000)
  region size 1024K, 43 young (44032K), 2 survivors (2048K)
 Metaspace       used 71517K, committed 73280K, reserved 1114112K
  class space    used 10473K, committed 11328K, reserved 1048576K
}
Event: 46.158 GC heap after
{Heap after GC invocations=17 (full 0):
 garbage-first heap   total 99328K, used 46809K [0x0000000080000000, 0x0000000100000000)
  region size 1024K, 3 young (3072K), 3 survivors (3072K)
 Metaspace       used 71517K, committed 73280K, reserved 1114112K
  class space    used 10473K, committed 11328K, reserved 1048576K
}
Event: 52.794 GC heap before
{Heap before GC invocations=17 (full 0):
 garbage-first heap   total 99328K, used 89817K [0x0000000080000000, 0x0000000100000000)
  region size 1024K, 45 young (46080K), 3 survivors (3072K)
 Metaspace       used 77618K, committed 79424K, reserved 1179648K
  class space    used 11213K, committed 12096K, reserved 1048576K
}
Event: 52.816 GC heap after
{Heap after GC invocations=18 (full 0):
 garbage-first heap   total 99328K, used 47777K [0x0000000080000000, 0x0000000100000000)
  region size 1024K, 4 young (4096K), 4 survivors (4096K)
 Metaspace       used 77618K, committed 79424K, reserved 1179648K
  class space    used 11213K, committed 12096K, reserved 1048576K
}
Event: 54.158 GC heap before
{Heap before GC invocations=18 (full 0):
 garbage-first heap   total 99328K, used 53921K [0x0000000080000000, 0x0000000100000000)
  region size 1024K, 11 young (11264K), 4 survivors (4096K)
 Metaspace       used 78294K, committed 80256K, reserved 1179648K
  class space    used 11302K, committed 12288K, reserved 1048576K
}
Event: 54.176 GC heap after
{Heap after GC invocations=19 (full 0):
 garbage-first heap   total 99328K, used 48182K [0x0000000080000000, 0x0000000100000000)
  region size 1024K, 3 young (3072K), 3 survivors (3072K)
 Metaspace       used 78294K, committed 80256K, reserved 1179648K
  class space    used 11302K, committed 12288K, reserved 1048576K
}
Event: 56.614 GC heap before
{Heap before GC invocations=20 (full 0):
 garbage-first heap   total 99328K, used 98358K [0x0000000080000000, 0x0000000100000000)
  region size 1024K, 44 young (45056K), 3 survivors (3072K)
 Metaspace       used 78799K, committed 80704K, reserved 1179648K
  class space    used 11347K, committed 12288K, reserved 1048576K
}
Event: 56.639 GC heap after
{Heap after GC invocations=21 (full 0):
 garbage-first heap   total 114688K, used 61691K [0x0000000080000000, 0x0000000100000000)
  region size 1024K, 6 young (6144K), 6 survivors (6144K)
 Metaspace       used 78799K, committed 80704K, reserved 1179648K
  class space    used 11347K, committed 12288K, reserved 1048576K
}
Event: 60.612 GC heap before
{Heap before GC invocations=21 (full 0):
 garbage-first heap   total 114688K, used 104699K [0x0000000080000000, 0x0000000100000000)
  region size 1024K, 41 young (41984K), 6 survivors (6144K)
 Metaspace       used 83265K, committed 85184K, reserved 1179648K
  class space    used 11850K, committed 12800K, reserved 1048576K
}
Event: 60.624 GC heap after
{Heap after GC invocations=22 (full 0):
 garbage-first heap   total 115712K, used 72704K [0x0000000080000000, 0x0000000100000000)
  region size 1024K, 3 young (3072K), 3 survivors (3072K)
 Metaspace       used 83265K, committed 85184K, reserved 1179648K
  class space    used 11850K, committed 12800K, reserved 1048576K
}
Event: 62.921 GC heap before
{Heap before GC invocations=22 (full 0):
 garbage-first heap   total 115712K, used 103424K [0x0000000080000000, 0x0000000100000000)
  region size 1024K, 33 young (33792K), 3 survivors (3072K)
 Metaspace       used 86582K, committed 88512K, reserved 1179648K
  class space    used 12162K, committed 13120K, reserved 1048576K
}
Event: 62.927 GC heap after
{Heap after GC invocations=23 (full 0):
 garbage-first heap   total 115712K, used 74933K [0x0000000080000000, 0x0000000100000000)
  region size 1024K, 5 young (5120K), 5 survivors (5120K)
 Metaspace       used 86582K, committed 88512K, reserved 1179648K
  class space    used 12162K, committed 13120K, reserved 1048576K
}
Event: 65.892 GC heap before
{Heap before GC invocations=24 (full 0):
 garbage-first heap   total 124928K, used 102581K [0x0000000080000000, 0x0000000100000000)
  region size 1024K, 33 young (33792K), 5 survivors (5120K)
 Metaspace       used 89953K, committed 92160K, reserved 1179648K
  class space    used 12551K, committed 13632K, reserved 1048576K
}
Event: 65.897 GC heap after
{Heap after GC invocations=25 (full 0):
 garbage-first heap   total 124928K, used 75441K [0x0000000080000000, 0x0000000100000000)
  region size 1024K, 4 young (4096K), 4 survivors (4096K)
 Metaspace       used 89953K, committed 92160K, reserved 1179648K
  class space    used 12551K, committed 13632K, reserved 1048576K
}
Event: 69.232 GC heap before
{Heap before GC invocations=25 (full 0):
 garbage-first heap   total 124928K, used 112305K [0x0000000080000000, 0x0000000100000000)
  region size 1024K, 40 young (40960K), 4 survivors (4096K)
 Metaspace       used 94622K, committed 96896K, reserved 1179648K
  class space    used 13148K, committed 14272K, reserved 1048576K
}
Event: 69.238 GC heap after
{Heap after GC invocations=26 (full 0):
 garbage-first heap   total 124928K, used 76277K [0x0000000080000000, 0x0000000100000000)
  region size 1024K, 4 young (4096K), 4 survivors (4096K)
 Metaspace       used 94622K, committed 96896K, reserved 1179648K
  class space    used 13148K, committed 14272K, reserved 1048576K
}
Event: 70.300 GC heap before
{Heap before GC invocations=26 (full 0):
 garbage-first heap   total 124928K, used 113141K [0x0000000080000000, 0x0000000100000000)
  region size 1024K, 40 young (40960K), 4 survivors (4096K)
 Metaspace       used 99805K, committed 102144K, reserved 1179648K
  class space    used 13823K, committed 14976K, reserved 1048576K
}
Event: 70.305 GC heap after
{Heap after GC invocations=27 (full 0):
 garbage-first heap   total 124928K, used 77746K [0x0000000080000000, 0x0000000100000000)
  region size 1024K, 4 young (4096K), 4 survivors (4096K)
 Metaspace       used 99805K, committed 102144K, reserved 1179648K
  class space    used 13823K, committed 14976K, reserved 1048576K
}

Dll operation events (14 events):
Event: 0.066 Loaded shared library C:\Users\pewie\.antigravity\extensions\redhat.java-1.53.0-win32-x64\jre\21.0.10-win32-x86_64\bin\java.dll
Event: 0.174 Loaded shared library C:\Users\pewie\.antigravity\extensions\redhat.java-1.53.0-win32-x64\jre\21.0.10-win32-x86_64\bin\zip.dll
Event: 0.660 Loaded shared library C:\Users\pewie\.antigravity\extensions\redhat.java-1.53.0-win32-x64\jre\21.0.10-win32-x86_64\bin\instrument.dll
Event: 0.718 Loaded shared library C:\Users\pewie\.antigravity\extensions\redhat.java-1.53.0-win32-x64\jre\21.0.10-win32-x86_64\bin\net.dll
Event: 0.727 Loaded shared library C:\Users\pewie\.antigravity\extensions\redhat.java-1.53.0-win32-x64\jre\21.0.10-win32-x86_64\bin\nio.dll
Event: 0.735 Loaded shared library C:\Users\pewie\.antigravity\extensions\redhat.java-1.53.0-win32-x64\jre\21.0.10-win32-x86_64\bin\zip.dll
Event: 2.661 Loaded shared library C:\Users\pewie\.antigravity\extensions\redhat.java-1.53.0-win32-x64\jre\21.0.10-win32-x86_64\bin\jimage.dll
Event: 4.021 Loaded shared library C:\Users\pewie\.antigravity\extensions\redhat.java-1.53.0-win32-x64\jre\21.0.10-win32-x86_64\bin\verify.dll
Event: 4.553 Loaded shared library C:\Users\pewie\.gradle\native\1def1411415f61bf3af743bc5b6707747c0891f09f0c88961ee8f79bc544acac\windows-amd64\native-platform.dll
Event: 4.631 Loaded shared library C:\Users\pewie\.gradle\native\0.2.7\x86_64-windows-gnu\gradle-fileevents.dll
Event: 10.779 Loaded shared library C:\Users\pewie\.antigravity\extensions\redhat.java-1.53.0-win32-x64\jre\21.0.10-win32-x86_64\bin\management.dll
Event: 10.845 Loaded shared library C:\Users\pewie\.antigravity\extensions\redhat.java-1.53.0-win32-x64\jre\21.0.10-win32-x86_64\bin\management_ext.dll
Event: 13.361 Loaded shared library C:\Users\pewie\.antigravity\extensions\redhat.java-1.53.0-win32-x64\jre\21.0.10-win32-x86_64\bin\extnet.dll
Event: 14.826 Loaded shared library C:\Users\pewie\.antigravity\extensions\redhat.java-1.53.0-win32-x64\jre\21.0.10-win32-x86_64\bin\sunmscapi.dll

Deoptimization events (20 events):
Event: 68.480 Thread 0x00000256f86d50f0 Uncommon trap: trap_request=0xffffff45 fr.pc=0x00000256e512efb4 relative=0x00000000000006b4
Event: 68.481 Thread 0x00000256f86d50f0 Uncommon trap: reason=unstable_if action=reinterpret pc=0x00000256e512efb4 method=org.jetbrains.org.objectweb.asm.ClassReader.readUtf(II[C)Ljava/lang/String; @ 41 c2
Event: 68.481 Thread 0x00000256f86d50f0 DEOPT PACKING pc=0x00000256e512efb4 sp=0x0000007d0fcf3020
Event: 68.481 Thread 0x00000256f86d50f0 DEOPT UNPACKING pc=0x00000256e46b4422 sp=0x0000007d0fcf2f38 mode 2
Event: 68.483 Thread 0x00000256f86d50f0 Uncommon trap: trap_request=0xffffffc6 fr.pc=0x00000256e51541cc relative=0x000000000000026c
Event: 68.483 Thread 0x00000256f86d50f0 Uncommon trap: reason=bimorphic_or_optimized_type_check action=maybe_recompile pc=0x00000256e51541cc method=org.jetbrains.kotlin.protobuf.CodedInputStream.tryRefillBuffer(I)Z @ 177 c2
Event: 68.483 Thread 0x00000256f86d50f0 DEOPT PACKING pc=0x00000256e51541cc sp=0x0000007d0fcf34d0
Event: 68.483 Thread 0x00000256f86d50f0 DEOPT UNPACKING pc=0x00000256e46b4422 sp=0x0000007d0fcf33e8 mode 2
Event: 68.623 Thread 0x00000256f86d50f0 Uncommon trap: trap_request=0xffffffcc fr.pc=0x00000256e4ff2674 relative=0x00000000000025b4
Event: 68.623 Thread 0x00000256f86d50f0 Uncommon trap: reason=intrinsic_or_type_checked_inlining action=make_not_entrant pc=0x00000256e4ff2674 method=java.util.ArrayList$SubList.toArray([Ljava/lang/Object;)[Ljava/lang/Object; @ 58 c2
Event: 68.623 Thread 0x00000256f86d50f0 DEOPT PACKING pc=0x00000256e4ff2674 sp=0x0000007d0fcf3060
Event: 68.623 Thread 0x00000256f86d50f0 DEOPT UNPACKING pc=0x00000256e46b4422 sp=0x0000007d0fcf2fe0 mode 2
Event: 68.723 Thread 0x00000256f86d50f0 Uncommon trap: trap_request=0xffffff45 fr.pc=0x00000256e51283e0 relative=0x0000000000000580
Event: 68.723 Thread 0x00000256f86d50f0 Uncommon trap: reason=unstable_if action=reinterpret pc=0x00000256e51283e0 method=org.jetbrains.org.objectweb.asm.ClassReader.readUtf(II[C)Ljava/lang/String; @ 41 c2
Event: 68.723 Thread 0x00000256f86d50f0 DEOPT PACKING pc=0x00000256e51283e0 sp=0x0000007d0fcf2320
Event: 68.723 Thread 0x00000256f86d50f0 DEOPT UNPACKING pc=0x00000256e46b4422 sp=0x0000007d0fcf22c8 mode 2
Event: 70.056 Thread 0x00000256f86d50f0 Uncommon trap: trap_request=0xffffffbe fr.pc=0x00000256e513e8b0 relative=0x00000000000002d0
Event: 70.056 Thread 0x00000256f86d50f0 Uncommon trap: reason=profile_predicate action=maybe_recompile pc=0x00000256e513e8b0 method=java.util.regex.Pattern$BnM.optimize(Ljava/util/regex/Pattern$Node;)Ljava/util/regex/Pattern$Node; @ 67 c2
Event: 70.056 Thread 0x00000256f86d50f0 DEOPT PACKING pc=0x00000256e513e8b0 sp=0x0000007d0fcecfa0
Event: 70.056 Thread 0x00000256f86d50f0 DEOPT UNPACKING pc=0x00000256e46b4422 sp=0x0000007d0fcecf48 mode 2

Classes loaded (20 events):
Event: 68.533 Loading class java/text/CharacterIterator done
Event: 68.533 Loading class java/text/StringCharacterIterator done
Event: 68.642 Loading class java/io/NotSerializableException
Event: 68.643 Loading class java/io/NotSerializableException done
Event: 68.894 Loading class java/util/AbstractList$ListItr
Event: 68.895 Loading class java/util/AbstractList$ListItr done
Event: 69.207 Loading class java/util/function/IntUnaryOperator
Event: 69.209 Loading class java/util/function/IntUnaryOperator done
Event: 69.516 Loading class java/util/AbstractList$RandomAccessSubList
Event: 69.517 Loading class java/util/AbstractList$SubList
Event: 69.518 Loading class java/util/AbstractList$SubList done
Event: 69.518 Loading class java/util/AbstractList$RandomAccessSubList done
Event: 70.003 Loading class java/util/AbstractList$SubList$1
Event: 70.003 Loading class java/util/AbstractList$SubList$1 done
Event: 70.264 Loading class java/util/EnumMap$EntrySet
Event: 70.264 Loading class java/util/EnumMap$EntrySet done
Event: 70.265 Loading class java/util/EnumMap$EntryIterator
Event: 70.265 Loading class java/util/EnumMap$EntryIterator done
Event: 70.265 Loading class java/util/EnumMap$EntryIterator$Entry
Event: 70.265 Loading class java/util/EnumMap$EntryIterator$Entry done

Classes unloaded (0 events):
No events

Classes redefined (0 events):
No events

Internal exceptions (20 events):
Event: 48.812 Thread 0x00000256f86d50f0 Exception <a 'java/lang/NoSuchMethodError'{0x00000000843308f8}: 'java.lang.Object java.lang.invoke.DirectMethodHandle$Holder.invokeStatic(java.lang.Object, java.lang.Object, java.lang.Object, java.lang.Object, int, java.lang.Object)'> (0x00000000843308f8) 
thrown [s\src\hotspot\share\interpreter\linkResolver.cpp, line 773]
Event: 48.962 Thread 0x00000256f86d50f0 Implicit null exception at 0x00000256e4f13272 to 0x00000256e4f134f0
Event: 48.967 Thread 0x00000256f86d50f0 Exception <a 'java/lang/NoSuchMethodError'{0x00000000842304f8}: 'int java.lang.invoke.DirectMethodHandle$Holder.invokeSpecial(java.lang.Object, java.lang.Object, java.lang.Object, int)'> (0x00000000842304f8) 
thrown [s\src\hotspot\share\interpreter\linkResolver.cpp, line 773]
Event: 48.971 Thread 0x00000256f86d50f0 Exception <a 'java/lang/NoSuchMethodError'{0x0000000084241e20}: 'java.lang.Object java.lang.invoke.DirectMethodHandle$Holder.invokeStatic(java.lang.Object, java.lang.Object, java.lang.Object, java.lang.Object, int)'> (0x0000000084241e20) 
thrown [s\src\hotspot\share\interpreter\linkResolver.cpp, line 773]
Event: 48.985 Thread 0x00000256f86d50f0 Exception <a 'java/lang/NoSuchMethodError'{0x000000008424a8b8}: 'long java.lang.invoke.DirectMethodHandle$Holder.invokeStatic(java.lang.Object, java.lang.Object, int)'> (0x000000008424a8b8) 
thrown [s\src\hotspot\share\interpreter\linkResolver.cpp, line 773]
Event: 49.028 Thread 0x00000256f86d50f0 Exception <a 'java/lang/NoSuchMethodError'{0x0000000084256f98}: 'java.lang.Object java.lang.invoke.DelegatingMethodHandle$Holder.reinvoke_L(java.lang.Object, int, long, java.lang.Object, java.lang.Object, int, java.lang.Object)'> (0x0000000084256f98) 
thrown [s\src\hotspot\share\interpreter\linkResolver.cpp, line 773]
Event: 52.954 Thread 0x00000256f86d50f0 Exception <a 'java/lang/NoSuchMethodError'{0x0000000087d94600}: 'java.lang.Object java.lang.invoke.Invokers$Holder.invokeExact_MT(java.lang.Object, java.lang.Object, long, java.lang.Object)'> (0x0000000087d94600) 
thrown [s\src\hotspot\share\interpreter\linkResolver.cpp, line 773]
Event: 54.756 Thread 0x00000256f86d50f0 Implicit null exception at 0x00000256e4fd8366 to 0x00000256e4fd8f0c
Event: 55.730 Thread 0x00000256f86d50f0 Implicit null exception at 0x00000256e4fb2469 to 0x00000256e4fb45e0
Event: 64.294 Thread 0x00000256f86d50f0 Exception <a 'java/lang/NoSuchMethodError'{0x0000000085bfee78}: 'java.lang.Object java.lang.invoke.DirectMethodHandle$Holder.newInvokeSpecial(java.lang.Object, java.lang.Object, java.lang.Object, java.lang.Object, java.lang.Object, java.lang.Object, java.lang.Object, java.lang.Object, java.lang.Object, java.lang.Object, java.lang.Object, java.lang.Object, java.lang.Object, java.lang.Object)'> (0x0000000085bfee78) 
thrown [s\src\hotspot\share\interpreter\linkResolver.cpp, line 773]
Event: 64.378 Thread 0x00000256f86d50f0 Exception <a 'java/lang/NoSuchMethodError'{0x0000000085924148}: 'java.lang.Object java.lang.invoke.DirectMethodHandle$Holder.newInvokeSpecial(java.lang.Object, java.lang.Object, java.lang.Object, java.lang.Object, java.lang.Object, java.lang.Object, java.lang.Object, java.lang.Object, java.lang.Object, java.lang.Object, java.lang.Object, java.lang.Object, java.lang.Object, java.lang.Object, java.lang.Object, java.lang.Object, java.lang.Object, java.lang.Object, java.lang.Object, java.lang.Object, java.lang
Event: 64.447 Thread 0x00000256f86d50f0 Exception <a 'java/lang/NoSuchMethodError'{0x0000000085710e10}: 'java.lang.Object java.lang.invoke.DirectMethodHandle$Holder.newInvokeSpecial(java.lang.Object, java.lang.Object, java.lang.Object, java.lang.Object, java.lang.Object, java.lang.Object, java.lang.Object, java.lang.Object, java.lang.Object, java.lang.Object, java.lang.Object, java.lang.Object, java.lang.Object, java.lang.Object, java.lang.Object, java.lang.Object, java.lang.Object, java.lang.Object, java.lang.Object, java.lang.Object)'> (0x0000
Event: 64.449 Thread 0x00000256f86d50f0 Exception <a 'java/lang/NoSuchMethodError'{0x00000000857187d0}: 'java.lang.Object java.lang.invoke.DirectMethodHandle$Holder.invokeSpecial(java.lang.Object, java.lang.Object, java.lang.Object, java.lang.Object, java.lang.Object, java.lang.Object, java.lang.Object, java.lang.Object, java.lang.Object, java.lang.Object, java.lang.Object, java.lang.Object, java.lang.Object, java.lang.Object, java.lang.Object, java.lang.Object, java.lang.Object, java.lang.Object, java.lang.Object, java.lang.Object, java.lang.Ob
Event: 64.451 Thread 0x00000256f86d50f0 Exception <a 'java/lang/NoSuchMethodError'{0x000000008571ef90}: 'java.lang.Object java.lang.invoke.DelegatingMethodHandle$Holder.reinvoke_L(java.lang.Object, java.lang.Object, java.lang.Object, java.lang.Object, java.lang.Object, java.lang.Object, java.lang.Object, java.lang.Object, java.lang.Object, java.lang.Object, java.lang.Object, java.lang.Object, java.lang.Object, java.lang.Object, java.lang.Object, java.lang.Object, java.lang.Object, java.lang.Object, java.lang.Object, java.lang.Object)'> (0x000000
Event: 64.817 Thread 0x00000256f86d50f0 Exception <a 'java/lang/NoSuchMethodError'{0x00000000850cbb38}: 'java.lang.Object java.lang.invoke.DirectMethodHandle$Holder.newInvokeSpecial(java.lang.Object, java.lang.Object, java.lang.Object, java.lang.Object, java.lang.Object, java.lang.Object, java.lang.Object, java.lang.Object, java.lang.Object, java.lang.Object, java.lang.Object, java.lang.Object, java.lang.Object, java.lang.Object, java.lang.Object, java.lang.Object)'> (0x00000000850cbb38) 
thrown [s\src\hotspot\share\interpreter\linkResolver.cpp,
Event: 64.818 Thread 0x00000256f86d50f0 Exception <a 'java/lang/NoSuchMethodError'{0x00000000850d2a60}: 'java.lang.Object java.lang.invoke.DirectMethodHandle$Holder.invokeSpecial(java.lang.Object, java.lang.Object, java.lang.Object, java.lang.Object, java.lang.Object, java.lang.Object, java.lang.Object, java.lang.Object, java.lang.Object, java.lang.Object, java.lang.Object, java.lang.Object, java.lang.Object, java.lang.Object, java.lang.Object, java.lang.Object, java.lang.Object)'> (0x00000000850d2a60) 
thrown [s\src\hotspot\share\interpreter\li
Event: 64.819 Thread 0x00000256f86d50f0 Exception <a 'java/lang/NoSuchMethodError'{0x00000000850d8ba0}: 'java.lang.Object java.lang.invoke.DelegatingMethodHandle$Holder.reinvoke_L(java.lang.Object, java.lang.Object, java.lang.Object, java.lang.Object, java.lang.Object, java.lang.Object, java.lang.Object, java.lang.Object, java.lang.Object, java.lang.Object, java.lang.Object, java.lang.Object, java.lang.Object, java.lang.Object, java.lang.Object, java.lang.Object)'> (0x00000000850d8ba0) 
thrown [s\src\hotspot\share\interpreter\linkResolver.cpp, l
Event: 69.563 Thread 0x00000256f86d50f0 Exception <a 'java/lang/NoSuchMethodError'{0x0000000086192448}: 'java.lang.Object java.lang.invoke.DirectMethodHandle$Holder.invokeStatic(java.lang.Object, int, java.lang.Object, java.lang.Object, java.lang.Object, java.lang.Object, java.lang.Object, java.lang.Object)'> (0x0000000086192448) 
thrown [s\src\hotspot\share\interpreter\linkResolver.cpp, line 773]
Event: 69.563 Thread 0x00000256f86d50f0 Exception <a 'java/lang/NoSuchMethodError'{0x000000008619d7f8}: 'java.lang.Object java.lang.invoke.DirectMethodHandle$Holder.newInvokeSpecial(java.lang.Object, int, java.lang.Object, java.lang.Object, java.lang.Object, java.lang.Object, java.lang.Object)'> (0x000000008619d7f8) 
thrown [s\src\hotspot\share\interpreter\linkResolver.cpp, line 773]
Event: 69.564 Thread 0x00000256f86d50f0 Exception <a 'java/lang/NoSuchMethodError'{0x00000000861a3348}: 'java.lang.Object java.lang.invoke.DirectMethodHandle$Holder.invokeSpecial(java.lang.Object, java.lang.Object, int, java.lang.Object, java.lang.Object, java.lang.Object, java.lang.Object, java.lang.Object)'> (0x00000000861a3348) 
thrown [s\src\hotspot\share\interpreter\linkResolver.cpp, line 773]

ZGC Phase Switch (0 events):
No events

VM Operations (20 events):
Event: 67.309 Executing non-safepoint VM operation: HandshakeAllThreads (Deoptimize) done
Event: 68.321 Executing safepoint VM operation: Cleanup
Event: 68.321 Executing safepoint VM operation: Cleanup done
Event: 68.418 Executing non-safepoint VM operation: HandshakeAllThreads (Deoptimize)
Event: 68.418 Executing non-safepoint VM operation: HandshakeAllThreads (Deoptimize) done
Event: 68.898 Executing non-safepoint VM operation: HandshakeAllThreads (Deoptimize)
Event: 68.899 Executing non-safepoint VM operation: HandshakeAllThreads (Deoptimize) done
Event: 69.232 Executing safepoint VM operation: G1CollectForAllocation (G1 Evacuation Pause)
Event: 69.238 Executing safepoint VM operation: G1CollectForAllocation (G1 Evacuation Pause) done
Event: 69.907 Executing non-safepoint VM operation: HandshakeAllThreads (Deoptimize)
Event: 69.908 Executing non-safepoint VM operation: HandshakeAllThreads (Deoptimize) done
Event: 69.949 Executing non-safepoint VM operation: HandshakeAllThreads (Deoptimize)
Event: 69.949 Executing non-safepoint VM operation: HandshakeAllThreads (Deoptimize) done
Event: 70.054 Executing non-safepoint VM operation: HandshakeAllThreads (Deoptimize)
Event: 70.054 Executing non-safepoint VM operation: HandshakeAllThreads (Deoptimize) done
Event: 70.207 Executing non-safepoint VM operation: HandshakeAllThreads (Deoptimize)
Event: 70.207 Executing non-safepoint VM operation: HandshakeAllThreads (Deoptimize) done
Event: 70.300 Executing safepoint VM operation: G1CollectForAllocation (G1 Evacuation Pause)
Event: 70.305 Executing safepoint VM operation: G1CollectForAllocation (G1 Evacuation Pause) done
Event: 70.353 Executing safepoint VM operation: G1PauseRemark

Memory protections (0 events):
No events

Nmethod flushes (20 events):
Event: 70.359 Thread 0x00000256f2a23320 flushing  nmethod 0x00000256dd3a2890
Event: 70.359 Thread 0x00000256f2a23320 flushing  nmethod 0x00000256dd409b90
Event: 70.359 Thread 0x00000256f2a23320 flushing  nmethod 0x00000256dd43ff90
Event: 70.359 Thread 0x00000256f2a23320 flushing  nmethod 0x00000256dd84f490
Event: 70.359 Thread 0x00000256f2a23320 flushing  nmethod 0x00000256dda7b910
Event: 70.359 Thread 0x00000256f2a23320 flushing  nmethod 0x00000256dda7cc90
Event: 70.359 Thread 0x00000256f2a23320 flushing  nmethod 0x00000256ddf67290
Event: 70.359 Thread 0x00000256f2a23320 flushing  nmethod 0x00000256dd535210
Event: 70.359 Thread 0x00000256f2a23320 flushing  nmethod 0x00000256dd6eca90
Event: 70.359 Thread 0x00000256f2a23320 flushing  nmethod 0x00000256dd6ef010
Event: 70.359 Thread 0x00000256f2a23320 flushing  nmethod 0x00000256dd96d310
Event: 70.359 Thread 0x00000256f2a23320 flushing  nmethod 0x00000256dda44110
Event: 70.359 Thread 0x00000256f2a23320 flushing  nmethod 0x00000256ddbeb010
Event: 70.359 Thread 0x00000256f2a23320 flushing  nmethod 0x00000256ddbec910
Event: 70.359 Thread 0x00000256f2a23320 flushing  nmethod 0x00000256ddbeda10
Event: 70.359 Thread 0x00000256f2a23320 flushing  nmethod 0x00000256ddc4e990
Event: 70.359 Thread 0x00000256f2a23320 flushing  nmethod 0x00000256ddca2390
Event: 70.359 Thread 0x00000256f2a23320 flushing  nmethod 0x00000256ddf07010
Event: 70.359 Thread 0x00000256f2a23320 flushing  nmethod 0x00000256ddf0e510
Event: 70.359 Thread 0x00000256f2a23320 flushing  nmethod 0x00000256ddf3a110

Events (20 events):
Event: 18.667 Thread 0x00000256f86d50f0 Thread added: 0x00000256f86d5780
Event: 18.701 Thread 0x00000256f86d50f0 Thread added: 0x00000256fac91dd0
Event: 18.970 Thread 0x00000256f86d50f0 Thread added: 0x00000256fac92460
Event: 18.979 Thread 0x00000256f86d50f0 Thread added: 0x00000256fac8f670
Event: 23.168 Thread 0x00000256f86d50f0 Thread added: 0x00000256fac91740
Event: 23.314 Thread 0x00000256f86d50f0 Thread added: 0x00000256fac93ea0
Event: 23.969 Thread 0x00000256f86d50f0 Thread added: 0x00000256fac90a20
Event: 24.066 Thread 0x00000256f86d50f0 Thread added: 0x00000256fac94530
Event: 25.155 Thread 0x00000256f2bc7a30 Thread exited: 0x00000256f2bc7a30
Event: 29.731 Thread 0x00000256f2bbaba0 Thread exited: 0x00000256f2bbaba0
Event: 39.621 Thread 0x00000256f86d50f0 Thread added: 0x00000256fac95f70
Event: 59.697 Thread 0x00000256f2a573d0 Thread added: 0x00000256fac82de0
Event: 61.281 Thread 0x00000256fac82de0 Thread exited: 0x00000256fac82de0
Event: 61.523 Thread 0x00000256f2a573d0 Thread added: 0x00000256fac82de0
Event: 63.313 Thread 0x00000256fac82de0 Thread exited: 0x00000256fac82de0
Event: 64.493 Thread 0x00000256f2a4fa00 Thread added: 0x00000256fc49d730
Event: 65.915 Thread 0x00000256fc49d730 Thread exited: 0x00000256fc49d730
Event: 65.998 Thread 0x00000256f2a573d0 Thread added: 0x00000256f2bca290
Event: 67.144 Thread 0x00000256f2bca290 Thread exited: 0x00000256f2bca290
Event: 68.719 Thread 0x00000256f2a4fa00 Thread added: 0x00000256f2bca290


Dynamic libraries:
0x00007ff6a19e0000 - 0x00007ff6a19ee000 	C:\Users\pewie\.antigravity\extensions\redhat.java-1.53.0-win32-x64\jre\21.0.10-win32-x86_64\bin\java.exe
0x00007ffe1c700000 - 0x00007ffe1c967000 	C:\WINDOWS\SYSTEM32\ntdll.dll
0x00007ffe1b300000 - 0x00007ffe1b3c9000 	C:\WINDOWS\System32\KERNEL32.DLL
0x00007ffe19d10000 - 0x00007ffe1a101000 	C:\WINDOWS\System32\KERNELBASE.dll
0x00007ffe1a290000 - 0x00007ffe1a3db000 	C:\WINDOWS\System32\ucrtbase.dll
0x00007ffdfa8c0000 - 0x00007ffdfa8d8000 	C:\Users\pewie\.antigravity\extensions\redhat.java-1.53.0-win32-x64\jre\21.0.10-win32-x86_64\bin\jli.dll
0x00007ffe1bb10000 - 0x00007ffe1bcd5000 	C:\WINDOWS\System32\USER32.dll
0x00007ffdfa1e0000 - 0x00007ffdfa1fe000 	C:\Users\pewie\.antigravity\extensions\redhat.java-1.53.0-win32-x64\jre\21.0.10-win32-x86_64\bin\VCRUNTIME140.dll
0x00007ffe19ae0000 - 0x00007ffe19b07000 	C:\WINDOWS\System32\win32u.dll
0x00007ffe1b2d0000 - 0x00007ffe1b2fb000 	C:\WINDOWS\System32\GDI32.dll
0x00007ffe02c10000 - 0x00007ffe02ea3000 	C:\WINDOWS\WinSxS\amd64_microsoft.windows.common-controls_6595b64144ccf1df_6.0.26100.8037_none_3e092faae333b53b\COMCTL32.dll
0x00007ffe18fe0000 - 0x00007ffe1910b000 	C:\WINDOWS\System32\gdi32full.dll
0x00007ffe1c170000 - 0x00007ffe1c219000 	C:\WINDOWS\System32\msvcrt.dll
0x00007ffe19a30000 - 0x00007ffe19ad3000 	C:\WINDOWS\System32\msvcp_win.dll
0x00007ffe1b8a0000 - 0x00007ffe1b8d1000 	C:\WINDOWS\System32\IMM32.DLL
0x00007ffe14470000 - 0x00007ffe1447c000 	C:\Users\pewie\.antigravity\extensions\redhat.java-1.53.0-win32-x64\jre\21.0.10-win32-x86_64\bin\vcruntime140_1.dll
0x00007ffdc0d40000 - 0x00007ffdc0dcd000 	C:\Users\pewie\.antigravity\extensions\redhat.java-1.53.0-win32-x64\jre\21.0.10-win32-x86_64\bin\msvcp140.dll
0x00007ffd77350000 - 0x00007ffd780f1000 	C:\Users\pewie\.antigravity\extensions\redhat.java-1.53.0-win32-x64\jre\21.0.10-win32-x86_64\bin\server\jvm.dll
0x00007ffe1b210000 - 0x00007ffe1b2cb000 	C:\WINDOWS\System32\ADVAPI32.dll
0x00007ffe1c610000 - 0x00007ffe1c6b7000 	C:\WINDOWS\System32\sechost.dll
0x00007ffe1c4f0000 - 0x00007ffe1c608000 	C:\WINDOWS\System32\RPCRT4.dll
0x00007ffe1b3d0000 - 0x00007ffe1b444000 	C:\WINDOWS\System32\WS2_32.dll
0x00007ffe18e40000 - 0x00007ffe18e9e000 	C:\WINDOWS\SYSTEM32\POWRPROF.dll
0x00007ffe0d3d0000 - 0x00007ffe0d405000 	C:\WINDOWS\SYSTEM32\WINMM.dll
0x00007ffe12620000 - 0x00007ffe1262b000 	C:\WINDOWS\SYSTEM32\VERSION.dll
0x00007ffe18e20000 - 0x00007ffe18e34000 	C:\WINDOWS\SYSTEM32\UMPDC.dll
0x00007ffe17d70000 - 0x00007ffe17d8b000 	C:\WINDOWS\SYSTEM32\kernel.appcore.dll
0x00007ffe143a0000 - 0x00007ffe143aa000 	C:\Users\pewie\.antigravity\extensions\redhat.java-1.53.0-win32-x64\jre\21.0.10-win32-x86_64\bin\jimage.dll
0x00007ffe16fb0000 - 0x00007ffe171f2000 	C:\WINDOWS\SYSTEM32\DBGHELP.DLL
0x00007ffe1ae80000 - 0x00007ffe1b202000 	C:\WINDOWS\System32\combase.dll
0x00007ffe1b9e0000 - 0x00007ffe1bab7000 	C:\WINDOWS\System32\OLEAUT32.dll
0x00007ffdeebf0000 - 0x00007ffdeec2b000 	C:\WINDOWS\SYSTEM32\dbgcore.DLL
0x00007ffe19980000 - 0x00007ffe19a25000 	C:\WINDOWS\System32\bcryptPrimitives.dll
0x00007ffe04070000 - 0x00007ffe0407f000 	C:\Users\pewie\.antigravity\extensions\redhat.java-1.53.0-win32-x64\jre\21.0.10-win32-x86_64\bin\instrument.dll
0x00007ffdf1630000 - 0x00007ffdf1650000 	C:\Users\pewie\.antigravity\extensions\redhat.java-1.53.0-win32-x64\jre\21.0.10-win32-x86_64\bin\java.dll
0x00007ffe1a4a0000 - 0x00007ffe1abff000 	C:\WINDOWS\System32\SHELL32.dll
0x00007ffe19ba0000 - 0x00007ffe19d0a000 	C:\WINDOWS\System32\wintypes.dll
0x00007ffe19110000 - 0x00007ffe19974000 	C:\WINDOWS\System32\windows.storage.dll
0x00007ffe1b8e0000 - 0x00007ffe1b9d7000 	C:\WINDOWS\System32\SHCORE.dll
0x00007ffe1b590000 - 0x00007ffe1b5f7000 	C:\WINDOWS\System32\shlwapi.dll
0x00007ffe18f00000 - 0x00007ffe18f29000 	C:\WINDOWS\SYSTEM32\profapi.dll
0x00007ffdf15d0000 - 0x00007ffdf15e8000 	C:\Users\pewie\.antigravity\extensions\redhat.java-1.53.0-win32-x64\jre\21.0.10-win32-x86_64\bin\zip.dll
0x00007ffe03b50000 - 0x00007ffe03b60000 	C:\Users\pewie\.antigravity\extensions\redhat.java-1.53.0-win32-x64\jre\21.0.10-win32-x86_64\bin\net.dll
0x00007ffe129c0000 - 0x00007ffe12ae7000 	C:\WINDOWS\SYSTEM32\WINHTTP.dll
0x00007ffe182e0000 - 0x00007ffe1834b000 	C:\WINDOWS\system32\mswsock.dll
0x00007ffdf0e40000 - 0x00007ffdf0e56000 	C:\Users\pewie\.antigravity\extensions\redhat.java-1.53.0-win32-x64\jre\21.0.10-win32-x86_64\bin\nio.dll
0x00007ffe034e0000 - 0x00007ffe034f0000 	C:\Users\pewie\.antigravity\extensions\redhat.java-1.53.0-win32-x64\jre\21.0.10-win32-x86_64\bin\verify.dll
0x00007ffdec920000 - 0x00007ffdec947000 	C:\Users\pewie\.gradle\native\1def1411415f61bf3af743bc5b6707747c0891f09f0c88961ee8f79bc544acac\windows-amd64\native-platform.dll
0x00007ffdc0cc0000 - 0x00007ffdc0d38000 	C:\Users\pewie\.gradle\native\0.2.7\x86_64-windows-gnu\gradle-fileevents.dll
0x00007ffe034a0000 - 0x00007ffe034aa000 	C:\Users\pewie\.antigravity\extensions\redhat.java-1.53.0-win32-x64\jre\21.0.10-win32-x86_64\bin\management.dll
0x00007ffdf5220000 - 0x00007ffdf522c000 	C:\Users\pewie\.antigravity\extensions\redhat.java-1.53.0-win32-x64\jre\21.0.10-win32-x86_64\bin\management_ext.dll
0x00007ffe1ae60000 - 0x00007ffe1ae68000 	C:\WINDOWS\System32\PSAPI.DLL
0x00007ffe17730000 - 0x00007ffe17763000 	C:\WINDOWS\SYSTEM32\IPHLPAPI.DLL
0x00007ffe1ae70000 - 0x00007ffe1ae7a000 	C:\WINDOWS\System32\NSI.dll
0x00007ffdf4dc0000 - 0x00007ffdf4dc9000 	C:\Users\pewie\.antigravity\extensions\redhat.java-1.53.0-win32-x64\jre\21.0.10-win32-x86_64\bin\extnet.dll
0x00007ffe185c0000 - 0x00007ffe185db000 	C:\WINDOWS\SYSTEM32\CRYPTSP.dll
0x00007ffe17cd0000 - 0x00007ffe17d09000 	C:\WINDOWS\system32\rsaenh.dll
0x00007ffe18390000 - 0x00007ffe183c2000 	C:\WINDOWS\SYSTEM32\USERENV.dll
0x00007ffe18ed0000 - 0x00007ffe18efa000 	C:\WINDOWS\SYSTEM32\bcrypt.dll
0x00007ffe185e0000 - 0x00007ffe185ec000 	C:\WINDOWS\SYSTEM32\CRYPTBASE.dll
0x00007ffdf4dd0000 - 0x00007ffdf4dde000 	C:\Users\pewie\.antigravity\extensions\redhat.java-1.53.0-win32-x64\jre\21.0.10-win32-x86_64\bin\sunmscapi.dll
0x00007ffe1a110000 - 0x00007ffe1a287000 	C:\WINDOWS\System32\CRYPT32.dll
0x00007ffe187e0000 - 0x00007ffe18810000 	C:\WINDOWS\SYSTEM32\ncrypt.dll
0x00007ffe18790000 - 0x00007ffe187cf000 	C:\WINDOWS\SYSTEM32\NTASN1.dll
0x00007ffdda9f0000 - 0x00007ffdda9f8000 	C:\WINDOWS\system32\wshunix.dll

JVMTI agents:
C:\Users\pewie\.gradle\wrapper\dists\gradle-8.13-bin\5xuhj0ry160q40clulazy9h7d\gradle-8.13\lib\agents\gradle-instrumentation-agent-8.13.jar path:C:\Users\pewie\.antigravity\extensions\redhat.java-1.53.0-win32-x64\jre\21.0.10-win32-x86_64\bin\instrument.dll, loaded, initialized, instrumentlib options:none

dbghelp: loaded successfully - version: 4.0.5 - missing functions: none
symbol engine: initialized successfully - sym options: 0x614 - pdb path: .;C:\Users\pewie\.antigravity\extensions\redhat.java-1.53.0-win32-x64\jre\21.0.10-win32-x86_64\bin;C:\WINDOWS\SYSTEM32;C:\WINDOWS\WinSxS\amd64_microsoft.windows.common-controls_6595b64144ccf1df_6.0.26100.8037_none_3e092faae333b53b;C:\Users\pewie\.antigravity\extensions\redhat.java-1.53.0-win32-x64\jre\21.0.10-win32-x86_64\bin\server;C:\Users\pewie\.gradle\native\1def1411415f61bf3af743bc5b6707747c0891f09f0c88961ee8f79bc544acac\windows-amd64;C:\Users\pewie\.gradle\native\0.2.7\x86_64-windows-gnu

VM Arguments:
jvm_args: --add-opens=java.base/java.lang=ALL-UNNAMED --add-opens=java.base/java.lang.invoke=ALL-UNNAMED --add-opens=java.base/java.util=ALL-UNNAMED --add-opens=java.prefs/java.util.prefs=ALL-UNNAMED --add-exports=jdk.compiler/com.sun.tools.javac.api=ALL-UNNAMED --add-exports=jdk.compiler/com.sun.tools.javac.util=ALL-UNNAMED --add-opens=java.base/java.util=ALL-UNNAMED --add-opens=java.prefs/java.util.prefs=ALL-UNNAMED --add-opens=java.base/java.nio.charset=ALL-UNNAMED --add-opens=java.base/java.net=ALL-UNNAMED --add-opens=java.base/java.util.concurrent.atomic=ALL-UNNAMED --add-opens=java.xml/javax.xml.namespace=ALL-UNNAMED -Xmx2048m -Dfile.encoding=UTF-8 -Duser.country=PL -Duser.language=pl -Duser.variant -javaagent:C:\Users\pewie\.gradle\wrapper\dists\gradle-8.13-bin\5xuhj0ry160q40clulazy9h7d\gradle-8.13\lib\agents\gradle-instrumentation-agent-8.13.jar 
java_command: org.gradle.launcher.daemon.bootstrap.GradleDaemon 8.13
java_class_path (initial): C:\Users\pewie\.gradle\wrapper\dists\gradle-8.13-bin\5xuhj0ry160q40clulazy9h7d\gradle-8.13\lib\gradle-daemon-main-8.13.jar
Launcher Type: SUN_STANDARD

[Global flags]
     intx CICompilerCount                          = 12                                        {product} {ergonomic}
     uint ConcGCThreads                            = 3                                         {product} {ergonomic}
     uint G1ConcRefinementThreads                  = 13                                        {product} {ergonomic}
   size_t G1HeapRegionSize                         = 1048576                                   {product} {ergonomic}
    uintx GCDrainStackTargetSize                   = 64                                        {product} {ergonomic}
   size_t InitialHeapSize                          = 132120576                                 {product} {ergonomic}
   size_t MarkStackSize                            = 4194304                                   {product} {ergonomic}
   size_t MaxHeapSize                              = 2147483648                                {product} {command line}
   size_t MaxNewSize                               = 1287651328                                {product} {ergonomic}
   size_t MinHeapDeltaBytes                        = 1048576                                   {product} {ergonomic}
   size_t MinHeapSize                              = 8388608                                   {product} {ergonomic}
    uintx NonNMethodCodeHeapSize                   = 7602480                                {pd product} {ergonomic}
    uintx NonProfiledCodeHeapSize                  = 122027880                              {pd product} {ergonomic}
    uintx ProfiledCodeHeapSize                     = 122027880                              {pd product} {ergonomic}
    uintx ReservedCodeCacheSize                    = 251658240                              {pd product} {ergonomic}
     bool SegmentedCodeCache                       = true                                      {product} {ergonomic}
   size_t SoftMaxHeapSize                          = 2147483648                             {manageable} {ergonomic}
     bool UseCompressedOops                        = true                           {product lp64_product} {ergonomic}
     bool UseG1GC                                  = true                                      {product} {ergonomic}
     bool UseLargePagesIndividualAllocation        = false                                  {pd product} {ergonomic}

Logging:
Log output configuration:
 #0: stdout all=warning uptime,level,tags foldmultilines=false
 #1: stderr all=off uptime,level,tags foldmultilines=false

Release file:
JAVA_VERSION="21.0.10" 
MODULES="java.base java.compiler java.datatransfer java.xml java.prefs java.desktop java.instrument java.logging java.management java.security.sasl java.naming java.rmi java.management.rmi java.net.http java.scripting java.security.jgss java.transaction.xa java.sql java.sql.rowset java.xml.crypto java.se java.smartcardio jdk.accessibility jdk.internal.jvmstat jdk.attach jdk.charsets jdk.internal.opt jdk.zipfs jdk.compiler jdk.crypto.ec jdk.crypto.cryptoki jdk.crypto.mscapi jdk.dynalink jdk.internal.ed jdk.editpad jdk.hotspot.agent jdk.httpserver jdk.internal.le jdk.internal.vm.ci jdk.internal.vm.compiler jdk.internal.vm.compiler.management jdk.jartool jdk.javadoc jdk.jcmd jdk.management jdk.management.agent jdk.jconsole jdk.jdeps jdk.jdwp.agent jdk.jdi jdk.jfr jdk.jshell jdk.jsobject jdk.jstatd jdk.localedata jdk.management.jfr jdk.naming.dns jdk.naming.rmi jdk.net jdk.nio.mapmode jdk.random jdk.sctp jdk.security.auth jdk.security.jgss jdk.unsupported jdk.unsupported.desktop jdk.xml.dom" 

Environment Variables:
PATH=C:\Program Files\Microsoft MPI\Bin\;C:\Program Files\Common Files\Oracle\Java\javapath;C:\Program Files (x86)\Common Files\Oracle\Java\java8path;C:\Program Files (x86)\Common Files\Oracle\Java\javapath;C:\Windows\system32;C:\Windows;C:\Windows\System32\Wbem;C:\Windows\System32\WindowsPowerShell\v1.0\;C:\Windows\System32\OpenSSH\;C:\Program Files (x86)\NVIDIA Corporation\PhysX\Common;C:\Program Files\NVIDIA Corporation\NVIDIA NvDLISR;C:\WINDOWS\system32;C:\WINDOWS;C:\WINDOWS\System32\Wbem;C:\WINDOWS\System32\WindowsPowerShell\v1.0\;C:\WINDOWS\System32\OpenSSH\;C:\Program Files (x86)\Microsoft SQL Server\160\Tools\Binn\;C:\Program Files\Microsoft SQL Server\160\Tools\Binn\;C:\Program Files\Microsoft SQL Server\Client SDK\ODBC\170\Tools\Binn\;C:\Program Files\Microsoft SQL Server\160\DTS\Binn\;C:\Program Files\dotnet\;C:\xampp\php;C:\ProgramData\ComposerSetup\bin;C:\Program Files\nodejs\;C:\Program Files\Git\cmd;C:\Program Files (x86)\Microsoft SQL Server\160\DTS\Binn\;C:\Program Files\Microsoft SQL Server\150\Tools\Binn\;C:\Program Files\PostgreSQL\18\bin;C:\Program Files\Docker\Docker\resources\bin;C:\Program Files (x86)\Windows Kits\10\Windows Performance Toolkit\;C:\Users\pewie\.cargo\bin;C:\Ruby34-x64\bin;C:\Users\pewie\AppData\Local\Programs\Python\Python313\Scripts\;C:\Users\pewie\AppData\Local\Programs\Python\Python313\;C:\Users\pewie\AppData\Local\Programs\Python\Launcher\;C:\Users\pewie\AppData\Local\Microsoft\WindowsApps;C:\Users\pewie\.dotnet\tools;C:\Users\pewie\AppData\Roaming\Composer\vendor\bin;C:\Users\pewie\AppData\Roaming\npm;C:\Users\pewie\AppData\Local\Programs\Microsoft VS Code\bin;C:\Users\pewie\AppData\Local\Programs\Antigravity\bin
USERNAME=pewie
OS=Windows_NT
PROCESSOR_IDENTIFIER=AMD64 Family 23 Model 96 Stepping 1, AuthenticAMD
TMP=C:\Users\pewie\AppData\Local\Temp
TEMP=C:\Users\pewie\AppData\Local\Temp




Periodic native trim disabled

---------------  S Y S T E M  ---------------

OS:
 Windows 11 , 64 bit Build 26100 (10.0.26100.7920)
OS uptime: 6 days 1:47 hours
Hyper-V role detected

CPU: total 16 (initial active 16) (16 cores per cpu, 2 threads per core) family 23 model 96 stepping 1 microcode 0x8600104, cx8, cmov, fxsr, ht, mmx, 3dnowpref, sse, sse2, sse3, ssse3, sse4a, sse4.1, sse4.2, popcnt, lzcnt, tsc, tscinvbit, avx, avx2, aes, clmul, bmi1, bmi2, adx, sha, fma, vzeroupper, clflush, clflushopt, hv, rdtscp, rdpid, f16c
Processor Information for the first 16 processors :
  Max Mhz: 2900, Current Mhz: 2900, Mhz Limit: 2900

Memory: 4k page, system-wide physical 8061M (172M free)
TotalPageFile size 26811M (AvailPageFile size 8M)
current process WorkingSet (physical memory assigned to process): 258M, peak: 276M
current process commit charge ("private bytes"): 418M, peak: 424M

vm_info: OpenJDK 64-Bit Server VM (21.0.10+7-LTS) for windows-amd64 JRE (21.0.10+7-LTS), built on 2026-01-20T00:00:00Z by "admin" with MS VC++ 17.12 (VS2022)

END.
