#
# There is insufficient memory for the Java Runtime Environment to continue.
# Native memory allocation (malloc) failed to allocate 1048576 bytes. Error detail: AllocateHeap
# Possible reasons:
#   The system is out of physical RAM or swap space
#   This process is running with CompressedOops enabled, and the Java Heap may be blocking the growth of the native heap
# Possible solutions:
#   Reduce memory load on the system
#   Increase physical memory or swap space
#   Check if swap backing store is full
#   Decrease Java heap size (-Xmx/-Xms)
#   Decrease number of Java threads
#   Decrease Java thread stack sizes (-Xss)
#   Set larger code cache with -XX:ReservedCodeCacheSize=
#   JVM is running with Unscaled Compressed Oops mode in which the Java heap is
#     placed in the first 4GB address space. The Java Heap base address is the
#     maximum limit for the native heap growth. Please use -XX:HeapBaseMinAddress
#     to set the Java Heap base and to place the Java Heap above 4GB virtual address.
# This output file may be truncated or incomplete.
#
#  Out of Memory Error (allocation.cpp:44), pid=6428, tid=27888
#
# JRE version:  (21.0.10+7) (build )
# Java VM: OpenJDK 64-Bit Server VM (21.0.10+7-LTS, mixed mode, sharing, tiered, compressed oops, compressed class ptrs, parallel gc, windows-amd64)
# No core dump will be written. Minidumps are not enabled by default on client versions of Windows
#

---------------  S U M M A R Y ------------

Command Line: --add-modules=ALL-SYSTEM --add-opens=java.base/java.util=ALL-UNNAMED --add-opens=java.base/java.lang=ALL-UNNAMED --add-opens=java.base/sun.nio.fs=ALL-UNNAMED -Declipse.application=org.eclipse.jdt.ls.core.id1 -Dosgi.bundles.defaultStartLevel=4 -Declipse.product=org.eclipse.jdt.ls.core.product -Djava.import.generatesMetadataFilesAtProjectRoot=false -DDetectVMInstallationsJob.disabled=true -Dfile.encoding=utf8 -XX:+UseParallelGC -XX:GCTimeRatio=4 -XX:AdaptiveSizePolicyWeight=90 -Dsun.zip.disableMemoryMapping=true -Xmx2G -Xms100m -Xlog:disable -javaagent:c:\Users\pewie\.antigravity\extensions\redhat.java-1.54.0-win32-x64\lombok\lombok-1.18.39-4050.jar c:\Users\pewie\.antigravity\extensions\redhat.java-1.54.0-win32-x64\server\plugins\org.eclipse.equinox.launcher_1.7.100.v20251111-0406.jar -configuration c:\Users\pewie\AppData\Roaming\Antigravity\User\globalStorage\redhat.java\1.54.0\config_ss_win -data c:\Users\pewie\AppData\Roaming\Antigravity\User\workspaceStorage\f149a9d50be24f18af22f269c2f768ee\redhat.java\ss_ws --pipe=\\.\pipe\lsp-19e3762d462029f1350b64e793833580-sock

Host: AMD Ryzen 7 4800H with Radeon Graphics         , 16 cores, 7G,  Windows 11 , 64 bit Build 26100 (10.0.26100.8246)
Time: Tue Apr 28 13:25:28 2026 elapsed time: 1.074672 seconds (0d 0h 0m 1s)

---------------  T H R E A D  ---------------

Current thread (0x0000010c1dfdf170):  JavaThread "Unknown thread" [_thread_in_vm, id=27888, stack(0x0000000773100000,0x0000000773200000) (1024K)]

Stack: [0x0000000773100000,0x0000000773200000]
Native frames: (J=compiled Java code, j=interpreted, Vv=VM code, C=native code)
V  [jvm.dll+0x6d7a39]
V  [jvm.dll+0x8b4b26]
V  [jvm.dll+0x8b70de]
V  [jvm.dll+0x8b77c3]
V  [jvm.dll+0x284346]
V  [jvm.dll+0xc1277]
V  [jvm.dll+0x70ba02]
V  [jvm.dll+0x70c73c]
V  [jvm.dll+0x6e65d3]
V  [jvm.dll+0x87f17c]
V  [jvm.dll+0x3c49fc]
V  [jvm.dll+0x867e6b]
V  [jvm.dll+0x457b31]
V  [jvm.dll+0x459721]
C  [jli.dll+0x52d0]
C  [ucrtbase.dll+0x37b0]
C  [KERNEL32.DLL+0x2e8d7]
C  [ntdll.dll+0x8c3fc]


---------------  P R O C E S S  ---------------

Threads class SMR info:
_java_thread_list=0x0000010c1de6bb40, length=1, elements={
0x0000010c1dfdf170
}

Java Threads: ( => current thread )
=>0x0000010c1dfdf170 JavaThread "Unknown thread"             [_thread_in_vm, id=27888, stack(0x0000000773100000,0x0000000773200000) (1024K)]
Total: 1

Other Threads:
  0x0000010c1de6ca10 WatcherThread "VM Periodic Task Thread"        [id=23692, stack(0x0000000773300000,0x0000000773400000) (1024K)]
  0x0000010c1dffc910 WorkerThread "GC Thread#0"                     [id=25460, stack(0x0000000773200000,0x0000000773300000) (1024K)]
Total: 2

Threads with active compile tasks:
Total: 0

VM state: not at safepoint (normal execution)

VM Mutex/Monitor currently owned by a thread: None

Heap address: 0x0000000080000000, size: 2048 MB, Compressed Oops mode: 32-bit

CDS archive(s) mapped at: [0x0000010c35000000-0x0000010c35ba0000-0x0000010c35ba0000), size 12189696, SharedBaseAddress: 0x0000010c35000000, ArchiveRelocationMode: 1.
Compressed class space mapped at: 0x0000010c36000000-0x0000010c76000000, reserved size: 1073741824
Narrow klass base: 0x0000010c35000000, Narrow klass shift: 0, Narrow klass range: 0x100000000

GC Precious Log:
 CardTable entry size: 512
 CPUs: 16 total, 16 available
 Memory: 8061M
 Large Page Support: Disabled
 NUMA Support: Disabled
 Compressed Oops: Enabled (32-bit)
 Alignments: Space 512K, Generation 512K, Heap 2M
 Heap Min Capacity: 100M
 Heap Initial Capacity: 100M
 Heap Max Capacity: 2G
 Pre-touch: Disabled
 Parallel Workers: 13

Heap:
 PSYoungGen      total 29696K, used 512K [0x00000000d5580000, 0x00000000d7680000, 0x0000000100000000)
  eden space 25600K, 2% used [0x00000000d5580000,0x00000000d5600020,0x00000000d6e80000)
  from space 4096K, 0% used [0x00000000d7280000,0x00000000d7280000,0x00000000d7680000)
  to   space 4096K, 0% used [0x00000000d6e80000,0x00000000d6e80000,0x00000000d7280000)
 ParOldGen       total 68608K, used 0K [0x0000000080000000, 0x0000000084300000, 0x00000000d5580000)
  object space 68608K, 0% used [0x0000000080000000,0x0000000080000000,0x0000000084300000)
 Metaspace       used 0K, committed 0K, reserved 1048576K
  class space    used 0K, committed 0K, reserved 1048576K

Card table byte_map: [0x0000010c1d980000,0x0000010c1dd90000] _byte_map_base: 0x0000010c1d580000

Marking Bits: (ParMarkBitMap*) 0x00007fffbbcb3450
 Begin Bits: [0x0000010c30490000, 0x0000010c32490000)
 End Bits:   [0x0000010c32490000, 0x0000010c34490000)

Polling page: 0x0000010c1c050000

Metaspace:

Usage:
  Non-class:      0 bytes used.
      Class:      0 bytes used.
       Both:      0 bytes used.

Virtual space:
  Non-class space:        0 bytes reserved,       0 bytes (  ?%) committed,  0 nodes.
      Class space:        1.00 GB reserved,       0 bytes (  0%) committed,  1 nodes.
             Both:        1.00 GB reserved,       0 bytes (  0%) committed. 

Chunk freelists:
   Non-Class:  0 bytes
       Class:  16.00 MB
        Both:  16.00 MB

MaxMetaspaceSize: unlimited
CompressedClassSpaceSize: 1.00 GB
Initial GC threshold: 21.00 MB
Current GC threshold: 17179869184.00 GB
CDS: on
 - commit_granule_bytes: 65536.
 - commit_granule_words: 8192.
 - virtual_space_node_default_size: 8388608.
 - enlarge_chunks_in_place: 1.
 - use_allocation_guard: 0.


Internal statistics:

num_allocs_failed_limit: 0.
num_arena_births: 0.
num_arena_deaths: 0.
num_vsnodes_births: 1.
num_vsnodes_deaths: 0.
num_space_committed: 0.
num_space_uncommitted: 0.
num_chunks_returned_to_freelist: 0.
num_chunks_taken_from_freelist: 1.
num_chunk_merges: 0.
num_chunk_splits: 1.
num_chunks_enlarged: 0.
num_inconsistent_stats: 0.

CodeHeap 'non-profiled nmethods': size=119168Kb used=0Kb max_used=0Kb free=119168Kb
 bounds [0x0000010c28d80000, 0x0000010c28ff0000, 0x0000010c301e0000]
CodeHeap 'profiled nmethods': size=119104Kb used=0Kb max_used=0Kb free=119104Kb
 bounds [0x0000010c211e0000, 0x0000010c21450000, 0x0000010c28630000]
CodeHeap 'non-nmethods': size=7488Kb used=194Kb max_used=342Kb free=7293Kb
 bounds [0x0000010c28630000, 0x0000010c288a0000, 0x0000010c28d80000]
CodeCache: size=245760Kb, used=194Kb, max_used=342Kb, free=245565Kb
 total_blobs=70, nmethods=0, adapters=48, full_count=0
Compilation: enabled, stopped_count=0, restarted_count=0

Compilation events (0 events):
No events

GC Heap History (0 events):
No events

Dll operation events (1 events):
Event: 0.023 Loaded shared library c:\Users\pewie\.antigravity\extensions\redhat.java-1.54.0-win32-x64\jre\21.0.10-win32-x86_64\bin\java.dll

Deoptimization events (0 events):
No events

Classes loaded (0 events):
No events

Classes unloaded (0 events):
No events

Classes redefined (0 events):
No events

Internal exceptions (0 events):
No events

ZGC Phase Switch (0 events):
No events

VM Operations (0 events):
No events

Memory protections (0 events):
No events

Nmethod flushes (0 events):
No events

Events (1 events):
Event: 0.061 Thread 0x0000010c1dfdf170 Thread added: 0x0000010c1dfdf170


Dynamic libraries:
0x00007ff734520000 - 0x00007ff73452e000 	c:\Users\pewie\.antigravity\extensions\redhat.java-1.54.0-win32-x64\jre\21.0.10-win32-x86_64\bin\java.exe
0x00007ff8b86a0000 - 0x00007ff8b8907000 	C:\WINDOWS\SYSTEM32\ntdll.dll
0x00007ff8b7290000 - 0x00007ff8b7359000 	C:\WINDOWS\System32\KERNEL32.DLL
0x00007ff8b53a0000 - 0x00007ff8b5794000 	C:\WINDOWS\System32\KERNELBASE.dll
0x00007ff8b4f70000 - 0x00007ff8b50bb000 	C:\WINDOWS\System32\ucrtbase.dll
0x00007ff887850000 - 0x00007ff887868000 	c:\Users\pewie\.antigravity\extensions\redhat.java-1.54.0-win32-x64\jre\21.0.10-win32-x86_64\bin\jli.dll
0x00007ff887870000 - 0x00007ff88788e000 	c:\Users\pewie\.antigravity\extensions\redhat.java-1.54.0-win32-x64\jre\21.0.10-win32-x86_64\bin\VCRUNTIME140.dll
0x00007ff8b7aa0000 - 0x00007ff8b7c65000 	C:\WINDOWS\System32\USER32.dll
0x00007ff89d350000 - 0x00007ff89d5e3000 	C:\WINDOWS\WinSxS\amd64_microsoft.windows.common-controls_6595b64144ccf1df_6.0.26100.8115_none_3e075c82e3354f9c\COMCTL32.dll
0x00007ff8b7720000 - 0x00007ff8b77c9000 	C:\WINDOWS\System32\msvcrt.dll
0x00007ff8b77d0000 - 0x00007ff8b77fb000 	C:\WINDOWS\System32\GDI32.dll
0x00007ff8b5370000 - 0x00007ff8b5397000 	C:\WINDOWS\System32\win32u.dll
0x00007ff8b5240000 - 0x00007ff8b536b000 	C:\WINDOWS\System32\gdi32full.dll
0x00007ff8b6230000 - 0x00007ff8b62d3000 	C:\WINDOWS\System32\msvcp_win.dll
0x00007ff8b7250000 - 0x00007ff8b7282000 	C:\WINDOWS\System32\IMM32.DLL
0x00007ff894310000 - 0x00007ff89431c000 	c:\Users\pewie\.antigravity\extensions\redhat.java-1.54.0-win32-x64\jre\21.0.10-win32-x86_64\bin\vcruntime140_1.dll
0x00007ff83a010000 - 0x00007ff83a09d000 	c:\Users\pewie\.antigravity\extensions\redhat.java-1.54.0-win32-x64\jre\21.0.10-win32-x86_64\bin\msvcp140.dll
0x00007fffbaff0000 - 0x00007fffbbd91000 	c:\Users\pewie\.antigravity\extensions\redhat.java-1.54.0-win32-x64\jre\21.0.10-win32-x86_64\bin\server\jvm.dll
0x00007ff8b7800000 - 0x00007ff8b78b6000 	C:\WINDOWS\System32\ADVAPI32.dll
0x00007ff8b7d00000 - 0x00007ff8b7da7000 	C:\WINDOWS\System32\sechost.dll
0x00007ff8b80b0000 - 0x00007ff8b81c8000 	C:\WINDOWS\System32\RPCRT4.dll
0x00007ff8b7eb0000 - 0x00007ff8b7f30000 	C:\WINDOWS\System32\WS2_32.dll
0x00007ff8b4dd0000 - 0x00007ff8b4e2e000 	C:\WINDOWS\SYSTEM32\POWRPROF.dll
0x00007ff8ae5e0000 - 0x00007ff8ae5eb000 	C:\WINDOWS\SYSTEM32\VERSION.dll
0x00007ff8a90c0000 - 0x00007ff8a90f6000 	C:\WINDOWS\SYSTEM32\WINMM.dll
0x00007ff8b4db0000 - 0x00007ff8b4dc4000 	C:\WINDOWS\SYSTEM32\UMPDC.dll
0x00007ff8b3d00000 - 0x00007ff8b3d1b000 	C:\WINDOWS\SYSTEM32\kernel.appcore.dll
0x00007ff887840000 - 0x00007ff88784a000 	c:\Users\pewie\.antigravity\extensions\redhat.java-1.54.0-win32-x64\jre\21.0.10-win32-x86_64\bin\jimage.dll
0x00007ff8b3110000 - 0x00007ff8b3352000 	C:\WINDOWS\SYSTEM32\DBGHELP.DLL
0x00007ff8b7360000 - 0x00007ff8b76e2000 	C:\WINDOWS\System32\combase.dll
0x00007ff8b7f40000 - 0x00007ff8b8018000 	C:\WINDOWS\System32\OLEAUT32.dll
0x00007ff88a330000 - 0x00007ff88a36b000 	C:\WINDOWS\SYSTEM32\dbgcore.DLL
0x00007ff8b57a0000 - 0x00007ff8b5845000 	C:\WINDOWS\System32\bcryptPrimitives.dll
0x00007ff8b0350000 - 0x00007ff8b035f000 	c:\Users\pewie\.antigravity\extensions\redhat.java-1.54.0-win32-x64\jre\21.0.10-win32-x86_64\bin\instrument.dll
0x00007ff887660000 - 0x00007ff887680000 	c:\Users\pewie\.antigravity\extensions\redhat.java-1.54.0-win32-x64\jre\21.0.10-win32-x86_64\bin\java.dll

JVMTI agents:
c:\Users\pewie\.antigravity\extensions\redhat.java-1.54.0-win32-x64\lombok\lombok-1.18.39-4050.jar path:none, loaded, not initialized, instrumentlib options:none

dbghelp: loaded successfully - version: 4.0.5 - missing functions: none
symbol engine: initialized successfully - sym options: 0x614 - pdb path: .;c:\Users\pewie\.antigravity\extensions\redhat.java-1.54.0-win32-x64\jre\21.0.10-win32-x86_64\bin;C:\WINDOWS\SYSTEM32;C:\WINDOWS\WinSxS\amd64_microsoft.windows.common-controls_6595b64144ccf1df_6.0.26100.8115_none_3e075c82e3354f9c;c:\Users\pewie\.antigravity\extensions\redhat.java-1.54.0-win32-x64\jre\21.0.10-win32-x86_64\bin\server

VM Arguments:
jvm_args: --add-modules=ALL-SYSTEM --add-opens=java.base/java.util=ALL-UNNAMED --add-opens=java.base/java.lang=ALL-UNNAMED --add-opens=java.base/sun.nio.fs=ALL-UNNAMED -Declipse.application=org.eclipse.jdt.ls.core.id1 -Dosgi.bundles.defaultStartLevel=4 -Declipse.product=org.eclipse.jdt.ls.core.product -Djava.import.generatesMetadataFilesAtProjectRoot=false -DDetectVMInstallationsJob.disabled=true -Dfile.encoding=utf8 -XX:+UseParallelGC -XX:GCTimeRatio=4 -XX:AdaptiveSizePolicyWeight=90 -Dsun.zip.disableMemoryMapping=true -Xmx2G -Xms100m -Xlog:disable -javaagent:c:\Users\pewie\.antigravity\extensions\redhat.java-1.54.0-win32-x64\lombok\lombok-1.18.39-4050.jar 
java_command: c:\Users\pewie\.antigravity\extensions\redhat.java-1.54.0-win32-x64\server\plugins\org.eclipse.equinox.launcher_1.7.100.v20251111-0406.jar -configuration c:\Users\pewie\AppData\Roaming\Antigravity\User\globalStorage\redhat.java\1.54.0\config_ss_win -data c:\Users\pewie\AppData\Roaming\Antigravity\User\workspaceStorage\f149a9d50be24f18af22f269c2f768ee\redhat.java\ss_ws --pipe=\\.\pipe\lsp-19e3762d462029f1350b64e793833580-sock
java_class_path (initial): c:\Users\pewie\.antigravity\extensions\redhat.java-1.54.0-win32-x64\server\plugins\org.eclipse.equinox.launcher_1.7.100.v20251111-0406.jar
Launcher Type: SUN_STANDARD

[Global flags]
    uintx AdaptiveSizePolicyWeight                 = 90                                        {product} {command line}
     intx CICompilerCount                          = 12                                        {product} {ergonomic}
    uintx GCTimeRatio                              = 4                                         {product} {command line}
   size_t InitialHeapSize                          = 104857600                                 {product} {command line}
   size_t MaxHeapSize                              = 2147483648                                {product} {command line}
   size_t MaxNewSize                               = 715653120                                 {product} {ergonomic}
   size_t MinHeapDeltaBytes                        = 524288                                    {product} {ergonomic}
   size_t MinHeapSize                              = 104857600                                 {product} {command line}
   size_t NewSize                                  = 34603008                                  {product} {ergonomic}
    uintx NonNMethodCodeHeapSize                   = 7602480                                {pd product} {ergonomic}
    uintx NonProfiledCodeHeapSize                  = 122027880                              {pd product} {ergonomic}
   size_t OldSize                                  = 70254592                                  {product} {ergonomic}
    uintx ProfiledCodeHeapSize                     = 122027880                              {pd product} {ergonomic}
    uintx ReservedCodeCacheSize                    = 251658240                              {pd product} {ergonomic}
     bool SegmentedCodeCache                       = true                                      {product} {ergonomic}
   size_t SoftMaxHeapSize                          = 2147483648                             {manageable} {ergonomic}
     bool UseCompressedOops                        = true                           {product lp64_product} {ergonomic}
     bool UseLargePagesIndividualAllocation        = false                                  {pd product} {ergonomic}
     bool UseParallelGC                            = true                                      {product} {command line}

Logging:
Log output configuration:
 #0: stdout all=off uptime,level,tags foldmultilines=false
 #1: stderr all=off uptime,level,tags foldmultilines=false

Release file:
<release file has not been read>
Environment Variables:
PATH=C:\Program Files\Microsoft MPI\Bin\;C:\Program Files\Common Files\Oracle\Java\javapath;C:\Program Files (x86)\Common Files\Oracle\Java\java8path;C:\Program Files (x86)\Common Files\Oracle\Java\javapath;C:\Windows\system32;C:\Windows;C:\Windows\System32\Wbem;C:\Windows\System32\WindowsPowerShell\v1.0\;C:\Windows\System32\OpenSSH\;C:\Program Files (x86)\NVIDIA Corporation\PhysX\Common;C:\Program Files\NVIDIA Corporation\NVIDIA NvDLISR;C:\WINDOWS\system32;C:\WINDOWS;C:\WINDOWS\System32\Wbem;C:\WINDOWS\System32\WindowsPowerShell\v1.0\;C:\WINDOWS\System32\OpenSSH\;C:\Program Files (x86)\Microsoft SQL Server\160\Tools\Binn\;C:\Program Files\Microsoft SQL Server\160\Tools\Binn\;C:\Program Files\Microsoft SQL Server\Client SDK\ODBC\170\Tools\Binn\;C:\Program Files\Microsoft SQL Server\160\DTS\Binn\;C:\Program Files\dotnet\;C:\xampp\php;C:\ProgramData\ComposerSetup\bin;C:\Program Files\nodejs\;C:\Program Files\Git\cmd;C:\Program Files (x86)\Microsoft SQL Server\160\DTS\Binn\;C:\Program Files\Microsoft SQL Server\150\Tools\Binn\;C:\Program Files\PostgreSQL\18\bin;C:\Program Files\Docker\Docker\resources\bin;C:\Program Files (x86)\Windows Kits\10\Windows Performance Toolkit\;C:\Users\pewie\.cargo\bin;C:\Ruby34-x64\bin;C:\Users\pewie\AppData\Local\Programs\Python\Python313\Scripts\;C:\Users\pewie\AppData\Local\Programs\Python\Python313\;C:\Users\pewie\AppData\Local\Programs\Python\Launcher\;C:\Users\pewie\AppData\Local\Microsoft\WindowsApps;C:\Users\pewie\.dotnet\tools;C:\Users\pewie\AppData\Roaming\Composer\vendor\bin;C:\Users\pewie\AppData\Roaming\npm;C:\Users\pewie\AppData\Local\Programs\Microsoft VS Code\bin;C:\Users\pewie\AppData\Local\Programs\Antigravity\bin
USERNAME=pewie
OS=Windows_NT
PROCESSOR_IDENTIFIER=AMD64 Family 23 Model 96 Stepping 1, AuthenticAMD
TMP=C:\Users\pewie\AppData\Local\Temp
TEMP=C:\Users\pewie\AppData\Local\Temp




Periodic native trim disabled

---------------  S Y S T E M  ---------------

OS:
 Windows 11 , 64 bit Build 26100 (10.0.26100.8246)
OS uptime: 5 days 23:23 hours
Hyper-V role detected

CPU: total 16 (initial active 16) (16 cores per cpu, 2 threads per core) family 23 model 96 stepping 1 microcode 0x8600104, cx8, cmov, fxsr, ht, mmx, 3dnowpref, sse, sse2, sse3, ssse3, sse4a, sse4.1, sse4.2, popcnt, lzcnt, tsc, tscinvbit, avx, avx2, aes, clmul, bmi1, bmi2, adx, sha, fma, vzeroupper, clflush, clflushopt, hv, rdtscp, rdpid, f16c
Processor Information for the first 16 processors :
  Max Mhz: 2900, Current Mhz: 2900, Mhz Limit: 2900

Memory: 4k page, system-wide physical 8061M (771M free)
TotalPageFile size 26811M (AvailPageFile size 31M)
current process WorkingSet (physical memory assigned to process): 25M, peak: 25M
current process commit charge ("private bytes"): 193M, peak: 193M

vm_info: OpenJDK 64-Bit Server VM (21.0.10+7-LTS) for windows-amd64 JRE (21.0.10+7-LTS), built on 2026-01-20T00:00:00Z by "admin" with MS VC++ 17.12 (VS2022)

END.
