#
# There is insufficient memory for the Java Runtime Environment to continue.
# Native memory allocation (malloc) failed to allocate 1458096 bytes. Error detail: Chunk::new
# Possible reasons:
#   The system is out of physical RAM or swap space
#   This process is running with CompressedOops enabled, and the Java Heap may be blocking the growth of the native heap
# Possible solutions:
#   Reduce memory load on the system
#   Increase physical memory or swap space
#   Check if swap backing store is full
#   Decrease Java heap size (-Xmx/-Xms)
#   Decrease number of Java threads
#   Decrease Java thread stack sizes (-Xss)
#   Set larger code cache with -XX:ReservedCodeCacheSize=
#   JVM is running with Unscaled Compressed Oops mode in which the Java heap is
#     placed in the first 4GB address space. The Java Heap base address is the
#     maximum limit for the native heap growth. Please use -XX:HeapBaseMinAddress
#     to set the Java Heap base and to place the Java Heap above 4GB virtual address.
# This output file may be truncated or incomplete.
#
#  Out of Memory Error (arena.cpp:168), pid=14036, tid=30760
#
# JRE version: OpenJDK Runtime Environment (21.0.8) (build 21.0.8+-14018985-b1038.68)
# Java VM: OpenJDK 64-Bit Server VM (21.0.8+-14018985-b1038.68, mixed mode, tiered, compressed oops, compressed class ptrs, g1 gc, windows-amd64)
# No core dump will be written. Minidumps are not enabled by default on client versions of Windows
#

---------------  S U M M A R Y ------------

Command Line: --add-opens=java.base/java.lang=ALL-UNNAMED --add-opens=java.base/java.lang.invoke=ALL-UNNAMED --add-opens=java.base/java.util=ALL-UNNAMED --add-opens=java.prefs/java.util.prefs=ALL-UNNAMED --add-exports=jdk.compiler/com.sun.tools.javac.api=ALL-UNNAMED --add-exports=jdk.compiler/com.sun.tools.javac.util=ALL-UNNAMED --add-opens=java.base/java.util=ALL-UNNAMED --add-opens=java.prefs/java.util.prefs=ALL-UNNAMED --add-opens=java.base/java.nio.charset=ALL-UNNAMED --add-opens=java.base/java.net=ALL-UNNAMED --add-opens=java.base/java.util.concurrent.atomic=ALL-UNNAMED --add-opens=java.xml/javax.xml.namespace=ALL-UNNAMED -Xmx2048m -Dfile.encoding=UTF-8 -Duser.country=PL -Duser.language=pl -Duser.variant -javaagent:C:\Users\pewie\.gradle\wrapper\dists\gradle-8.13-bin\5xuhj0ry160q40clulazy9h7d\gradle-8.13\lib\agents\gradle-instrumentation-agent-8.13.jar org.gradle.launcher.daemon.bootstrap.GradleDaemon 8.13

Host: AMD Ryzen 7 4800H with Radeon Graphics         , 16 cores, 7G,  Windows 11 , 64 bit Build 26100 (10.0.26100.8246)
Time: Mon May  4 19:45:27 2026 elapsed time: 8.736417 seconds (0d 0h 0m 8s)

---------------  T H R E A D  ---------------

Current thread (0x0000013197841b80):  JavaThread "C2 CompilerThread2" daemon [_thread_in_native, id=30760, stack(0x0000002213a00000,0x0000002213b00000) (1024K)]


Current CompileTask:
C2:8736 3745   !   4       java.net.URLClassLoader$1::run (81 bytes)

Stack: [0x0000002213a00000,0x0000002213b00000]
Native frames: (J=compiled Java code, j=interpreted, Vv=VM code, C=native code)
V  [jvm.dll+0x6d68d9]
V  [jvm.dll+0x866693]
V  [jvm.dll+0x868c4e]
V  [jvm.dll+0x869333]
V  [jvm.dll+0x280566]
V  [jvm.dll+0xc07cd]
V  [jvm.dll+0xc0d03]
V  [jvm.dll+0x3b95e1]
V  [jvm.dll+0x1dfb24]
V  [jvm.dll+0x2493a4]
V  [jvm.dll+0x248821]
V  [jvm.dll+0x1c73a4]
V  [jvm.dll+0x257f9e]
V  [jvm.dll+0x2564e6]
V  [jvm.dll+0x3f4696]
V  [jvm.dll+0x80eac8]
V  [jvm.dll+0x6d512d]
C  [ucrtbase.dll+0x37b0]
C  [KERNEL32.DLL+0x2e8d7]
C  [ntdll.dll+0x8c3fc]


---------------  P R O C E S S  ---------------

Threads class SMR info:
_java_thread_list=0x00000131977769f0, length=35, elements={
0x00000131f458ed70, 0x00000131ff7557e0, 0x00000131ff756db0, 0x00000131ff789650,
0x00000131ff759db0, 0x00000131ff7679f0, 0x00000131ff768fc0, 0x00000131ff76ad30,
0x00000131ff772ec0, 0x00000131ff78af70, 0x0000013193014090, 0x0000013193e880b0,
0x0000013193e87590, 0x00000131946751f0, 0x0000013194a2ecc0, 0x000001319494fc60,
0x0000013194fed4a0, 0x0000013194bd6590, 0x0000013194bb7ee0, 0x0000013194fd78a0,
0x0000013194c5a6f0, 0x0000013194c5e190, 0x0000013194a81e00, 0x0000013194a80a50,
0x0000013194a82b20, 0x0000013194a810e0, 0x00000131949c4d10, 0x0000013194a81770,
0x0000013194a831b0, 0x0000013194a7fd30, 0x0000013194a803c0, 0x000001319834e150,
0x000001319834e7e0, 0x0000013198350f40, 0x0000013197841b80
}

Java Threads: ( => current thread )
  0x00000131f458ed70 JavaThread "main"                              [_thread_blocked, id=34568, stack(0x0000002210300000,0x0000002210400000) (1024K)]
  0x00000131ff7557e0 JavaThread "Common-Cleaner"             daemon [_thread_blocked, id=34152, stack(0x0000002210b00000,0x0000002210c00000) (1024K)]
  0x00000131ff756db0 JavaThread "Reference Handler"          daemon [_thread_blocked, id=10600, stack(0x0000002210c00000,0x0000002210d00000) (1024K)]
  0x00000131ff789650 JavaThread "Finalizer"                  daemon [_thread_blocked, id=31872, stack(0x0000002210d00000,0x0000002210e00000) (1024K)]
  0x00000131ff759db0 JavaThread "Signal Dispatcher"          daemon [_thread_blocked, id=20888, stack(0x0000002210e00000,0x0000002210f00000) (1024K)]
  0x00000131ff7679f0 JavaThread "Attach Listener"            daemon [_thread_blocked, id=13856, stack(0x0000002210f00000,0x0000002211000000) (1024K)]
  0x00000131ff768fc0 JavaThread "Service Thread"             daemon [_thread_blocked, id=28384, stack(0x0000002211000000,0x0000002211100000) (1024K)]
  0x00000131ff76ad30 JavaThread "Monitor Deflation Thread"   daemon [_thread_blocked, id=2792, stack(0x0000002211100000,0x0000002211200000) (1024K)]
  0x00000131ff772ec0 JavaThread "C2 CompilerThread0"         daemon [_thread_in_native, id=19648, stack(0x0000002211200000,0x0000002211300000) (1024K)]
  0x00000131ff78af70 JavaThread "C1 CompilerThread0"         daemon [_thread_blocked, id=26484, stack(0x0000002211300000,0x0000002211400000) (1024K)]
  0x0000013193014090 JavaThread "Notification Thread"        daemon [_thread_blocked, id=27312, stack(0x0000002211400000,0x0000002211500000) (1024K)]
  0x0000013193e880b0 JavaThread "C1 CompilerThread1"         daemon [_thread_blocked, id=6268, stack(0x0000002211900000,0x0000002211a00000) (1024K)]
  0x0000013193e87590 JavaThread "C1 CompilerThread2"         daemon [_thread_blocked, id=24608, stack(0x0000002211a00000,0x0000002211b00000) (1024K)]
  0x00000131946751f0 JavaThread "C1 CompilerThread3"         daemon [_thread_blocked, id=23852, stack(0x0000002211b00000,0x0000002211c00000) (1024K)]
  0x0000013194a2ecc0 JavaThread "Daemon health stats"               [_thread_blocked, id=34748, stack(0x0000002211f00000,0x0000002212000000) (1024K)]
  0x000001319494fc60 JavaThread "Incoming local TCP Connector on port 56091"        [_thread_in_native, id=23048, stack(0x0000002212000000,0x0000002212100000) (1024K)]
  0x0000013194fed4a0 JavaThread "Daemon periodic checks"            [_thread_blocked, id=3640, stack(0x0000002212300000,0x0000002212400000) (1024K)]
  0x0000013194bd6590 JavaThread "Daemon"                            [_thread_blocked, id=34300, stack(0x0000002212400000,0x0000002212500000) (1024K)]
  0x0000013194bb7ee0 JavaThread "Handler for socket connection from /127.0.0.1:56091 to /127.0.0.1:56092"        [_thread_in_native, id=22260, stack(0x0000002212500000,0x0000002212600000) (1024K)]
  0x0000013194fd78a0 JavaThread "Cancel handler"                    [_thread_blocked, id=22680, stack(0x0000002212600000,0x0000002212700000) (1024K)]
  0x0000013194c5a6f0 JavaThread "Daemon worker"                     [_thread_in_vm, id=28092, stack(0x0000002212700000,0x0000002212800000) (1024K)]
  0x0000013194c5e190 JavaThread "Asynchronous log dispatcher for DefaultDaemonConnection: socket connection from /127.0.0.1:56091 to /127.0.0.1:56092"        [_thread_blocked, id=14204, stack(0x0000002212800000,0x0000002212900000) (1024K)]
  0x0000013194a81e00 JavaThread "Stdin handler"                     [_thread_blocked, id=30852, stack(0x0000002212900000,0x0000002212a00000) (1024K)]
  0x0000013194a80a50 JavaThread "Daemon client event forwarder"        [_thread_blocked, id=32752, stack(0x0000002212a00000,0x0000002212b00000) (1024K)]
  0x0000013194a82b20 JavaThread "Cache worker for journal cache (C:\Users\pewie\.gradle\caches\journal-1)"        [_thread_blocked, id=31824, stack(0x0000002212200000,0x0000002212300000) (1024K)]
  0x0000013194a810e0 JavaThread "File lock request listener"        [_thread_in_native, id=6108, stack(0x0000002213200000,0x0000002213300000) (1024K)]
  0x00000131949c4d10 JavaThread "C2 CompilerThread1"         daemon [_thread_in_native, id=22632, stack(0x0000002212100000,0x0000002212200000) (1024K)]
  0x0000013194a81770 JavaThread "Cache worker for file hash cache (C:\Users\pewie\.gradle\caches\8.13\fileHashes)"        [_thread_blocked, id=17664, stack(0x0000002213300000,0x0000002213400000) (1024K)]
  0x0000013194a831b0 JavaThread "Cache worker for file hash cache (C:\FocusQuest\mobile\.gradle\8.13\fileHashes)"        [_thread_blocked, id=6908, stack(0x0000002213500000,0x0000002213600000) (1024K)]
  0x0000013194a7fd30 JavaThread "Cache worker for Build Output Cleanup Cache (C:\FocusQuest\mobile\.gradle\buildOutputCleanup)"        [_thread_blocked, id=23248, stack(0x0000002213600000,0x0000002213700000) (1024K)]
  0x0000013194a803c0 JavaThread "File watcher server"        daemon [_thread_in_native, id=27908, stack(0x0000002213400000,0x0000002213500000) (1024K)]
  0x000001319834e150 JavaThread "File watcher consumer"      daemon [_thread_blocked, id=11124, stack(0x0000002213700000,0x0000002213800000) (1024K)]
  0x000001319834e7e0 JavaThread "jar transforms"                    [_thread_blocked, id=17132, stack(0x0000002213800000,0x0000002213900000) (1024K)]
  0x0000013198350f40 JavaThread "jar transforms Thread 2"           [_thread_blocked, id=34736, stack(0x0000002213900000,0x0000002213a00000) (1024K)]
=>0x0000013197841b80 JavaThread "C2 CompilerThread2"         daemon [_thread_in_native, id=30760, stack(0x0000002213a00000,0x0000002213b00000) (1024K)]
Total: 35

Other Threads:
  0x00000131ff56eb80 VMThread "VM Thread"                           [id=21260, stack(0x0000002210a00000,0x0000002210b00000) (1024K)]
  0x00000131ff4ffa10 WatcherThread "VM Periodic Task Thread"        [id=33880, stack(0x0000002210900000,0x0000002210a00000) (1024K)]
  0x00000131f45e8900 WorkerThread "GC Thread#0"                     [id=14408, stack(0x0000002210400000,0x0000002210500000) (1024K)]
  0x000001319329dda0 WorkerThread "GC Thread#1"                     [id=20092, stack(0x0000002211500000,0x0000002211600000) (1024K)]
  0x000001319329e140 WorkerThread "GC Thread#2"                     [id=24240, stack(0x0000002211600000,0x0000002211700000) (1024K)]
  0x000001319349eca0 WorkerThread "GC Thread#3"                     [id=22880, stack(0x0000002211700000,0x0000002211800000) (1024K)]
  0x0000013193c10fe0 WorkerThread "GC Thread#4"                     [id=7892, stack(0x0000002211800000,0x0000002211900000) (1024K)]
  0x0000013194880a40 WorkerThread "GC Thread#5"                     [id=32728, stack(0x0000002211c00000,0x0000002211d00000) (1024K)]
  0x0000013194882200 WorkerThread "GC Thread#6"                     [id=34384, stack(0x0000002211d00000,0x0000002211e00000) (1024K)]
  0x00000131948825a0 WorkerThread "GC Thread#7"                     [id=28644, stack(0x0000002211e00000,0x0000002211f00000) (1024K)]
  0x0000013194896580 WorkerThread "GC Thread#8"                     [id=6768, stack(0x0000002212b00000,0x0000002212c00000) (1024K)]
  0x0000013194897400 WorkerThread "GC Thread#9"                     [id=33432, stack(0x0000002212c00000,0x0000002212d00000) (1024K)]
  0x0000013194897b40 WorkerThread "GC Thread#10"                    [id=31908, stack(0x0000002212d00000,0x0000002212e00000) (1024K)]
  0x00000131948961e0 WorkerThread "GC Thread#11"                    [id=6260, stack(0x0000002212e00000,0x0000002212f00000) (1024K)]
  0x0000013194896920 WorkerThread "GC Thread#12"                    [id=1404, stack(0x0000002212f00000,0x0000002213000000) (1024K)]
  0x00000131f45f97f0 ConcurrentGCThread "G1 Main Marker"            [id=3236, stack(0x0000002210500000,0x0000002210600000) (1024K)]
  0x00000131f45fb7e0 WorkerThread "G1 Conc#0"                       [id=34236, stack(0x0000002210600000,0x0000002210700000) (1024K)]
  0x0000013194896cc0 WorkerThread "G1 Conc#1"                       [id=15376, stack(0x0000002213000000,0x0000002213100000) (1024K)]
  0x0000013194897060 WorkerThread "G1 Conc#2"                       [id=27524, stack(0x0000002213100000,0x0000002213200000) (1024K)]
  0x00000131f464ea60 ConcurrentGCThread "G1 Refine#0"               [id=19968, stack(0x0000002210700000,0x0000002210800000) (1024K)]
  0x00000131ff3cfb20 ConcurrentGCThread "G1 Service"                [id=34476, stack(0x0000002210800000,0x0000002210900000) (1024K)]
Total: 21

Threads with active compile tasks:
C2 CompilerThread0  8782 3716   !   4       java.net.URLClassLoader::findClass (47 bytes)
C2 CompilerThread1  8782 3744       4       java.net.URLClassLoader$1::run (5 bytes)
C2 CompilerThread2  8782 3745   !   4       java.net.URLClassLoader$1::run (81 bytes)
Total: 3

VM state: not at safepoint (normal execution)

VM Mutex/Monitor currently owned by a thread: None

Heap address: 0x0000000080000000, size: 2048 MB, Compressed Oops mode: 32-bit

CDS archive(s) not mapped
Compressed class space mapped at: 0x0000000100000000-0x0000000140000000, reserved size: 1073741824
Narrow klass base: 0x0000000000000000, Narrow klass shift: 3, Narrow klass range: 0x140000000

GC Precious Log:
 CardTable entry size: 512
 Card Set container configuration: InlinePtr #cards 5 size 8 Array Of Cards #cards 12 size 40 Howl #buckets 4 coarsen threshold 1843 Howl Bitmap #cards 512 size 80 coarsen threshold 460 Card regions per heap region 1 cards per card region 2048
 CPUs: 16 total, 16 available
 Memory: 8061M
 Large Page Support: Disabled
 NUMA Support: Disabled
 Compressed Oops: Enabled (32-bit)
 Heap Region Size: 1M
 Heap Min Capacity: 8M
 Heap Initial Capacity: 126M
 Heap Max Capacity: 2G
 Pre-touch: Disabled
 Parallel Workers: 13
 Concurrent Workers: 3
 Concurrent Refinement Workers: 13
 Periodic GC: Disabled

Heap:
 garbage-first heap   total 71680K, used 57952K [0x0000000080000000, 0x0000000100000000)
  region size 1024K, 34 young (34816K), 2 survivors (2048K)
 Metaspace       used 41791K, committed 42624K, reserved 1114112K
  class space    used 5766K, committed 6144K, reserved 1048576K

Heap Regions: E=young(eden), S=young(survivor), O=old, HS=humongous(starts), HC=humongous(continues), CS=collection set, F=free, TAMS=top-at-mark-start, PB=parsable bottom
|   0|0x0000000080000000, 0x0000000080100000, 0x0000000080100000|100%|HS|  |TAMS 0x0000000080000000| PB 0x0000000080000000| Complete 
|   1|0x0000000080100000, 0x0000000080200000, 0x0000000080200000|100%|HC|  |TAMS 0x0000000080100000| PB 0x0000000080100000| Complete 
|   2|0x0000000080200000, 0x0000000080300000, 0x0000000080300000|100%|HC|  |TAMS 0x0000000080200000| PB 0x0000000080200000| Complete 
|   3|0x0000000080300000, 0x0000000080400000, 0x0000000080400000|100%| O|  |TAMS 0x0000000080300000| PB 0x0000000080300000| Untracked 
|   4|0x0000000080400000, 0x0000000080500000, 0x0000000080500000|100%| O|  |TAMS 0x0000000080400000| PB 0x0000000080400000| Untracked 
|   5|0x0000000080500000, 0x0000000080600000, 0x0000000080600000|100%| O|  |TAMS 0x0000000080500000| PB 0x0000000080500000| Untracked 
|   6|0x0000000080600000, 0x0000000080700000, 0x0000000080700000|100%|HS|  |TAMS 0x0000000080600000| PB 0x0000000080600000| Complete 
|   7|0x0000000080700000, 0x0000000080800000, 0x0000000080800000|100%| O|  |TAMS 0x0000000080700000| PB 0x0000000080700000| Untracked 
|   8|0x0000000080800000, 0x0000000080900000, 0x0000000080900000|100%| O|  |TAMS 0x0000000080800000| PB 0x0000000080800000| Untracked 
|   9|0x0000000080900000, 0x0000000080a00000, 0x0000000080a00000|100%| O|  |TAMS 0x0000000080900000| PB 0x0000000080900000| Untracked 
|  10|0x0000000080a00000, 0x0000000080b00000, 0x0000000080b00000|100%| O|  |TAMS 0x0000000080a00000| PB 0x0000000080a00000| Untracked 
|  11|0x0000000080b00000, 0x0000000080c00000, 0x0000000080c00000|100%| O|Cm|TAMS 0x0000000080b00000| PB 0x0000000080b00000| Complete 
|  12|0x0000000080c00000, 0x0000000080d00000, 0x0000000080d00000|100%| O|  |TAMS 0x0000000080c00000| PB 0x0000000080c00000| Untracked 
|  13|0x0000000080d00000, 0x0000000080e00000, 0x0000000080e00000|100%| O|  |TAMS 0x0000000080d00000| PB 0x0000000080d00000| Untracked 
|  14|0x0000000080e00000, 0x0000000080f00000, 0x0000000080f00000|100%| O|  |TAMS 0x0000000080e00000| PB 0x0000000080e00000| Untracked 
|  15|0x0000000080f00000, 0x0000000081000000, 0x0000000081000000|100%| O|  |TAMS 0x0000000080f00000| PB 0x0000000080f00000| Untracked 
|  16|0x0000000081000000, 0x0000000081100000, 0x0000000081100000|100%| O|  |TAMS 0x0000000081000000| PB 0x0000000081000000| Untracked 
|  17|0x0000000081100000, 0x0000000081200000, 0x0000000081200000|100%| O|  |TAMS 0x0000000081100000| PB 0x0000000081100000| Untracked 
|  18|0x0000000081200000, 0x0000000081300000, 0x0000000081300000|100%| O|  |TAMS 0x0000000081200000| PB 0x0000000081200000| Untracked 
|  19|0x0000000081300000, 0x0000000081400000, 0x0000000081400000|100%| O|  |TAMS 0x0000000081300000| PB 0x0000000081300000| Untracked 
|  20|0x0000000081400000, 0x0000000081500000, 0x0000000081500000|100%| O|  |TAMS 0x0000000081400000| PB 0x0000000081400000| Untracked 
|  21|0x0000000081500000, 0x0000000081600000, 0x0000000081600000|100%| O|  |TAMS 0x0000000081500000| PB 0x0000000081500000| Untracked 
|  22|0x0000000081600000, 0x0000000081700000, 0x0000000081700000|100%| O|  |TAMS 0x0000000081600000| PB 0x0000000081600000| Untracked 
|  23|0x0000000081700000, 0x0000000081800000, 0x0000000081800000|100%| O|  |TAMS 0x0000000081700000| PB 0x0000000081700000| Untracked 
|  24|0x0000000081800000, 0x0000000081833178, 0x0000000081900000| 19%| O|  |TAMS 0x0000000081800000| PB 0x0000000081800000| Untracked 
|  25|0x0000000081900000, 0x0000000081900000, 0x0000000081a00000|  0%| F|  |TAMS 0x0000000081900000| PB 0x0000000081900000| Untracked 
|  26|0x0000000081a00000, 0x0000000081a00000, 0x0000000081b00000|  0%| F|  |TAMS 0x0000000081a00000| PB 0x0000000081a00000| Untracked 
|  27|0x0000000081b00000, 0x0000000081b00000, 0x0000000081c00000|  0%| F|  |TAMS 0x0000000081b00000| PB 0x0000000081b00000| Untracked 
|  28|0x0000000081c00000, 0x0000000081c00000, 0x0000000081d00000|  0%| F|  |TAMS 0x0000000081c00000| PB 0x0000000081c00000| Untracked 
|  29|0x0000000081d00000, 0x0000000081d00000, 0x0000000081e00000|  0%| F|  |TAMS 0x0000000081d00000| PB 0x0000000081d00000| Untracked 
|  30|0x0000000081e00000, 0x0000000081e00000, 0x0000000081f00000|  0%| F|  |TAMS 0x0000000081e00000| PB 0x0000000081e00000| Untracked 
|  31|0x0000000081f00000, 0x0000000081f00000, 0x0000000082000000|  0%| F|  |TAMS 0x0000000081f00000| PB 0x0000000081f00000| Untracked 
|  32|0x0000000082000000, 0x0000000082000000, 0x0000000082100000|  0%| F|  |TAMS 0x0000000082000000| PB 0x0000000082000000| Untracked 
|  33|0x0000000082100000, 0x0000000082100000, 0x0000000082200000|  0%| F|  |TAMS 0x0000000082100000| PB 0x0000000082100000| Untracked 
|  34|0x0000000082200000, 0x0000000082200000, 0x0000000082300000|  0%| F|  |TAMS 0x0000000082200000| PB 0x0000000082200000| Untracked 
|  35|0x0000000082300000, 0x0000000082300000, 0x0000000082400000|  0%| F|  |TAMS 0x0000000082300000| PB 0x0000000082300000| Untracked 
|  36|0x0000000082400000, 0x0000000082500000, 0x0000000082500000|100%| E|  |TAMS 0x0000000082400000| PB 0x0000000082400000| Complete 
|  37|0x0000000082500000, 0x0000000082600000, 0x0000000082600000|100%| E|CS|TAMS 0x0000000082500000| PB 0x0000000082500000| Complete 
|  38|0x0000000082600000, 0x0000000082700000, 0x0000000082700000|100%| E|CS|TAMS 0x0000000082600000| PB 0x0000000082600000| Complete 
|  39|0x0000000082700000, 0x0000000082800000, 0x0000000082800000|100%| E|CS|TAMS 0x0000000082700000| PB 0x0000000082700000| Complete 
|  40|0x0000000082800000, 0x0000000082900000, 0x0000000082900000|100%| E|CS|TAMS 0x0000000082800000| PB 0x0000000082800000| Complete 
|  41|0x0000000082900000, 0x0000000082a00000, 0x0000000082a00000|100%| E|CS|TAMS 0x0000000082900000| PB 0x0000000082900000| Complete 
|  42|0x0000000082a00000, 0x0000000082b00000, 0x0000000082b00000|100%| E|CS|TAMS 0x0000000082a00000| PB 0x0000000082a00000| Complete 
|  43|0x0000000082b00000, 0x0000000082c00000, 0x0000000082c00000|100%| E|CS|TAMS 0x0000000082b00000| PB 0x0000000082b00000| Complete 
|  44|0x0000000082c00000, 0x0000000082d00000, 0x0000000082d00000|100%| E|CS|TAMS 0x0000000082c00000| PB 0x0000000082c00000| Complete 
|  45|0x0000000082d00000, 0x0000000082e00000, 0x0000000082e00000|100%| E|CS|TAMS 0x0000000082d00000| PB 0x0000000082d00000| Complete 
|  46|0x0000000082e00000, 0x0000000082f00000, 0x0000000082f00000|100%| E|CS|TAMS 0x0000000082e00000| PB 0x0000000082e00000| Complete 
|  47|0x0000000082f00000, 0x0000000083000000, 0x0000000083000000|100%| E|CS|TAMS 0x0000000082f00000| PB 0x0000000082f00000| Complete 
|  48|0x0000000083000000, 0x0000000083100000, 0x0000000083100000|100%| E|CS|TAMS 0x0000000083000000| PB 0x0000000083000000| Complete 
|  49|0x0000000083100000, 0x0000000083200000, 0x0000000083200000|100%| E|CS|TAMS 0x0000000083100000| PB 0x0000000083100000| Complete 
|  50|0x0000000083200000, 0x0000000083265278, 0x0000000083300000| 39%| S|CS|TAMS 0x0000000083200000| PB 0x0000000083200000| Complete 
|  51|0x0000000083300000, 0x0000000083400000, 0x0000000083400000|100%| S|CS|TAMS 0x0000000083300000| PB 0x0000000083300000| Complete 
|  52|0x0000000083400000, 0x0000000083500000, 0x0000000083500000|100%| E|CS|TAMS 0x0000000083400000| PB 0x0000000083400000| Complete 
|  53|0x0000000083500000, 0x0000000083600000, 0x0000000083600000|100%| E|CS|TAMS 0x0000000083500000| PB 0x0000000083500000| Complete 
|  54|0x0000000083600000, 0x0000000083700000, 0x0000000083700000|100%| E|CS|TAMS 0x0000000083600000| PB 0x0000000083600000| Complete 
|  55|0x0000000083700000, 0x0000000083800000, 0x0000000083800000|100%| E|CS|TAMS 0x0000000083700000| PB 0x0000000083700000| Complete 
|  56|0x0000000083800000, 0x0000000083900000, 0x0000000083900000|100%| E|CS|TAMS 0x0000000083800000| PB 0x0000000083800000| Complete 
|  57|0x0000000083900000, 0x0000000083a00000, 0x0000000083a00000|100%| E|CS|TAMS 0x0000000083900000| PB 0x0000000083900000| Complete 
|  58|0x0000000083a00000, 0x0000000083b00000, 0x0000000083b00000|100%| E|CS|TAMS 0x0000000083a00000| PB 0x0000000083a00000| Complete 
|  59|0x0000000083b00000, 0x0000000083c00000, 0x0000000083c00000|100%| E|CS|TAMS 0x0000000083b00000| PB 0x0000000083b00000| Complete 
|  60|0x0000000083c00000, 0x0000000083d00000, 0x0000000083d00000|100%| E|CS|TAMS 0x0000000083c00000| PB 0x0000000083c00000| Complete 
|  61|0x0000000083d00000, 0x0000000083e00000, 0x0000000083e00000|100%| E|CS|TAMS 0x0000000083d00000| PB 0x0000000083d00000| Complete 
|  62|0x0000000083e00000, 0x0000000083f00000, 0x0000000083f00000|100%| E|CS|TAMS 0x0000000083e00000| PB 0x0000000083e00000| Complete 
|  63|0x0000000083f00000, 0x0000000084000000, 0x0000000084000000|100%| E|CS|TAMS 0x0000000083f00000| PB 0x0000000083f00000| Complete 
|  64|0x0000000084000000, 0x0000000084100000, 0x0000000084100000|100%| E|CS|TAMS 0x0000000084000000| PB 0x0000000084000000| Complete 
| 100|0x0000000086400000, 0x0000000086500000, 0x0000000086500000|100%| E|CS|TAMS 0x0000000086400000| PB 0x0000000086400000| Complete 
| 101|0x0000000086500000, 0x0000000086600000, 0x0000000086600000|100%| E|CS|TAMS 0x0000000086500000| PB 0x0000000086500000| Complete 
| 102|0x0000000086600000, 0x0000000086700000, 0x0000000086700000|100%| E|CS|TAMS 0x0000000086600000| PB 0x0000000086600000| Complete 
| 124|0x0000000087c00000, 0x0000000087d00000, 0x0000000087d00000|100%| E|CS|TAMS 0x0000000087c00000| PB 0x0000000087c00000| Complete 
| 125|0x0000000087d00000, 0x0000000087e00000, 0x0000000087e00000|100%| E|CS|TAMS 0x0000000087d00000| PB 0x0000000087d00000| Complete 

Card table byte_map: [0x00000131fa0c0000,0x00000131fa4c0000] _byte_map_base: 0x00000131f9cc0000

Marking Bits: (CMBitMap*) 0x00000131f45e8f10
 Bits: [0x00000131fa4c0000, 0x00000131fc4c0000)

Polling page: 0x00000131f3f90000

Metaspace:

Usage:
  Non-class:     35.19 MB used.
      Class:      5.63 MB used.
       Both:     40.83 MB used.

Virtual space:
  Non-class space:       64.00 MB reserved,      35.62 MB ( 56%) committed,  1 nodes.
      Class space:        1.00 GB reserved,       6.00 MB ( <1%) committed,  1 nodes.
             Both:        1.06 GB reserved,      41.62 MB (  4%) committed. 

Chunk freelists:
   Non-Class:  11.89 MB
       Class:  10.00 MB
        Both:  21.89 MB

MaxMetaspaceSize: unlimited
CompressedClassSpaceSize: 1.00 GB
Initial GC threshold: 21.00 MB
Current GC threshold: 58.75 MB
CDS: off
 - commit_granule_bytes: 65536.
 - commit_granule_words: 8192.
 - virtual_space_node_default_size: 8388608.
 - enlarge_chunks_in_place: 1.
 - use_allocation_guard: 0.


Internal statistics:

num_allocs_failed_limit: 6.
num_arena_births: 1508.
num_arena_deaths: 0.
num_vsnodes_births: 2.
num_vsnodes_deaths: 0.
num_space_committed: 666.
num_space_uncommitted: 0.
num_chunks_returned_to_freelist: 6.
num_chunks_taken_from_freelist: 2889.
num_chunk_merges: 6.
num_chunk_splits: 1854.
num_chunks_enlarged: 1164.
num_inconsistent_stats: 0.

CodeHeap 'non-profiled nmethods': size=119168Kb used=1951Kb max_used=2045Kb free=117217Kb
 bounds [0x0000013187ba0000, 0x0000013187e10000, 0x000001318f000000]
CodeHeap 'profiled nmethods': size=119104Kb used=6970Kb max_used=7171Kb free=112133Kb
 bounds [0x0000013180000000, 0x0000013180710000, 0x0000013187450000]
CodeHeap 'non-nmethods': size=7488Kb used=3194Kb max_used=3225Kb free=4293Kb
 bounds [0x0000013187450000, 0x0000013187790000, 0x0000013187ba0000]
CodeCache: size=245760Kb, used=12115Kb, max_used=12441Kb, free=233643Kb
 total_blobs=4111, nmethods=3514, adapters=497, full_count=0
Compilation: enabled, stopped_count=0, restarted_count=0

Compilation events (20 events):
Event: 8.550 Thread 0x00000131946751f0 nmethod 3910 0x0000013180417910 code [0x0000013180417ac0, 0x0000013180417c28]
Event: 8.550 Thread 0x00000131ff78af70 nmethod 3911 0x0000013180417590 code [0x0000013180417740, 0x0000013180417890]
Event: 8.551 Thread 0x0000013193e880b0 nmethod 3912 0x000001318015ad10 code [0x000001318015af20, 0x000001318015b7d0]
Event: 8.551 Thread 0x0000013193e880b0 3913       3       org.codehaus.groovy.reflection.ReflectionCache::setAssignableFrom (1 bytes)
Event: 8.551 Thread 0x0000013193e880b0 nmethod 3913 0x0000013180109a90 code [0x0000013180109c20, 0x0000013180109d08]
Event: 8.552 Thread 0x0000013193e87590 nmethod 3909 0x0000013180417110 code [0x00000131804172c0, 0x0000013180417488]
Event: 8.618 Thread 0x0000013197842ff0 3914       4       java.lang.Object::<init> (1 bytes)
Event: 8.618 Thread 0x00000131946751f0 3915       3       org.codehaus.groovy.reflection.ParameterTypes::setParametersTypes (32 bytes)
Event: 8.619 Thread 0x0000013197842ff0 nmethod 3914 0x0000013187c17490 code [0x0000013187c17620, 0x0000013187c176e0]
Event: 8.619 Thread 0x00000131946751f0 nmethod 3915 0x0000013180416c10 code [0x0000013180416dc0, 0x0000013180416fe8]
Event: 8.622 Thread 0x0000013193e87590 3916       3       java.lang.String::join (281 bytes)
Event: 8.623 Thread 0x0000013193e880b0 3917       3       java.util.StringJoiner::<init> (63 bytes)
Event: 8.623 Thread 0x00000131946751f0 3918       3       java.util.StringJoiner::toString (53 bytes)
Event: 8.623 Thread 0x00000131ff78af70 3919       3       java.lang.System$2::join (11 bytes)
Event: 8.623 Thread 0x00000131946751f0 nmethod 3918 0x000001318015a890 code [0x000001318015aa40, 0x000001318015ac50]
Event: 8.624 Thread 0x0000013193e880b0 nmethod 3917 0x0000013180159a10 code [0x0000013180159c60, 0x000001318015a588]
Event: 8.625 Thread 0x00000131946751f0 3920       1       java.util.stream.ReduceOps$Box::get (5 bytes)
Event: 8.625 Thread 0x0000013193e87590 nmethod 3916 0x000001318000b010 code [0x000001318000b380, 0x000001318000c848]
Event: 8.625 Thread 0x00000131946751f0 nmethod 3920 0x0000013187c17190 code [0x0000013187c17320, 0x0000013187c173e8]
Event: 8.733 Thread 0x00000131ff78af70 nmethod 3919 0x0000013180115610 code [0x0000013180115980, 0x0000013180116f10]

GC Heap History (14 events):
Event: 1.151 GC heap before
{Heap before GC invocations=0 (full 0):
 garbage-first heap   total 129024K, used 22528K [0x0000000080000000, 0x0000000100000000)
  region size 1024K, 23 young (23552K), 0 survivors (0K)
 Metaspace       used 8140K, committed 8320K, reserved 1114112K
  class space    used 749K, committed 832K, reserved 1048576K
}
Event: 1.156 GC heap after
{Heap after GC invocations=1 (full 0):
 garbage-first heap   total 129024K, used 2463K [0x0000000080000000, 0x0000000100000000)
  region size 1024K, 3 young (3072K), 3 survivors (3072K)
 Metaspace       used 8140K, committed 8320K, reserved 1114112K
  class space    used 749K, committed 832K, reserved 1048576K
}
Event: 2.683 GC heap before
{Heap before GC invocations=1 (full 0):
 garbage-first heap   total 129024K, used 41375K [0x0000000080000000, 0x0000000100000000)
  region size 1024K, 39 young (39936K), 3 survivors (3072K)
 Metaspace       used 12381K, committed 12544K, reserved 1114112K
  class space    used 1348K, committed 1408K, reserved 1048576K
}
Event: 2.695 GC heap after
{Heap after GC invocations=2 (full 0):
 garbage-first heap   total 129024K, used 10659K [0x0000000080000000, 0x0000000100000000)
  region size 1024K, 5 young (5120K), 5 survivors (5120K)
 Metaspace       used 12381K, committed 12544K, reserved 1114112K
  class space    used 1348K, committed 1408K, reserved 1048576K
}
Event: 4.245 GC heap before
{Heap before GC invocations=2 (full 0):
 garbage-first heap   total 129024K, used 60835K [0x0000000080000000, 0x0000000100000000)
  region size 1024K, 52 young (53248K), 5 survivors (5120K)
 Metaspace       used 14717K, committed 14912K, reserved 1114112K
  class space    used 1661K, committed 1728K, reserved 1048576K
}
Event: 4.257 GC heap after
{Heap after GC invocations=3 (full 0):
 garbage-first heap   total 129024K, used 18185K [0x0000000080000000, 0x0000000100000000)
  region size 1024K, 6 young (6144K), 6 survivors (6144K)
 Metaspace       used 14717K, committed 14912K, reserved 1114112K
  class space    used 1661K, committed 1728K, reserved 1048576K
}
Event: 5.062 GC heap before
{Heap before GC invocations=3 (full 0):
 garbage-first heap   total 129024K, used 40713K [0x0000000080000000, 0x0000000100000000)
  region size 1024K, 29 young (29696K), 6 survivors (6144K)
 Metaspace       used 21283K, committed 21504K, reserved 1114112K
  class space    used 2522K, committed 2624K, reserved 1048576K
}
Event: 5.068 GC heap after
{Heap after GC invocations=4 (full 0):
 garbage-first heap   total 129024K, used 20410K [0x0000000080000000, 0x0000000100000000)
  region size 1024K, 3 young (3072K), 3 survivors (3072K)
 Metaspace       used 21283K, committed 21504K, reserved 1114112K
  class space    used 2522K, committed 2624K, reserved 1048576K
}
Event: 6.306 GC heap before
{Heap before GC invocations=5 (full 0):
 garbage-first heap   total 71680K, used 60346K [0x0000000080000000, 0x0000000100000000)
  region size 1024K, 42 young (43008K), 3 survivors (3072K)
 Metaspace       used 28022K, committed 28544K, reserved 1114112K
  class space    used 3606K, committed 3840K, reserved 1048576K
}
Event: 6.311 GC heap after
{Heap after GC invocations=6 (full 0):
 garbage-first heap   total 71680K, used 22322K [0x0000000080000000, 0x0000000100000000)
  region size 1024K, 5 young (5120K), 5 survivors (5120K)
 Metaspace       used 28022K, committed 28544K, reserved 1114112K
  class space    used 3606K, committed 3840K, reserved 1048576K
}
Event: 7.316 GC heap before
{Heap before GC invocations=6 (full 0):
 garbage-first heap   total 71680K, used 56114K [0x0000000080000000, 0x0000000100000000)
  region size 1024K, 39 young (39936K), 5 survivors (5120K)
 Metaspace       used 32572K, committed 33216K, reserved 1114112K
  class space    used 4406K, committed 4672K, reserved 1048576K
}
Event: 7.321 GC heap after
{Heap after GC invocations=7 (full 0):
 garbage-first heap   total 71680K, used 24799K [0x0000000080000000, 0x0000000100000000)
  region size 1024K, 5 young (5120K), 5 survivors (5120K)
 Metaspace       used 32572K, committed 33216K, reserved 1114112K
  class space    used 4406K, committed 4672K, reserved 1048576K
}
Event: 7.676 GC heap before
{Heap before GC invocations=7 (full 0):
 garbage-first heap   total 71680K, used 42207K [0x0000000080000000, 0x0000000100000000)
  region size 1024K, 23 young (23552K), 5 survivors (5120K)
 Metaspace       used 35178K, committed 35968K, reserved 1114112K
  class space    used 4849K, committed 5248K, reserved 1048576K
}
Event: 7.681 GC heap after
{Heap after GC invocations=8 (full 0):
 garbage-first heap   total 71680K, used 26208K [0x0000000080000000, 0x0000000100000000)
  region size 1024K, 2 young (2048K), 2 survivors (2048K)
 Metaspace       used 35178K, committed 35968K, reserved 1114112K
  class space    used 4849K, committed 5248K, reserved 1048576K
}

Dll operation events (3 events):
Event: 0.032 Loaded shared library C:\Program Files\Android\Android Studio\jbr\bin\java.dll
Event: 0.053 Loaded shared library C:\Program Files\Android\Android Studio\jbr\bin\zip.dll
Event: 1.576 Loaded shared library C:\Program Files\Android\Android Studio\jbr\bin\verify.dll

Deoptimization events (20 events):
Event: 8.330 Thread 0x0000013194c5a6f0 Uncommon trap: trap_request=0xffffff45 fr.pc=0x0000013187d10160 relative=0x0000000000000c60
Event: 8.330 Thread 0x0000013194c5a6f0 Uncommon trap: reason=unstable_if action=reinterpret pc=0x0000013187d10160 method=java.lang.invoke.LambdaForm.useCount(Ljava/lang/invoke/LambdaForm$Name;)I @ 8 c2
Event: 8.330 Thread 0x0000013194c5a6f0 DEOPT PACKING pc=0x0000013187d10160 sp=0x00000022127f59e0
Event: 8.330 Thread 0x0000013194c5a6f0 DEOPT UNPACKING pc=0x00000131874a46a2 sp=0x00000022127f58b0 mode 2
Event: 8.508 Thread 0x0000013194c5a6f0 Uncommon trap: trap_request=0xffffffc6 fr.pc=0x0000013187d7d498 relative=0x0000000000000238
Event: 8.509 Thread 0x0000013194c5a6f0 Uncommon trap: reason=bimorphic_or_optimized_type_check action=maybe_recompile pc=0x0000013187d7d498 method=java.util.regex.Pattern$BmpCharProperty.match(Ljava/util/regex/Matcher;ILjava/lang/CharSequence;)Z @ 19 c2
Event: 8.509 Thread 0x0000013194c5a6f0 DEOPT PACKING pc=0x0000013187d7d498 sp=0x00000022127f8070
Event: 8.509 Thread 0x0000013194c5a6f0 DEOPT UNPACKING pc=0x00000131874a46a2 sp=0x00000022127f8008 mode 2
Event: 8.509 Thread 0x0000013194c5a6f0 Uncommon trap: trap_request=0xffffffc6 fr.pc=0x0000013187d7d498 relative=0x0000000000000238
Event: 8.509 Thread 0x0000013194c5a6f0 Uncommon trap: reason=bimorphic_or_optimized_type_check action=maybe_recompile pc=0x0000013187d7d498 method=java.util.regex.Pattern$BmpCharProperty.match(Ljava/util/regex/Matcher;ILjava/lang/CharSequence;)Z @ 19 c2
Event: 8.509 Thread 0x0000013194c5a6f0 DEOPT PACKING pc=0x0000013187d7d498 sp=0x00000022127f8070
Event: 8.509 Thread 0x0000013194c5a6f0 DEOPT UNPACKING pc=0x00000131874a46a2 sp=0x00000022127f8008 mode 2
Event: 8.509 Thread 0x0000013194c5a6f0 Uncommon trap: trap_request=0xffffffc6 fr.pc=0x0000013187d7d498 relative=0x0000000000000238
Event: 8.509 Thread 0x0000013194c5a6f0 Uncommon trap: reason=bimorphic_or_optimized_type_check action=maybe_recompile pc=0x0000013187d7d498 method=java.util.regex.Pattern$BmpCharProperty.match(Ljava/util/regex/Matcher;ILjava/lang/CharSequence;)Z @ 19 c2
Event: 8.509 Thread 0x0000013194c5a6f0 DEOPT PACKING pc=0x0000013187d7d498 sp=0x00000022127f8070
Event: 8.509 Thread 0x0000013194c5a6f0 DEOPT UNPACKING pc=0x00000131874a46a2 sp=0x00000022127f8008 mode 2
Event: 8.509 Thread 0x0000013194c5a6f0 Uncommon trap: trap_request=0xffffffc6 fr.pc=0x0000013187d7d498 relative=0x0000000000000238
Event: 8.509 Thread 0x0000013194c5a6f0 Uncommon trap: reason=bimorphic_or_optimized_type_check action=maybe_recompile pc=0x0000013187d7d498 method=java.util.regex.Pattern$BmpCharProperty.match(Ljava/util/regex/Matcher;ILjava/lang/CharSequence;)Z @ 19 c2
Event: 8.509 Thread 0x0000013194c5a6f0 DEOPT PACKING pc=0x0000013187d7d498 sp=0x00000022127f8070
Event: 8.509 Thread 0x0000013194c5a6f0 DEOPT UNPACKING pc=0x00000131874a46a2 sp=0x00000022127f8008 mode 2

Classes loaded (20 events):
Event: 8.613 Loading class sun/awt/RequestFocusController
Event: 8.614 Loading class sun/awt/RequestFocusController done
Event: 8.614 Loading class java/awt/ComponentOrientation
Event: 8.614 Loading class java/awt/ComponentOrientation done
Event: 8.614 Loading class javax/accessibility/AccessibleStateSet
Event: 8.614 Loading class javax/accessibility/AccessibleStateSet done
Event: 8.614 Loading class java/awt/PointerInfo
Event: 8.614 Loading class java/awt/PointerInfo done
Event: 8.614 Loading class java/awt/PopupMenu
Event: 8.615 Loading class java/awt/Menu
Event: 8.616 Loading class java/awt/MenuItem
Event: 8.616 Loading class java/awt/MenuItem done
Event: 8.616 Loading class java/awt/Menu done
Event: 8.616 Loading class java/awt/PopupMenu done
Event: 8.618 Loading class javax/swing/event/ListDataEvent
Event: 8.619 Loading class javax/swing/event/ListDataEvent done
Event: 8.621 Loading class javax/swing/event/TableModelListener
Event: 8.621 Loading class javax/swing/event/TableModelListener done
Event: 8.621 Loading class javax/swing/event/TableModelEvent
Event: 8.622 Loading class javax/swing/event/TableModelEvent done

Classes unloaded (0 events):
No events

Classes redefined (0 events):
No events

Internal exceptions (20 events):
Event: 7.703 Thread 0x0000013194c5a6f0 Exception <a 'java/lang/NoSuchMethodError'{0x0000000087d76ce0}: 'void java.lang.invoke.DirectMethodHandle$Holder.invokeInterface(java.lang.Object, java.lang.Object, java.lang.Object, java.lang.Object, java.lang.Object)'> (0x0000000087d76ce0) 
thrown [s\src\hotspot\share\interpreter\linkResolver.cpp, line 784]
Event: 7.710 Thread 0x0000013194c5a6f0 Exception <a 'java/lang/NoSuchMethodError'{0x0000000087dc9b70}: 'void java.lang.invoke.DirectMethodHandle$Holder.invokeStatic(java.lang.Object, java.lang.Object, java.lang.Object, java.lang.Object, java.lang.Object, java.lang.Object)'> (0x0000000087dc9b70) 
thrown [s\src\hotspot\share\interpreter\linkResolver.cpp, line 784]
Event: 7.906 Thread 0x0000013194c5a6f0 Exception <a 'java/lang/IncompatibleClassChangeError'{0x0000000083dca530}: Found class java.lang.Object, but interface was expected> (0x0000000083dca530) 
thrown [s\src\hotspot\share\interpreter\linkResolver.cpp, line 851]
Event: 7.923 Thread 0x0000013194c5a6f0 Exception <a 'java/lang/NoSuchMethodError'{0x0000000083cc3c08}: 'java.lang.Object java.lang.invoke.DirectMethodHandle$Holder.newInvokeSpecial(java.lang.Object, java.lang.Object, long)'> (0x0000000083cc3c08) 
thrown [s\src\hotspot\share\interpreter\linkResolver.cpp, line 784]
Event: 7.924 Thread 0x0000013194c5a6f0 Exception <a 'java/lang/NoSuchMethodError'{0x0000000083cc7ff0}: 'java.lang.Object java.lang.invoke.Invokers$Holder.linkToTargetMethod(java.lang.Object, long, java.lang.Object)'> (0x0000000083cc7ff0) 
thrown [s\src\hotspot\share\interpreter\linkResolver.cpp, line 784]
Event: 7.969 Thread 0x0000013194c5a6f0 Exception <a 'java/lang/NoSuchMethodError'{0x0000000083aec378}: 'int java.lang.invoke.DirectMethodHandle$Holder.invokeInterface(java.lang.Object, java.lang.Object)'> (0x0000000083aec378) 
thrown [s\src\hotspot\share\interpreter\linkResolver.cpp, line 784]
Event: 7.979 Thread 0x0000013194c5a6f0 Exception <a 'java/lang/NoSuchMethodError'{0x00000000839753c0}: 'java.lang.Object java.lang.invoke.DirectMethodHandle$Holder.invokeVirtual(java.lang.Object, java.lang.Object, int)'> (0x00000000839753c0) 
thrown [s\src\hotspot\share\interpreter\linkResolver.cpp, line 784]
Event: 7.984 Thread 0x0000013194c5a6f0 Exception <a 'java/lang/NoSuchMethodError'{0x00000000839a7f18}: 'void java.lang.invoke.DirectMethodHandle$Holder.invokeStatic(java.lang.Object, java.lang.Object, java.lang.Object, int)'> (0x00000000839a7f18) 
thrown [s\src\hotspot\share\interpreter\linkResolver.cpp, line 784]
Event: 8.057 Thread 0x0000013194c5a6f0 Exception <a 'java/lang/NoSuchMethodError'{0x0000000083832f60}: 'java.lang.Object java.lang.invoke.DirectMethodHandle$Holder.invokeStatic(java.lang.Object, java.lang.Object, int, java.lang.Object)'> (0x0000000083832f60) 
thrown [s\src\hotspot\share\interpreter\linkResolver.cpp, line 784]
Event: 8.059 Thread 0x0000013194c5a6f0 Exception <a 'java/lang/NoSuchMethodError'{0x000000008383a3b8}: 'java.lang.Object java.lang.invoke.DirectMethodHandle$Holder.newInvokeSpecial(java.lang.Object, java.lang.Object, int, java.lang.Object)'> (0x000000008383a3b8) 
thrown [s\src\hotspot\share\interpreter\linkResolver.cpp, line 784]
Event: 8.059 Thread 0x0000013194c5a6f0 Exception <a 'java/lang/NoSuchMethodError'{0x000000008383ee50}: 'java.lang.Object java.lang.invoke.DirectMethodHandle$Holder.invokeSpecial(java.lang.Object, java.lang.Object, java.lang.Object, int, java.lang.Object)'> (0x000000008383ee50) 
thrown [s\src\hotspot\share\interpreter\linkResolver.cpp, line 784]
Event: 8.134 Thread 0x0000013194c5a6f0 Exception <a 'java/lang/NoSuchMethodError'{0x0000000083523580}: 'void java.lang.invoke.DirectMethodHandle$Holder.invokeInterface(java.lang.Object, java.lang.Object, java.lang.Object, java.lang.Object, java.lang.Object, java.lang.Object, java.lang.Object)'> (0x0000000083523580) 
thrown [s\src\hotspot\share\interpreter\linkResolver.cpp, line 784]
Event: 8.134 Thread 0x0000013194c5a6f0 Exception <a 'java/lang/NoSuchMethodError'{0x0000000083527f08}: 'void java.lang.invoke.DelegatingMethodHandle$Holder.reinvoke_L(java.lang.Object, java.lang.Object, java.lang.Object, java.lang.Object, java.lang.Object, java.lang.Object, java.lang.Object)'> (0x0000000083527f08) 
thrown [s\src\hotspot\share\interpreter\linkResolver.cpp, line 784]
Event: 8.191 Thread 0x0000013194c5a6f0 Exception <a 'java/lang/NoSuchMethodError'{0x00000000831092a8}: 'java.lang.Object java.lang.invoke.DirectMethodHandle$Holder.invokeSpecial(java.lang.Object, java.lang.Object, java.lang.Object, int, java.lang.Object, java.lang.Object)'> (0x00000000831092a8) 
thrown [s\src\hotspot\share\interpreter\linkResolver.cpp, line 784]
Event: 8.327 Thread 0x0000013194c5a6f0 Implicit null exception at 0x0000013187cd2ab4 to 0x0000013187cd2fd4
Event: 8.327 Thread 0x0000013194c5a6f0 Implicit null exception at 0x0000013187d8a218 to 0x0000013187d8a594
Event: 8.327 Thread 0x0000013194c5a6f0 Implicit null exception at 0x0000013187d8b530 to 0x0000013187d8bdf4
Event: 8.327 Thread 0x0000013194c5a6f0 Exception <a 'java/lang/NoSuchMethodError'{0x0000000082c6bac8}: 'java.lang.reflect.Method[] java.lang.Class.getDeclaredMethods(java.lang.Class)'> (0x0000000082c6bac8) 
thrown [s\src\hotspot\share\interpreter\linkResolver.cpp, line 784]
Event: 8.380 Thread 0x0000013194c5a6f0 Exception <a 'java/lang/NoSuchMethodError'{0x0000000082a0ecc0}: 'void java.lang.invoke.DirectMethodHandle$Holder.invokeStaticInit(java.lang.Object, java.lang.Object, java.lang.Object, java.lang.Object)'> (0x0000000082a0ecc0) 
thrown [s\src\hotspot\share\interpreter\linkResolver.cpp, line 784]
Event: 8.383 Thread 0x0000013194c5a6f0 Exception <a 'java/lang/NoSuchMethodError'{0x0000000082a30838}: 'void java.lang.invoke.DirectMethodHandle$Holder.invokeStaticInit(java.lang.Object, java.lang.Object, java.lang.Object, java.lang.Object, java.lang.Object)'> (0x0000000082a30838) 
thrown [s\src\hotspot\share\interpreter\linkResolver.cpp, line 784]

ZGC Phase Switch (0 events):
No events

VM Operations (20 events):
Event: 7.690 Executing VM operation: G1PauseRemark
Event: 7.692 Executing VM operation: G1PauseRemark done
Event: 7.697 Executing VM operation: G1PauseCleanup
Event: 7.697 Executing VM operation: G1PauseCleanup done
Event: 7.904 Executing VM operation: HandshakeAllThreads (Deoptimize)
Event: 7.905 Executing VM operation: HandshakeAllThreads (Deoptimize) done
Event: 7.909 Executing VM operation: HandshakeAllThreads (Deoptimize)
Event: 7.909 Executing VM operation: HandshakeAllThreads (Deoptimize) done
Event: 7.928 Executing VM operation: HandshakeAllThreads (Deoptimize)
Event: 7.928 Executing VM operation: HandshakeAllThreads (Deoptimize) done
Event: 7.929 Executing VM operation: HandshakeAllThreads (Deoptimize)
Event: 7.929 Executing VM operation: HandshakeAllThreads (Deoptimize) done
Event: 8.138 Executing VM operation: HandshakeAllThreads (Deoptimize)
Event: 8.138 Executing VM operation: HandshakeAllThreads (Deoptimize) done
Event: 8.138 Executing VM operation: HandshakeAllThreads (Deoptimize)
Event: 8.138 Executing VM operation: HandshakeAllThreads (Deoptimize) done
Event: 8.318 Executing VM operation: HandshakeAllThreads (Deoptimize)
Event: 8.318 Executing VM operation: HandshakeAllThreads (Deoptimize) done
Event: 8.563 Executing VM operation: HandshakeAllThreads (Deoptimize)
Event: 8.563 Executing VM operation: HandshakeAllThreads (Deoptimize) done

Memory protections (0 events):
No events

Nmethod flushes (20 events):
Event: 7.692 Thread 0x00000131ff56eb80 flushing  nmethod 0x0000013180091490
Event: 7.692 Thread 0x00000131ff56eb80 flushing  nmethod 0x0000013180091790
Event: 7.692 Thread 0x00000131ff56eb80 flushing  nmethod 0x0000013180095290
Event: 7.692 Thread 0x00000131ff56eb80 flushing  nmethod 0x0000013180097090
Event: 7.692 Thread 0x00000131ff56eb80 flushing  nmethod 0x0000013180098190
Event: 7.692 Thread 0x00000131ff56eb80 flushing  nmethod 0x000001318009b710
Event: 7.692 Thread 0x00000131ff56eb80 flushing  nmethod 0x0000013180118290
Event: 7.692 Thread 0x00000131ff56eb80 flushing  nmethod 0x0000013180118b10
Event: 7.692 Thread 0x00000131ff56eb80 flushing  nmethod 0x0000013180119010
Event: 7.692 Thread 0x00000131ff56eb80 flushing  nmethod 0x0000013180119410
Event: 7.692 Thread 0x00000131ff56eb80 flushing  nmethod 0x000001318011ef90
Event: 7.692 Thread 0x00000131ff56eb80 flushing  nmethod 0x000001318011f790
Event: 7.692 Thread 0x00000131ff56eb80 flushing  nmethod 0x0000013180121410
Event: 7.692 Thread 0x00000131ff56eb80 flushing  nmethod 0x0000013180186d90
Event: 7.692 Thread 0x00000131ff56eb80 flushing  nmethod 0x00000131801d3290
Event: 7.692 Thread 0x00000131ff56eb80 flushing  nmethod 0x00000131801d3e90
Event: 7.692 Thread 0x00000131ff56eb80 flushing  nmethod 0x0000013180268f10
Event: 7.692 Thread 0x00000131ff56eb80 flushing  nmethod 0x000001318026c710
Event: 7.692 Thread 0x00000131ff56eb80 flushing  nmethod 0x000001318026cd90
Event: 7.692 Thread 0x00000131ff56eb80 flushing  nmethod 0x00000131804b8590

Events (20 events):
Event: 5.008 Thread 0x0000013194c5a6f0 Thread added: 0x0000013194a81e00
Event: 5.010 Thread 0x0000013194c5a6f0 Thread added: 0x0000013194a80a50
Event: 5.542 Thread 0x00000131949af510 Thread exited: 0x00000131949af510
Event: 5.672 Thread 0x0000013194c5a6f0 Thread added: 0x0000013194a82b20
Event: 5.687 Thread 0x0000013194c5a6f0 Thread added: 0x0000013194a810e0
Event: 5.798 Thread 0x00000131949c4d30 Thread exited: 0x00000131949c4d30
Event: 5.827 Thread 0x0000013193e880b0 Thread added: 0x00000131949c4d10
Event: 5.846 Thread 0x0000013194c5a6f0 Thread added: 0x0000013194a81770
Event: 6.148 Thread 0x0000013193e87590 Thread added: 0x000001319573f570
Event: 7.337 Thread 0x0000013194c5a6f0 Thread added: 0x0000013194a831b0
Event: 7.359 Thread 0x0000013194c5a6f0 Thread added: 0x0000013194a7fd30
Event: 7.468 Thread 0x000001319573f570 Thread exited: 0x000001319573f570
Event: 7.611 Thread 0x0000013194c5a6f0 Thread added: 0x0000013194a803c0
Event: 7.619 Thread 0x0000013194c5a6f0 Thread added: 0x000001319834e150
Event: 8.060 Thread 0x0000013194c5a6f0 Thread added: 0x000001319834e7e0
Event: 8.117 Thread 0x0000013194c5a6f0 Thread added: 0x0000013198350f40
Event: 8.232 Thread 0x00000131946751f0 Thread added: 0x0000013197841b80
Event: 8.295 Thread 0x00000131946751f0 Thread added: 0x0000013197842ff0
Event: 8.390 Thread 0x0000013193e87590 Thread added: 0x0000013197842920
Event: 8.618 Thread 0x0000013197842920 Thread exited: 0x0000013197842920


Dynamic libraries:
0x00007ff7e46f0000 - 0x00007ff7e46fa000 	C:\Program Files\Android\Android Studio\jbr\bin\java.exe
0x00007ff8b86a0000 - 0x00007ff8b8907000 	C:\WINDOWS\SYSTEM32\ntdll.dll
0x00007ff8b7290000 - 0x00007ff8b7359000 	C:\WINDOWS\System32\KERNEL32.DLL
0x00007ff8b53a0000 - 0x00007ff8b5794000 	C:\WINDOWS\System32\KERNELBASE.dll
0x00007ff8b4f70000 - 0x00007ff8b50bb000 	C:\WINDOWS\System32\ucrtbase.dll
0x00007ff87ee70000 - 0x00007ff87ee88000 	C:\Program Files\Android\Android Studio\jbr\bin\jli.dll
0x00007ff89f100000 - 0x00007ff89f11b000 	C:\Program Files\Android\Android Studio\jbr\bin\VCRUNTIME140.dll
0x00007ff8b7aa0000 - 0x00007ff8b7c65000 	C:\WINDOWS\System32\USER32.dll
0x00007ff8b5370000 - 0x00007ff8b5397000 	C:\WINDOWS\System32\win32u.dll
0x00007ff89d350000 - 0x00007ff89d5e3000 	C:\WINDOWS\WinSxS\amd64_microsoft.windows.common-controls_6595b64144ccf1df_6.0.26100.8115_none_3e075c82e3354f9c\COMCTL32.dll
0x00007ff8b77d0000 - 0x00007ff8b77fb000 	C:\WINDOWS\System32\GDI32.dll
0x00007ff8b7720000 - 0x00007ff8b77c9000 	C:\WINDOWS\System32\msvcrt.dll
0x00007ff8b5240000 - 0x00007ff8b536b000 	C:\WINDOWS\System32\gdi32full.dll
0x00007ff8b6230000 - 0x00007ff8b62d3000 	C:\WINDOWS\System32\msvcp_win.dll
0x00007ff8b7250000 - 0x00007ff8b7282000 	C:\WINDOWS\System32\IMM32.DLL
0x00007ff89f0f0000 - 0x00007ff89f0fc000 	C:\Program Files\Android\Android Studio\jbr\bin\vcruntime140_1.dll
0x00007ffff8c20000 - 0x00007ffff8cad000 	C:\Program Files\Android\Android Studio\jbr\bin\msvcp140.dll
0x00007fffdcfe0000 - 0x00007fffddc76000 	C:\Program Files\Android\Android Studio\jbr\bin\server\jvm.dll
0x00007ff8b7800000 - 0x00007ff8b78b6000 	C:\WINDOWS\System32\ADVAPI32.dll
0x00007ff8b7d00000 - 0x00007ff8b7da7000 	C:\WINDOWS\System32\sechost.dll
0x00007ff8b80b0000 - 0x00007ff8b81c8000 	C:\WINDOWS\System32\RPCRT4.dll
0x00007ff8b7eb0000 - 0x00007ff8b7f30000 	C:\WINDOWS\System32\WS2_32.dll
0x00007ff8b4dd0000 - 0x00007ff8b4e2e000 	C:\WINDOWS\SYSTEM32\POWRPROF.dll
0x00007ff8ae5e0000 - 0x00007ff8ae5eb000 	C:\WINDOWS\SYSTEM32\VERSION.dll
0x00007ff8a90c0000 - 0x00007ff8a90f6000 	C:\WINDOWS\SYSTEM32\WINMM.dll
0x00007ff8b4db0000 - 0x00007ff8b4dc4000 	C:\WINDOWS\SYSTEM32\UMPDC.dll
0x00007ff8b3d00000 - 0x00007ff8b3d1b000 	C:\WINDOWS\SYSTEM32\kernel.appcore.dll
0x00007ff87cab0000 - 0x00007ff87caba000 	C:\Program Files\Android\Android Studio\jbr\bin\jimage.dll
0x00007ff8b3110000 - 0x00007ff8b3352000 	C:\WINDOWS\SYSTEM32\DBGHELP.DLL
0x00007ff8b7360000 - 0x00007ff8b76e2000 	C:\WINDOWS\System32\combase.dll
0x00007ff8b7f40000 - 0x00007ff8b8018000 	C:\WINDOWS\System32\OLEAUT32.dll
0x00007ff88a330000 - 0x00007ff88a36b000 	C:\WINDOWS\SYSTEM32\dbgcore.DLL
0x00007ff8b57a0000 - 0x00007ff8b5845000 	C:\WINDOWS\System32\bcryptPrimitives.dll
0x00007ff899570000 - 0x00007ff89957e000 	C:\Program Files\Android\Android Studio\jbr\bin\instrument.dll
0x00007ff87ca60000 - 0x00007ff87ca80000 	C:\Program Files\Android\Android Studio\jbr\bin\java.dll
0x00007ff87ca40000 - 0x00007ff87ca58000 	C:\Program Files\Android\Android Studio\jbr\bin\zip.dll
0x00007ff8b68c0000 - 0x00007ff8b7027000 	C:\WINDOWS\System32\SHELL32.dll
0x00007ff8b60c0000 - 0x00007ff8b622a000 	C:\WINDOWS\System32\wintypes.dll
0x00007ff8b5850000 - 0x00007ff8b60b8000 	C:\WINDOWS\System32\windows.storage.dll
0x00007ff8b6500000 - 0x00007ff8b65f8000 	C:\WINDOWS\System32\SHCORE.dll
0x00007ff8b6610000 - 0x00007ff8b6676000 	C:\WINDOWS\System32\shlwapi.dll
0x00007ff8b4e90000 - 0x00007ff8b4eb9000 	C:\WINDOWS\SYSTEM32\profapi.dll
0x00007ff87ca30000 - 0x00007ff87ca40000 	C:\Program Files\Android\Android Studio\jbr\bin\net.dll
0x00007ff8ae9f0000 - 0x00007ff8aeb1d000 	C:\WINDOWS\SYSTEM32\WINHTTP.dll
0x00007ff8b4270000 - 0x00007ff8b42dc000 	C:\WINDOWS\system32\mswsock.dll
0x00007ff878630000 - 0x00007ff878646000 	C:\Program Files\Android\Android Studio\jbr\bin\nio.dll
0x00007ff86dcd0000 - 0x00007ff86dce0000 	C:\Program Files\Android\Android Studio\jbr\bin\verify.dll
0x00007ff893a10000 - 0x00007ff893a37000 	C:\Users\pewie\.gradle\native\1def1411415f61bf3af743bc5b6707747c0891f09f0c88961ee8f79bc544acac\windows-amd64\native-platform.dll
0x00007ff864d20000 - 0x00007ff864d98000 	C:\Users\pewie\.gradle\native\0.2.7\x86_64-windows-gnu\gradle-fileevents.dll
0x00007ff872cc0000 - 0x00007ff872cc9000 	C:\Program Files\Android\Android Studio\jbr\bin\management.dll
0x00007ff872cb0000 - 0x00007ff872cbb000 	C:\Program Files\Android\Android Studio\jbr\bin\management_ext.dll
0x00007ff8b7c70000 - 0x00007ff8b7c78000 	C:\WINDOWS\System32\PSAPI.DLL
0x00007ff8b36b0000 - 0x00007ff8b36e2000 	C:\WINDOWS\SYSTEM32\IPHLPAPI.DLL
0x00007ff8b6860000 - 0x00007ff8b686a000 	C:\WINDOWS\System32\NSI.dll
0x00007ff87ca20000 - 0x00007ff87ca29000 	C:\Program Files\Android\Android Studio\jbr\bin\extnet.dll
0x00007ff8b4550000 - 0x00007ff8b456b000 	C:\WINDOWS\SYSTEM32\CRYPTSP.dll
0x00007ff8b3c60000 - 0x00007ff8b3c99000 	C:\WINDOWS\system32\rsaenh.dll
0x00007ff8b4320000 - 0x00007ff8b4353000 	C:\WINDOWS\SYSTEM32\USERENV.dll
0x00007ff8b4e60000 - 0x00007ff8b4e8a000 	C:\WINDOWS\SYSTEM32\bcrypt.dll
0x00007ff8b4570000 - 0x00007ff8b457c000 	C:\WINDOWS\SYSTEM32\CRYPTBASE.dll
0x00007ff867ab0000 - 0x00007ff867ab8000 	C:\WINDOWS\system32\wshunix.dll

JVMTI agents:
C:\Users\pewie\.gradle\wrapper\dists\gradle-8.13-bin\5xuhj0ry160q40clulazy9h7d\gradle-8.13\lib\agents\gradle-instrumentation-agent-8.13.jar path:C:\Program Files\Android\Android Studio\jbr\bin\instrument.dll, loaded, initialized, instrumentlib options:none

dbghelp: loaded successfully - version: 4.0.5 - missing functions: none
symbol engine: initialized successfully - sym options: 0x614 - pdb path: .;C:\Program Files\Android\Android Studio\jbr\bin;C:\WINDOWS\SYSTEM32;C:\WINDOWS\WinSxS\amd64_microsoft.windows.common-controls_6595b64144ccf1df_6.0.26100.8115_none_3e075c82e3354f9c;C:\Program Files\Android\Android Studio\jbr\bin\server;C:\Users\pewie\.gradle\native\1def1411415f61bf3af743bc5b6707747c0891f09f0c88961ee8f79bc544acac\windows-amd64;C:\Users\pewie\.gradle\native\0.2.7\x86_64-windows-gnu

VM Arguments:
jvm_args: --add-opens=java.base/java.lang=ALL-UNNAMED --add-opens=java.base/java.lang.invoke=ALL-UNNAMED --add-opens=java.base/java.util=ALL-UNNAMED --add-opens=java.prefs/java.util.prefs=ALL-UNNAMED --add-exports=jdk.compiler/com.sun.tools.javac.api=ALL-UNNAMED --add-exports=jdk.compiler/com.sun.tools.javac.util=ALL-UNNAMED --add-opens=java.base/java.util=ALL-UNNAMED --add-opens=java.prefs/java.util.prefs=ALL-UNNAMED --add-opens=java.base/java.nio.charset=ALL-UNNAMED --add-opens=java.base/java.net=ALL-UNNAMED --add-opens=java.base/java.util.concurrent.atomic=ALL-UNNAMED --add-opens=java.xml/javax.xml.namespace=ALL-UNNAMED -Xmx2048m -Dfile.encoding=UTF-8 -Duser.country=PL -Duser.language=pl -Duser.variant -javaagent:C:\Users\pewie\.gradle\wrapper\dists\gradle-8.13-bin\5xuhj0ry160q40clulazy9h7d\gradle-8.13\lib\agents\gradle-instrumentation-agent-8.13.jar 
java_command: org.gradle.launcher.daemon.bootstrap.GradleDaemon 8.13
java_class_path (initial): C:\Users\pewie\.gradle\wrapper\dists\gradle-8.13-bin\5xuhj0ry160q40clulazy9h7d\gradle-8.13\lib\gradle-daemon-main-8.13.jar
Launcher Type: SUN_STANDARD

[Global flags]
     intx CICompilerCount                          = 12                                        {product} {ergonomic}
     uint ConcGCThreads                            = 3                                         {product} {ergonomic}
     uint G1ConcRefinementThreads                  = 13                                        {product} {ergonomic}
   size_t G1HeapRegionSize                         = 1048576                                   {product} {ergonomic}
    uintx GCDrainStackTargetSize                   = 64                                        {product} {ergonomic}
   size_t InitialHeapSize                          = 132120576                                 {product} {ergonomic}
   size_t MarkStackSize                            = 4194304                                   {product} {ergonomic}
   size_t MaxHeapSize                              = 2147483648                                {product} {command line}
   size_t MaxNewSize                               = 1287651328                                {product} {ergonomic}
   size_t MinHeapDeltaBytes                        = 1048576                                   {product} {ergonomic}
   size_t MinHeapSize                              = 8388608                                   {product} {ergonomic}
    uintx NonNMethodCodeHeapSize                   = 7602480                                {pd product} {ergonomic}
    uintx NonProfiledCodeHeapSize                  = 122027880                              {pd product} {ergonomic}
    uintx ProfiledCodeHeapSize                     = 122027880                              {pd product} {ergonomic}
    uintx ReservedCodeCacheSize                    = 251658240                              {pd product} {ergonomic}
     bool SegmentedCodeCache                       = true                                      {product} {ergonomic}
   size_t SoftMaxHeapSize                          = 2147483648                             {manageable} {ergonomic}
     bool UseCompressedOops                        = true                           {product lp64_product} {ergonomic}
     bool UseG1GC                                  = true                                      {product} {ergonomic}
     bool UseLargePagesIndividualAllocation        = false                                  {pd product} {ergonomic}

Logging:
Log output configuration:
 #0: stdout all=warning uptime,level,tags foldmultilines=false
 #1: stderr all=off uptime,level,tags foldmultilines=false

Environment Variables:
PATH=C:\Program Files\Microsoft MPI\Bin\;C:\Program Files\Common Files\Oracle\Java\javapath;C:\Program Files (x86)\Common Files\Oracle\Java\java8path;C:\Program Files (x86)\Common Files\Oracle\Java\javapath;C:\Windows\system32;C:\Windows;C:\Windows\System32\Wbem;C:\Windows\System32\WindowsPowerShell\v1.0\;C:\Windows\System32\OpenSSH\;C:\Program Files (x86)\NVIDIA Corporation\PhysX\Common;C:\Program Files\NVIDIA Corporation\NVIDIA NvDLISR;C:\WINDOWS\system32;C:\WINDOWS;C:\WINDOWS\System32\Wbem;C:\WINDOWS\System32\WindowsPowerShell\v1.0\;C:\WINDOWS\System32\OpenSSH\;C:\Program Files (x86)\Microsoft SQL Server\160\Tools\Binn\;C:\Program Files\Microsoft SQL Server\160\Tools\Binn\;C:\Program Files\Microsoft SQL Server\Client SDK\ODBC\170\Tools\Binn\;C:\Program Files\Microsoft SQL Server\160\DTS\Binn\;C:\Program Files\dotnet\;C:\xampp\php;C:\ProgramData\ComposerSetup\bin;C:\Program Files\nodejs\;C:\Program Files\Git\cmd;C:\Program Files (x86)\Microsoft SQL Server\160\DTS\Binn\;C:\Program Files\Microsoft SQL Server\150\Tools\Binn\;C:\Program Files\PostgreSQL\18\bin;C:\Program Files\Docker\Docker\resources\bin;C:\Program Files (x86)\Windows Kits\10\Windows Performance Toolkit\;C:\Users\pewie\.cargo\bin;C:\Ruby34-x64\bin;C:\Users\pewie\AppData\Local\Programs\Python\Python313\Scripts\;C:\Users\pewie\AppData\Local\Programs\Python\Python313\;C:\Users\pewie\AppData\Local\Programs\Python\Launcher\;C:\Users\pewie\AppData\Local\Microsoft\WindowsApps;C:\Users\pewie\.dotnet\tools;C:\Users\pewie\AppData\Roaming\Composer\vendor\bin;C:\Users\pewie\AppData\Roaming\npm;C:\Users\pewie\AppData\Local\Programs\Microsoft VS Code\bin;C:\Users\pewie\AppData\Local\Programs\Antigravity\bin;C:\flutter\bin
USERNAME=pewie
OS=Windows_NT
PROCESSOR_IDENTIFIER=AMD64 Family 23 Model 96 Stepping 1, AuthenticAMD
TMP=C:\Users\pewie\AppData\Local\Temp
TEMP=C:\Users\pewie\AppData\Local\Temp




Periodic native trim disabled

JNI global refs:
JNI global refs: 34, weak refs: 0

JNI global refs memory usage: 835, weak refs: 833

Process memory usage:
Resident Set Size: 261780K (3% of 8254788K total physical memory with 1156644K free physical memory)

OOME stack traces (most recent first):
Classloader memory used:
Loader bootstrap                                                                       : 19573K
Loader org.gradle.internal.classloader.VisitableURLClassLoader                         : 19291K
Loader org.gradle.initialization.MixInLegacyTypesClassLoader                           : 2582K
Loader jdk.internal.loader.ClassLoaders$AppClassLoader                                 : 236K
Loader jdk.internal.loader.ClassLoaders$PlatformClassLoader                            : 149K
Loader org.gradle.groovy.scripts.internal.DefaultScriptCompilationHandler$ScriptClassLoader: 6352B

Classes loaded by more than one classloader:
Class org.gradle.internal.classloader.FilteringClassLoader                            : loaded 2 times (x 105B)
Class org.gradle.internal.classloader.ClassLoaderHierarchy                            : loaded 2 times (x 70B)
Class org.gradle.api.internal.classpath.ManifestUtil                                  : loaded 2 times (x 71B)
Class org.gradle.internal.classloader.DefaultClassLoaderFactory                       : loaded 2 times (x 82B)
Class org.gradle.internal.classloader.ClassLoaderVisitor                              : loaded 2 times (x 76B)
Class org.gradle.api.internal.classpath.EffectiveClassPath                            : loaded 2 times (x 90B)
Class org.gradle.api.internal.DefaultClassPathProvider                                : loaded 2 times (x 76B)
Class [Lorg.gradle.api.internal.ClassPathProvider;                                    : loaded 2 times (x 69B)
Class org.gradle.api.internal.ClassPathProvider                                       : loaded 2 times (x 70B)
Class org.gradle.internal.service.UnknownServiceException                             : loaded 2 times (x 83B)
Class org.gradle.internal.classpath.TransformedClassPath                              : loaded 2 times (x 96B)
Class org.gradle.internal.classloader.InstrumentingClassLoader                        : loaded 2 times (x 70B)
Class org.gradle.internal.service.ServiceLocator                                      : loaded 2 times (x 70B)
Class org.gradle.internal.InternalTransformer                                         : loaded 2 times (x 70B)
Class org.gradle.internal.classloader.ClasspathUtil$1                                 : loaded 2 times (x 76B)
Class org.gradle.api.internal.classpath.DefaultModuleRegistry$DefaultModule           : loaded 2 times (x 86B)
Class org.gradle.api.internal.classpath.Module                                        : loaded 2 times (x 70B)
Class org.gradle.api.internal.classpath.UnknownModuleException                        : loaded 2 times (x 82B)
Class org.gradle.api.internal.DefaultClassPathRegistry                                : loaded 2 times (x 76B)
Class org.gradle.api.internal.ClassPathRegistry                                       : loaded 2 times (x 70B)
Class org.gradle.internal.classpath.DefaultClassPath$ImmutableUniqueList              : loaded 2 times (x 199B)
Class org.gradle.internal.classpath.ClassPath                                         : loaded 2 times (x 70B)
Class org.gradle.api.UncheckedIOException                                             : loaded 2 times (x 82B)
Class org.gradle.internal.installation.GradleInstallation$1                           : loaded 2 times (x 75B)
Class org.gradle.api.internal.classpath.ModuleRegistry                                : loaded 2 times (x 70B)
Class org.gradle.api.internal.classpath.DefaultModuleRegistry                         : loaded 2 times (x 86B)
Class org.gradle.internal.service.ServiceLookupException                              : loaded 2 times (x 82B)
Class org.gradle.internal.classloader.ClassLoaderFactory                              : loaded 2 times (x 70B)
Class org.gradle.internal.service.CachingServiceLocator                               : loaded 2 times (x 82B)
Class org.gradle.internal.classloader.ClasspathUtil                                   : loaded 2 times (x 71B)
Class org.gradle.api.specs.Spec                                                       : loaded 2 times (x 70B)
Class org.gradle.internal.classloader.VisitableURLClassLoader$InstrumentingVisitableURLClassLoader: loaded 2 times (x 123B)
Class org.gradle.internal.classloader.VisitableURLClassLoader$Spec                    : loaded 2 times (x 74B)
Class org.gradle.internal.classpath.DefaultClassPath                                  : loaded 2 times (x 90B)
Class org.gradle.internal.classloader.ClassLoaderSpec                                 : loaded 2 times (x 71B)
Class org.gradle.internal.classloader.VisitableURLClassLoader                         : loaded 2 times (x 117B)
Class org.gradle.internal.Cast                                                        : loaded 2 times (x 71B)
Class org.gradle.api.Action                                                           : loaded 2 times (x 70B)
Class org.gradle.internal.classpath.DefaultClassPath$ImmutableUniqueList$Builder      : loaded 2 times (x 75B)
Class org.gradle.api.GradleException                                                  : loaded 2 times (x 82B)
Class org.gradle.internal.IoActions                                                   : loaded 2 times (x 71B)
Class org.gradle.internal.classloader.SystemClassLoaderSpec                           : loaded 2 times (x 71B)
Class org.gradle.api.internal.classpath.GlobalCacheRootsProvider                      : loaded 2 times (x 70B)
Class org.gradle.internal.installation.CurrentGradleInstallationLocator               : loaded 2 times (x 71B)
Class org.gradle.internal.service.DefaultServiceLocator                               : loaded 2 times (x 83B)
Class org.gradle.internal.installation.CurrentGradleInstallation                      : loaded 2 times (x 73B)
Class org.gradle.util.internal.GUtil                                                  : loaded 2 times (x 71B)
Class org.gradle.internal.installation.GradleInstallation                             : loaded 2 times (x 75B)

---------------  S Y S T E M  ---------------

OS:
 Windows 11 , 64 bit Build 26100 (10.0.26100.8246)
OS uptime: 12 days 5:43 hours
Hyper-V role detected

CPU: total 16 (initial active 16) (16 cores per cpu, 2 threads per core) family 23 model 96 stepping 1 microcode 0x8600104, cx8, cmov, fxsr, ht, mmx, 3dnowpref, sse, sse2, sse3, ssse3, sse4a, sse4.1, sse4.2, popcnt, lzcnt, tsc, tscinvbit, avx, avx2, aes, clmul, bmi1, bmi2, adx, sha, fma, vzeroupper, clflush, clflushopt, hv, rdtscp, rdpid, f16c
Processor Information for the first 16 processors :
  Max Mhz: 2900, Current Mhz: 2900, Mhz Limit: 2900

Memory: 4k page, system-wide physical 8061M (1128M free)
TotalPageFile size 26811M (AvailPageFile size 51M)
current process WorkingSet (physical memory assigned to process): 254M, peak: 255M
current process commit charge ("private bytes"): 303M, peak: 304M

vm_info: OpenJDK 64-Bit Server VM (21.0.8+-14018985-b1038.68) for windows-amd64 JRE (21.0.8+-14018985-b1038.68), built on 2025-08-29T19:56:34Z by "builder" with MS VC++ 16.10 / 16.11 (VS2019)

END.
