#
# There is insufficient memory for the Java Runtime Environment to continue.
# Native memory allocation (malloc) failed to allocate 1581616 bytes. Error detail: Chunk::new
# Possible reasons:
#   The system is out of physical RAM or swap space
#   This process is running with CompressedOops enabled, and the Java Heap may be blocking the growth of the native heap
# Possible solutions:
#   Reduce memory load on the system
#   Increase physical memory or swap space
#   Check if swap backing store is full
#   Decrease Java heap size (-Xmx/-Xms)
#   Decrease number of Java threads
#   Decrease Java thread stack sizes (-Xss)
#   Set larger code cache with -XX:ReservedCodeCacheSize=
#   JVM is running with Unscaled Compressed Oops mode in which the Java heap is
#     placed in the first 4GB address space. The Java Heap base address is the
#     maximum limit for the native heap growth. Please use -XX:HeapBaseMinAddress
#     to set the Java Heap base and to place the Java Heap above 4GB virtual address.
# This output file may be truncated or incomplete.
#
#  Out of Memory Error (arena.cpp:168), pid=34384, tid=11680
#
# JRE version: OpenJDK Runtime Environment (21.0.8) (build 21.0.8+-14018985-b1038.68)
# Java VM: OpenJDK 64-Bit Server VM (21.0.8+-14018985-b1038.68, mixed mode, tiered, compressed oops, compressed class ptrs, g1 gc, windows-amd64)
# No core dump will be written. Minidumps are not enabled by default on client versions of Windows
#

---------------  S U M M A R Y ------------

Command Line: --add-opens=java.base/java.lang=ALL-UNNAMED --add-opens=java.base/java.lang.invoke=ALL-UNNAMED --add-opens=java.base/java.util=ALL-UNNAMED --add-opens=java.prefs/java.util.prefs=ALL-UNNAMED --add-exports=jdk.compiler/com.sun.tools.javac.api=ALL-UNNAMED --add-exports=jdk.compiler/com.sun.tools.javac.util=ALL-UNNAMED --add-opens=java.base/java.util=ALL-UNNAMED --add-opens=java.prefs/java.util.prefs=ALL-UNNAMED --add-opens=java.base/java.nio.charset=ALL-UNNAMED --add-opens=java.base/java.net=ALL-UNNAMED --add-opens=java.base/java.util.concurrent.atomic=ALL-UNNAMED --add-opens=java.xml/javax.xml.namespace=ALL-UNNAMED -Xmx2048m -Dfile.encoding=UTF-8 -Duser.country=PL -Duser.language=pl -Duser.variant -javaagent:C:\Users\pewie\.gradle\wrapper\dists\gradle-8.13-bin\5xuhj0ry160q40clulazy9h7d\gradle-8.13\lib\agents\gradle-instrumentation-agent-8.13.jar org.gradle.launcher.daemon.bootstrap.GradleDaemon 8.13

Host: AMD Ryzen 7 4800H with Radeon Graphics         , 16 cores, 7G,  Windows 11 , 64 bit Build 26100 (10.0.26100.8246)
Time: Mon May  4 19:45:59 2026 elapsed time: 5.922287 seconds (0d 0h 0m 5s)

---------------  T H R E A D  ---------------

Current thread (0x000001613b601d20):  JavaThread "C2 CompilerThread1" daemon [_thread_in_native, id=11680, stack(0x0000000db8500000,0x0000000db8600000) (1024K)]


Current CompileTask:
C2:5922 3736   !   4       java.net.URLClassLoader$1::run (81 bytes)

Stack: [0x0000000db8500000,0x0000000db8600000]
Native frames: (J=compiled Java code, j=interpreted, Vv=VM code, C=native code)
V  [jvm.dll+0x6d68d9]
V  [jvm.dll+0x866693]
V  [jvm.dll+0x868c4e]
V  [jvm.dll+0x869333]
V  [jvm.dll+0x280566]
V  [jvm.dll+0xc07cd]
V  [jvm.dll+0xc0d03]
V  [jvm.dll+0x3b95e1]
V  [jvm.dll+0x1dfd12]
V  [jvm.dll+0x2493a4]
V  [jvm.dll+0x248821]
V  [jvm.dll+0x1c73a4]
V  [jvm.dll+0x257f9e]
V  [jvm.dll+0x2564e6]
V  [jvm.dll+0x3f4696]
V  [jvm.dll+0x80eac8]
V  [jvm.dll+0x6d512d]
C  [ucrtbase.dll+0x37b0]
C  [KERNEL32.DLL+0x2e8d7]
C  [ntdll.dll+0x8c3fc]


---------------  P R O C E S S  ---------------

Threads class SMR info:
_java_thread_list=0x000001613d5c63d0, length=36, elements={
0x000001611a38de20, 0x0000016134614570, 0x0000016134617400, 0x0000016134617e60,
0x000001613462cf80, 0x000001613462d5f0, 0x0000016134645ec0, 0x0000016134647490,
0x0000016134648a60, 0x000001613464b1f0, 0x000001613480eef0, 0x00000161348139d0,
0x0000016139070e50, 0x000001613a0731e0, 0x000001613af70350, 0x000001613b0e35d0,
0x000001613b2526c0, 0x000001613af8aae0, 0x000001613b04dd50, 0x000001613b3a7020,
0x000001613b3a8620, 0x000001613b3af0b0, 0x000001613b3b1810, 0x000001613b3b0af0,
0x000001613b3ae390, 0x000001613b3aea20, 0x000001613b3af740, 0x000001613b601d20,
0x000001613babc3a0, 0x000001613df8ed00, 0x000001613b3b1180, 0x000001613b3b0460,
0x000001613f45ba70, 0x000001613f45ce20, 0x000001613f45e1d0, 0x000001613f45d4b0
}

Java Threads: ( => current thread )
  0x000001611a38de20 JavaThread "main"                              [_thread_blocked, id=6268, stack(0x0000000db5500000,0x0000000db5600000) (1024K)]
  0x0000016134614570 JavaThread "Common-Cleaner"             daemon [_thread_blocked, id=33864, stack(0x0000000db5d00000,0x0000000db5e00000) (1024K)]
  0x0000016134617400 JavaThread "Reference Handler"          daemon [_thread_blocked, id=24748, stack(0x0000000db5e00000,0x0000000db5f00000) (1024K)]
  0x0000016134617e60 JavaThread "Finalizer"                  daemon [_thread_blocked, id=32900, stack(0x0000000db5f00000,0x0000000db6000000) (1024K)]
  0x000001613462cf80 JavaThread "Signal Dispatcher"          daemon [_thread_blocked, id=29432, stack(0x0000000db6000000,0x0000000db6100000) (1024K)]
  0x000001613462d5f0 JavaThread "Attach Listener"            daemon [_thread_blocked, id=34596, stack(0x0000000db6100000,0x0000000db6200000) (1024K)]
  0x0000016134645ec0 JavaThread "Service Thread"             daemon [_thread_blocked, id=27924, stack(0x0000000db6200000,0x0000000db6300000) (1024K)]
  0x0000016134647490 JavaThread "Monitor Deflation Thread"   daemon [_thread_blocked, id=32788, stack(0x0000000db6300000,0x0000000db6400000) (1024K)]
  0x0000016134648a60 JavaThread "C2 CompilerThread0"         daemon [_thread_blocked, id=27848, stack(0x0000000db6400000,0x0000000db6500000) (1024K)]
  0x000001613464b1f0 JavaThread "C1 CompilerThread0"         daemon [_thread_blocked, id=27908, stack(0x0000000db6500000,0x0000000db6600000) (1024K)]
  0x000001613480eef0 JavaThread "C1 CompilerThread1"         daemon [_thread_blocked, id=29176, stack(0x0000000db6600000,0x0000000db6700000) (1024K)]
  0x00000161348139d0 JavaThread "C1 CompilerThread2"         daemon [_thread_blocked, id=22680, stack(0x0000000db6700000,0x0000000db6800000) (1024K)]
  0x0000016139070e50 JavaThread "Notification Thread"        daemon [_thread_blocked, id=26748, stack(0x0000000db6800000,0x0000000db6900000) (1024K)]
  0x000001613a0731e0 JavaThread "C1 CompilerThread3"         daemon [_thread_blocked, id=34516, stack(0x0000000db6f00000,0x0000000db7000000) (1024K)]
  0x000001613af70350 JavaThread "Daemon health stats"               [_thread_blocked, id=27360, stack(0x0000000db7300000,0x0000000db7400000) (1024K)]
  0x000001613b0e35d0 JavaThread "Incoming local TCP Connector on port 56107"        [_thread_in_native, id=32752, stack(0x0000000db7400000,0x0000000db7500000) (1024K)]
  0x000001613b2526c0 JavaThread "Daemon periodic checks"            [_thread_blocked, id=27896, stack(0x0000000db7500000,0x0000000db7600000) (1024K)]
  0x000001613af8aae0 JavaThread "Daemon"                            [_thread_blocked, id=22260, stack(0x0000000db7600000,0x0000000db7700000) (1024K)]
  0x000001613b04dd50 JavaThread "Handler for socket connection from /127.0.0.1:56107 to /127.0.0.1:56108"        [_thread_in_native, id=20092, stack(0x0000000db7700000,0x0000000db7800000) (1024K)]
  0x000001613b3a7020 JavaThread "Cancel handler"                    [_thread_blocked, id=34752, stack(0x0000000db7800000,0x0000000db7900000) (1024K)]
  0x000001613b3a8620 JavaThread "Daemon worker"                     [_thread_in_vm, id=24096, stack(0x0000000db7900000,0x0000000db7a00000) (1024K)]
  0x000001613b3af0b0 JavaThread "Asynchronous log dispatcher for DefaultDaemonConnection: socket connection from /127.0.0.1:56107 to /127.0.0.1:56108"        [_thread_blocked, id=32068, stack(0x0000000db7a00000,0x0000000db7b00000) (1024K)]
  0x000001613b3b1810 JavaThread "Stdin handler"                     [_thread_blocked, id=1984, stack(0x0000000db7b00000,0x0000000db7c00000) (1024K)]
  0x000001613b3b0af0 JavaThread "Daemon client event forwarder"        [_thread_blocked, id=24608, stack(0x0000000db7c00000,0x0000000db7d00000) (1024K)]
  0x000001613b3ae390 JavaThread "Cache worker for journal cache (C:\Users\pewie\.gradle\caches\journal-1)"        [_thread_blocked, id=23048, stack(0x0000000db6900000,0x0000000db6a00000) (1024K)]
  0x000001613b3aea20 JavaThread "File lock request listener"        [_thread_in_native, id=7032, stack(0x0000000db8300000,0x0000000db8400000) (1024K)]
  0x000001613b3af740 JavaThread "Cache worker for file hash cache (C:\Users\pewie\.gradle\caches\8.13\fileHashes)"        [_thread_blocked, id=14204, stack(0x0000000db8400000,0x0000000db8500000) (1024K)]
=>0x000001613b601d20 JavaThread "C2 CompilerThread1"         daemon [_thread_in_native, id=11680, stack(0x0000000db8500000,0x0000000db8600000) (1024K)]
  0x000001613babc3a0 JavaThread "C2 CompilerThread2"         daemon [_thread_in_native, id=25964, stack(0x0000000db8600000,0x0000000db8700000) (1024K)]
  0x000001613df8ed00 JavaThread "C2 CompilerThread3"         daemon [_thread_in_native, id=9208, stack(0x0000000db8700000,0x0000000db8800000) (1024K)]
  0x000001613b3b1180 JavaThread "Cache worker for file hash cache (C:\FocusQuest\mobile\.gradle\8.13\fileHashes)"        [_thread_blocked, id=34268, stack(0x0000000db8800000,0x0000000db8900000) (1024K)]
  0x000001613b3b0460 JavaThread "Cache worker for Build Output Cleanup Cache (C:\FocusQuest\mobile\.gradle\buildOutputCleanup)"        [_thread_blocked, id=10744, stack(0x0000000db8900000,0x0000000db8a00000) (1024K)]
  0x000001613f45ba70 JavaThread "File watcher server"        daemon [_thread_in_native, id=13512, stack(0x0000000db8a00000,0x0000000db8b00000) (1024K)]
  0x000001613f45ce20 JavaThread "File watcher consumer"      daemon [_thread_blocked, id=7952, stack(0x0000000db8b00000,0x0000000db8c00000) (1024K)]
  0x000001613f45e1d0 JavaThread "jar transforms"                    [_thread_blocked, id=16372, stack(0x0000000db8c00000,0x0000000db8d00000) (1024K)]
  0x000001613f45d4b0 JavaThread "jar transforms Thread 2"           [_thread_blocked, id=14976, stack(0x0000000db8d00000,0x0000000db8e00000) (1024K)]
Total: 36

Other Threads:
  0x000001613443e6c0 VMThread "VM Thread"                           [id=31908, stack(0x0000000db5c00000,0x0000000db5d00000) (1024K)]
  0x00000161343cd580 WatcherThread "VM Periodic Task Thread"        [id=9732, stack(0x0000000db5b00000,0x0000000db5c00000) (1024K)]
  0x000001611a3e7940 WorkerThread "GC Thread#0"                     [id=31388, stack(0x0000000db5600000,0x0000000db5700000) (1024K)]
  0x000001613918b3e0 WorkerThread "GC Thread#1"                     [id=2392, stack(0x0000000db6c00000,0x0000000db6d00000) (1024K)]
  0x000001613918b780 WorkerThread "GC Thread#2"                     [id=27808, stack(0x0000000db6d00000,0x0000000db6e00000) (1024K)]
  0x00000161394d67c0 WorkerThread "GC Thread#3"                     [id=6260, stack(0x0000000db6e00000,0x0000000db6f00000) (1024K)]
  0x0000016139c430f0 WorkerThread "GC Thread#4"                     [id=30852, stack(0x0000000db7000000,0x0000000db7100000) (1024K)]
  0x000001613b0f6720 WorkerThread "GC Thread#5"                     [id=22880, stack(0x0000000db6a00000,0x0000000db6b00000) (1024K)]
  0x000001613b0f6ac0 WorkerThread "GC Thread#6"                     [id=27524, stack(0x0000000db6b00000,0x0000000db6c00000) (1024K)]
  0x000001613b0f6e60 WorkerThread "GC Thread#7"                     [id=22632, stack(0x0000000db7100000,0x0000000db7200000) (1024K)]
  0x000001613b0fa890 WorkerThread "GC Thread#8"                     [id=6108, stack(0x0000000db7200000,0x0000000db7300000) (1024K)]
  0x000001613b0f9a10 WorkerThread "GC Thread#9"                     [id=7120, stack(0x0000000db7d00000,0x0000000db7e00000) (1024K)]
  0x000001613b0fac30 WorkerThread "GC Thread#10"                    [id=34344, stack(0x0000000db7e00000,0x0000000db7f00000) (1024K)]
  0x000001613b0f9db0 WorkerThread "GC Thread#11"                    [id=33676, stack(0x0000000db7f00000,0x0000000db8000000) (1024K)]
  0x000001613b0fafd0 WorkerThread "GC Thread#12"                    [id=13636, stack(0x0000000db8000000,0x0000000db8100000) (1024K)]
  0x000001611a3f8830 ConcurrentGCThread "G1 Main Marker"            [id=17664, stack(0x0000000db5700000,0x0000000db5800000) (1024K)]
  0x000001611a3fa080 WorkerThread "G1 Conc#0"                       [id=1404, stack(0x0000000db5800000,0x0000000db5900000) (1024K)]
  0x000001613b0fa150 WorkerThread "G1 Conc#1"                       [id=24240, stack(0x0000000db8100000,0x0000000db8200000) (1024K)]
  0x000001613b0fa4f0 WorkerThread "G1 Conc#2"                       [id=34588, stack(0x0000000db8200000,0x0000000db8300000) (1024K)]
  0x000001611a44e790 ConcurrentGCThread "G1 Refine#0"               [id=23404, stack(0x0000000db5900000,0x0000000db5a00000) (1024K)]
  0x00000161342a4300 ConcurrentGCThread "G1 Service"                [id=26488, stack(0x0000000db5a00000,0x0000000db5b00000) (1024K)]
Total: 21

Threads with active compile tasks:
C2 CompilerThread1  5942 3736   !   4       java.net.URLClassLoader$1::run (81 bytes)
C2 CompilerThread2  5942 3734   !   4       java.net.URLClassLoader::findClass (47 bytes)
C2 CompilerThread3  5942 3735       4       java.net.URLClassLoader$1::run (5 bytes)
Total: 3

VM state: not at safepoint (normal execution)

VM Mutex/Monitor currently owned by a thread: None

Heap address: 0x0000000080000000, size: 2048 MB, Compressed Oops mode: 32-bit

CDS archive(s) not mapped
Compressed class space mapped at: 0x0000000100000000-0x0000000140000000, reserved size: 1073741824
Narrow klass base: 0x0000000000000000, Narrow klass shift: 3, Narrow klass range: 0x140000000

GC Precious Log:
 CardTable entry size: 512
 Card Set container configuration: InlinePtr #cards 5 size 8 Array Of Cards #cards 12 size 40 Howl #buckets 4 coarsen threshold 1843 Howl Bitmap #cards 512 size 80 coarsen threshold 460 Card regions per heap region 1 cards per card region 2048
 CPUs: 16 total, 16 available
 Memory: 8061M
 Large Page Support: Disabled
 NUMA Support: Disabled
 Compressed Oops: Enabled (32-bit)
 Heap Region Size: 1M
 Heap Min Capacity: 8M
 Heap Initial Capacity: 126M
 Heap Max Capacity: 2G
 Pre-touch: Disabled
 Parallel Workers: 13
 Concurrent Workers: 3
 Concurrent Refinement Workers: 13
 Periodic GC: Disabled

Heap:
 garbage-first heap   total 77824K, used 58193K [0x0000000080000000, 0x0000000100000000)
  region size 1024K, 37 young (37888K), 4 survivors (4096K)
 Metaspace       used 41792K, committed 42688K, reserved 1114112K
  class space    used 5771K, committed 6144K, reserved 1048576K

Heap Regions: E=young(eden), S=young(survivor), O=old, HS=humongous(starts), HC=humongous(continues), CS=collection set, F=free, TAMS=top-at-mark-start, PB=parsable bottom
|   0|0x0000000080000000, 0x0000000080100000, 0x0000000080100000|100%|HS|  |TAMS 0x0000000080000000| PB 0x0000000080000000| Complete 
|   1|0x0000000080100000, 0x0000000080200000, 0x0000000080200000|100%|HC|  |TAMS 0x0000000080100000| PB 0x0000000080100000| Complete 
|   2|0x0000000080200000, 0x0000000080300000, 0x0000000080300000|100%|HC|  |TAMS 0x0000000080200000| PB 0x0000000080200000| Complete 
|   3|0x0000000080300000, 0x0000000080400000, 0x0000000080400000|100%| O|  |TAMS 0x0000000080300000| PB 0x0000000080300000| Untracked 
|   4|0x0000000080400000, 0x0000000080500000, 0x0000000080500000|100%| O|  |TAMS 0x0000000080400000| PB 0x0000000080400000| Untracked 
|   5|0x0000000080500000, 0x0000000080600000, 0x0000000080600000|100%| O|  |TAMS 0x0000000080500000| PB 0x0000000080500000| Untracked 
|   6|0x0000000080600000, 0x0000000080700000, 0x0000000080700000|100%|HS|  |TAMS 0x0000000080600000| PB 0x0000000080600000| Complete 
|   7|0x0000000080700000, 0x0000000080800000, 0x0000000080800000|100%| O|  |TAMS 0x0000000080700000| PB 0x0000000080700000| Untracked 
|   8|0x0000000080800000, 0x0000000080900000, 0x0000000080900000|100%| O|  |TAMS 0x0000000080800000| PB 0x0000000080800000| Untracked 
|   9|0x0000000080900000, 0x0000000080a00000, 0x0000000080a00000|100%| O|  |TAMS 0x0000000080900000| PB 0x0000000080900000| Untracked 
|  10|0x0000000080a00000, 0x0000000080b00000, 0x0000000080b00000|100%| O|  |TAMS 0x0000000080a00000| PB 0x0000000080a00000| Untracked 
|  11|0x0000000080b00000, 0x0000000080c00000, 0x0000000080c00000|100%| O|  |TAMS 0x0000000080b00000| PB 0x0000000080b00000| Untracked 
|  12|0x0000000080c00000, 0x0000000080d00000, 0x0000000080d00000|100%| O|  |TAMS 0x0000000080c00000| PB 0x0000000080c00000| Untracked 
|  13|0x0000000080d00000, 0x0000000080e00000, 0x0000000080e00000|100%| O|  |TAMS 0x0000000080d00000| PB 0x0000000080d00000| Untracked 
|  14|0x0000000080e00000, 0x0000000080f00000, 0x0000000080f00000|100%| O|  |TAMS 0x0000000080e00000| PB 0x0000000080e00000| Untracked 
|  15|0x0000000080f00000, 0x0000000081000000, 0x0000000081000000|100%| O|  |TAMS 0x0000000080f00000| PB 0x0000000080f00000| Untracked 
|  16|0x0000000081000000, 0x0000000081100000, 0x0000000081100000|100%| O|Cm|TAMS 0x0000000081000000| PB 0x0000000081000000| Complete 
|  17|0x0000000081100000, 0x0000000081200000, 0x0000000081200000|100%| O|  |TAMS 0x0000000081100000| PB 0x0000000081100000| Untracked 
|  18|0x0000000081200000, 0x0000000081300000, 0x0000000081300000|100%| O|  |TAMS 0x0000000081200000| PB 0x0000000081200000| Untracked 
|  19|0x0000000081300000, 0x0000000081400000, 0x0000000081400000|100%| O|  |TAMS 0x0000000081300000| PB 0x0000000081300000| Untracked 
|  20|0x0000000081400000, 0x0000000081500000, 0x0000000081500000|100%| O|  |TAMS 0x0000000081400000| PB 0x0000000081400000| Untracked 
|  21|0x0000000081500000, 0x0000000081600000, 0x0000000081600000|100%| O|  |TAMS 0x0000000081500000| PB 0x0000000081500000| Untracked 
|  22|0x0000000081600000, 0x0000000081651db0, 0x0000000081700000| 31%| O|  |TAMS 0x0000000081600000| PB 0x0000000081600000| Untracked 
|  23|0x0000000081700000, 0x0000000081700000, 0x0000000081800000|  0%| F|  |TAMS 0x0000000081700000| PB 0x0000000081700000| Untracked 
|  24|0x0000000081800000, 0x0000000081800000, 0x0000000081900000|  0%| F|  |TAMS 0x0000000081800000| PB 0x0000000081800000| Untracked 
|  25|0x0000000081900000, 0x0000000081900000, 0x0000000081a00000|  0%| F|  |TAMS 0x0000000081900000| PB 0x0000000081900000| Untracked 
|  26|0x0000000081a00000, 0x0000000081a00000, 0x0000000081b00000|  0%| F|  |TAMS 0x0000000081a00000| PB 0x0000000081a00000| Untracked 
|  27|0x0000000081b00000, 0x0000000081b00000, 0x0000000081c00000|  0%| F|  |TAMS 0x0000000081b00000| PB 0x0000000081b00000| Untracked 
|  28|0x0000000081c00000, 0x0000000081c00000, 0x0000000081d00000|  0%| F|  |TAMS 0x0000000081c00000| PB 0x0000000081c00000| Untracked 
|  29|0x0000000081d00000, 0x0000000081d00000, 0x0000000081e00000|  0%| F|  |TAMS 0x0000000081d00000| PB 0x0000000081d00000| Untracked 
|  30|0x0000000081e00000, 0x0000000081e00000, 0x0000000081f00000|  0%| F|  |TAMS 0x0000000081e00000| PB 0x0000000081e00000| Untracked 
|  31|0x0000000081f00000, 0x0000000081f00000, 0x0000000082000000|  0%| F|  |TAMS 0x0000000081f00000| PB 0x0000000081f00000| Untracked 
|  32|0x0000000082000000, 0x0000000082000000, 0x0000000082100000|  0%| F|  |TAMS 0x0000000082000000| PB 0x0000000082000000| Untracked 
|  33|0x0000000082100000, 0x0000000082100000, 0x0000000082200000|  0%| F|  |TAMS 0x0000000082100000| PB 0x0000000082100000| Untracked 
|  34|0x0000000082200000, 0x0000000082200000, 0x0000000082300000|  0%| F|  |TAMS 0x0000000082200000| PB 0x0000000082200000| Untracked 
|  35|0x0000000082300000, 0x0000000082300000, 0x0000000082400000|  0%| F|  |TAMS 0x0000000082300000| PB 0x0000000082300000| Untracked 
|  36|0x0000000082400000, 0x0000000082400000, 0x0000000082500000|  0%| F|  |TAMS 0x0000000082400000| PB 0x0000000082400000| Untracked 
|  37|0x0000000082500000, 0x0000000082500000, 0x0000000082600000|  0%| F|  |TAMS 0x0000000082500000| PB 0x0000000082500000| Untracked 
|  38|0x0000000082600000, 0x0000000082600000, 0x0000000082700000|  0%| F|  |TAMS 0x0000000082600000| PB 0x0000000082600000| Untracked 
|  39|0x0000000082700000, 0x0000000082800000, 0x0000000082800000|100%| E|  |TAMS 0x0000000082700000| PB 0x0000000082700000| Complete 
|  40|0x0000000082800000, 0x0000000082900000, 0x0000000082900000|100%| E|CS|TAMS 0x0000000082800000| PB 0x0000000082800000| Complete 
|  41|0x0000000082900000, 0x0000000082a00000, 0x0000000082a00000|100%| E|CS|TAMS 0x0000000082900000| PB 0x0000000082900000| Complete 
|  42|0x0000000082a00000, 0x0000000082b00000, 0x0000000082b00000|100%| E|CS|TAMS 0x0000000082a00000| PB 0x0000000082a00000| Complete 
|  43|0x0000000082b00000, 0x0000000082c00000, 0x0000000082c00000|100%| E|CS|TAMS 0x0000000082b00000| PB 0x0000000082b00000| Complete 
|  44|0x0000000082c00000, 0x0000000082d00000, 0x0000000082d00000|100%| E|  |TAMS 0x0000000082c00000| PB 0x0000000082c00000| Complete 
|  45|0x0000000082d00000, 0x0000000082e00000, 0x0000000082e00000|100%| E|CS|TAMS 0x0000000082d00000| PB 0x0000000082d00000| Complete 
|  46|0x0000000082e00000, 0x0000000082f00000, 0x0000000082f00000|100%| E|CS|TAMS 0x0000000082e00000| PB 0x0000000082e00000| Complete 
|  47|0x0000000082f00000, 0x0000000083000000, 0x0000000083000000|100%| E|CS|TAMS 0x0000000082f00000| PB 0x0000000082f00000| Complete 
|  48|0x0000000083000000, 0x0000000083100000, 0x0000000083100000|100%| E|CS|TAMS 0x0000000083000000| PB 0x0000000083000000| Complete 
|  49|0x0000000083100000, 0x0000000083200000, 0x0000000083200000|100%| E|CS|TAMS 0x0000000083100000| PB 0x0000000083100000| Complete 
|  50|0x0000000083200000, 0x0000000083300000, 0x0000000083300000|100%| E|CS|TAMS 0x0000000083200000| PB 0x0000000083200000| Complete 
|  51|0x0000000083300000, 0x0000000083400000, 0x0000000083400000|100%| E|CS|TAMS 0x0000000083300000| PB 0x0000000083300000| Complete 
|  52|0x0000000083400000, 0x0000000083500000, 0x0000000083500000|100%| E|CS|TAMS 0x0000000083400000| PB 0x0000000083400000| Complete 
|  53|0x0000000083500000, 0x0000000083600000, 0x0000000083600000|100%| E|CS|TAMS 0x0000000083500000| PB 0x0000000083500000| Complete 
|  54|0x0000000083600000, 0x0000000083700000, 0x0000000083700000|100%| E|CS|TAMS 0x0000000083600000| PB 0x0000000083600000| Complete 
|  55|0x0000000083700000, 0x0000000083800000, 0x0000000083800000|100%| E|CS|TAMS 0x0000000083700000| PB 0x0000000083700000| Complete 
|  56|0x0000000083800000, 0x0000000083900000, 0x0000000083900000|100%| E|CS|TAMS 0x0000000083800000| PB 0x0000000083800000| Complete 
|  57|0x0000000083900000, 0x0000000083a00000, 0x0000000083a00000|100%| E|CS|TAMS 0x0000000083900000| PB 0x0000000083900000| Complete 
|  58|0x0000000083a00000, 0x0000000083b00000, 0x0000000083b00000|100%| E|CS|TAMS 0x0000000083a00000| PB 0x0000000083a00000| Complete 
|  59|0x0000000083b00000, 0x0000000083c00000, 0x0000000083c00000|100%| E|CS|TAMS 0x0000000083b00000| PB 0x0000000083b00000| Complete 
|  60|0x0000000083c00000, 0x0000000083d00000, 0x0000000083d00000|100%| E|CS|TAMS 0x0000000083c00000| PB 0x0000000083c00000| Complete 
|  61|0x0000000083d00000, 0x0000000083e00000, 0x0000000083e00000|100%| E|CS|TAMS 0x0000000083d00000| PB 0x0000000083d00000| Complete 
|  62|0x0000000083e00000, 0x0000000083f00000, 0x0000000083f00000|100%| E|CS|TAMS 0x0000000083e00000| PB 0x0000000083e00000| Complete 
|  63|0x0000000083f00000, 0x0000000084000000, 0x0000000084000000|100%| E|CS|TAMS 0x0000000083f00000| PB 0x0000000083f00000| Complete 
|  64|0x0000000084000000, 0x0000000084100000, 0x0000000084100000|100%| E|CS|TAMS 0x0000000084000000| PB 0x0000000084000000| Complete 
|  65|0x0000000084100000, 0x0000000084200000, 0x0000000084200000|100%| E|CS|TAMS 0x0000000084100000| PB 0x0000000084100000| Complete 
|  66|0x0000000084200000, 0x00000000842829f0, 0x0000000084300000| 51%| S|CS|TAMS 0x0000000084200000| PB 0x0000000084200000| Complete 
|  67|0x0000000084300000, 0x0000000084400000, 0x0000000084400000|100%| S|CS|TAMS 0x0000000084300000| PB 0x0000000084300000| Complete 
|  68|0x0000000084400000, 0x0000000084500000, 0x0000000084500000|100%| S|CS|TAMS 0x0000000084400000| PB 0x0000000084400000| Complete 
|  69|0x0000000084500000, 0x0000000084600000, 0x0000000084600000|100%| S|CS|TAMS 0x0000000084500000| PB 0x0000000084500000| Complete 
|  70|0x0000000084600000, 0x0000000084700000, 0x0000000084700000|100%| E|CS|TAMS 0x0000000084600000| PB 0x0000000084600000| Complete 
| 101|0x0000000086500000, 0x0000000086600000, 0x0000000086600000|100%| E|CS|TAMS 0x0000000086500000| PB 0x0000000086500000| Complete 
| 102|0x0000000086600000, 0x0000000086700000, 0x0000000086700000|100%| E|CS|TAMS 0x0000000086600000| PB 0x0000000086600000| Complete 
| 103|0x0000000086700000, 0x0000000086800000, 0x0000000086800000|100%| E|CS|TAMS 0x0000000086700000| PB 0x0000000086700000| Complete 
| 124|0x0000000087c00000, 0x0000000087d00000, 0x0000000087d00000|100%| E|CS|TAMS 0x0000000087c00000| PB 0x0000000087c00000| Complete 
| 125|0x0000000087d00000, 0x0000000087e00000, 0x0000000087e00000|100%| E|CS|TAMS 0x0000000087d00000| PB 0x0000000087d00000| Complete 

Card table byte_map: [0x000001612ef90000,0x000001612f390000] _byte_map_base: 0x000001612eb90000

Marking Bits: (CMBitMap*) 0x000001611a3e7f50
 Bits: [0x000001612f390000, 0x0000016131390000)

Polling page: 0x000001611a0a0000

Metaspace:

Usage:
  Non-class:     35.19 MB used.
      Class:      5.64 MB used.
       Both:     40.83 MB used.

Virtual space:
  Non-class space:       64.00 MB reserved,      35.69 MB ( 56%) committed,  1 nodes.
      Class space:        1.00 GB reserved,       6.00 MB ( <1%) committed,  1 nodes.
             Both:        1.06 GB reserved,      41.69 MB (  4%) committed. 

Chunk freelists:
   Non-Class:  12.36 MB
       Class:  9.94 MB
        Both:  22.30 MB

MaxMetaspaceSize: unlimited
CompressedClassSpaceSize: 1.00 GB
Initial GC threshold: 21.00 MB
Current GC threshold: 58.75 MB
CDS: off
 - commit_granule_bytes: 65536.
 - commit_granule_words: 8192.
 - virtual_space_node_default_size: 8388608.
 - enlarge_chunks_in_place: 1.
 - use_allocation_guard: 0.


Internal statistics:

num_allocs_failed_limit: 6.
num_arena_births: 1532.
num_arena_deaths: 0.
num_vsnodes_births: 2.
num_vsnodes_deaths: 0.
num_space_committed: 667.
num_space_uncommitted: 0.
num_chunks_returned_to_freelist: 6.
num_chunks_taken_from_freelist: 2871.
num_chunk_merges: 6.
num_chunk_splits: 1865.
num_chunks_enlarged: 1200.
num_inconsistent_stats: 0.

CodeHeap 'non-profiled nmethods': size=119168Kb used=2016Kb max_used=2084Kb free=117151Kb
 bounds [0x0000016126770000, 0x00000161269e0000, 0x000001612dbd0000]
CodeHeap 'profiled nmethods': size=119104Kb used=6975Kb max_used=7183Kb free=112128Kb
 bounds [0x000001611ebd0000, 0x000001611f2e0000, 0x0000016126020000]
CodeHeap 'non-nmethods': size=7488Kb used=3195Kb max_used=3239Kb free=4292Kb
 bounds [0x0000016126020000, 0x0000016126350000, 0x0000016126770000]
CodeCache: size=245760Kb, used=12186Kb, max_used=12506Kb, free=233571Kb
 total_blobs=4122, nmethods=3526, adapters=497, full_count=0
Compilation: enabled, stopped_count=0, restarted_count=0

Compilation events (20 events):
Event: 4.902 Thread 0x000001613464b1f0 nmethod 3931 0x000001611edc0610 code [0x000001611edc07e0, 0x000001611edc0cd0]
Event: 4.903 Thread 0x000001613a0731e0 nmethod 3929 0x000001611ecaad10 code [0x000001611ecab020, 0x000001611ecabff0]
Event: 4.903 Thread 0x000001613a0731e0 3933       1       java.util.stream.Collectors$CollectorImpl::supplier (5 bytes)
Event: 4.903 Thread 0x000001613480eef0 3935       1       java.util.stream.Collectors$CollectorImpl::combiner (5 bytes)
Event: 4.903 Thread 0x000001613464b1f0 3934       1       java.util.stream.Collectors$CollectorImpl::accumulator (5 bytes)
Event: 4.903 Thread 0x000001613a0731e0 nmethod 3933 0x00000161267e4a90 code [0x00000161267e4c20, 0x00000161267e4ce8]
Event: 4.903 Thread 0x000001613480eef0 nmethod 3935 0x000001612680f310 code [0x000001612680f4a0, 0x000001612680f568]
Event: 4.904 Thread 0x000001613464b1f0 nmethod 3934 0x000001612680f010 code [0x000001612680f1a0, 0x000001612680f268]
Event: 4.907 Thread 0x000001613a0731e0 3936  s    3       java.util.Properties::load (20 bytes)
Event: 4.907 Thread 0x00000161348139d0 3937       3       java.util.Properties$LineReader::<init> (38 bytes)
Event: 4.907 Thread 0x000001613480eef0 3938       3       java.util.Properties::load0 (249 bytes)
Event: 4.907 Thread 0x00000161348139d0 nmethod 3937 0x000001611ecaa690 code [0x000001611ecaa840, 0x000001611ecaabf0]
Event: 4.907 Thread 0x000001613a0731e0 nmethod 3936 0x000001611eca9f10 code [0x000001611ecaa100, 0x000001611ecaa508]
Event: 4.907 Thread 0x000001613480eef0 nmethod 3938 0x000001611eca8f90 code [0x000001611eca91e0, 0x000001611eca9b48]
Event: 4.908 Thread 0x0000016134648a60 3939       4       java.lang.String::<init> (22 bytes)
Event: 4.909 Thread 0x0000016134648a60 nmethod 3939 0x000001612680eb10 code [0x000001612680ecc0, 0x000001612680ee48]
Event: 5.159 Thread 0x000001613464b1f0 3940       3       java.util.concurrent.locks.AbstractQueuedSynchronizer$Node::<init> (5 bytes)
Event: 5.252 Thread 0x00000161348139d0 3941       3       java.util.concurrent.locks.ReentrantLock$NonfairSync::tryAcquire (27 bytes)
Event: 5.282 Thread 0x000001613480eef0 3942       3       jdk.internal.misc.Unsafe::getAndBitwiseAndInt (27 bytes)
Event: 5.345 Thread 0x000001613a0731e0 3943       3       java.util.concurrent.locks.AbstractQueuedSynchronizer$Node::getAndUnsetStatus (14 bytes)

GC Heap History (14 events):
Event: 0.474 GC heap before
{Heap before GC invocations=0 (full 0):
 garbage-first heap   total 129024K, used 22528K [0x0000000080000000, 0x0000000100000000)
  region size 1024K, 23 young (23552K), 0 survivors (0K)
 Metaspace       used 8129K, committed 8256K, reserved 1114112K
  class space    used 749K, committed 832K, reserved 1048576K
}
Event: 0.478 GC heap after
{Heap after GC invocations=1 (full 0):
 garbage-first heap   total 129024K, used 2325K [0x0000000080000000, 0x0000000100000000)
  region size 1024K, 3 young (3072K), 3 survivors (3072K)
 Metaspace       used 8129K, committed 8256K, reserved 1114112K
  class space    used 749K, committed 832K, reserved 1048576K
}
Event: 1.054 GC heap before
{Heap before GC invocations=1 (full 0):
 garbage-first heap   total 129024K, used 41237K [0x0000000080000000, 0x0000000100000000)
  region size 1024K, 39 young (39936K), 3 survivors (3072K)
 Metaspace       used 12450K, committed 12672K, reserved 1114112K
  class space    used 1355K, committed 1472K, reserved 1048576K
}
Event: 1.061 GC heap after
{Heap after GC invocations=2 (full 0):
 garbage-first heap   total 129024K, used 10808K [0x0000000080000000, 0x0000000100000000)
  region size 1024K, 5 young (5120K), 5 survivors (5120K)
 Metaspace       used 12450K, committed 12672K, reserved 1114112K
  class space    used 1355K, committed 1472K, reserved 1048576K
}
Event: 1.752 GC heap before
{Heap before GC invocations=2 (full 0):
 garbage-first heap   total 129024K, used 62008K [0x0000000080000000, 0x0000000100000000)
  region size 1024K, 53 young (54272K), 5 survivors (5120K)
 Metaspace       used 15009K, committed 15296K, reserved 1114112K
  class space    used 1697K, committed 1856K, reserved 1048576K
}
Event: 1.761 GC heap after
{Heap after GC invocations=3 (full 0):
 garbage-first heap   total 129024K, used 18240K [0x0000000080000000, 0x0000000100000000)
  region size 1024K, 6 young (6144K), 6 survivors (6144K)
 Metaspace       used 15009K, committed 15296K, reserved 1114112K
  class space    used 1697K, committed 1856K, reserved 1048576K
}
Event: 2.249 GC heap before
{Heap before GC invocations=3 (full 0):
 garbage-first heap   total 129024K, used 39744K [0x0000000080000000, 0x0000000100000000)
  region size 1024K, 28 young (28672K), 6 survivors (6144K)
 Metaspace       used 21261K, committed 21504K, reserved 1114112K
  class space    used 2520K, committed 2624K, reserved 1048576K
}
Event: 2.254 GC heap after
{Heap after GC invocations=4 (full 0):
 garbage-first heap   total 129024K, used 20444K [0x0000000080000000, 0x0000000100000000)
  region size 1024K, 3 young (3072K), 3 survivors (3072K)
 Metaspace       used 21261K, committed 21504K, reserved 1114112K
  class space    used 2520K, committed 2624K, reserved 1048576K
}
Event: 3.345 GC heap before
{Heap before GC invocations=5 (full 0):
 garbage-first heap   total 71680K, used 69596K [0x0000000080000000, 0x0000000100000000)
  region size 1024K, 52 young (53248K), 3 survivors (3072K)
 Metaspace       used 29307K, committed 29824K, reserved 1114112K
  class space    used 3837K, committed 4032K, reserved 1048576K
}
Event: 3.351 GC heap after
{Heap after GC invocations=6 (full 0):
 garbage-first heap   total 77824K, used 23114K [0x0000000080000000, 0x0000000100000000)
  region size 1024K, 6 young (6144K), 6 survivors (6144K)
 Metaspace       used 29307K, committed 29824K, reserved 1114112K
  class space    used 3837K, committed 4032K, reserved 1048576K
}
Event: 4.188 GC heap before
{Heap before GC invocations=6 (full 0):
 garbage-first heap   total 77824K, used 61002K [0x0000000080000000, 0x0000000100000000)
  region size 1024K, 43 young (44032K), 6 survivors (6144K)
 Metaspace       used 34259K, committed 35008K, reserved 1114112K
  class space    used 4711K, committed 5056K, reserved 1048576K
}
Event: 4.193 GC heap after
{Heap after GC invocations=7 (full 0):
 garbage-first heap   total 77824K, used 25532K [0x0000000080000000, 0x0000000100000000)
  region size 1024K, 6 young (6144K), 6 survivors (6144K)
 Metaspace       used 34259K, committed 35008K, reserved 1114112K
  class space    used 4711K, committed 5056K, reserved 1048576K
}
Event: 4.270 GC heap before
{Heap before GC invocations=7 (full 0):
 garbage-first heap   total 77824K, used 30652K [0x0000000080000000, 0x0000000100000000)
  region size 1024K, 12 young (12288K), 6 survivors (6144K)
 Metaspace       used 35126K, committed 35968K, reserved 1114112K
  class space    used 4850K, committed 5248K, reserved 1048576K
}
Event: 4.274 GC heap after
{Heap after GC invocations=8 (full 0):
 garbage-first heap   total 77824K, used 26449K [0x0000000080000000, 0x0000000100000000)
  region size 1024K, 4 young (4096K), 4 survivors (4096K)
 Metaspace       used 35126K, committed 35968K, reserved 1114112K
  class space    used 4850K, committed 5248K, reserved 1048576K
}

Dll operation events (3 events):
Event: 0.011 Loaded shared library C:\Program Files\Android\Android Studio\jbr\bin\java.dll
Event: 0.015 Loaded shared library C:\Program Files\Android\Android Studio\jbr\bin\zip.dll
Event: 0.576 Loaded shared library C:\Program Files\Android\Android Studio\jbr\bin\verify.dll

Deoptimization events (20 events):
Event: 4.711 Thread 0x000001613b3a8620 Uncommon trap: trap_request=0xffffff45 fr.pc=0x00000161268d25d0 relative=0x0000000000000c50
Event: 4.711 Thread 0x000001613b3a8620 Uncommon trap: reason=unstable_if action=reinterpret pc=0x00000161268d25d0 method=java.lang.invoke.LambdaForm.useCount(Ljava/lang/invoke/LambdaForm$Name;)I @ 8 c2
Event: 4.711 Thread 0x000001613b3a8620 DEOPT PACKING pc=0x00000161268d25d0 sp=0x0000000db79f5a60
Event: 4.711 Thread 0x000001613b3a8620 DEOPT UNPACKING pc=0x00000161260746a2 sp=0x0000000db79f5930 mode 2
Event: 4.836 Thread 0x000001613b3a8620 Uncommon trap: trap_request=0xffffffc6 fr.pc=0x0000016126946d98 relative=0x0000000000000238
Event: 4.836 Thread 0x000001613b3a8620 Uncommon trap: reason=bimorphic_or_optimized_type_check action=maybe_recompile pc=0x0000016126946d98 method=java.util.regex.Pattern$BmpCharProperty.match(Ljava/util/regex/Matcher;ILjava/lang/CharSequence;)Z @ 19 c2
Event: 4.836 Thread 0x000001613b3a8620 DEOPT PACKING pc=0x0000016126946d98 sp=0x0000000db79f80e0
Event: 4.836 Thread 0x000001613b3a8620 DEOPT UNPACKING pc=0x00000161260746a2 sp=0x0000000db79f8078 mode 2
Event: 4.836 Thread 0x000001613b3a8620 Uncommon trap: trap_request=0xffffffc6 fr.pc=0x0000016126946d98 relative=0x0000000000000238
Event: 4.836 Thread 0x000001613b3a8620 Uncommon trap: reason=bimorphic_or_optimized_type_check action=maybe_recompile pc=0x0000016126946d98 method=java.util.regex.Pattern$BmpCharProperty.match(Ljava/util/regex/Matcher;ILjava/lang/CharSequence;)Z @ 19 c2
Event: 4.836 Thread 0x000001613b3a8620 DEOPT PACKING pc=0x0000016126946d98 sp=0x0000000db79f80e0
Event: 4.836 Thread 0x000001613b3a8620 DEOPT UNPACKING pc=0x00000161260746a2 sp=0x0000000db79f8078 mode 2
Event: 4.836 Thread 0x000001613b3a8620 Uncommon trap: trap_request=0xffffffc6 fr.pc=0x0000016126946d98 relative=0x0000000000000238
Event: 4.836 Thread 0x000001613b3a8620 Uncommon trap: reason=bimorphic_or_optimized_type_check action=maybe_recompile pc=0x0000016126946d98 method=java.util.regex.Pattern$BmpCharProperty.match(Ljava/util/regex/Matcher;ILjava/lang/CharSequence;)Z @ 19 c2
Event: 4.836 Thread 0x000001613b3a8620 DEOPT PACKING pc=0x0000016126946d98 sp=0x0000000db79f80e0
Event: 4.836 Thread 0x000001613b3a8620 DEOPT UNPACKING pc=0x00000161260746a2 sp=0x0000000db79f8078 mode 2
Event: 4.836 Thread 0x000001613b3a8620 Uncommon trap: trap_request=0xffffffc6 fr.pc=0x0000016126946d98 relative=0x0000000000000238
Event: 4.836 Thread 0x000001613b3a8620 Uncommon trap: reason=bimorphic_or_optimized_type_check action=maybe_recompile pc=0x0000016126946d98 method=java.util.regex.Pattern$BmpCharProperty.match(Ljava/util/regex/Matcher;ILjava/lang/CharSequence;)Z @ 19 c2
Event: 4.836 Thread 0x000001613b3a8620 DEOPT PACKING pc=0x0000016126946d98 sp=0x0000000db79f80e0
Event: 4.836 Thread 0x000001613b3a8620 DEOPT UNPACKING pc=0x00000161260746a2 sp=0x0000000db79f8078 mode 2

Classes loaded (20 events):
Event: 4.888 Loading class javax/swing/event/TableColumnModelListener
Event: 4.888 Loading class javax/swing/event/TableColumnModelListener done
Event: 4.888 Loading class javax/swing/ListSelectionModel
Event: 4.888 Loading class javax/swing/ListSelectionModel done
Event: 4.889 Loading class javax/swing/Icon
Event: 4.889 Loading class javax/swing/Icon done
Event: 4.889 Loading class javax/swing/AbstractButton$Handler
Event: 4.889 Loading class javax/swing/event/ChangeListener
Event: 4.889 Loading class javax/swing/event/ChangeListener done
Event: 4.889 Loading class javax/swing/AbstractButton$Handler done
Event: 4.889 Loading class javax/swing/ButtonModel
Event: 4.889 Loading class javax/swing/ButtonModel done
Event: 4.889 Loading class java/awt/LayoutManager
Event: 4.889 Loading class java/awt/LayoutManager done
Event: 4.889 Loading class javax/swing/plaf/ButtonUI
Event: 4.889 Loading class javax/swing/plaf/ButtonUI done
Event: 4.889 Loading class java/awt/event/ItemEvent
Event: 4.889 Loading class java/awt/event/ItemEvent done
Event: 4.891 Loading class javax/swing/event/TableModelEvent
Event: 4.891 Loading class javax/swing/event/TableModelEvent done

Classes unloaded (0 events):
No events

Classes redefined (0 events):
No events

Internal exceptions (20 events):
Event: 4.291 Thread 0x000001613b3a8620 Exception <a 'java/lang/NoSuchMethodError'{0x0000000087dc1658}: 'void java.lang.invoke.DirectMethodHandle$Holder.invokeInterface(java.lang.Object, java.lang.Object, java.lang.Object, java.lang.Object, java.lang.Object)'> (0x0000000087dc1658) 
thrown [s\src\hotspot\share\interpreter\linkResolver.cpp, line 784]
Event: 4.295 Thread 0x000001613b3a8620 Exception <a 'java/lang/NoSuchMethodError'{0x0000000087c148a0}: 'void java.lang.invoke.DirectMethodHandle$Holder.invokeStatic(java.lang.Object, java.lang.Object, java.lang.Object, java.lang.Object, java.lang.Object, java.lang.Object)'> (0x0000000087c148a0) 
thrown [s\src\hotspot\share\interpreter\linkResolver.cpp, line 784]
Event: 4.417 Thread 0x000001613b3a8620 Exception <a 'java/lang/IncompatibleClassChangeError'{0x0000000083e1ea90}: Found class java.lang.Object, but interface was expected> (0x0000000083e1ea90) 
thrown [s\src\hotspot\share\interpreter\linkResolver.cpp, line 851]
Event: 4.430 Thread 0x000001613b3a8620 Exception <a 'java/lang/NoSuchMethodError'{0x0000000083ee39c0}: 'java.lang.Object java.lang.invoke.DirectMethodHandle$Holder.newInvokeSpecial(java.lang.Object, java.lang.Object, long)'> (0x0000000083ee39c0) 
thrown [s\src\hotspot\share\interpreter\linkResolver.cpp, line 784]
Event: 4.430 Thread 0x000001613b3a8620 Exception <a 'java/lang/NoSuchMethodError'{0x0000000083ee7da8}: 'java.lang.Object java.lang.invoke.Invokers$Holder.linkToTargetMethod(java.lang.Object, long, java.lang.Object)'> (0x0000000083ee7da8) 
thrown [s\src\hotspot\share\interpreter\linkResolver.cpp, line 784]
Event: 4.462 Thread 0x000001613b3a8620 Exception <a 'java/lang/NoSuchMethodError'{0x0000000083b4a360}: 'int java.lang.invoke.DirectMethodHandle$Holder.invokeInterface(java.lang.Object, java.lang.Object)'> (0x0000000083b4a360) 
thrown [s\src\hotspot\share\interpreter\linkResolver.cpp, line 784]
Event: 4.469 Thread 0x000001613b3a8620 Exception <a 'java/lang/NoSuchMethodError'{0x0000000083bd33d8}: 'java.lang.Object java.lang.invoke.DirectMethodHandle$Holder.invokeVirtual(java.lang.Object, java.lang.Object, int)'> (0x0000000083bd33d8) 
thrown [s\src\hotspot\share\interpreter\linkResolver.cpp, line 784]
Event: 4.472 Thread 0x000001613b3a8620 Exception <a 'java/lang/NoSuchMethodError'{0x0000000083a05d70}: 'void java.lang.invoke.DirectMethodHandle$Holder.invokeStatic(java.lang.Object, java.lang.Object, java.lang.Object, int)'> (0x0000000083a05d70) 
thrown [s\src\hotspot\share\interpreter\linkResolver.cpp, line 784]
Event: 4.482 Thread 0x000001613b3a8620 Exception <a 'java/lang/NoSuchMethodError'{0x0000000083a88d18}: 'java.lang.Object java.lang.invoke.DirectMethodHandle$Holder.invokeStatic(java.lang.Object, java.lang.Object, int, java.lang.Object)'> (0x0000000083a88d18) 
thrown [s\src\hotspot\share\interpreter\linkResolver.cpp, line 784]
Event: 4.483 Thread 0x000001613b3a8620 Exception <a 'java/lang/NoSuchMethodError'{0x0000000083a90170}: 'java.lang.Object java.lang.invoke.DirectMethodHandle$Holder.newInvokeSpecial(java.lang.Object, java.lang.Object, int, java.lang.Object)'> (0x0000000083a90170) 
thrown [s\src\hotspot\share\interpreter\linkResolver.cpp, line 784]
Event: 4.483 Thread 0x000001613b3a8620 Exception <a 'java/lang/NoSuchMethodError'{0x0000000083a94c08}: 'java.lang.Object java.lang.invoke.DirectMethodHandle$Holder.invokeSpecial(java.lang.Object, java.lang.Object, java.lang.Object, int, java.lang.Object)'> (0x0000000083a94c08) 
thrown [s\src\hotspot\share\interpreter\linkResolver.cpp, line 784]
Event: 4.534 Thread 0x000001613b3a8620 Exception <a 'java/lang/NoSuchMethodError'{0x000000008377bef0}: 'void java.lang.invoke.DirectMethodHandle$Holder.invokeInterface(java.lang.Object, java.lang.Object, java.lang.Object, java.lang.Object, java.lang.Object, java.lang.Object, java.lang.Object)'> (0x000000008377bef0) 
thrown [s\src\hotspot\share\interpreter\linkResolver.cpp, line 784]
Event: 4.534 Thread 0x000001613b3a8620 Exception <a 'java/lang/NoSuchMethodError'{0x0000000083780878}: 'void java.lang.invoke.DelegatingMethodHandle$Holder.reinvoke_L(java.lang.Object, java.lang.Object, java.lang.Object, java.lang.Object, java.lang.Object, java.lang.Object, java.lang.Object)'> (0x0000000083780878) 
thrown [s\src\hotspot\share\interpreter\linkResolver.cpp, line 784]
Event: 4.585 Thread 0x000001613b3a8620 Exception <a 'java/lang/NoSuchMethodError'{0x0000000083562560}: 'java.lang.Object java.lang.invoke.DirectMethodHandle$Holder.invokeSpecial(java.lang.Object, java.lang.Object, java.lang.Object, int, java.lang.Object, java.lang.Object)'> (0x0000000083562560) 
thrown [s\src\hotspot\share\interpreter\linkResolver.cpp, line 784]
Event: 4.708 Thread 0x000001613b3a8620 Implicit null exception at 0x00000161268a1834 to 0x00000161268a1d54
Event: 4.708 Thread 0x000001613b3a8620 Implicit null exception at 0x0000016126952898 to 0x0000016126952c14
Event: 4.708 Thread 0x000001613b3a8620 Implicit null exception at 0x00000161269545b0 to 0x0000016126954e74
Event: 4.708 Thread 0x000001613b3a8620 Exception <a 'java/lang/NoSuchMethodError'{0x0000000082f29ea0}: 'java.lang.reflect.Method[] java.lang.Class.getDeclaredMethods(java.lang.Class)'> (0x0000000082f29ea0) 
thrown [s\src\hotspot\share\interpreter\linkResolver.cpp, line 784]
Event: 4.745 Thread 0x000001613b3a8620 Exception <a 'java/lang/NoSuchMethodError'{0x0000000082ebad70}: 'void java.lang.invoke.DirectMethodHandle$Holder.invokeStaticInit(java.lang.Object, java.lang.Object, java.lang.Object, java.lang.Object)'> (0x0000000082ebad70) 
thrown [s\src\hotspot\share\interpreter\linkResolver.cpp, line 784]
Event: 4.748 Thread 0x000001613b3a8620 Exception <a 'java/lang/NoSuchMethodError'{0x0000000082edc8e8}: 'void java.lang.invoke.DirectMethodHandle$Holder.invokeStaticInit(java.lang.Object, java.lang.Object, java.lang.Object, java.lang.Object, java.lang.Object)'> (0x0000000082edc8e8) 
thrown [s\src\hotspot\share\interpreter\linkResolver.cpp, line 784]

ZGC Phase Switch (0 events):
No events

VM Operations (20 events):
Event: 4.287 Executing VM operation: G1PauseCleanup done
Event: 4.415 Executing VM operation: HandshakeAllThreads (Deoptimize)
Event: 4.415 Executing VM operation: HandshakeAllThreads (Deoptimize) done
Event: 4.419 Executing VM operation: HandshakeAllThreads (Deoptimize)
Event: 4.419 Executing VM operation: HandshakeAllThreads (Deoptimize) done
Event: 4.430 Executing VM operation: HandshakeAllThreads (Deoptimize)
Event: 4.430 Executing VM operation: HandshakeAllThreads (Deoptimize) done
Event: 4.431 Executing VM operation: HandshakeAllThreads (Deoptimize)
Event: 4.432 Executing VM operation: HandshakeAllThreads (Deoptimize) done
Event: 4.538 Executing VM operation: HandshakeAllThreads (Deoptimize)
Event: 4.538 Executing VM operation: HandshakeAllThreads (Deoptimize) done
Event: 4.539 Executing VM operation: HandshakeAllThreads (Deoptimize)
Event: 4.539 Executing VM operation: HandshakeAllThreads (Deoptimize) done
Event: 4.700 Executing VM operation: HandshakeAllThreads (Deoptimize)
Event: 4.700 Executing VM operation: HandshakeAllThreads (Deoptimize) done
Event: 4.818 Executing VM operation: ICBufferFull
Event: 4.818 Executing VM operation: ICBufferFull done
Event: 4.867 Executing VM operation: HandshakeAllThreads (Deoptimize)
Event: 4.868 Executing VM operation: HandshakeAllThreads (Deoptimize) done
Event: 5.872 Executing VM operation: Cleanup

Memory protections (0 events):
No events

Nmethod flushes (20 events):
Event: 4.282 Thread 0x000001613443e6c0 flushing  nmethod 0x00000161267f5610
Event: 4.282 Thread 0x000001613443e6c0 flushing  nmethod 0x00000161267f8910
Event: 4.282 Thread 0x000001613443e6c0 flushing  nmethod 0x000001612687ba10
Event: 4.282 Thread 0x000001613443e6c0 flushing  nmethod 0x000001611ebf7a10
Event: 4.282 Thread 0x000001613443e6c0 flushing  nmethod 0x000001611ebf9e10
Event: 4.282 Thread 0x000001613443e6c0 flushing  nmethod 0x000001611ec58410
Event: 4.282 Thread 0x000001613443e6c0 flushing  nmethod 0x000001611ec59010
Event: 4.282 Thread 0x000001613443e6c0 flushing  nmethod 0x000001611ec59790
Event: 4.282 Thread 0x000001613443e6c0 flushing  nmethod 0x000001611ecde290
Event: 4.282 Thread 0x000001613443e6c0 flushing  nmethod 0x000001611ece0b10
Event: 4.282 Thread 0x000001613443e6c0 flushing  nmethod 0x000001611ece8410
Event: 4.282 Thread 0x000001613443e6c0 flushing  nmethod 0x000001611ece8e10
Event: 4.282 Thread 0x000001613443e6c0 flushing  nmethod 0x000001611eceab90
Event: 4.282 Thread 0x000001613443e6c0 flushing  nmethod 0x000001611eceb390
Event: 4.282 Thread 0x000001613443e6c0 flushing  nmethod 0x000001611ecec410
Event: 4.282 Thread 0x000001613443e6c0 flushing  nmethod 0x000001611ececc90
Event: 4.282 Thread 0x000001613443e6c0 flushing  nmethod 0x000001611eced090
Event: 4.282 Thread 0x000001613443e6c0 flushing  nmethod 0x000001611eced590
Event: 4.282 Thread 0x000001613443e6c0 flushing  nmethod 0x000001611edace10
Event: 4.282 Thread 0x000001613443e6c0 flushing  nmethod 0x000001611edad310

Events (20 events):
Event: 2.136 Thread 0x000001613b0e35d0 Thread added: 0x000001613af8aae0
Event: 2.139 Thread 0x000001613af8aae0 Thread added: 0x000001613b04dd50
Event: 2.184 Thread 0x000001613af8aae0 Thread added: 0x000001613b3a7020
Event: 2.194 Thread 0x000001613af8aae0 Thread added: 0x000001613b3a8620
Event: 2.204 Thread 0x000001613b3a8620 Thread added: 0x000001613b3af0b0
Event: 2.207 Thread 0x000001613b3a8620 Thread added: 0x000001613b3b1810
Event: 2.210 Thread 0x000001613b3a8620 Thread added: 0x000001613b3b0af0
Event: 2.622 Thread 0x000001613495abc0 Thread exited: 0x000001613495abc0
Event: 2.675 Thread 0x000001613b3a8620 Thread added: 0x000001613b3ae390
Event: 2.686 Thread 0x000001613b3a8620 Thread added: 0x000001613b3aea20
Event: 2.717 Thread 0x000001613b3a8620 Thread added: 0x000001613b3af740
Event: 2.776 Thread 0x00000161348139d0 Thread added: 0x000001613b601d20
Event: 2.996 Thread 0x000001613480eef0 Thread added: 0x000001613babc3a0
Event: 3.646 Thread 0x000001613a0731e0 Thread added: 0x000001613df8ed00
Event: 3.990 Thread 0x000001613b3a8620 Thread added: 0x000001613b3b1180
Event: 4.011 Thread 0x000001613b3a8620 Thread added: 0x000001613b3b0460
Event: 4.232 Thread 0x000001613b3a8620 Thread added: 0x000001613f45ba70
Event: 4.237 Thread 0x000001613b3a8620 Thread added: 0x000001613f45ce20
Event: 4.484 Thread 0x000001613b3a8620 Thread added: 0x000001613f45e1d0
Event: 4.524 Thread 0x000001613b3a8620 Thread added: 0x000001613f45d4b0


Dynamic libraries:
0x00007ff7e46f0000 - 0x00007ff7e46fa000 	C:\Program Files\Android\Android Studio\jbr\bin\java.exe
0x00007ff8b86a0000 - 0x00007ff8b8907000 	C:\WINDOWS\SYSTEM32\ntdll.dll
0x00007ff8b7290000 - 0x00007ff8b7359000 	C:\WINDOWS\System32\KERNEL32.DLL
0x00007ff8b53a0000 - 0x00007ff8b5794000 	C:\WINDOWS\System32\KERNELBASE.dll
0x00007ff8b4f70000 - 0x00007ff8b50bb000 	C:\WINDOWS\System32\ucrtbase.dll
0x00007ff89f100000 - 0x00007ff89f11b000 	C:\Program Files\Android\Android Studio\jbr\bin\VCRUNTIME140.dll
0x00007ff87ee70000 - 0x00007ff87ee88000 	C:\Program Files\Android\Android Studio\jbr\bin\jli.dll
0x00007ff8b7aa0000 - 0x00007ff8b7c65000 	C:\WINDOWS\System32\USER32.dll
0x00007ff89d350000 - 0x00007ff89d5e3000 	C:\WINDOWS\WinSxS\amd64_microsoft.windows.common-controls_6595b64144ccf1df_6.0.26100.8115_none_3e075c82e3354f9c\COMCTL32.dll
0x00007ff8b5370000 - 0x00007ff8b5397000 	C:\WINDOWS\System32\win32u.dll
0x00007ff8b7720000 - 0x00007ff8b77c9000 	C:\WINDOWS\System32\msvcrt.dll
0x00007ff8b77d0000 - 0x00007ff8b77fb000 	C:\WINDOWS\System32\GDI32.dll
0x00007ff8b5240000 - 0x00007ff8b536b000 	C:\WINDOWS\System32\gdi32full.dll
0x00007ff8b6230000 - 0x00007ff8b62d3000 	C:\WINDOWS\System32\msvcp_win.dll
0x00007ff8b7250000 - 0x00007ff8b7282000 	C:\WINDOWS\System32\IMM32.DLL
0x00007ff89f0f0000 - 0x00007ff89f0fc000 	C:\Program Files\Android\Android Studio\jbr\bin\vcruntime140_1.dll
0x00007ffff8c20000 - 0x00007ffff8cad000 	C:\Program Files\Android\Android Studio\jbr\bin\msvcp140.dll
0x00007fffdcfe0000 - 0x00007fffddc76000 	C:\Program Files\Android\Android Studio\jbr\bin\server\jvm.dll
0x00007ff8b7800000 - 0x00007ff8b78b6000 	C:\WINDOWS\System32\ADVAPI32.dll
0x00007ff8b7d00000 - 0x00007ff8b7da7000 	C:\WINDOWS\System32\sechost.dll
0x00007ff8b80b0000 - 0x00007ff8b81c8000 	C:\WINDOWS\System32\RPCRT4.dll
0x00007ff8b7eb0000 - 0x00007ff8b7f30000 	C:\WINDOWS\System32\WS2_32.dll
0x00007ff8b4dd0000 - 0x00007ff8b4e2e000 	C:\WINDOWS\SYSTEM32\POWRPROF.dll
0x00007ff8a90c0000 - 0x00007ff8a90f6000 	C:\WINDOWS\SYSTEM32\WINMM.dll
0x00007ff8ae5e0000 - 0x00007ff8ae5eb000 	C:\WINDOWS\SYSTEM32\VERSION.dll
0x00007ff8b4db0000 - 0x00007ff8b4dc4000 	C:\WINDOWS\SYSTEM32\UMPDC.dll
0x00007ff8b3d00000 - 0x00007ff8b3d1b000 	C:\WINDOWS\SYSTEM32\kernel.appcore.dll
0x00007ff87cab0000 - 0x00007ff87caba000 	C:\Program Files\Android\Android Studio\jbr\bin\jimage.dll
0x00007ff8b3110000 - 0x00007ff8b3352000 	C:\WINDOWS\SYSTEM32\DBGHELP.DLL
0x00007ff8b7360000 - 0x00007ff8b76e2000 	C:\WINDOWS\System32\combase.dll
0x00007ff8b7f40000 - 0x00007ff8b8018000 	C:\WINDOWS\System32\OLEAUT32.dll
0x00007ff88a330000 - 0x00007ff88a36b000 	C:\WINDOWS\SYSTEM32\dbgcore.DLL
0x00007ff8b57a0000 - 0x00007ff8b5845000 	C:\WINDOWS\System32\bcryptPrimitives.dll
0x00007ff899570000 - 0x00007ff89957e000 	C:\Program Files\Android\Android Studio\jbr\bin\instrument.dll
0x00007ff87ca60000 - 0x00007ff87ca80000 	C:\Program Files\Android\Android Studio\jbr\bin\java.dll
0x00007ff87ca40000 - 0x00007ff87ca58000 	C:\Program Files\Android\Android Studio\jbr\bin\zip.dll
0x00007ff8b68c0000 - 0x00007ff8b7027000 	C:\WINDOWS\System32\SHELL32.dll
0x00007ff8b60c0000 - 0x00007ff8b622a000 	C:\WINDOWS\System32\wintypes.dll
0x00007ff8b5850000 - 0x00007ff8b60b8000 	C:\WINDOWS\System32\windows.storage.dll
0x00007ff8b6500000 - 0x00007ff8b65f8000 	C:\WINDOWS\System32\SHCORE.dll
0x00007ff8b6610000 - 0x00007ff8b6676000 	C:\WINDOWS\System32\shlwapi.dll
0x00007ff8b4e90000 - 0x00007ff8b4eb9000 	C:\WINDOWS\SYSTEM32\profapi.dll
0x00007ff87ca30000 - 0x00007ff87ca40000 	C:\Program Files\Android\Android Studio\jbr\bin\net.dll
0x00007ff8ae9f0000 - 0x00007ff8aeb1d000 	C:\WINDOWS\SYSTEM32\WINHTTP.dll
0x00007ff8b4270000 - 0x00007ff8b42dc000 	C:\WINDOWS\system32\mswsock.dll
0x00007ff878630000 - 0x00007ff878646000 	C:\Program Files\Android\Android Studio\jbr\bin\nio.dll
0x00007ff86dcd0000 - 0x00007ff86dce0000 	C:\Program Files\Android\Android Studio\jbr\bin\verify.dll
0x00007ff893a10000 - 0x00007ff893a37000 	C:\Users\pewie\.gradle\native\1def1411415f61bf3af743bc5b6707747c0891f09f0c88961ee8f79bc544acac\windows-amd64\native-platform.dll
0x00007ff864d20000 - 0x00007ff864d98000 	C:\Users\pewie\.gradle\native\0.2.7\x86_64-windows-gnu\gradle-fileevents.dll
0x00007ff872cc0000 - 0x00007ff872cc9000 	C:\Program Files\Android\Android Studio\jbr\bin\management.dll
0x00007ff872cb0000 - 0x00007ff872cbb000 	C:\Program Files\Android\Android Studio\jbr\bin\management_ext.dll
0x00007ff8b7c70000 - 0x00007ff8b7c78000 	C:\WINDOWS\System32\PSAPI.DLL
0x00007ff8b36b0000 - 0x00007ff8b36e2000 	C:\WINDOWS\SYSTEM32\IPHLPAPI.DLL
0x00007ff8b6860000 - 0x00007ff8b686a000 	C:\WINDOWS\System32\NSI.dll
0x00007ff87ca20000 - 0x00007ff87ca29000 	C:\Program Files\Android\Android Studio\jbr\bin\extnet.dll
0x00007ff8b4550000 - 0x00007ff8b456b000 	C:\WINDOWS\SYSTEM32\CRYPTSP.dll
0x00007ff8b3c60000 - 0x00007ff8b3c99000 	C:\WINDOWS\system32\rsaenh.dll
0x00007ff8b4320000 - 0x00007ff8b4353000 	C:\WINDOWS\SYSTEM32\USERENV.dll
0x00007ff8b4e60000 - 0x00007ff8b4e8a000 	C:\WINDOWS\SYSTEM32\bcrypt.dll
0x00007ff8b4570000 - 0x00007ff8b457c000 	C:\WINDOWS\SYSTEM32\CRYPTBASE.dll
0x00007ff867ab0000 - 0x00007ff867ab8000 	C:\WINDOWS\system32\wshunix.dll

JVMTI agents:
C:\Users\pewie\.gradle\wrapper\dists\gradle-8.13-bin\5xuhj0ry160q40clulazy9h7d\gradle-8.13\lib\agents\gradle-instrumentation-agent-8.13.jar path:C:\Program Files\Android\Android Studio\jbr\bin\instrument.dll, loaded, initialized, instrumentlib options:none

dbghelp: loaded successfully - version: 4.0.5 - missing functions: none
symbol engine: initialized successfully - sym options: 0x614 - pdb path: .;C:\Program Files\Android\Android Studio\jbr\bin;C:\WINDOWS\SYSTEM32;C:\WINDOWS\WinSxS\amd64_microsoft.windows.common-controls_6595b64144ccf1df_6.0.26100.8115_none_3e075c82e3354f9c;C:\Program Files\Android\Android Studio\jbr\bin\server;C:\Users\pewie\.gradle\native\1def1411415f61bf3af743bc5b6707747c0891f09f0c88961ee8f79bc544acac\windows-amd64;C:\Users\pewie\.gradle\native\0.2.7\x86_64-windows-gnu

VM Arguments:
jvm_args: --add-opens=java.base/java.lang=ALL-UNNAMED --add-opens=java.base/java.lang.invoke=ALL-UNNAMED --add-opens=java.base/java.util=ALL-UNNAMED --add-opens=java.prefs/java.util.prefs=ALL-UNNAMED --add-exports=jdk.compiler/com.sun.tools.javac.api=ALL-UNNAMED --add-exports=jdk.compiler/com.sun.tools.javac.util=ALL-UNNAMED --add-opens=java.base/java.util=ALL-UNNAMED --add-opens=java.prefs/java.util.prefs=ALL-UNNAMED --add-opens=java.base/java.nio.charset=ALL-UNNAMED --add-opens=java.base/java.net=ALL-UNNAMED --add-opens=java.base/java.util.concurrent.atomic=ALL-UNNAMED --add-opens=java.xml/javax.xml.namespace=ALL-UNNAMED -Xmx2048m -Dfile.encoding=UTF-8 -Duser.country=PL -Duser.language=pl -Duser.variant -javaagent:C:\Users\pewie\.gradle\wrapper\dists\gradle-8.13-bin\5xuhj0ry160q40clulazy9h7d\gradle-8.13\lib\agents\gradle-instrumentation-agent-8.13.jar 
java_command: org.gradle.launcher.daemon.bootstrap.GradleDaemon 8.13
java_class_path (initial): C:\Users\pewie\.gradle\wrapper\dists\gradle-8.13-bin\5xuhj0ry160q40clulazy9h7d\gradle-8.13\lib\gradle-daemon-main-8.13.jar
Launcher Type: SUN_STANDARD

[Global flags]
     intx CICompilerCount                          = 12                                        {product} {ergonomic}
     uint ConcGCThreads                            = 3                                         {product} {ergonomic}
     uint G1ConcRefinementThreads                  = 13                                        {product} {ergonomic}
   size_t G1HeapRegionSize                         = 1048576                                   {product} {ergonomic}
    uintx GCDrainStackTargetSize                   = 64                                        {product} {ergonomic}
   size_t InitialHeapSize                          = 132120576                                 {product} {ergonomic}
   size_t MarkStackSize                            = 4194304                                   {product} {ergonomic}
   size_t MaxHeapSize                              = 2147483648                                {product} {command line}
   size_t MaxNewSize                               = 1287651328                                {product} {ergonomic}
   size_t MinHeapDeltaBytes                        = 1048576                                   {product} {ergonomic}
   size_t MinHeapSize                              = 8388608                                   {product} {ergonomic}
    uintx NonNMethodCodeHeapSize                   = 7602480                                {pd product} {ergonomic}
    uintx NonProfiledCodeHeapSize                  = 122027880                              {pd product} {ergonomic}
    uintx ProfiledCodeHeapSize                     = 122027880                              {pd product} {ergonomic}
    uintx ReservedCodeCacheSize                    = 251658240                              {pd product} {ergonomic}
     bool SegmentedCodeCache                       = true                                      {product} {ergonomic}
   size_t SoftMaxHeapSize                          = 2147483648                             {manageable} {ergonomic}
     bool UseCompressedOops                        = true                           {product lp64_product} {ergonomic}
     bool UseG1GC                                  = true                                      {product} {ergonomic}
     bool UseLargePagesIndividualAllocation        = false                                  {pd product} {ergonomic}

Logging:
Log output configuration:
 #0: stdout all=warning uptime,level,tags foldmultilines=false
 #1: stderr all=off uptime,level,tags foldmultilines=false

Environment Variables:
PATH=C:\Program Files\Microsoft MPI\Bin\;C:\Program Files\Common Files\Oracle\Java\javapath;C:\Program Files (x86)\Common Files\Oracle\Java\java8path;C:\Program Files (x86)\Common Files\Oracle\Java\javapath;C:\Windows\system32;C:\Windows;C:\Windows\System32\Wbem;C:\Windows\System32\WindowsPowerShell\v1.0\;C:\Windows\System32\OpenSSH\;C:\Program Files (x86)\NVIDIA Corporation\PhysX\Common;C:\Program Files\NVIDIA Corporation\NVIDIA NvDLISR;C:\WINDOWS\system32;C:\WINDOWS;C:\WINDOWS\System32\Wbem;C:\WINDOWS\System32\WindowsPowerShell\v1.0\;C:\WINDOWS\System32\OpenSSH\;C:\Program Files (x86)\Microsoft SQL Server\160\Tools\Binn\;C:\Program Files\Microsoft SQL Server\160\Tools\Binn\;C:\Program Files\Microsoft SQL Server\Client SDK\ODBC\170\Tools\Binn\;C:\Program Files\Microsoft SQL Server\160\DTS\Binn\;C:\Program Files\dotnet\;C:\xampp\php;C:\ProgramData\ComposerSetup\bin;C:\Program Files\nodejs\;C:\Program Files\Git\cmd;C:\Program Files (x86)\Microsoft SQL Server\160\DTS\Binn\;C:\Program Files\Microsoft SQL Server\150\Tools\Binn\;C:\Program Files\PostgreSQL\18\bin;C:\Program Files\Docker\Docker\resources\bin;C:\Program Files (x86)\Windows Kits\10\Windows Performance Toolkit\;C:\Users\pewie\.cargo\bin;C:\Ruby34-x64\bin;C:\Users\pewie\AppData\Local\Programs\Python\Python313\Scripts\;C:\Users\pewie\AppData\Local\Programs\Python\Python313\;C:\Users\pewie\AppData\Local\Programs\Python\Launcher\;C:\Users\pewie\AppData\Local\Microsoft\WindowsApps;C:\Users\pewie\.dotnet\tools;C:\Users\pewie\AppData\Roaming\Composer\vendor\bin;C:\Users\pewie\AppData\Roaming\npm;C:\Users\pewie\AppData\Local\Programs\Microsoft VS Code\bin;C:\Users\pewie\AppData\Local\Programs\Antigravity\bin;C:\flutter\bin
USERNAME=pewie
OS=Windows_NT
PROCESSOR_IDENTIFIER=AMD64 Family 23 Model 96 Stepping 1, AuthenticAMD
TMP=C:\Users\pewie\AppData\Local\Temp
TEMP=C:\Users\pewie\AppData\Local\Temp




Periodic native trim disabled

JNI global refs:
JNI global refs: 34, weak refs: 0

JNI global refs memory usage: 835, weak refs: 833

Process memory usage:
Resident Set Size: 267160K (3% of 8254788K total physical memory with 1013244K free physical memory)

OOME stack traces (most recent first):
Classloader memory used:
Loader bootstrap                                                                       : 19594K
Loader org.gradle.internal.classloader.VisitableURLClassLoader                         : 19275K
Loader org.gradle.initialization.MixInLegacyTypesClassLoader                           : 2582K
Loader jdk.internal.loader.ClassLoaders$AppClassLoader                                 : 235K
Loader jdk.internal.loader.ClassLoaders$PlatformClassLoader                            : 148K
Loader org.gradle.groovy.scripts.internal.DefaultScriptCompilationHandler$ScriptClassLoader: 6352B

Classes loaded by more than one classloader:
Class org.gradle.internal.classloader.FilteringClassLoader                            : loaded 2 times (x 105B)
Class org.gradle.internal.classloader.ClassLoaderHierarchy                            : loaded 2 times (x 70B)
Class org.gradle.api.internal.classpath.ManifestUtil                                  : loaded 2 times (x 71B)
Class org.gradle.internal.classloader.DefaultClassLoaderFactory                       : loaded 2 times (x 82B)
Class org.gradle.internal.classloader.ClassLoaderVisitor                              : loaded 2 times (x 76B)
Class org.gradle.api.internal.classpath.EffectiveClassPath                            : loaded 2 times (x 90B)
Class org.gradle.api.internal.DefaultClassPathProvider                                : loaded 2 times (x 76B)
Class [Lorg.gradle.api.internal.ClassPathProvider;                                    : loaded 2 times (x 69B)
Class org.gradle.api.internal.ClassPathProvider                                       : loaded 2 times (x 70B)
Class org.gradle.internal.service.UnknownServiceException                             : loaded 2 times (x 83B)
Class org.gradle.internal.classpath.TransformedClassPath                              : loaded 2 times (x 96B)
Class org.gradle.internal.classloader.InstrumentingClassLoader                        : loaded 2 times (x 70B)
Class org.gradle.internal.service.ServiceLocator                                      : loaded 2 times (x 70B)
Class org.gradle.internal.InternalTransformer                                         : loaded 2 times (x 70B)
Class org.gradle.internal.classloader.ClasspathUtil$1                                 : loaded 2 times (x 76B)
Class org.gradle.api.internal.classpath.DefaultModuleRegistry$DefaultModule           : loaded 2 times (x 86B)
Class org.gradle.api.internal.classpath.Module                                        : loaded 2 times (x 70B)
Class org.gradle.api.internal.classpath.UnknownModuleException                        : loaded 2 times (x 82B)
Class org.gradle.api.internal.DefaultClassPathRegistry                                : loaded 2 times (x 76B)
Class org.gradle.api.internal.ClassPathRegistry                                       : loaded 2 times (x 70B)
Class org.gradle.internal.classpath.DefaultClassPath$ImmutableUniqueList              : loaded 2 times (x 199B)
Class org.gradle.internal.classpath.ClassPath                                         : loaded 2 times (x 70B)
Class org.gradle.api.UncheckedIOException                                             : loaded 2 times (x 82B)
Class org.gradle.internal.installation.GradleInstallation$1                           : loaded 2 times (x 75B)
Class org.gradle.api.internal.classpath.ModuleRegistry                                : loaded 2 times (x 70B)
Class org.gradle.api.internal.classpath.DefaultModuleRegistry                         : loaded 2 times (x 86B)
Class org.gradle.internal.service.ServiceLookupException                              : loaded 2 times (x 82B)
Class org.gradle.internal.classloader.ClassLoaderFactory                              : loaded 2 times (x 70B)
Class org.gradle.internal.service.CachingServiceLocator                               : loaded 2 times (x 82B)
Class org.gradle.internal.classloader.ClasspathUtil                                   : loaded 2 times (x 71B)
Class org.gradle.api.specs.Spec                                                       : loaded 2 times (x 70B)
Class org.gradle.internal.classloader.VisitableURLClassLoader$InstrumentingVisitableURLClassLoader: loaded 2 times (x 123B)
Class org.gradle.internal.classloader.VisitableURLClassLoader$Spec                    : loaded 2 times (x 74B)
Class org.gradle.internal.classpath.DefaultClassPath                                  : loaded 2 times (x 90B)
Class org.gradle.internal.classloader.ClassLoaderSpec                                 : loaded 2 times (x 71B)
Class org.gradle.internal.classloader.VisitableURLClassLoader                         : loaded 2 times (x 117B)
Class org.gradle.internal.Cast                                                        : loaded 2 times (x 71B)
Class org.gradle.api.Action                                                           : loaded 2 times (x 70B)
Class org.gradle.internal.classpath.DefaultClassPath$ImmutableUniqueList$Builder      : loaded 2 times (x 75B)
Class org.gradle.api.GradleException                                                  : loaded 2 times (x 82B)
Class org.gradle.internal.IoActions                                                   : loaded 2 times (x 71B)
Class org.gradle.internal.classloader.SystemClassLoaderSpec                           : loaded 2 times (x 71B)
Class org.gradle.api.internal.classpath.GlobalCacheRootsProvider                      : loaded 2 times (x 70B)
Class org.gradle.internal.installation.CurrentGradleInstallationLocator               : loaded 2 times (x 71B)
Class org.gradle.internal.service.DefaultServiceLocator                               : loaded 2 times (x 83B)
Class org.gradle.internal.installation.CurrentGradleInstallation                      : loaded 2 times (x 73B)
Class org.gradle.util.internal.GUtil                                                  : loaded 2 times (x 71B)
Class org.gradle.internal.installation.GradleInstallation                             : loaded 2 times (x 75B)

---------------  S Y S T E M  ---------------

OS:
 Windows 11 , 64 bit Build 26100 (10.0.26100.8246)
OS uptime: 12 days 5:43 hours
Hyper-V role detected

CPU: total 16 (initial active 16) (16 cores per cpu, 2 threads per core) family 23 model 96 stepping 1 microcode 0x8600104, cx8, cmov, fxsr, ht, mmx, 3dnowpref, sse, sse2, sse3, ssse3, sse4a, sse4.1, sse4.2, popcnt, lzcnt, tsc, tscinvbit, avx, avx2, aes, clmul, bmi1, bmi2, adx, sha, fma, vzeroupper, clflush, clflushopt, hv, rdtscp, rdpid, f16c
Processor Information for the first 16 processors :
  Max Mhz: 2900, Current Mhz: 2900, Mhz Limit: 2900

Memory: 4k page, system-wide physical 8061M (986M free)
TotalPageFile size 26811M (AvailPageFile size 12M)
current process WorkingSet (physical memory assigned to process): 263M, peak: 273M
current process commit charge ("private bytes"): 311M, peak: 321M

vm_info: OpenJDK 64-Bit Server VM (21.0.8+-14018985-b1038.68) for windows-amd64 JRE (21.0.8+-14018985-b1038.68), built on 2025-08-29T19:56:34Z by "builder" with MS VC++ 16.10 / 16.11 (VS2019)

END.
