#
# There is insufficient memory for the Java Runtime Environment to continue.
# Native memory allocation (malloc) failed to allocate 1894128 bytes. Error detail: Chunk::new
# Possible reasons:
#   The system is out of physical RAM or swap space
#   This process is running with CompressedOops enabled, and the Java Heap may be blocking the growth of the native heap
# Possible solutions:
#   Reduce memory load on the system
#   Increase physical memory or swap space
#   Check if swap backing store is full
#   Decrease Java heap size (-Xmx/-Xms)
#   Decrease number of Java threads
#   Decrease Java thread stack sizes (-Xss)
#   Set larger code cache with -XX:ReservedCodeCacheSize=
#   JVM is running with Unscaled Compressed Oops mode in which the Java heap is
#     placed in the first 4GB address space. The Java Heap base address is the
#     maximum limit for the native heap growth. Please use -XX:HeapBaseMinAddress
#     to set the Java Heap base and to place the Java Heap above 4GB virtual address.
# This output file may be truncated or incomplete.
#
#  Out of Memory Error (arena.cpp:168), pid=18908, tid=28640
#
# JRE version: OpenJDK Runtime Environment (21.0.8) (build 21.0.8+-14018985-b1038.68)
# Java VM: OpenJDK 64-Bit Server VM (21.0.8+-14018985-b1038.68, mixed mode, tiered, compressed oops, compressed class ptrs, g1 gc, windows-amd64)
# No core dump will be written. Minidumps are not enabled by default on client versions of Windows
#

---------------  S U M M A R Y ------------

Command Line: --add-opens=java.base/java.lang=ALL-UNNAMED --add-opens=java.base/java.lang.invoke=ALL-UNNAMED --add-opens=java.base/java.util=ALL-UNNAMED --add-opens=java.prefs/java.util.prefs=ALL-UNNAMED --add-exports=jdk.compiler/com.sun.tools.javac.api=ALL-UNNAMED --add-exports=jdk.compiler/com.sun.tools.javac.util=ALL-UNNAMED --add-opens=java.base/java.util=ALL-UNNAMED --add-opens=java.prefs/java.util.prefs=ALL-UNNAMED --add-opens=java.base/java.nio.charset=ALL-UNNAMED --add-opens=java.base/java.net=ALL-UNNAMED --add-opens=java.base/java.util.concurrent.atomic=ALL-UNNAMED --add-opens=java.xml/javax.xml.namespace=ALL-UNNAMED -Xmx2048m -Dfile.encoding=UTF-8 -Duser.country=PL -Duser.language=pl -Duser.variant -javaagent:C:\Users\pewie\.gradle\wrapper\dists\gradle-8.13-bin\5xuhj0ry160q40clulazy9h7d\gradle-8.13\lib\agents\gradle-instrumentation-agent-8.13.jar org.gradle.launcher.daemon.bootstrap.GradleDaemon 8.13

Host: AMD Ryzen 7 4800H with Radeon Graphics         , 16 cores, 7G,  Windows 11 , 64 bit Build 26100 (10.0.26100.8246)
Time: Mon May  4 19:46:33 2026 elapsed time: 9.325053 seconds (0d 0h 0m 9s)

---------------  T H R E A D  ---------------

Current thread (0x0000026e221809e0):  JavaThread "C2 CompilerThread1" daemon [_thread_in_native, id=28640, stack(0x000000944bc00000,0x000000944bd00000) (1024K)]


Current CompileTask:
C2:9325 2875   !   4       java.lang.ClassLoader::loadClass (121 bytes)

Stack: [0x000000944bc00000,0x000000944bd00000]
Native frames: (J=compiled Java code, j=interpreted, Vv=VM code, C=native code)
V  [jvm.dll+0x6d68d9]
V  [jvm.dll+0x866693]
V  [jvm.dll+0x868c4e]
V  [jvm.dll+0x869333]
V  [jvm.dll+0x280566]
V  [jvm.dll+0xc07cd]
V  [jvm.dll+0xc0d03]
V  [jvm.dll+0x3b961b]
V  [jvm.dll+0x1dfd12]
V  [jvm.dll+0x2493a4]
V  [jvm.dll+0x248821]
V  [jvm.dll+0x1c73a4]
V  [jvm.dll+0x257f9e]
V  [jvm.dll+0x2564e6]
V  [jvm.dll+0x3f4696]
V  [jvm.dll+0x80eac8]
V  [jvm.dll+0x6d512d]
C  [ucrtbase.dll+0x37b0]
C  [KERNEL32.DLL+0x2e8d7]
C  [ntdll.dll+0x8c3fc]


---------------  P R O C E S S  ---------------

Threads class SMR info:
_java_thread_list=0x0000026e240b3040, length=28, elements={
0x0000026e030fa0d0, 0x0000026e1d7ad4b0, 0x0000026e1d7b05a0, 0x0000026e1d7da9b0,
0x0000026e1d7dc6a0, 0x0000026e1d7dd790, 0x0000026e1d7c28c0, 0x0000026e1d7e5e10,
0x0000026e1d7c3720, 0x0000026e1d7c77f0, 0x0000026e1d9a8bd0, 0x0000026e1d8adba0,
0x0000026e23019630, 0x0000026e23781e00, 0x0000026e1d8ae230, 0x0000026e1d8ac160,
0x0000026e221809e0, 0x0000026e1d8ac7f0, 0x0000026e1d8aef50, 0x0000026e1d8ad510,
0x0000026e1d8ae8c0, 0x0000026e221d88d0, 0x0000026e221d95f0, 0x0000026e221da9a0,
0x0000026e221db030, 0x0000026e221d8f60, 0x0000026e221d9c80, 0x0000026e221da310
}

Java Threads: ( => current thread )
  0x0000026e030fa0d0 JavaThread "main"                              [_thread_blocked, id=27896, stack(0x0000009449d00000,0x0000009449e00000) (1024K)]
  0x0000026e1d7ad4b0 JavaThread "Common-Cleaner"             daemon [_thread_blocked, id=27924, stack(0x000000944a500000,0x000000944a600000) (1024K)]
  0x0000026e1d7b05a0 JavaThread "Reference Handler"          daemon [_thread_blocked, id=34596, stack(0x000000944a600000,0x000000944a700000) (1024K)]
  0x0000026e1d7da9b0 JavaThread "Finalizer"                  daemon [_thread_blocked, id=29176, stack(0x000000944a700000,0x000000944a800000) (1024K)]
  0x0000026e1d7dc6a0 JavaThread "Signal Dispatcher"          daemon [_thread_blocked, id=24240, stack(0x000000944a800000,0x000000944a900000) (1024K)]
  0x0000026e1d7dd790 JavaThread "Attach Listener"            daemon [_thread_blocked, id=13636, stack(0x000000944a900000,0x000000944aa00000) (1024K)]
  0x0000026e1d7c28c0 JavaThread "Service Thread"             daemon [_thread_blocked, id=7120, stack(0x000000944aa00000,0x000000944ab00000) (1024K)]
  0x0000026e1d7e5e10 JavaThread "Monitor Deflation Thread"   daemon [_thread_blocked, id=24608, stack(0x000000944ab00000,0x000000944ac00000) (1024K)]
  0x0000026e1d7c3720 JavaThread "C2 CompilerThread0"         daemon [_thread_in_native, id=1984, stack(0x000000944ac00000,0x000000944ad00000) (1024K)]
  0x0000026e1d7c77f0 JavaThread "C1 CompilerThread0"         daemon [_thread_blocked, id=33676, stack(0x000000944ad00000,0x000000944ae00000) (1024K)]
  0x0000026e1d9a8bd0 JavaThread "C1 CompilerThread1"         daemon [_thread_blocked, id=34344, stack(0x000000944ae00000,0x000000944af00000) (1024K)]
  0x0000026e1d8adba0 JavaThread "Notification Thread"        daemon [_thread_blocked, id=6268, stack(0x000000944af00000,0x000000944b000000) (1024K)]
  0x0000026e23019630 JavaThread "C1 CompilerThread2"         daemon [_thread_blocked, id=20108, stack(0x000000944b200000,0x000000944b300000) (1024K)]
  0x0000026e23781e00 JavaThread "C1 CompilerThread3"         daemon [_thread_blocked, id=16912, stack(0x000000944b000000,0x000000944b100000) (1024K)]
  0x0000026e1d8ae230 JavaThread "Daemon health stats"               [_thread_blocked, id=32728, stack(0x000000944ba00000,0x000000944bb00000) (1024K)]
  0x0000026e1d8ac160 JavaThread "Incoming local TCP Connector on port 56112"        [_thread_in_native, id=31436, stack(0x000000944bb00000,0x000000944bc00000) (1024K)]
=>0x0000026e221809e0 JavaThread "C2 CompilerThread1"         daemon [_thread_in_native, id=28640, stack(0x000000944bc00000,0x000000944bd00000) (1024K)]
  0x0000026e1d8ac7f0 JavaThread "Daemon periodic checks"            [_thread_blocked, id=14348, stack(0x000000944be00000,0x000000944bf00000) (1024K)]
  0x0000026e1d8aef50 JavaThread "Daemon"                            [_thread_blocked, id=752, stack(0x000000944bf00000,0x000000944c000000) (1024K)]
  0x0000026e1d8ad510 JavaThread "Handler for socket connection from /127.0.0.1:56112 to /127.0.0.1:56113"        [_thread_in_native, id=30652, stack(0x000000944c000000,0x000000944c100000) (1024K)]
  0x0000026e1d8ae8c0 JavaThread "Cancel handler"                    [_thread_blocked, id=30272, stack(0x000000944c100000,0x000000944c200000) (1024K)]
  0x0000026e221d88d0 JavaThread "Daemon worker"                     [_thread_in_Java, id=32836, stack(0x000000944c200000,0x000000944c300000) (1024K)]
  0x0000026e221d95f0 JavaThread "Asynchronous log dispatcher for DefaultDaemonConnection: socket connection from /127.0.0.1:56112 to /127.0.0.1:56113"        [_thread_blocked, id=29304, stack(0x000000944c300000,0x000000944c400000) (1024K)]
  0x0000026e221da9a0 JavaThread "Stdin handler"                     [_thread_blocked, id=14504, stack(0x000000944c400000,0x000000944c500000) (1024K)]
  0x0000026e221db030 JavaThread "Daemon client event forwarder"        [_thread_blocked, id=22748, stack(0x000000944c500000,0x000000944c600000) (1024K)]
  0x0000026e221d8f60 JavaThread "Cache worker for journal cache (C:\Users\pewie\.gradle\caches\journal-1)"        [_thread_blocked, id=32608, stack(0x000000944cc00000,0x000000944cd00000) (1024K)]
  0x0000026e221d9c80 JavaThread "File lock request listener"        [_thread_in_native, id=23128, stack(0x000000944cd00000,0x000000944ce00000) (1024K)]
  0x0000026e221da310 JavaThread "Cache worker for file hash cache (C:\Users\pewie\.gradle\caches\8.13\fileHashes)"        [_thread_blocked, id=22000, stack(0x000000944ce00000,0x000000944cf00000) (1024K)]
Total: 28

Other Threads:
  0x0000026e1d5beba0 VMThread "VM Thread"                           [id=32788, stack(0x000000944a400000,0x000000944a500000) (1024K)]
  0x0000026e1d557880 WatcherThread "VM Periodic Task Thread"        [id=33864, stack(0x000000944a300000,0x000000944a400000) (1024K)]
  0x0000026e054687b0 WorkerThread "GC Thread#0"                     [id=22680, stack(0x0000009449e00000,0x0000009449f00000) (1024K)]
  0x0000026e2231d740 WorkerThread "GC Thread#1"                     [id=34636, stack(0x000000944b300000,0x000000944b400000) (1024K)]
  0x0000026e22836c20 WorkerThread "GC Thread#2"                     [id=13988, stack(0x000000944b400000,0x000000944b500000) (1024K)]
  0x0000026e2255db90 WorkerThread "GC Thread#3"                     [id=34584, stack(0x000000944b500000,0x000000944b600000) (1024K)]
  0x0000026e22ea11f0 WorkerThread "GC Thread#4"                     [id=28968, stack(0x000000944b700000,0x000000944b800000) (1024K)]
  0x0000026e2398f900 WorkerThread "GC Thread#5"                     [id=33724, stack(0x000000944b100000,0x000000944b200000) (1024K)]
  0x0000026e2398fca0 WorkerThread "GC Thread#6"                     [id=24908, stack(0x000000944b600000,0x000000944b700000) (1024K)]
  0x0000026e23991940 WorkerThread "GC Thread#7"                     [id=21488, stack(0x000000944b800000,0x000000944b900000) (1024K)]
  0x0000026e23991ce0 WorkerThread "GC Thread#8"                     [id=23852, stack(0x000000944b900000,0x000000944ba00000) (1024K)]
  0x0000026e238ed3c0 WorkerThread "GC Thread#9"                     [id=33376, stack(0x000000944c600000,0x000000944c700000) (1024K)]
  0x0000026e238ed760 WorkerThread "GC Thread#10"                    [id=11684, stack(0x000000944c700000,0x000000944c800000) (1024K)]
  0x0000026e238ec540 WorkerThread "GC Thread#11"                    [id=17644, stack(0x000000944c800000,0x000000944c900000) (1024K)]
  0x0000026e238ed020 WorkerThread "GC Thread#12"                    [id=16084, stack(0x000000944c900000,0x000000944ca00000) (1024K)]
  0x0000026e0547a4e0 ConcurrentGCThread "G1 Main Marker"            [id=27908, stack(0x0000009449f00000,0x000000944a000000) (1024K)]
  0x0000026e0547aef0 WorkerThread "G1 Conc#0"                       [id=27848, stack(0x000000944a000000,0x000000944a100000) (1024K)]
  0x0000026e238ec8e0 WorkerThread "G1 Conc#1"                       [id=1948, stack(0x000000944ca00000,0x000000944cb00000) (1024K)]
  0x0000026e238edb00 WorkerThread "G1 Conc#2"                       [id=8532, stack(0x000000944cb00000,0x000000944cc00000) (1024K)]
  0x0000026e1d4205d0 ConcurrentGCThread "G1 Refine#0"               [id=2392, stack(0x000000944a100000,0x000000944a200000) (1024K)]
  0x0000026e1d424e20 ConcurrentGCThread "G1 Service"                [id=26748, stack(0x000000944a200000,0x000000944a300000) (1024K)]
Total: 21

Threads with active compile tasks:
C2 CompilerThread0  9344 2928       4       java.lang.invoke.MethodType::makeImpl (109 bytes)
C2 CompilerThread1  9344 2875   !   4       java.lang.ClassLoader::loadClass (121 bytes)
Total: 2

VM state: not at safepoint (normal execution)

VM Mutex/Monitor currently owned by a thread: None

Heap address: 0x0000000080000000, size: 2048 MB, Compressed Oops mode: 32-bit

CDS archive(s) not mapped
Compressed class space mapped at: 0x0000000100000000-0x0000000140000000, reserved size: 1073741824
Narrow klass base: 0x0000000000000000, Narrow klass shift: 3, Narrow klass range: 0x140000000

GC Precious Log:
 CardTable entry size: 512
 Card Set container configuration: InlinePtr #cards 5 size 8 Array Of Cards #cards 12 size 40 Howl #buckets 4 coarsen threshold 1843 Howl Bitmap #cards 512 size 80 coarsen threshold 460 Card regions per heap region 1 cards per card region 2048
 CPUs: 16 total, 16 available
 Memory: 8061M
 Large Page Support: Disabled
 NUMA Support: Disabled
 Compressed Oops: Enabled (32-bit)
 Heap Region Size: 1M
 Heap Min Capacity: 8M
 Heap Initial Capacity: 126M
 Heap Max Capacity: 2G
 Pre-touch: Disabled
 Parallel Workers: 13
 Concurrent Workers: 3
 Concurrent Refinement Workers: 13
 Periodic GC: Disabled

Heap:
 garbage-first heap   total 71680K, used 52903K [0x0000000080000000, 0x0000000100000000)
  region size 1024K, 36 young (36864K), 3 survivors (3072K)
 Metaspace       used 27154K, committed 27648K, reserved 1114112K
  class space    used 3442K, committed 3648K, reserved 1048576K

Heap Regions: E=young(eden), S=young(survivor), O=old, HS=humongous(starts), HC=humongous(continues), CS=collection set, F=free, TAMS=top-at-mark-start, PB=parsable bottom
|   0|0x0000000080000000, 0x0000000080100000, 0x0000000080100000|100%|HS|  |TAMS 0x0000000080000000| PB 0x0000000080000000| Complete 
|   1|0x0000000080100000, 0x0000000080200000, 0x0000000080200000|100%|HC|  |TAMS 0x0000000080100000| PB 0x0000000080100000| Complete 
|   2|0x0000000080200000, 0x0000000080300000, 0x0000000080300000|100%|HC|  |TAMS 0x0000000080200000| PB 0x0000000080200000| Complete 
|   3|0x0000000080300000, 0x0000000080400000, 0x0000000080400000|100%| O|  |TAMS 0x0000000080300000| PB 0x0000000080300000| Untracked 
|   4|0x0000000080400000, 0x0000000080500000, 0x0000000080500000|100%| O|  |TAMS 0x0000000080400000| PB 0x0000000080400000| Untracked 
|   5|0x0000000080500000, 0x0000000080600000, 0x0000000080600000|100%| O|  |TAMS 0x0000000080500000| PB 0x0000000080500000| Untracked 
|   6|0x0000000080600000, 0x0000000080700000, 0x0000000080700000|100%|HS|  |TAMS 0x0000000080600000| PB 0x0000000080600000| Complete 
|   7|0x0000000080700000, 0x0000000080800000, 0x0000000080800000|100%| O|  |TAMS 0x0000000080700000| PB 0x0000000080700000| Untracked 
|   8|0x0000000080800000, 0x0000000080900000, 0x0000000080900000|100%| O|  |TAMS 0x0000000080800000| PB 0x0000000080800000| Untracked 
|   9|0x0000000080900000, 0x0000000080a00000, 0x0000000080a00000|100%| O|  |TAMS 0x0000000080900000| PB 0x0000000080900000| Untracked 
|  10|0x0000000080a00000, 0x0000000080b00000, 0x0000000080b00000|100%| O|  |TAMS 0x0000000080a00000| PB 0x0000000080a00000| Untracked 
|  11|0x0000000080b00000, 0x0000000080c00000, 0x0000000080c00000|100%| O|  |TAMS 0x0000000080b00000| PB 0x0000000080b00000| Untracked 
|  12|0x0000000080c00000, 0x0000000080d00000, 0x0000000080d00000|100%| O|  |TAMS 0x0000000080c00000| PB 0x0000000080c00000| Untracked 
|  13|0x0000000080d00000, 0x0000000080e00000, 0x0000000080e00000|100%| O|  |TAMS 0x0000000080d00000| PB 0x0000000080d00000| Untracked 
|  14|0x0000000080e00000, 0x0000000080f00000, 0x0000000080f00000|100%| O|  |TAMS 0x0000000080e00000| PB 0x0000000080e00000| Untracked 
|  15|0x0000000080f00000, 0x0000000081000000, 0x0000000081000000|100%| O|  |TAMS 0x0000000080f00000| PB 0x0000000080f00000| Untracked 
|  16|0x0000000081000000, 0x0000000081100000, 0x0000000081100000|100%| O|  |TAMS 0x0000000081000000| PB 0x0000000081000000| Untracked 
|  17|0x0000000081100000, 0x000000008115faa0, 0x0000000081200000| 37%| O|Cm|TAMS 0x0000000081100000| PB 0x0000000081100000| Complete 
|  18|0x0000000081200000, 0x0000000081200000, 0x0000000081300000|  0%| F|  |TAMS 0x0000000081200000| PB 0x0000000081200000| Untracked 
|  19|0x0000000081300000, 0x0000000081300000, 0x0000000081400000|  0%| F|  |TAMS 0x0000000081300000| PB 0x0000000081300000| Untracked 
|  20|0x0000000081400000, 0x0000000081400000, 0x0000000081500000|  0%| F|  |TAMS 0x0000000081400000| PB 0x0000000081400000| Untracked 
|  21|0x0000000081500000, 0x0000000081500000, 0x0000000081600000|  0%| F|  |TAMS 0x0000000081500000| PB 0x0000000081500000| Untracked 
|  22|0x0000000081600000, 0x0000000081600000, 0x0000000081700000|  0%| F|  |TAMS 0x0000000081600000| PB 0x0000000081600000| Untracked 
|  23|0x0000000081700000, 0x0000000081700000, 0x0000000081800000|  0%| F|  |TAMS 0x0000000081700000| PB 0x0000000081700000| Untracked 
|  24|0x0000000081800000, 0x0000000081800000, 0x0000000081900000|  0%| F|  |TAMS 0x0000000081800000| PB 0x0000000081800000| Untracked 
|  25|0x0000000081900000, 0x0000000081900000, 0x0000000081a00000|  0%| F|  |TAMS 0x0000000081900000| PB 0x0000000081900000| Untracked 
|  26|0x0000000081a00000, 0x0000000081a00000, 0x0000000081b00000|  0%| F|  |TAMS 0x0000000081a00000| PB 0x0000000081a00000| Untracked 
|  27|0x0000000081b00000, 0x0000000081b00000, 0x0000000081c00000|  0%| F|  |TAMS 0x0000000081b00000| PB 0x0000000081b00000| Untracked 
|  28|0x0000000081c00000, 0x0000000081c00000, 0x0000000081d00000|  0%| F|  |TAMS 0x0000000081c00000| PB 0x0000000081c00000| Untracked 
|  29|0x0000000081d00000, 0x0000000081d00000, 0x0000000081e00000|  0%| F|  |TAMS 0x0000000081d00000| PB 0x0000000081d00000| Untracked 
|  30|0x0000000081e00000, 0x0000000081e00000, 0x0000000081f00000|  0%| F|  |TAMS 0x0000000081e00000| PB 0x0000000081e00000| Untracked 
|  31|0x0000000081f00000, 0x0000000081f00000, 0x0000000082000000|  0%| F|  |TAMS 0x0000000081f00000| PB 0x0000000081f00000| Untracked 
|  32|0x0000000082000000, 0x0000000082000000, 0x0000000082100000|  0%| F|  |TAMS 0x0000000082000000| PB 0x0000000082000000| Untracked 
|  33|0x0000000082100000, 0x0000000082100000, 0x0000000082200000|  0%| F|  |TAMS 0x0000000082100000| PB 0x0000000082100000| Untracked 
|  34|0x0000000082200000, 0x00000000822dd570, 0x0000000082300000| 86%| E|  |TAMS 0x0000000082200000| PB 0x0000000082200000| Complete 
|  35|0x0000000082300000, 0x0000000082400000, 0x0000000082400000|100%| E|CS|TAMS 0x0000000082300000| PB 0x0000000082300000| Complete 
|  36|0x0000000082400000, 0x0000000082500000, 0x0000000082500000|100%| E|CS|TAMS 0x0000000082400000| PB 0x0000000082400000| Complete 
|  37|0x0000000082500000, 0x0000000082600000, 0x0000000082600000|100%| E|CS|TAMS 0x0000000082500000| PB 0x0000000082500000| Complete 
|  38|0x0000000082600000, 0x0000000082700000, 0x0000000082700000|100%| E|CS|TAMS 0x0000000082600000| PB 0x0000000082600000| Complete 
|  39|0x0000000082700000, 0x0000000082800000, 0x0000000082800000|100%| E|CS|TAMS 0x0000000082700000| PB 0x0000000082700000| Complete 
|  40|0x0000000082800000, 0x0000000082900000, 0x0000000082900000|100%| E|CS|TAMS 0x0000000082800000| PB 0x0000000082800000| Complete 
|  41|0x0000000082900000, 0x0000000082a00000, 0x0000000082a00000|100%| E|CS|TAMS 0x0000000082900000| PB 0x0000000082900000| Complete 
|  42|0x0000000082a00000, 0x0000000082b00000, 0x0000000082b00000|100%| E|CS|TAMS 0x0000000082a00000| PB 0x0000000082a00000| Complete 
|  43|0x0000000082b00000, 0x0000000082c00000, 0x0000000082c00000|100%| E|CS|TAMS 0x0000000082b00000| PB 0x0000000082b00000| Complete 
|  44|0x0000000082c00000, 0x0000000082d00000, 0x0000000082d00000|100%| E|CS|TAMS 0x0000000082c00000| PB 0x0000000082c00000| Complete 
|  45|0x0000000082d00000, 0x0000000082e00000, 0x0000000082e00000|100%| E|CS|TAMS 0x0000000082d00000| PB 0x0000000082d00000| Complete 
|  46|0x0000000082e00000, 0x0000000082f00000, 0x0000000082f00000|100%| E|CS|TAMS 0x0000000082e00000| PB 0x0000000082e00000| Complete 
|  47|0x0000000082f00000, 0x0000000083000000, 0x0000000083000000|100%| E|CS|TAMS 0x0000000082f00000| PB 0x0000000082f00000| Complete 
|  48|0x0000000083000000, 0x0000000083100000, 0x0000000083100000|100%| E|CS|TAMS 0x0000000083000000| PB 0x0000000083000000| Complete 
|  49|0x0000000083100000, 0x0000000083200000, 0x0000000083200000|100%| E|CS|TAMS 0x0000000083100000| PB 0x0000000083100000| Complete 
|  50|0x0000000083200000, 0x0000000083300000, 0x0000000083300000|100%| E|CS|TAMS 0x0000000083200000| PB 0x0000000083200000| Complete 
|  51|0x0000000083300000, 0x0000000083400000, 0x0000000083400000|100%| E|CS|TAMS 0x0000000083300000| PB 0x0000000083300000| Complete 
|  52|0x0000000083400000, 0x0000000083500000, 0x0000000083500000|100%| E|CS|TAMS 0x0000000083400000| PB 0x0000000083400000| Complete 
|  53|0x0000000083500000, 0x0000000083600000, 0x0000000083600000|100%| E|CS|TAMS 0x0000000083500000| PB 0x0000000083500000| Complete 
|  54|0x0000000083600000, 0x0000000083700000, 0x0000000083700000|100%| E|CS|TAMS 0x0000000083600000| PB 0x0000000083600000| Complete 
|  55|0x0000000083700000, 0x0000000083800000, 0x0000000083800000|100%| E|CS|TAMS 0x0000000083700000| PB 0x0000000083700000| Complete 
|  56|0x0000000083800000, 0x0000000083900000, 0x0000000083900000|100%| E|CS|TAMS 0x0000000083800000| PB 0x0000000083800000| Complete 
|  57|0x0000000083900000, 0x0000000083a00000, 0x0000000083a00000|100%| E|CS|TAMS 0x0000000083900000| PB 0x0000000083900000| Complete 
|  58|0x0000000083a00000, 0x0000000083b00000, 0x0000000083b00000|100%| E|CS|TAMS 0x0000000083a00000| PB 0x0000000083a00000| Complete 
|  59|0x0000000083b00000, 0x0000000083c00000, 0x0000000083c00000|100%| E|CS|TAMS 0x0000000083b00000| PB 0x0000000083b00000| Complete 
|  60|0x0000000083c00000, 0x0000000083d00000, 0x0000000083d00000|100%| E|CS|TAMS 0x0000000083c00000| PB 0x0000000083c00000| Complete 
|  61|0x0000000083d00000, 0x0000000083e00000, 0x0000000083e00000|100%| E|CS|TAMS 0x0000000083d00000| PB 0x0000000083d00000| Complete 
|  62|0x0000000083e00000, 0x0000000083f00000, 0x0000000083f00000|100%| E|CS|TAMS 0x0000000083e00000| PB 0x0000000083e00000| Complete 
|  63|0x0000000083f00000, 0x0000000084000000, 0x0000000084000000|100%| E|CS|TAMS 0x0000000083f00000| PB 0x0000000083f00000| Complete 
|  64|0x0000000084000000, 0x0000000084100000, 0x0000000084100000|100%| E|CS|TAMS 0x0000000084000000| PB 0x0000000084000000| Complete 
|  65|0x0000000084100000, 0x0000000084200000, 0x0000000084200000|100%| E|CS|TAMS 0x0000000084100000| PB 0x0000000084100000| Complete 
| 102|0x0000000086600000, 0x000000008664a3a8, 0x0000000086700000| 28%| S|CS|TAMS 0x0000000086600000| PB 0x0000000086600000| Complete 
| 103|0x0000000086700000, 0x0000000086800000, 0x0000000086800000|100%| S|CS|TAMS 0x0000000086700000| PB 0x0000000086700000| Complete 
| 104|0x0000000086800000, 0x0000000086900000, 0x0000000086900000|100%| S|CS|TAMS 0x0000000086800000| PB 0x0000000086800000| Complete 
| 125|0x0000000087d00000, 0x0000000087e00000, 0x0000000087e00000|100%| E|CS|TAMS 0x0000000087d00000| PB 0x0000000087d00000| Complete 

Card table byte_map: [0x0000026e181f0000,0x0000026e185f0000] _byte_map_base: 0x0000026e17df0000

Marking Bits: (CMBitMap*) 0x0000026e05468dc0
 Bits: [0x0000026e185f0000, 0x0000026e1a5f0000)

Polling page: 0x0000026e03230000

Metaspace:

Usage:
  Non-class:     23.17 MB used.
      Class:      3.36 MB used.
       Both:     26.54 MB used.

Virtual space:
  Non-class space:       64.00 MB reserved,      23.44 MB ( 37%) committed,  1 nodes.
      Class space:        1.00 GB reserved,       3.56 MB ( <1%) committed,  1 nodes.
             Both:        1.06 GB reserved,      27.00 MB (  2%) committed. 

Chunk freelists:
   Non-Class:  8.59 MB
       Class:  12.45 MB
        Both:  21.04 MB

MaxMetaspaceSize: unlimited
CompressedClassSpaceSize: 1.00 GB
Initial GC threshold: 21.00 MB
Current GC threshold: 35.25 MB
CDS: off
 - commit_granule_bytes: 65536.
 - commit_granule_words: 8192.
 - virtual_space_node_default_size: 8388608.
 - enlarge_chunks_in_place: 1.
 - use_allocation_guard: 0.


Internal statistics:

num_allocs_failed_limit: 3.
num_arena_births: 612.
num_arena_deaths: 0.
num_vsnodes_births: 2.
num_vsnodes_deaths: 0.
num_space_committed: 432.
num_space_uncommitted: 0.
num_chunks_returned_to_freelist: 3.
num_chunks_taken_from_freelist: 1264.
num_chunk_merges: 3.
num_chunk_splits: 811.
num_chunks_enlarged: 552.
num_inconsistent_stats: 0.

CodeHeap 'non-profiled nmethods': size=119168Kb used=1364Kb max_used=1364Kb free=117803Kb
 bounds [0x0000026e10100000, 0x0000026e10370000, 0x0000026e17560000]
CodeHeap 'profiled nmethods': size=119104Kb used=6110Kb max_used=6110Kb free=112993Kb
 bounds [0x0000026e08560000, 0x0000026e08b60000, 0x0000026e0f9b0000]
CodeHeap 'non-nmethods': size=7488Kb used=3154Kb max_used=3166Kb free=4333Kb
 bounds [0x0000026e0f9b0000, 0x0000026e0fd30000, 0x0000026e10100000]
CodeCache: size=245760Kb, used=10628Kb, max_used=10640Kb, free=235129Kb
 total_blobs=3575, nmethods=3008, adapters=468, full_count=0
Compilation: enabled, stopped_count=0, restarted_count=0

Compilation events (20 events):
Event: 8.271 Thread 0x0000026e1d9a8bd0 nmethod 2979 0x0000026e08b46a90 code [0x0000026e08b46c40, 0x0000026e08b46fa0]
Event: 8.271 Thread 0x0000026e1d7c77f0 nmethod 2978 0x0000026e08b47090 code [0x0000026e08b47260, 0x0000026e08b47710]
Event: 8.271 Thread 0x0000026e23781e00 nmethod 2980 0x0000026e08b47810 code [0x0000026e08b47aa0, 0x0000026e08b48278]
Event: 8.276 Thread 0x0000026e1d7c77f0 2981       3       java.util.HashMap::put (13 bytes)
Event: 8.277 Thread 0x0000026e1d7c77f0 nmethod 2981 0x0000026e08b48610 code [0x0000026e08b487e0, 0x0000026e08b48ae0]
Event: 8.277 Thread 0x0000026e1d9a8bd0 2982       3       jdk.internal.org.objectweb.asm.AnnotationWriter::putAnnotations (110 bytes)
Event: 8.277 Thread 0x0000026e1d9a8bd0 nmethod 2982 0x0000026e08b48c10 code [0x0000026e08b48e20, 0x0000026e08b49240]
Event: 8.291 Thread 0x0000026e22181090 2983       4       jdk.internal.org.objectweb.asm.Frame::pop (46 bytes)
Event: 8.291 Thread 0x0000026e23019630 2984       3       jdk.internal.org.objectweb.asm.AnnotationWriter::computeAnnotationsSize (42 bytes)
Event: 8.291 Thread 0x0000026e23019630 nmethod 2984 0x0000026e08b49510 code [0x0000026e08b496c0, 0x0000026e08b498f8]
Event: 8.291 Thread 0x0000026e22181090 nmethod 2983 0x0000026e10253290 code [0x0000026e10253420, 0x0000026e102534d8]
Event: 8.309 Thread 0x0000026e23019630 2986       3       java.lang.invoke.LambdaForm$Name::<init> (9 bytes)
Event: 8.309 Thread 0x0000026e23781e00 2987       3       java.lang.invoke.InvokerBytecodeGenerator::<init> (12 bytes)
Event: 8.309 Thread 0x0000026e1d7c77f0 2988       3       java.lang.invoke.InvokerBytecodeGenerator::generateCustomizedCodeBytes (37 bytes)
Event: 8.309 Thread 0x0000026e23019630 nmethod 2986 0x0000026e08b49a90 code [0x0000026e08b49c40, 0x0000026e08b49d90]
Event: 8.309 Thread 0x0000026e23019630 2989       3       java.lang.invoke.InvokerBytecodeGenerator::loadMethod (39 bytes)
Event: 8.309 Thread 0x0000026e23781e00 nmethod 2987 0x0000026e08b49e10 code [0x0000026e08b49fc0, 0x0000026e08b4a178]
Event: 8.309 Thread 0x0000026e1d7c77f0 nmethod 2988 0x0000026e08b4a290 code [0x0000026e08b4a4a0, 0x0000026e08b4a870]
Event: 8.310 Thread 0x0000026e23781e00 2992       3       java.lang.invoke.InvokerBytecodeGenerator::<init> (129 bytes)
Event: 8.310 Thread 0x0000026e23019630 nmethod 2989 0x0000026e08b4aa90 code [0x0000026e08b4ac80, 0x0000026e08b4af78]

GC Heap History (8 events):
Event: 2.662 GC heap before
{Heap before GC invocations=0 (full 0):
 garbage-first heap   total 129024K, used 22528K [0x0000000080000000, 0x0000000100000000)
  region size 1024K, 23 young (23552K), 0 survivors (0K)
 Metaspace       used 8143K, committed 8320K, reserved 1114112K
  class space    used 749K, committed 832K, reserved 1048576K
}
Event: 2.665 GC heap after
{Heap after GC invocations=1 (full 0):
 garbage-first heap   total 129024K, used 2325K [0x0000000080000000, 0x0000000100000000)
  region size 1024K, 3 young (3072K), 3 survivors (3072K)
 Metaspace       used 8143K, committed 8320K, reserved 1114112K
  class space    used 749K, committed 832K, reserved 1048576K
}
Event: 5.404 GC heap before
{Heap before GC invocations=1 (full 0):
 garbage-first heap   total 129024K, used 41237K [0x0000000080000000, 0x0000000100000000)
  region size 1024K, 39 young (39936K), 3 survivors (3072K)
 Metaspace       used 12431K, committed 12672K, reserved 1114112K
  class space    used 1353K, committed 1472K, reserved 1048576K
}
Event: 5.410 GC heap after
{Heap after GC invocations=2 (full 0):
 garbage-first heap   total 129024K, used 10665K [0x0000000080000000, 0x0000000100000000)
  region size 1024K, 5 young (5120K), 5 survivors (5120K)
 Metaspace       used 12431K, committed 12672K, reserved 1114112K
  class space    used 1353K, committed 1472K, reserved 1048576K
}
Event: 7.143 GC heap before
{Heap before GC invocations=2 (full 0):
 garbage-first heap   total 129024K, used 62889K [0x0000000080000000, 0x0000000100000000)
  region size 1024K, 54 young (55296K), 5 survivors (5120K)
 Metaspace       used 15374K, committed 15552K, reserved 1114112K
  class space    used 1753K, committed 1856K, reserved 1048576K
}
Event: 7.153 GC heap after
{Heap after GC invocations=3 (full 0):
 garbage-first heap   total 129024K, used 17985K [0x0000000080000000, 0x0000000100000000)
  region size 1024K, 6 young (6144K), 6 survivors (6144K)
 Metaspace       used 15374K, committed 15552K, reserved 1114112K
  class space    used 1753K, committed 1856K, reserved 1048576K
}
Event: 7.623 GC heap before
{Heap before GC invocations=3 (full 0):
 garbage-first heap   total 129024K, used 38465K [0x0000000080000000, 0x0000000100000000)
  region size 1024K, 27 young (27648K), 6 survivors (6144K)
 Metaspace       used 21278K, committed 21504K, reserved 1114112K
  class space    used 2522K, committed 2624K, reserved 1048576K
}
Event: 7.628 GC heap after
{Heap after GC invocations=4 (full 0):
 garbage-first heap   total 129024K, used 20135K [0x0000000080000000, 0x0000000100000000)
  region size 1024K, 3 young (3072K), 3 survivors (3072K)
 Metaspace       used 21278K, committed 21504K, reserved 1114112K
  class space    used 2522K, committed 2624K, reserved 1048576K
}

Dll operation events (3 events):
Event: 0.011 Loaded shared library C:\Program Files\Android\Android Studio\jbr\bin\java.dll
Event: 0.016 Loaded shared library C:\Program Files\Android\Android Studio\jbr\bin\zip.dll
Event: 2.815 Loaded shared library C:\Program Files\Android\Android Studio\jbr\bin\verify.dll

Deoptimization events (20 events):
Event: 7.790 Thread 0x0000026e221d88d0 DEOPT PACKING pc=0x0000026e10194590 sp=0x000000944c2fbd70
Event: 7.790 Thread 0x0000026e221d88d0 DEOPT UNPACKING pc=0x0000026e0fa046a2 sp=0x000000944c2fbcd8 mode 2
Event: 8.125 Thread 0x0000026e221d88d0 Uncommon trap: trap_request=0xffffff45 fr.pc=0x0000026e1012429c relative=0x0000000000000d1c
Event: 8.125 Thread 0x0000026e221d88d0 Uncommon trap: reason=unstable_if action=reinterpret pc=0x0000026e1012429c method=java.io.WinNTFileSystem.resolve(Ljava/lang/String;Ljava/lang/String;)Ljava/lang/String; @ 19 c2
Event: 8.125 Thread 0x0000026e221d88d0 DEOPT PACKING pc=0x0000026e1012429c sp=0x000000944c2fb4b0
Event: 8.125 Thread 0x0000026e221d88d0 DEOPT UNPACKING pc=0x0000026e0fa046a2 sp=0x000000944c2fb448 mode 2
Event: 8.127 Thread 0x0000026e221d88d0 Uncommon trap: trap_request=0xffffff45 fr.pc=0x0000026e1019ae90 relative=0x0000000000000630
Event: 8.127 Thread 0x0000026e221d88d0 Uncommon trap: reason=unstable_if action=reinterpret pc=0x0000026e1019ae90 method=java.io.File.getName()Ljava/lang/String; @ 16 c2
Event: 8.127 Thread 0x0000026e221d88d0 DEOPT PACKING pc=0x0000026e1019ae90 sp=0x000000944c2fb470
Event: 8.127 Thread 0x0000026e221d88d0 DEOPT UNPACKING pc=0x0000026e0fa046a2 sp=0x000000944c2fb440 mode 2
Event: 8.210 Thread 0x0000026e221d88d0 Uncommon trap: trap_request=0xffffff45 fr.pc=0x0000026e1012bc10 relative=0x00000000000000f0
Event: 8.210 Thread 0x0000026e221d88d0 Uncommon trap: reason=unstable_if action=reinterpret pc=0x0000026e1012bc10 method=java.util.HashMap.hash(Ljava/lang/Object;)I @ 1 c2
Event: 8.210 Thread 0x0000026e221d88d0 DEOPT PACKING pc=0x0000026e1012bc10 sp=0x000000944c2fc510
Event: 8.210 Thread 0x0000026e221d88d0 DEOPT UNPACKING pc=0x0000026e0fa046a2 sp=0x000000944c2fc450 mode 2
Event: 8.258 Thread 0x0000026e221d88d0 DEOPT PACKING pc=0x0000026e08a50422 sp=0x000000944c2f8990
Event: 8.258 Thread 0x0000026e221d88d0 DEOPT UNPACKING pc=0x0000026e0fa04e42 sp=0x000000944c2f7ea0 mode 0
Event: 8.272 Thread 0x0000026e221d88d0 Uncommon trap: trap_request=0xffffff45 fr.pc=0x0000026e10250d28 relative=0x0000000000000568
Event: 8.272 Thread 0x0000026e221d88d0 Uncommon trap: reason=unstable_if action=reinterpret pc=0x0000026e10250d28 method=java.util.ArrayList.grow(I)[Ljava/lang/Object; @ 17 c2
Event: 8.272 Thread 0x0000026e221d88d0 DEOPT PACKING pc=0x0000026e10250d28 sp=0x000000944c2fd430
Event: 8.272 Thread 0x0000026e221d88d0 DEOPT UNPACKING pc=0x0000026e0fa046a2 sp=0x000000944c2fd3e8 mode 2

Classes loaded (20 events):
Event: 8.092 Loading class sun/security/provider/ByteArrayAccess$LE
Event: 8.092 Loading class sun/security/provider/ByteArrayAccess$LE done
Event: 8.127 Loading class java/io/File$TempDirectory
Event: 8.127 Loading class java/io/File$TempDirectory done
Event: 8.134 Loading class java/io/PrintWriter
Event: 8.134 Loading class java/io/PrintWriter done
Event: 8.170 Loading class java/util/concurrent/Semaphore
Event: 8.170 Loading class java/util/concurrent/Semaphore done
Event: 8.173 Loading class java/nio/file/FileVisitOption
Event: 8.173 Loading class java/nio/file/FileVisitOption done
Event: 8.178 Loading class java/util/stream/ReduceOps$1
Event: 8.178 Loading class java/util/stream/ReduceOps$1 done
Event: 8.178 Loading class java/util/stream/ReduceOps$1ReducingSink
Event: 8.178 Loading class java/util/stream/ReduceOps$1ReducingSink done
Event: 8.189 Loading class java/lang/management/MemoryType
Event: 8.189 Loading class java/lang/management/MemoryType done
Event: 8.190 Loading class java/lang/management/MemoryUsage
Event: 8.190 Loading class java/lang/management/MemoryUsage done
Event: 8.190 Loading class java/util/concurrent/LinkedBlockingDeque$Node
Event: 8.190 Loading class java/util/concurrent/LinkedBlockingDeque$Node done

Classes unloaded (0 events):
No events

Classes redefined (0 events):
No events

Internal exceptions (20 events):
Event: 7.310 Thread 0x0000026e030fa0d0 Exception <a 'java/lang/NoSuchMethodError'{0x0000000087767ae8}: 'java.lang.Object java.lang.invoke.DirectMethodHandle$Holder.invokeVirtual(java.lang.Object, java.lang.Object, java.lang.Object, java.lang.Object, java.lang.Object, java.lang.Object, java.lang.Object, java.lang.Object, java.lang.Object)'> (0x0000000087767ae8) 
thrown [s\src\hotspot\share\interpreter\linkResolver.cpp, line 784]
Event: 7.384 Thread 0x0000026e030fa0d0 Exception <a 'java/lang/NoSuchMethodError'{0x00000000875be2e8}: 'java.lang.Object java.lang.invoke.DirectMethodHandle$Holder.invokeStaticInit(java.lang.Object, java.lang.Object, int, int, int, int)'> (0x00000000875be2e8) 
thrown [s\src\hotspot\share\interpreter\linkResolver.cpp, line 784]
Event: 7.459 Thread 0x0000026e030fa0d0 Exception <a 'java/io/IOException'{0x00000000872940c0}> (0x00000000872940c0) 
thrown [s\src\hotspot\share\prims\jni.cpp, line 537]
Event: 7.466 Thread 0x0000026e030fa0d0 Implicit null exception at 0x0000026e10154324 to 0x0000026e10154978
Event: 7.469 Thread 0x0000026e030fa0d0 Exception <a 'java/lang/NoSuchMethodError'{0x0000000087105740}: 'java.lang.Object java.lang.invoke.DirectMethodHandle$Holder.newInvokeSpecial(java.lang.Object, java.lang.Object, java.lang.Object, java.lang.Object, java.lang.Object)'> (0x0000000087105740) 
thrown [s\src\hotspot\share\interpreter\linkResolver.cpp, line 784]
Event: 7.572 Thread 0x0000026e1d8aef50 Exception <a 'java/lang/NoSuchMethodError'{0x0000000086c3ce98}: 'void java.lang.invoke.DirectMethodHandle$Holder.invokeSpecial(java.lang.Object, java.lang.Object, java.lang.Object)'> (0x0000000086c3ce98) 
thrown [s\src\hotspot\share\interpreter\linkResolver.cpp, line 784]
Event: 7.655 Thread 0x0000026e221d88d0 Exception <a 'java/lang/NoSuchMethodError'{0x00000000841afe20}: 'long java.lang.invoke.DirectMethodHandle$Holder.invokeInterface(java.lang.Object, java.lang.Object)'> (0x00000000841afe20) 
thrown [s\src\hotspot\share\interpreter\linkResolver.cpp, line 784]
Event: 7.750 Thread 0x0000026e221d88d0 Exception <a 'java/lang/NoSuchMethodError'{0x0000000083c16038}: 'java.lang.Object java.lang.invoke.DirectMethodHandle$Holder.invokeVirtual(java.lang.Object, java.lang.Object, java.lang.Object, java.lang.Object, java.lang.Object, java.lang.Object, java.lang.Object, java.lang.Object, java.lang.Object, java.lang.Object, java.lang.Object, java.lang.Object)'> (0x0000000083c16038) 
thrown [s\src\hotspot\share\interpreter\linkResolver.cpp, line 784]
Event: 7.750 Thread 0x0000026e221d88d0 Exception <a 'java/lang/NoSuchMethodError'{0x0000000083c1b188}: 'java.lang.Object java.lang.invoke.DirectMethodHandle$Holder.invokeSpecial(java.lang.Object, java.lang.Object, java.lang.Object, java.lang.Object, java.lang.Object, java.lang.Object, java.lang.Object, java.lang.Object, java.lang.Object, java.lang.Object, java.lang.Object, java.lang.Object, java.lang.Object)'> (0x0000000083c1b188) 
thrown [s\src\hotspot\share\interpreter\linkResolver.cpp, line 784]
Event: 7.838 Thread 0x0000026e221d88d0 Exception <a 'java/lang/NoSuchMethodError'{0x00000000838be998}: 'java.lang.Object java.lang.invoke.DirectMethodHandle$Holder.newInvokeSpecial(java.lang.Object, java.lang.Object, java.lang.Object, java.lang.Object, java.lang.Object, java.lang.Object)'> (0x00000000838be998) 
thrown [s\src\hotspot\share\interpreter\linkResolver.cpp, line 784]
Event: 7.894 Thread 0x0000026e221d88d0 Exception <a 'java/lang/NoSuchMethodError'{0x00000000835da3d8}: 'void java.lang.invoke.DelegatingMethodHandle$Holder.reinvoke_L(java.lang.Object, java.lang.Object, java.lang.Object, java.lang.Object, java.lang.Object, java.lang.Object, java.lang.Object, java.lang.Object, java.lang.Object, java.lang.Object)'> (0x00000000835da3d8) 
thrown [s\src\hotspot\share\interpreter\linkResolver.cpp, line 784]
Event: 7.894 Thread 0x0000026e221d88d0 Exception <a 'java/lang/NoSuchMethodError'{0x00000000835e20f8}: 'java.lang.Object java.lang.invoke.Invokers$Holder.invoker(java.lang.Object, java.lang.Object, java.lang.Object, java.lang.Object, java.lang.Object, java.lang.Object, java.lang.Object, java.lang.Object, java.lang.Object, java.lang.Object)'> (0x00000000835e20f8) 
thrown [s\src\hotspot\share\interpreter\linkResolver.cpp, line 784]
Event: 8.023 Thread 0x0000026e221d88d0 Exception <a 'java/lang/NoSuchMethodError'{0x0000000082e0ad00}: 'void java.lang.invoke.DirectMethodHandle$Holder.invokeInterface(java.lang.Object, java.lang.Object)'> (0x0000000082e0ad00) 
thrown [s\src\hotspot\share\interpreter\linkResolver.cpp, line 784]
Event: 8.024 Thread 0x0000026e221d88d0 Exception <a 'java/lang/IncompatibleClassChangeError'{0x0000000082e0e480}: Found class java.lang.Object, but interface was expected> (0x0000000082e0e480) 
thrown [s\src\hotspot\share\interpreter\linkResolver.cpp, line 851]
Event: 8.044 Thread 0x0000026e221d88d0 Exception <a 'java/lang/NoSuchMethodError'{0x0000000082d2f9e0}: 'java.lang.Object java.lang.invoke.DirectMethodHandle$Holder.newInvokeSpecial(java.lang.Object, java.lang.Object, int)'> (0x0000000082d2f9e0) 
thrown [s\src\hotspot\share\interpreter\linkResolver.cpp, line 784]
Event: 8.104 Thread 0x0000026e221d88d0 Exception <a 'java/lang/NoSuchMethodError'{0x0000000082a9c530}: 'java.lang.Object java.lang.invoke.DirectMethodHandle$Holder.invokeVirtual(java.lang.Object, java.lang.Object, java.lang.Object, java.lang.Object, java.lang.Object, java.lang.Object, java.lang.Object, java.lang.Object)'> (0x0000000082a9c530) 
thrown [s\src\hotspot\share\interpreter\linkResolver.cpp, line 784]
Event: 8.120 Thread 0x0000026e221d88d0 Exception <a 'java/lang/NoSuchMethodError'{0x000000008293f660}: 'java.lang.Object java.lang.invoke.DirectMethodHandle$Holder.invokeVirtual(java.lang.Object, java.lang.Object, java.lang.Object, java.lang.Object, java.lang.Object, java.lang.Object, java.lang.Object, java.lang.Object, java.lang.Object, java.lang.Object)'> (0x000000008293f660) 
thrown [s\src\hotspot\share\interpreter\linkResolver.cpp, line 784]
Event: 8.175 Thread 0x0000026e221d88d0 Exception <a 'java/lang/NoSuchMethodError'{0x0000000082729ed0}: 'int java.lang.invoke.DirectMethodHandle$Holder.invokeSpecialIFC(java.lang.Object, java.lang.Object, java.lang.Object, java.lang.Object)'> (0x0000000082729ed0) 
thrown [s\src\hotspot\share\interpreter\linkResolver.cpp, line 784]
Event: 8.177 Thread 0x0000026e221d88d0 Exception <a 'java/lang/IncompatibleClassChangeError'{0x0000000082737428}: Found class java.lang.Object, but interface was expected> (0x0000000082737428) 
thrown [s\src\hotspot\share\interpreter\linkResolver.cpp, line 851]
Event: 8.210 Thread 0x0000026e221d88d0 Implicit null exception at 0x0000026e1012bb66 to 0x0000026e1012bc06

ZGC Phase Switch (0 events):
No events

VM Operations (20 events):
Event: 7.283 Executing VM operation: HandshakeAllThreads (Deoptimize) done
Event: 7.297 Executing VM operation: HandshakeAllThreads (Deoptimize)
Event: 7.297 Executing VM operation: HandshakeAllThreads (Deoptimize) done
Event: 7.326 Executing VM operation: HandshakeAllThreads (Deoptimize)
Event: 7.326 Executing VM operation: HandshakeAllThreads (Deoptimize) done
Event: 7.367 Executing VM operation: HandshakeAllThreads (Deoptimize)
Event: 7.367 Executing VM operation: HandshakeAllThreads (Deoptimize) done
Event: 7.479 Executing VM operation: HandshakeAllThreads (Deoptimize)
Event: 7.479 Executing VM operation: HandshakeAllThreads (Deoptimize) done
Event: 7.568 Executing VM operation: ICBufferFull
Event: 7.568 Executing VM operation: ICBufferFull done
Event: 7.623 Executing VM operation: CollectForMetadataAllocation (Metadata GC Threshold)
Event: 7.628 Executing VM operation: CollectForMetadataAllocation (Metadata GC Threshold) done
Event: 7.632 Executing VM operation: G1PauseRemark
Event: 7.633 Executing VM operation: G1PauseRemark done
Event: 7.635 Executing VM operation: G1PauseCleanup
Event: 7.639 Executing VM operation: G1PauseCleanup done
Event: 8.042 Executing VM operation: HandshakeAllThreads (Deoptimize)
Event: 8.043 Executing VM operation: HandshakeAllThreads (Deoptimize) done
Event: 9.056 Executing VM operation: Cleanup

Memory protections (0 events):
No events

Nmethod flushes (0 events):
No events

Events (20 events):
Event: 6.822 Thread 0x0000026e23019ce0 Thread exited: 0x0000026e23019ce0
Event: 7.073 Thread 0x0000026e23019630 Thread added: 0x0000026e23781e00
Event: 7.136 Loaded shared library C:\Program Files\Android\Android Studio\jbr\bin\management.dll
Event: 7.139 Loaded shared library C:\Program Files\Android\Android Studio\jbr\bin\management_ext.dll
Event: 7.178 Thread 0x0000026e030fa0d0 Thread added: 0x0000026e1d8ae230
Event: 7.286 Loaded shared library C:\Program Files\Android\Android Studio\jbr\bin\extnet.dll
Event: 7.395 Thread 0x0000026e030fa0d0 Thread added: 0x0000026e1d8ac160
Event: 7.406 Thread 0x0000026e1d9a8bd0 Thread added: 0x0000026e221809e0
Event: 7.406 Thread 0x0000026e1d9a8bd0 Thread added: 0x0000026e22181090
Event: 7.475 Thread 0x0000026e030fa0d0 Thread added: 0x0000026e1d8ac7f0
Event: 7.514 Thread 0x0000026e1d8ac160 Thread added: 0x0000026e1d8aef50
Event: 7.516 Thread 0x0000026e1d8aef50 Thread added: 0x0000026e1d8ad510
Event: 7.564 Thread 0x0000026e1d8aef50 Thread added: 0x0000026e1d8ae8c0
Event: 7.573 Thread 0x0000026e1d8aef50 Thread added: 0x0000026e221d88d0
Event: 7.581 Thread 0x0000026e221d88d0 Thread added: 0x0000026e221d95f0
Event: 7.584 Thread 0x0000026e221d88d0 Thread added: 0x0000026e221da9a0
Event: 7.586 Thread 0x0000026e221d88d0 Thread added: 0x0000026e221db030
Event: 8.043 Thread 0x0000026e221d88d0 Thread added: 0x0000026e221d8f60
Event: 8.051 Thread 0x0000026e221d88d0 Thread added: 0x0000026e221d9c80
Event: 8.081 Thread 0x0000026e221d88d0 Thread added: 0x0000026e221da310


Dynamic libraries:
0x00007ff7e46f0000 - 0x00007ff7e46fa000 	C:\Program Files\Android\Android Studio\jbr\bin\java.exe
0x00007ff8b86a0000 - 0x00007ff8b8907000 	C:\WINDOWS\SYSTEM32\ntdll.dll
0x00007ff8b7290000 - 0x00007ff8b7359000 	C:\WINDOWS\System32\KERNEL32.DLL
0x00007ff8b53a0000 - 0x00007ff8b5794000 	C:\WINDOWS\System32\KERNELBASE.dll
0x00007ff8b4f70000 - 0x00007ff8b50bb000 	C:\WINDOWS\System32\ucrtbase.dll
0x00007ff89f100000 - 0x00007ff89f11b000 	C:\Program Files\Android\Android Studio\jbr\bin\VCRUNTIME140.dll
0x00007ff87ee70000 - 0x00007ff87ee88000 	C:\Program Files\Android\Android Studio\jbr\bin\jli.dll
0x00007ff8b7aa0000 - 0x00007ff8b7c65000 	C:\WINDOWS\System32\USER32.dll
0x00007ff89d350000 - 0x00007ff89d5e3000 	C:\WINDOWS\WinSxS\amd64_microsoft.windows.common-controls_6595b64144ccf1df_6.0.26100.8115_none_3e075c82e3354f9c\COMCTL32.dll
0x00007ff8b5370000 - 0x00007ff8b5397000 	C:\WINDOWS\System32\win32u.dll
0x00007ff8b7720000 - 0x00007ff8b77c9000 	C:\WINDOWS\System32\msvcrt.dll
0x00007ff8b77d0000 - 0x00007ff8b77fb000 	C:\WINDOWS\System32\GDI32.dll
0x00007ff8b5240000 - 0x00007ff8b536b000 	C:\WINDOWS\System32\gdi32full.dll
0x00007ff8b6230000 - 0x00007ff8b62d3000 	C:\WINDOWS\System32\msvcp_win.dll
0x00007ff8b7250000 - 0x00007ff8b7282000 	C:\WINDOWS\System32\IMM32.DLL
0x00007ff89f0f0000 - 0x00007ff89f0fc000 	C:\Program Files\Android\Android Studio\jbr\bin\vcruntime140_1.dll
0x00007ffff8c20000 - 0x00007ffff8cad000 	C:\Program Files\Android\Android Studio\jbr\bin\msvcp140.dll
0x00007fffdcfe0000 - 0x00007fffddc76000 	C:\Program Files\Android\Android Studio\jbr\bin\server\jvm.dll
0x00007ff8b7800000 - 0x00007ff8b78b6000 	C:\WINDOWS\System32\ADVAPI32.dll
0x00007ff8b7d00000 - 0x00007ff8b7da7000 	C:\WINDOWS\System32\sechost.dll
0x00007ff8b80b0000 - 0x00007ff8b81c8000 	C:\WINDOWS\System32\RPCRT4.dll
0x00007ff8b7eb0000 - 0x00007ff8b7f30000 	C:\WINDOWS\System32\WS2_32.dll
0x00007ff8b4dd0000 - 0x00007ff8b4e2e000 	C:\WINDOWS\SYSTEM32\POWRPROF.dll
0x00007ff8a90c0000 - 0x00007ff8a90f6000 	C:\WINDOWS\SYSTEM32\WINMM.dll
0x00007ff8ae5e0000 - 0x00007ff8ae5eb000 	C:\WINDOWS\SYSTEM32\VERSION.dll
0x00007ff8b4db0000 - 0x00007ff8b4dc4000 	C:\WINDOWS\SYSTEM32\UMPDC.dll
0x00007ff8b3d00000 - 0x00007ff8b3d1b000 	C:\WINDOWS\SYSTEM32\kernel.appcore.dll
0x00007ff87cab0000 - 0x00007ff87caba000 	C:\Program Files\Android\Android Studio\jbr\bin\jimage.dll
0x00007ff8b3110000 - 0x00007ff8b3352000 	C:\WINDOWS\SYSTEM32\DBGHELP.DLL
0x00007ff8b7360000 - 0x00007ff8b76e2000 	C:\WINDOWS\System32\combase.dll
0x00007ff8b7f40000 - 0x00007ff8b8018000 	C:\WINDOWS\System32\OLEAUT32.dll
0x00007ff88a330000 - 0x00007ff88a36b000 	C:\WINDOWS\SYSTEM32\dbgcore.DLL
0x00007ff8b57a0000 - 0x00007ff8b5845000 	C:\WINDOWS\System32\bcryptPrimitives.dll
0x00007ff899570000 - 0x00007ff89957e000 	C:\Program Files\Android\Android Studio\jbr\bin\instrument.dll
0x00007ff87ca60000 - 0x00007ff87ca80000 	C:\Program Files\Android\Android Studio\jbr\bin\java.dll
0x00007ff87ca40000 - 0x00007ff87ca58000 	C:\Program Files\Android\Android Studio\jbr\bin\zip.dll
0x00007ff8b68c0000 - 0x00007ff8b7027000 	C:\WINDOWS\System32\SHELL32.dll
0x00007ff8b60c0000 - 0x00007ff8b622a000 	C:\WINDOWS\System32\wintypes.dll
0x00007ff8b5850000 - 0x00007ff8b60b8000 	C:\WINDOWS\System32\windows.storage.dll
0x00007ff8b6500000 - 0x00007ff8b65f8000 	C:\WINDOWS\System32\SHCORE.dll
0x00007ff8b6610000 - 0x00007ff8b6676000 	C:\WINDOWS\System32\shlwapi.dll
0x00007ff8b4e90000 - 0x00007ff8b4eb9000 	C:\WINDOWS\SYSTEM32\profapi.dll
0x00007ff87ca30000 - 0x00007ff87ca40000 	C:\Program Files\Android\Android Studio\jbr\bin\net.dll
0x00007ff8ae9f0000 - 0x00007ff8aeb1d000 	C:\WINDOWS\SYSTEM32\WINHTTP.dll
0x00007ff8b4270000 - 0x00007ff8b42dc000 	C:\WINDOWS\system32\mswsock.dll
0x00007ff878630000 - 0x00007ff878646000 	C:\Program Files\Android\Android Studio\jbr\bin\nio.dll
0x00007ff86dcd0000 - 0x00007ff86dce0000 	C:\Program Files\Android\Android Studio\jbr\bin\verify.dll
0x00007ff893a10000 - 0x00007ff893a37000 	C:\Users\pewie\.gradle\native\1def1411415f61bf3af743bc5b6707747c0891f09f0c88961ee8f79bc544acac\windows-amd64\native-platform.dll
0x00007ff864d20000 - 0x00007ff864d98000 	C:\Users\pewie\.gradle\native\0.2.7\x86_64-windows-gnu\gradle-fileevents.dll
0x00007ff872cc0000 - 0x00007ff872cc9000 	C:\Program Files\Android\Android Studio\jbr\bin\management.dll
0x00007ff872cb0000 - 0x00007ff872cbb000 	C:\Program Files\Android\Android Studio\jbr\bin\management_ext.dll
0x00007ff8b7c70000 - 0x00007ff8b7c78000 	C:\WINDOWS\System32\PSAPI.DLL
0x00007ff8b36b0000 - 0x00007ff8b36e2000 	C:\WINDOWS\SYSTEM32\IPHLPAPI.DLL
0x00007ff8b6860000 - 0x00007ff8b686a000 	C:\WINDOWS\System32\NSI.dll
0x00007ff87ca20000 - 0x00007ff87ca29000 	C:\Program Files\Android\Android Studio\jbr\bin\extnet.dll
0x00007ff8b4550000 - 0x00007ff8b456b000 	C:\WINDOWS\SYSTEM32\CRYPTSP.dll
0x00007ff8b3c60000 - 0x00007ff8b3c99000 	C:\WINDOWS\system32\rsaenh.dll
0x00007ff8b4320000 - 0x00007ff8b4353000 	C:\WINDOWS\SYSTEM32\USERENV.dll
0x00007ff8b4e60000 - 0x00007ff8b4e8a000 	C:\WINDOWS\SYSTEM32\bcrypt.dll
0x00007ff8b4570000 - 0x00007ff8b457c000 	C:\WINDOWS\SYSTEM32\CRYPTBASE.dll
0x00007ff867ab0000 - 0x00007ff867ab8000 	C:\WINDOWS\system32\wshunix.dll

JVMTI agents:
C:\Users\pewie\.gradle\wrapper\dists\gradle-8.13-bin\5xuhj0ry160q40clulazy9h7d\gradle-8.13\lib\agents\gradle-instrumentation-agent-8.13.jar path:C:\Program Files\Android\Android Studio\jbr\bin\instrument.dll, loaded, initialized, instrumentlib options:none

dbghelp: loaded successfully - version: 4.0.5 - missing functions: none
symbol engine: initialized successfully - sym options: 0x614 - pdb path: .;C:\Program Files\Android\Android Studio\jbr\bin;C:\WINDOWS\SYSTEM32;C:\WINDOWS\WinSxS\amd64_microsoft.windows.common-controls_6595b64144ccf1df_6.0.26100.8115_none_3e075c82e3354f9c;C:\Program Files\Android\Android Studio\jbr\bin\server;C:\Users\pewie\.gradle\native\1def1411415f61bf3af743bc5b6707747c0891f09f0c88961ee8f79bc544acac\windows-amd64;C:\Users\pewie\.gradle\native\0.2.7\x86_64-windows-gnu

VM Arguments:
jvm_args: --add-opens=java.base/java.lang=ALL-UNNAMED --add-opens=java.base/java.lang.invoke=ALL-UNNAMED --add-opens=java.base/java.util=ALL-UNNAMED --add-opens=java.prefs/java.util.prefs=ALL-UNNAMED --add-exports=jdk.compiler/com.sun.tools.javac.api=ALL-UNNAMED --add-exports=jdk.compiler/com.sun.tools.javac.util=ALL-UNNAMED --add-opens=java.base/java.util=ALL-UNNAMED --add-opens=java.prefs/java.util.prefs=ALL-UNNAMED --add-opens=java.base/java.nio.charset=ALL-UNNAMED --add-opens=java.base/java.net=ALL-UNNAMED --add-opens=java.base/java.util.concurrent.atomic=ALL-UNNAMED --add-opens=java.xml/javax.xml.namespace=ALL-UNNAMED -Xmx2048m -Dfile.encoding=UTF-8 -Duser.country=PL -Duser.language=pl -Duser.variant -javaagent:C:\Users\pewie\.gradle\wrapper\dists\gradle-8.13-bin\5xuhj0ry160q40clulazy9h7d\gradle-8.13\lib\agents\gradle-instrumentation-agent-8.13.jar 
java_command: org.gradle.launcher.daemon.bootstrap.GradleDaemon 8.13
java_class_path (initial): C:\Users\pewie\.gradle\wrapper\dists\gradle-8.13-bin\5xuhj0ry160q40clulazy9h7d\gradle-8.13\lib\gradle-daemon-main-8.13.jar
Launcher Type: SUN_STANDARD

[Global flags]
     intx CICompilerCount                          = 12                                        {product} {ergonomic}
     uint ConcGCThreads                            = 3                                         {product} {ergonomic}
     uint G1ConcRefinementThreads                  = 13                                        {product} {ergonomic}
   size_t G1HeapRegionSize                         = 1048576                                   {product} {ergonomic}
    uintx GCDrainStackTargetSize                   = 64                                        {product} {ergonomic}
   size_t InitialHeapSize                          = 132120576                                 {product} {ergonomic}
   size_t MarkStackSize                            = 4194304                                   {product} {ergonomic}
   size_t MaxHeapSize                              = 2147483648                                {product} {command line}
   size_t MaxNewSize                               = 1287651328                                {product} {ergonomic}
   size_t MinHeapDeltaBytes                        = 1048576                                   {product} {ergonomic}
   size_t MinHeapSize                              = 8388608                                   {product} {ergonomic}
    uintx NonNMethodCodeHeapSize                   = 7602480                                {pd product} {ergonomic}
    uintx NonProfiledCodeHeapSize                  = 122027880                              {pd product} {ergonomic}
    uintx ProfiledCodeHeapSize                     = 122027880                              {pd product} {ergonomic}
    uintx ReservedCodeCacheSize                    = 251658240                              {pd product} {ergonomic}
     bool SegmentedCodeCache                       = true                                      {product} {ergonomic}
   size_t SoftMaxHeapSize                          = 2147483648                             {manageable} {ergonomic}
     bool UseCompressedOops                        = true                           {product lp64_product} {ergonomic}
     bool UseG1GC                                  = true                                      {product} {ergonomic}
     bool UseLargePagesIndividualAllocation        = false                                  {pd product} {ergonomic}

Logging:
Log output configuration:
 #0: stdout all=warning uptime,level,tags foldmultilines=false
 #1: stderr all=off uptime,level,tags foldmultilines=false

Environment Variables:
PATH=C:\Program Files\Microsoft MPI\Bin\;C:\Program Files\Common Files\Oracle\Java\javapath;C:\Program Files (x86)\Common Files\Oracle\Java\java8path;C:\Program Files (x86)\Common Files\Oracle\Java\javapath;C:\Windows\system32;C:\Windows;C:\Windows\System32\Wbem;C:\Windows\System32\WindowsPowerShell\v1.0\;C:\Windows\System32\OpenSSH\;C:\Program Files (x86)\NVIDIA Corporation\PhysX\Common;C:\Program Files\NVIDIA Corporation\NVIDIA NvDLISR;C:\WINDOWS\system32;C:\WINDOWS;C:\WINDOWS\System32\Wbem;C:\WINDOWS\System32\WindowsPowerShell\v1.0\;C:\WINDOWS\System32\OpenSSH\;C:\Program Files (x86)\Microsoft SQL Server\160\Tools\Binn\;C:\Program Files\Microsoft SQL Server\160\Tools\Binn\;C:\Program Files\Microsoft SQL Server\Client SDK\ODBC\170\Tools\Binn\;C:\Program Files\Microsoft SQL Server\160\DTS\Binn\;C:\Program Files\dotnet\;C:\xampp\php;C:\ProgramData\ComposerSetup\bin;C:\Program Files\nodejs\;C:\Program Files\Git\cmd;C:\Program Files (x86)\Microsoft SQL Server\160\DTS\Binn\;C:\Program Files\Microsoft SQL Server\150\Tools\Binn\;C:\Program Files\PostgreSQL\18\bin;C:\Program Files\Docker\Docker\resources\bin;C:\Program Files (x86)\Windows Kits\10\Windows Performance Toolkit\;C:\Users\pewie\.cargo\bin;C:\Ruby34-x64\bin;C:\Users\pewie\AppData\Local\Programs\Python\Python313\Scripts\;C:\Users\pewie\AppData\Local\Programs\Python\Python313\;C:\Users\pewie\AppData\Local\Programs\Python\Launcher\;C:\Users\pewie\AppData\Local\Microsoft\WindowsApps;C:\Users\pewie\.dotnet\tools;C:\Users\pewie\AppData\Roaming\Composer\vendor\bin;C:\Users\pewie\AppData\Roaming\npm;C:\Users\pewie\AppData\Local\Programs\Microsoft VS Code\bin;C:\Users\pewie\AppData\Local\Programs\Antigravity\bin;C:\flutter\bin
USERNAME=pewie
OS=Windows_NT
PROCESSOR_IDENTIFIER=AMD64 Family 23 Model 96 Stepping 1, AuthenticAMD
TMP=C:\Users\pewie\AppData\Local\Temp
TEMP=C:\Users\pewie\AppData\Local\Temp




Periodic native trim disabled

JNI global refs:
JNI global refs: 32, weak refs: 0

JNI global refs memory usage: 835, weak refs: 201

Process memory usage:
Resident Set Size: 177788K (2% of 8254788K total physical memory with 746392K free physical memory)

OOME stack traces (most recent first):
Classloader memory used:
Loader bootstrap                                                                       : 16280K
Loader org.gradle.internal.classloader.VisitableURLClassLoader                         : 9828K
Loader org.gradle.initialization.MixInLegacyTypesClassLoader                           : 716K
Loader jdk.internal.loader.ClassLoaders$AppClassLoader                                 : 235K
Loader jdk.internal.loader.ClassLoaders$PlatformClassLoader                            : 149K

Classes loaded by more than one classloader:
Class org.gradle.internal.classloader.FilteringClassLoader                            : loaded 2 times (x 105B)
Class org.gradle.internal.classloader.ClassLoaderHierarchy                            : loaded 2 times (x 70B)
Class org.gradle.api.internal.classpath.ManifestUtil                                  : loaded 2 times (x 71B)
Class org.gradle.internal.classloader.DefaultClassLoaderFactory                       : loaded 2 times (x 82B)
Class org.gradle.internal.classloader.ClassLoaderVisitor                              : loaded 2 times (x 76B)
Class org.gradle.api.internal.classpath.EffectiveClassPath                            : loaded 2 times (x 90B)
Class org.gradle.api.internal.DefaultClassPathProvider                                : loaded 2 times (x 76B)
Class [Lorg.gradle.api.internal.ClassPathProvider;                                    : loaded 2 times (x 69B)
Class org.gradle.api.internal.ClassPathProvider                                       : loaded 2 times (x 70B)
Class org.gradle.internal.service.UnknownServiceException                             : loaded 2 times (x 83B)
Class org.gradle.internal.classpath.TransformedClassPath                              : loaded 2 times (x 96B)
Class org.gradle.internal.classloader.InstrumentingClassLoader                        : loaded 2 times (x 70B)
Class org.gradle.internal.service.ServiceLocator                                      : loaded 2 times (x 70B)
Class org.gradle.internal.InternalTransformer                                         : loaded 2 times (x 70B)
Class org.gradle.internal.classloader.ClasspathUtil$1                                 : loaded 2 times (x 76B)
Class org.gradle.api.internal.classpath.DefaultModuleRegistry$DefaultModule           : loaded 2 times (x 86B)
Class org.gradle.api.internal.classpath.Module                                        : loaded 2 times (x 70B)
Class org.gradle.api.internal.classpath.UnknownModuleException                        : loaded 2 times (x 82B)
Class org.gradle.api.internal.DefaultClassPathRegistry                                : loaded 2 times (x 76B)
Class org.gradle.api.internal.ClassPathRegistry                                       : loaded 2 times (x 70B)
Class org.gradle.internal.classpath.DefaultClassPath$ImmutableUniqueList              : loaded 2 times (x 199B)
Class org.gradle.internal.classpath.ClassPath                                         : loaded 2 times (x 70B)
Class org.gradle.api.UncheckedIOException                                             : loaded 2 times (x 82B)
Class org.gradle.internal.installation.GradleInstallation$1                           : loaded 2 times (x 75B)
Class org.gradle.api.internal.classpath.ModuleRegistry                                : loaded 2 times (x 70B)
Class org.gradle.api.internal.classpath.DefaultModuleRegistry                         : loaded 2 times (x 86B)
Class org.gradle.internal.service.ServiceLookupException                              : loaded 2 times (x 82B)
Class org.gradle.internal.classloader.ClassLoaderFactory                              : loaded 2 times (x 70B)
Class org.gradle.internal.service.CachingServiceLocator                               : loaded 2 times (x 82B)
Class org.gradle.internal.classloader.ClasspathUtil                                   : loaded 2 times (x 71B)
Class org.gradle.api.specs.Spec                                                       : loaded 2 times (x 70B)
Class org.gradle.internal.classloader.VisitableURLClassLoader$InstrumentingVisitableURLClassLoader: loaded 2 times (x 123B)
Class org.gradle.internal.classloader.VisitableURLClassLoader$Spec                    : loaded 2 times (x 74B)
Class org.gradle.internal.classpath.DefaultClassPath                                  : loaded 2 times (x 90B)
Class org.gradle.internal.classloader.ClassLoaderSpec                                 : loaded 2 times (x 71B)
Class org.gradle.internal.classloader.VisitableURLClassLoader                         : loaded 2 times (x 117B)
Class org.gradle.internal.Cast                                                        : loaded 2 times (x 71B)
Class org.gradle.api.Action                                                           : loaded 2 times (x 70B)
Class org.gradle.internal.classpath.DefaultClassPath$ImmutableUniqueList$Builder      : loaded 2 times (x 75B)
Class org.gradle.api.GradleException                                                  : loaded 2 times (x 82B)
Class org.gradle.internal.IoActions                                                   : loaded 2 times (x 71B)
Class org.gradle.internal.classloader.SystemClassLoaderSpec                           : loaded 2 times (x 71B)
Class org.gradle.api.internal.classpath.GlobalCacheRootsProvider                      : loaded 2 times (x 70B)
Class org.gradle.internal.installation.CurrentGradleInstallationLocator               : loaded 2 times (x 71B)
Class org.gradle.internal.service.DefaultServiceLocator                               : loaded 2 times (x 83B)
Class org.gradle.internal.installation.CurrentGradleInstallation                      : loaded 2 times (x 73B)
Class org.gradle.util.internal.GUtil                                                  : loaded 2 times (x 71B)
Class org.gradle.internal.installation.GradleInstallation                             : loaded 2 times (x 75B)

---------------  S Y S T E M  ---------------

OS:
 Windows 11 , 64 bit Build 26100 (10.0.26100.8246)
OS uptime: 12 days 5:44 hours
Hyper-V role detected

CPU: total 16 (initial active 16) (16 cores per cpu, 2 threads per core) family 23 model 96 stepping 1 microcode 0x8600104, cx8, cmov, fxsr, ht, mmx, 3dnowpref, sse, sse2, sse3, ssse3, sse4a, sse4.1, sse4.2, popcnt, lzcnt, tsc, tscinvbit, avx, avx2, aes, clmul, bmi1, bmi2, adx, sha, fma, vzeroupper, clflush, clflushopt, hv, rdtscp, rdpid, f16c
Processor Information for the first 16 processors :
  Max Mhz: 2900, Current Mhz: 2900, Mhz Limit: 2900

Memory: 4k page, system-wide physical 8061M (728M free)
TotalPageFile size 26811M (AvailPageFile size 25M)
current process WorkingSet (physical memory assigned to process): 178M, peak: 178M
current process commit charge ("private bytes"): 247M, peak: 264M

vm_info: OpenJDK 64-Bit Server VM (21.0.8+-14018985-b1038.68) for windows-amd64 JRE (21.0.8+-14018985-b1038.68), built on 2025-08-29T19:56:34Z by "builder" with MS VC++ 16.10 / 16.11 (VS2019)

END.
