#
# There is insufficient memory for the Java Runtime Environment to continue.
# Native memory allocation (malloc) failed to allocate 1805072 bytes. Error detail: Chunk::new
# Possible reasons:
#   The system is out of physical RAM or swap space
#   This process is running with CompressedOops enabled, and the Java Heap may be blocking the growth of the native heap
# Possible solutions:
#   Reduce memory load on the system
#   Increase physical memory or swap space
#   Check if swap backing store is full
#   Decrease Java heap size (-Xmx/-Xms)
#   Decrease number of Java threads
#   Decrease Java thread stack sizes (-Xss)
#   Set larger code cache with -XX:ReservedCodeCacheSize=
#   JVM is running with Unscaled Compressed Oops mode in which the Java heap is
#     placed in the first 4GB address space. The Java Heap base address is the
#     maximum limit for the native heap growth. Please use -XX:HeapBaseMinAddress
#     to set the Java Heap base and to place the Java Heap above 4GB virtual address.
# This output file may be truncated or incomplete.
#
#  Out of Memory Error (arena.cpp:168), pid=2392, tid=24748
#
# JRE version: OpenJDK Runtime Environment (21.0.8) (build 21.0.8+-14018985-b1038.68)
# Java VM: OpenJDK 64-Bit Server VM (21.0.8+-14018985-b1038.68, mixed mode, tiered, compressed oops, compressed class ptrs, g1 gc, windows-amd64)
# No core dump will be written. Minidumps are not enabled by default on client versions of Windows
#

---------------  S U M M A R Y ------------

Command Line: --add-opens=java.base/java.lang=ALL-UNNAMED --add-opens=java.base/java.lang.invoke=ALL-UNNAMED --add-opens=java.base/java.util=ALL-UNNAMED --add-opens=java.prefs/java.util.prefs=ALL-UNNAMED --add-exports=jdk.compiler/com.sun.tools.javac.api=ALL-UNNAMED --add-exports=jdk.compiler/com.sun.tools.javac.util=ALL-UNNAMED --add-opens=java.base/java.util=ALL-UNNAMED --add-opens=java.prefs/java.util.prefs=ALL-UNNAMED --add-opens=java.base/java.nio.charset=ALL-UNNAMED --add-opens=java.base/java.net=ALL-UNNAMED --add-opens=java.base/java.util.concurrent.atomic=ALL-UNNAMED --add-opens=java.xml/javax.xml.namespace=ALL-UNNAMED -Xmx2048m -Dfile.encoding=UTF-8 -Duser.country=PL -Duser.language=pl -Duser.variant -javaagent:C:\Users\pewie\.gradle\wrapper\dists\gradle-8.13-bin\5xuhj0ry160q40clulazy9h7d\gradle-8.13\lib\agents\gradle-instrumentation-agent-8.13.jar org.gradle.launcher.daemon.bootstrap.GradleDaemon 8.13

Host: AMD Ryzen 7 4800H with Radeon Graphics         , 16 cores, 7G,  Windows 11 , 64 bit Build 26100 (10.0.26100.8246)
Time: Mon May  4 19:45:46 2026 elapsed time: 7.884232 seconds (0d 0h 0m 7s)

---------------  T H R E A D  ---------------

Current thread (0x00000242f77e1df0):  JavaThread "C2 CompilerThread0" daemon [_thread_in_native, id=24748, stack(0x0000009dd8f00000,0x0000009dd9000000) (1024K)]


Current CompileTask:
C2:7884 3113   !   4       java.net.URLClassLoader::findClass (47 bytes)

Stack: [0x0000009dd8f00000,0x0000009dd9000000]
Native frames: (J=compiled Java code, j=interpreted, Vv=VM code, C=native code)
V  [jvm.dll+0x6d68d9]
V  [jvm.dll+0x866693]
V  [jvm.dll+0x868c4e]
V  [jvm.dll+0x869333]
V  [jvm.dll+0x280566]
V  [jvm.dll+0xc07cd]
V  [jvm.dll+0xc0d03]
V  [jvm.dll+0x3b961b]
V  [jvm.dll+0x1dfd12]
V  [jvm.dll+0x2493a4]
V  [jvm.dll+0x248821]
V  [jvm.dll+0x1c73a4]
V  [jvm.dll+0x257f9e]
V  [jvm.dll+0x2564e6]
V  [jvm.dll+0x3f4696]
V  [jvm.dll+0x80eac8]
V  [jvm.dll+0x6d512d]
C  [ucrtbase.dll+0x37b0]
C  [KERNEL32.DLL+0x2e8d7]
C  [ntdll.dll+0x8c3fc]


---------------  P R O C E S S  ---------------

Threads class SMR info:
_java_thread_list=0x000002428194e2d0, length=30, elements={
0x00000242df393b70, 0x00000242f77cde10, 0x00000242f77f4080, 0x00000242f77dbf50,
0x00000242f77df140, 0x00000242f77dfba0, 0x00000242f77e0600, 0x00000242f77e1060,
0x00000242f77e1df0, 0x00000242f77f5a40, 0x00000242f79cf5e0, 0x00000242f79d80e0,
0x00000242fc02c9e0, 0x00000242fcddb550, 0x00000242fda48370, 0x00000242fda3e410,
0x00000242fdde5850, 0x00000242fda2a400, 0x00000242fda2cca0, 0x00000242fda31a20,
0x00000242fda259e0, 0x00000242fdc234f0, 0x00000242fdc24f30, 0x00000242fdc23b80,
0x00000242fdc25c50, 0x00000242fdc255c0, 0x00000242fdc248a0, 0x00000242fe33b550,
0x00000242fe6bab70, 0x00000242f78a82f0
}

Java Threads: ( => current thread )
  0x00000242df393b70 JavaThread "main"                              [_thread_blocked, id=31788, stack(0x0000009dd8000000,0x0000009dd8100000) (1024K)]
  0x00000242f77cde10 JavaThread "Common-Cleaner"             daemon [_thread_blocked, id=6260, stack(0x0000009dd8800000,0x0000009dd8900000) (1024K)]
  0x00000242f77f4080 JavaThread "Reference Handler"          daemon [_thread_blocked, id=34736, stack(0x0000009dd8900000,0x0000009dd8a00000) (1024K)]
  0x00000242f77dbf50 JavaThread "Finalizer"                  daemon [_thread_blocked, id=23404, stack(0x0000009dd8a00000,0x0000009dd8b00000) (1024K)]
  0x00000242f77df140 JavaThread "Signal Dispatcher"          daemon [_thread_blocked, id=11124, stack(0x0000009dd8b00000,0x0000009dd8c00000) (1024K)]
  0x00000242f77dfba0 JavaThread "Attach Listener"            daemon [_thread_blocked, id=34628, stack(0x0000009dd8c00000,0x0000009dd8d00000) (1024K)]
  0x00000242f77e0600 JavaThread "Service Thread"             daemon [_thread_blocked, id=26748, stack(0x0000009dd8d00000,0x0000009dd8e00000) (1024K)]
  0x00000242f77e1060 JavaThread "Monitor Deflation Thread"   daemon [_thread_blocked, id=2448, stack(0x0000009dd8e00000,0x0000009dd8f00000) (1024K)]
=>0x00000242f77e1df0 JavaThread "C2 CompilerThread0"         daemon [_thread_in_native, id=24748, stack(0x0000009dd8f00000,0x0000009dd9000000) (1024K)]
  0x00000242f77f5a40 JavaThread "C1 CompilerThread0"         daemon [_thread_blocked, id=7120, stack(0x0000009dd9000000,0x0000009dd9100000) (1024K)]
  0x00000242f79cf5e0 JavaThread "C1 CompilerThread1"         daemon [_thread_blocked, id=1984, stack(0x0000009dd9100000,0x0000009dd9200000) (1024K)]
  0x00000242f79d80e0 JavaThread "C1 CompilerThread2"         daemon [_thread_blocked, id=29176, stack(0x0000009dd9200000,0x0000009dd9300000) (1024K)]
  0x00000242fc02c9e0 JavaThread "Notification Thread"        daemon [_thread_blocked, id=7032, stack(0x0000009dd9300000,0x0000009dd9400000) (1024K)]
  0x00000242fcddb550 JavaThread "C1 CompilerThread3"         daemon [_thread_blocked, id=14204, stack(0x0000009dd9b00000,0x0000009dd9c00000) (1024K)]
  0x00000242fda48370 JavaThread "Daemon health stats"               [_thread_blocked, id=22880, stack(0x0000009dd9600000,0x0000009dd9700000) (1024K)]
  0x00000242fda3e410 JavaThread "Incoming local TCP Connector on port 56099"        [_thread_in_native, id=22680, stack(0x0000009dd9c00000,0x0000009dd9d00000) (1024K)]
  0x00000242fdde5850 JavaThread "Daemon periodic checks"            [_thread_blocked, id=28092, stack(0x0000009dd9d00000,0x0000009dd9e00000) (1024K)]
  0x00000242fda2a400 JavaThread "Daemon"                            [_thread_blocked, id=30852, stack(0x0000009dd9e00000,0x0000009dd9f00000) (1024K)]
  0x00000242fda2cca0 JavaThread "Handler for socket connection from /127.0.0.1:56099 to /127.0.0.1:56100"        [_thread_in_native, id=6908, stack(0x0000009dd9f00000,0x0000009dda000000) (1024K)]
  0x00000242fda31a20 JavaThread "Cancel handler"                    [_thread_blocked, id=22260, stack(0x0000009dda000000,0x0000009dda100000) (1024K)]
  0x00000242fda259e0 JavaThread "Daemon worker"                     [_thread_in_Java, id=22632, stack(0x0000009dda100000,0x0000009dda200000) (1024K)]
  0x00000242fdc234f0 JavaThread "Asynchronous log dispatcher for DefaultDaemonConnection: socket connection from /127.0.0.1:56099 to /127.0.0.1:56100"        [_thread_blocked, id=6268, stack(0x0000009dda200000,0x0000009dda300000) (1024K)]
  0x00000242fdc24f30 JavaThread "Stdin handler"                     [_thread_blocked, id=20092, stack(0x0000009dda300000,0x0000009dda400000) (1024K)]
  0x00000242fdc23b80 JavaThread "Daemon client event forwarder"        [_thread_blocked, id=27524, stack(0x0000009dda400000,0x0000009dda500000) (1024K)]
  0x00000242fdc25c50 JavaThread "Cache worker for journal cache (C:\Users\pewie\.gradle\caches\journal-1)"        [_thread_blocked, id=34516, stack(0x0000009dd9500000,0x0000009dd9600000) (1024K)]
  0x00000242fdc255c0 JavaThread "File lock request listener"        [_thread_in_native, id=34404, stack(0x0000009ddae00000,0x0000009ddaf00000) (1024K)]
  0x00000242fdc248a0 JavaThread "Cache worker for file hash cache (C:\Users\pewie\.gradle\caches\8.13\fileHashes)"        [_thread_blocked, id=24608, stack(0x0000009ddaf00000,0x0000009ddb000000) (1024K)]
  0x00000242fe33b550 JavaThread "C2 CompilerThread1"         daemon [_thread_in_native, id=23048, stack(0x0000009ddb000000,0x0000009ddb100000) (1024K)]
  0x00000242fe6bab70 JavaThread "C2 CompilerThread2"         daemon [_thread_in_native, id=13636, stack(0x0000009ddb100000,0x0000009ddb200000) (1024K)]
  0x00000242f78a82f0 JavaThread "C2 CompilerThread3"         daemon [_thread_in_native, id=34764, stack(0x0000009ddb200000,0x0000009ddb300000) (1024K)]
Total: 30

Other Threads:
  0x00000242f761e7d0 VMThread "VM Thread"                           [id=9732, stack(0x0000009dd8700000,0x0000009dd8800000) (1024K)]
  0x00000242f75b8830 WatcherThread "VM Periodic Task Thread"        [id=26488, stack(0x0000009dd8600000,0x0000009dd8700000) (1024K)]
  0x00000242df3eb580 WorkerThread "GC Thread#0"                     [id=27908, stack(0x0000009dd8100000,0x0000009dd8200000) (1024K)]
  0x00000242fc401dc0 WorkerThread "GC Thread#1"                     [id=27848, stack(0x0000009dd9800000,0x0000009dd9900000) (1024K)]
  0x00000242fc544e90 WorkerThread "GC Thread#2"                     [id=34752, stack(0x0000009dd9900000,0x0000009dd9a00000) (1024K)]
  0x00000242fc405200 WorkerThread "GC Thread#3"                     [id=34756, stack(0x0000009dd9a00000,0x0000009dd9b00000) (1024K)]
  0x00000242fcc2cf90 WorkerThread "GC Thread#4"                     [id=15376, stack(0x0000009dd9700000,0x0000009dd9800000) (1024K)]
  0x00000242fd87f3e0 WorkerThread "GC Thread#5"                     [id=28644, stack(0x0000009dd9400000,0x0000009dd9500000) (1024K)]
  0x00000242fda92390 WorkerThread "GC Thread#6"                     [id=6108, stack(0x0000009dda500000,0x0000009dda600000) (1024K)]
  0x00000242fdc29630 WorkerThread "GC Thread#7"                     [id=17664, stack(0x0000009dda600000,0x0000009dda700000) (1024K)]
  0x00000242fdaaaca0 WorkerThread "GC Thread#8"                     [id=31872, stack(0x0000009dda700000,0x0000009dda800000) (1024K)]
  0x00000242fdaa83c0 WorkerThread "GC Thread#9"                     [id=24240, stack(0x0000009dda800000,0x0000009dda900000) (1024K)]
  0x00000242fdac33e0 WorkerThread "GC Thread#10"                    [id=34588, stack(0x0000009dda900000,0x0000009ddaa00000) (1024K)]
  0x00000242fdac3ec0 WorkerThread "GC Thread#11"                    [id=27360, stack(0x0000009ddaa00000,0x0000009ddab00000) (1024K)]
  0x00000242fdac3b20 WorkerThread "GC Thread#12"                    [id=1404, stack(0x0000009ddab00000,0x0000009ddac00000) (1024K)]
  0x00000242df43b010 ConcurrentGCThread "G1 Main Marker"            [id=34464, stack(0x0000009dd8200000,0x0000009dd8300000) (1024K)]
  0x00000242df43c1c0 WorkerThread "G1 Conc#0"                       [id=14036, stack(0x0000009dd8300000,0x0000009dd8400000) (1024K)]
  0x00000242fdac3780 WorkerThread "G1 Conc#1"                       [id=33676, stack(0x0000009ddac00000,0x0000009ddad00000) (1024K)]
  0x00000242fdac3040 WorkerThread "G1 Conc#2"                       [id=8812, stack(0x0000009ddad00000,0x0000009ddae00000) (1024K)]
  0x00000242f748aea0 ConcurrentGCThread "G1 Refine#0"               [id=16224, stack(0x0000009dd8400000,0x0000009dd8500000) (1024K)]
  0x00000242f748e6e0 ConcurrentGCThread "G1 Service"                [id=28316, stack(0x0000009dd8500000,0x0000009dd8600000) (1024K)]
Total: 21

Threads with active compile tasks:
C2 CompilerThread0  7910 3113   !   4       java.net.URLClassLoader::findClass (47 bytes)
C2 CompilerThread1  7910 3102       4       java.lang.invoke.MethodType::methodType (69 bytes)
C2 CompilerThread2  7910 3114       4       java.net.URLClassLoader$1::run (5 bytes)
C2 CompilerThread3  7910 3115   !   4       java.net.URLClassLoader$1::run (81 bytes)
Total: 4

VM state: not at safepoint (normal execution)

VM Mutex/Monitor currently owned by a thread: None

Heap address: 0x0000000080000000, size: 2048 MB, Compressed Oops mode: 32-bit

CDS archive(s) not mapped
Compressed class space mapped at: 0x0000000100000000-0x0000000140000000, reserved size: 1073741824
Narrow klass base: 0x0000000000000000, Narrow klass shift: 3, Narrow klass range: 0x140000000

GC Precious Log:
 CardTable entry size: 512
 Card Set container configuration: InlinePtr #cards 5 size 8 Array Of Cards #cards 12 size 40 Howl #buckets 4 coarsen threshold 1843 Howl Bitmap #cards 512 size 80 coarsen threshold 460 Card regions per heap region 1 cards per card region 2048
 CPUs: 16 total, 16 available
 Memory: 8061M
 Large Page Support: Disabled
 NUMA Support: Disabled
 Compressed Oops: Enabled (32-bit)
 Heap Region Size: 1M
 Heap Min Capacity: 8M
 Heap Initial Capacity: 126M
 Heap Max Capacity: 2G
 Pre-touch: Disabled
 Parallel Workers: 13
 Concurrent Workers: 3
 Concurrent Refinement Workers: 13
 Periodic GC: Disabled

Heap:
 garbage-first heap   total 80896K, used 37278K [0x0000000080000000, 0x0000000100000000)
  region size 1024K, 22 young (22528K), 7 survivors (7168K)
 Metaspace       used 30908K, committed 31552K, reserved 1114112K
  class space    used 4139K, committed 4416K, reserved 1048576K

Heap Regions: E=young(eden), S=young(survivor), O=old, HS=humongous(starts), HC=humongous(continues), CS=collection set, F=free, TAMS=top-at-mark-start, PB=parsable bottom
|   0|0x0000000080000000, 0x0000000080100000, 0x0000000080100000|100%|HS|  |TAMS 0x0000000080000000| PB 0x0000000080000000| Complete 
|   1|0x0000000080100000, 0x0000000080200000, 0x0000000080200000|100%|HC|  |TAMS 0x0000000080100000| PB 0x0000000080100000| Complete 
|   2|0x0000000080200000, 0x0000000080300000, 0x0000000080300000|100%|HC|  |TAMS 0x0000000080200000| PB 0x0000000080200000| Complete 
|   3|0x0000000080300000, 0x0000000080400000, 0x0000000080400000|100%| O|  |TAMS 0x0000000080300000| PB 0x0000000080300000| Untracked 
|   4|0x0000000080400000, 0x0000000080500000, 0x0000000080500000|100%| O|  |TAMS 0x0000000080400000| PB 0x0000000080400000| Untracked 
|   5|0x0000000080500000, 0x0000000080600000, 0x0000000080600000|100%| O|  |TAMS 0x0000000080500000| PB 0x0000000080500000| Untracked 
|   6|0x0000000080600000, 0x0000000080700000, 0x0000000080700000|100%|HS|  |TAMS 0x0000000080600000| PB 0x0000000080600000| Complete 
|   7|0x0000000080700000, 0x0000000080700000, 0x0000000080800000|  0%| F|  |TAMS 0x0000000080700000| PB 0x0000000080700000| Untracked 
|   8|0x0000000080800000, 0x0000000080900000, 0x0000000080900000|100%| O|  |TAMS 0x0000000080800000| PB 0x0000000080800000| Untracked 
|   9|0x0000000080900000, 0x0000000080a00000, 0x0000000080a00000|100%| O|  |TAMS 0x0000000080900000| PB 0x0000000080900000| Untracked 
|  10|0x0000000080a00000, 0x0000000080b00000, 0x0000000080b00000|100%| O|  |TAMS 0x0000000080a00000| PB 0x0000000080a00000| Untracked 
|  11|0x0000000080b00000, 0x0000000080c00000, 0x0000000080c00000|100%| O|  |TAMS 0x0000000080b00000| PB 0x0000000080b00000| Untracked 
|  12|0x0000000080c00000, 0x0000000080cca358, 0x0000000080d00000| 78%| O|Cm|TAMS 0x0000000080c00000| PB 0x0000000080c00000| Complete 
|  13|0x0000000080d00000, 0x0000000080d00000, 0x0000000080e00000|  0%| F|  |TAMS 0x0000000080d00000| PB 0x0000000080d00000| Untracked 
|  14|0x0000000080e00000, 0x0000000080e00000, 0x0000000080f00000|  0%| F|  |TAMS 0x0000000080e00000| PB 0x0000000080e00000| Untracked 
|  15|0x0000000080f00000, 0x0000000080f00000, 0x0000000081000000|  0%| F|  |TAMS 0x0000000080f00000| PB 0x0000000080f00000| Untracked 
|  16|0x0000000081000000, 0x0000000081000000, 0x0000000081100000|  0%| F|  |TAMS 0x0000000081000000| PB 0x0000000081000000| Untracked 
|  17|0x0000000081100000, 0x0000000081100000, 0x0000000081200000|  0%| F|  |TAMS 0x0000000081100000| PB 0x0000000081100000| Untracked 
|  18|0x0000000081200000, 0x0000000081200000, 0x0000000081300000|  0%| F|  |TAMS 0x0000000081200000| PB 0x0000000081200000| Untracked 
|  19|0x0000000081300000, 0x0000000081300000, 0x0000000081400000|  0%| F|  |TAMS 0x0000000081300000| PB 0x0000000081300000| Untracked 
|  20|0x0000000081400000, 0x0000000081400000, 0x0000000081500000|  0%| F|  |TAMS 0x0000000081400000| PB 0x0000000081400000| Untracked 
|  21|0x0000000081500000, 0x0000000081500000, 0x0000000081600000|  0%| F|  |TAMS 0x0000000081500000| PB 0x0000000081500000| Untracked 
|  22|0x0000000081600000, 0x0000000081600000, 0x0000000081700000|  0%| F|  |TAMS 0x0000000081600000| PB 0x0000000081600000| Untracked 
|  23|0x0000000081700000, 0x0000000081700000, 0x0000000081800000|  0%| F|  |TAMS 0x0000000081700000| PB 0x0000000081700000| Untracked 
|  24|0x0000000081800000, 0x0000000081800000, 0x0000000081900000|  0%| F|  |TAMS 0x0000000081800000| PB 0x0000000081800000| Untracked 
|  25|0x0000000081900000, 0x0000000081900000, 0x0000000081a00000|  0%| F|  |TAMS 0x0000000081900000| PB 0x0000000081900000| Untracked 
|  26|0x0000000081a00000, 0x0000000081a00000, 0x0000000081b00000|  0%| F|  |TAMS 0x0000000081a00000| PB 0x0000000081a00000| Untracked 
|  27|0x0000000081b00000, 0x0000000081b00000, 0x0000000081c00000|  0%| F|  |TAMS 0x0000000081b00000| PB 0x0000000081b00000| Untracked 
|  28|0x0000000081c00000, 0x0000000081c00000, 0x0000000081d00000|  0%| F|  |TAMS 0x0000000081c00000| PB 0x0000000081c00000| Untracked 
|  29|0x0000000081d00000, 0x0000000081d00000, 0x0000000081e00000|  0%| F|  |TAMS 0x0000000081d00000| PB 0x0000000081d00000| Untracked 
|  30|0x0000000081e00000, 0x0000000081e00000, 0x0000000081f00000|  0%| F|  |TAMS 0x0000000081e00000| PB 0x0000000081e00000| Untracked 
|  31|0x0000000081f00000, 0x0000000081f00000, 0x0000000082000000|  0%| F|  |TAMS 0x0000000081f00000| PB 0x0000000081f00000| Untracked 
|  32|0x0000000082000000, 0x0000000082000000, 0x0000000082100000|  0%| F|  |TAMS 0x0000000082000000| PB 0x0000000082000000| Untracked 
|  33|0x0000000082100000, 0x0000000082100000, 0x0000000082200000|  0%| F|  |TAMS 0x0000000082100000| PB 0x0000000082100000| Untracked 
|  34|0x0000000082200000, 0x0000000082200000, 0x0000000082300000|  0%| F|  |TAMS 0x0000000082200000| PB 0x0000000082200000| Untracked 
|  35|0x0000000082300000, 0x0000000082300000, 0x0000000082400000|  0%| F|  |TAMS 0x0000000082300000| PB 0x0000000082300000| Untracked 
|  36|0x0000000082400000, 0x0000000082400000, 0x0000000082500000|  0%| F|  |TAMS 0x0000000082400000| PB 0x0000000082400000| Untracked 
|  37|0x0000000082500000, 0x0000000082500000, 0x0000000082600000|  0%| F|  |TAMS 0x0000000082500000| PB 0x0000000082500000| Untracked 
|  38|0x0000000082600000, 0x0000000082600000, 0x0000000082700000|  0%| F|  |TAMS 0x0000000082600000| PB 0x0000000082600000| Untracked 
|  39|0x0000000082700000, 0x0000000082700000, 0x0000000082800000|  0%| F|  |TAMS 0x0000000082700000| PB 0x0000000082700000| Untracked 
|  40|0x0000000082800000, 0x0000000082800000, 0x0000000082900000|  0%| F|  |TAMS 0x0000000082800000| PB 0x0000000082800000| Untracked 
|  41|0x0000000082900000, 0x0000000082900000, 0x0000000082a00000|  0%| F|  |TAMS 0x0000000082900000| PB 0x0000000082900000| Untracked 
|  42|0x0000000082a00000, 0x0000000082a00000, 0x0000000082b00000|  0%| F|  |TAMS 0x0000000082a00000| PB 0x0000000082a00000| Untracked 
|  43|0x0000000082b00000, 0x0000000082b00000, 0x0000000082c00000|  0%| F|  |TAMS 0x0000000082b00000| PB 0x0000000082b00000| Untracked 
|  44|0x0000000082c00000, 0x0000000082c00000, 0x0000000082d00000|  0%| F|  |TAMS 0x0000000082c00000| PB 0x0000000082c00000| Untracked 
|  45|0x0000000082d00000, 0x0000000082d00000, 0x0000000082e00000|  0%| F|  |TAMS 0x0000000082d00000| PB 0x0000000082d00000| Untracked 
|  46|0x0000000082e00000, 0x0000000082e00000, 0x0000000082f00000|  0%| F|  |TAMS 0x0000000082e00000| PB 0x0000000082e00000| Untracked 
|  47|0x0000000082f00000, 0x0000000082f00000, 0x0000000083000000|  0%| F|  |TAMS 0x0000000082f00000| PB 0x0000000082f00000| Untracked 
|  48|0x0000000083000000, 0x0000000083000000, 0x0000000083100000|  0%| F|  |TAMS 0x0000000083000000| PB 0x0000000083000000| Untracked 
|  49|0x0000000083100000, 0x0000000083100000, 0x0000000083200000|  0%| F|  |TAMS 0x0000000083100000| PB 0x0000000083100000| Untracked 
|  50|0x0000000083200000, 0x0000000083200000, 0x0000000083300000|  0%| F|  |TAMS 0x0000000083200000| PB 0x0000000083200000| Untracked 
|  51|0x0000000083300000, 0x0000000083300000, 0x0000000083400000|  0%| F|  |TAMS 0x0000000083300000| PB 0x0000000083300000| Untracked 
|  52|0x0000000083400000, 0x0000000083480000, 0x0000000083500000| 50%| E|  |TAMS 0x0000000083400000| PB 0x0000000083400000| Complete 
|  53|0x0000000083500000, 0x0000000083600000, 0x0000000083600000|100%| E|CS|TAMS 0x0000000083500000| PB 0x0000000083500000| Complete 
|  54|0x0000000083600000, 0x0000000083700000, 0x0000000083700000|100%| E|CS|TAMS 0x0000000083600000| PB 0x0000000083600000| Complete 
|  55|0x0000000083700000, 0x0000000083800000, 0x0000000083800000|100%| E|CS|TAMS 0x0000000083700000| PB 0x0000000083700000| Complete 
|  56|0x0000000083800000, 0x0000000083900000, 0x0000000083900000|100%| E|CS|TAMS 0x0000000083800000| PB 0x0000000083800000| Complete 
|  57|0x0000000083900000, 0x0000000083a00000, 0x0000000083a00000|100%| E|CS|TAMS 0x0000000083900000| PB 0x0000000083900000| Complete 
|  58|0x0000000083a00000, 0x0000000083b00000, 0x0000000083b00000|100%| S|CS|TAMS 0x0000000083a00000| PB 0x0000000083a00000| Complete 
|  59|0x0000000083b00000, 0x0000000083c00000, 0x0000000083c00000|100%| S|CS|TAMS 0x0000000083b00000| PB 0x0000000083b00000| Complete 
|  60|0x0000000083c00000, 0x0000000083d00000, 0x0000000083d00000|100%| S|CS|TAMS 0x0000000083c00000| PB 0x0000000083c00000| Complete 
|  61|0x0000000083d00000, 0x0000000083e00000, 0x0000000083e00000|100%| S|CS|TAMS 0x0000000083d00000| PB 0x0000000083d00000| Complete 
|  62|0x0000000083e00000, 0x0000000083f00000, 0x0000000083f00000|100%| S|CS|TAMS 0x0000000083e00000| PB 0x0000000083e00000| Complete 
|  63|0x0000000083f00000, 0x0000000084000000, 0x0000000084000000|100%| S|CS|TAMS 0x0000000083f00000| PB 0x0000000083f00000| Complete 
|  64|0x0000000084000000, 0x0000000084014208, 0x0000000084100000|  7%| S|CS|TAMS 0x0000000084000000| PB 0x0000000084000000| Complete 
|  94|0x0000000085e00000, 0x0000000085f00000, 0x0000000085f00000|100%| E|CS|TAMS 0x0000000085e00000| PB 0x0000000085e00000| Complete 
|  95|0x0000000085f00000, 0x0000000086000000, 0x0000000086000000|100%| E|CS|TAMS 0x0000000085f00000| PB 0x0000000085f00000| Complete 
|  96|0x0000000086000000, 0x0000000086100000, 0x0000000086100000|100%| E|CS|TAMS 0x0000000086000000| PB 0x0000000086000000| Complete 
|  97|0x0000000086100000, 0x0000000086200000, 0x0000000086200000|100%| E|CS|TAMS 0x0000000086100000| PB 0x0000000086100000| Complete 
|  98|0x0000000086200000, 0x0000000086300000, 0x0000000086300000|100%| E|CS|TAMS 0x0000000086200000| PB 0x0000000086200000| Complete 
|  99|0x0000000086300000, 0x0000000086400000, 0x0000000086400000|100%| E|CS|TAMS 0x0000000086300000| PB 0x0000000086300000| Complete 
| 100|0x0000000086400000, 0x0000000086500000, 0x0000000086500000|100%| E|CS|TAMS 0x0000000086400000| PB 0x0000000086400000| Complete 
| 101|0x0000000086500000, 0x0000000086600000, 0x0000000086600000|100%| E|CS|TAMS 0x0000000086500000| PB 0x0000000086500000| Complete 
| 125|0x0000000087d00000, 0x0000000087e00000, 0x0000000087e00000|100%| E|CS|TAMS 0x0000000087d00000| PB 0x0000000087d00000| Complete 
|2043|0x00000000ffb00000, 0x00000000ffb893c0, 0x00000000ffc00000| 53%| O|  |TAMS 0x00000000ffb00000| PB 0x00000000ffb00000| Untracked 
|2044|0x00000000ffc00000, 0x00000000ffd00000, 0x00000000ffd00000|100%| O|  |TAMS 0x00000000ffc00000| PB 0x00000000ffc00000| Untracked 
|2045|0x00000000ffd00000, 0x00000000ffe00000, 0x00000000ffe00000|100%| O|  |TAMS 0x00000000ffd00000| PB 0x00000000ffd00000| Untracked 
|2046|0x00000000ffe00000, 0x00000000fff00000, 0x00000000fff00000|100%| O|  |TAMS 0x00000000ffe00000| PB 0x00000000ffe00000| Untracked 
|2047|0x00000000fff00000, 0x0000000100000000, 0x0000000100000000|100%| O|  |TAMS 0x00000000fff00000| PB 0x00000000fff00000| Untracked 

Card table byte_map: [0x00000242f2180000,0x00000242f2580000] _byte_map_base: 0x00000242f1d80000

Marking Bits: (CMBitMap*) 0x00000242df3ebb90
 Bits: [0x00000242f2580000, 0x00000242f4580000)

Polling page: 0x00000242dd210000

Metaspace:

Usage:
  Non-class:     26.15 MB used.
      Class:      4.04 MB used.
       Both:     30.19 MB used.

Virtual space:
  Non-class space:       64.00 MB reserved,      26.50 MB ( 41%) committed,  1 nodes.
      Class space:        1.00 GB reserved,       4.31 MB ( <1%) committed,  1 nodes.
             Both:        1.06 GB reserved,      30.81 MB (  3%) committed. 

Chunk freelists:
   Non-Class:  5.23 MB
       Class:  11.75 MB
        Both:  16.98 MB

MaxMetaspaceSize: unlimited
CompressedClassSpaceSize: 1.00 GB
Initial GC threshold: 21.00 MB
Current GC threshold: 35.12 MB
CDS: off
 - commit_granule_bytes: 65536.
 - commit_granule_words: 8192.
 - virtual_space_node_default_size: 8388608.
 - enlarge_chunks_in_place: 1.
 - use_allocation_guard: 0.


Internal statistics:

num_allocs_failed_limit: 3.
num_arena_births: 880.
num_arena_deaths: 0.
num_vsnodes_births: 2.
num_vsnodes_deaths: 0.
num_space_committed: 493.
num_space_uncommitted: 0.
num_chunks_returned_to_freelist: 3.
num_chunks_taken_from_freelist: 1782.
num_chunk_merges: 3.
num_chunk_splits: 1128.
num_chunks_enlarged: 703.
num_inconsistent_stats: 0.

CodeHeap 'non-profiled nmethods': size=119168Kb used=1586Kb max_used=1586Kb free=117582Kb
 bounds [0x00000242ea080000, 0x00000242ea2f0000, 0x00000242f14e0000]
CodeHeap 'profiled nmethods': size=119104Kb used=6436Kb max_used=6436Kb free=112667Kb
 bounds [0x00000242e24e0000, 0x00000242e2b30000, 0x00000242e9930000]
CodeHeap 'non-nmethods': size=7488Kb used=3223Kb max_used=3224Kb free=4264Kb
 bounds [0x00000242e9930000, 0x00000242e9c60000, 0x00000242ea080000]
CodeCache: size=245760Kb, used=11245Kb, max_used=11246Kb, free=234513Kb
 total_blobs=3771, nmethods=3188, adapters=482, full_count=0
Compilation: enabled, stopped_count=0, restarted_count=0

Compilation events (20 events):
Event: 6.819 Thread 0x00000242f78a82f0 nmethod 3136 0x00000242ea20be90 code [0x00000242ea20c040, 0x00000242ea20c2f0]
Event: 6.819 Thread 0x00000242f78a82f0 3115   !   4       java.net.URLClassLoader$1::run (81 bytes)
Event: 6.829 Thread 0x00000242f79cf5e0 3177       3       java.lang.invoke.MethodHandles$Lookup::getDirectMethodNoSecurityManager (18 bytes)
Event: 6.829 Thread 0x00000242f79cf5e0 nmethod 3177 0x00000242e2b1e390 code [0x00000242e2b1e540, 0x00000242e2b1e690]
Event: 6.831 Thread 0x00000242f77f5a40 3178       3       java.lang.PublicMethods$Key::hashCode (19 bytes)
Event: 6.831 Thread 0x00000242fcddb550 3179       3       java.lang.reflect.Proxy$ProxyBuilder::addElementTypes (33 bytes)
Event: 6.831 Thread 0x00000242f77f5a40 nmethod 3178 0x00000242e2b1e790 code [0x00000242e2b1e940, 0x00000242e2b1ead0]
Event: 6.831 Thread 0x00000242f77f5a40 3180       3       jdk.internal.org.objectweb.asm.SymbolTable::addUninitializedType (103 bytes)
Event: 6.832 Thread 0x00000242fcddb550 nmethod 3179 0x00000242e2b1eb90 code [0x00000242e2b1eda0, 0x00000242e2b1f438]
Event: 6.832 Thread 0x00000242f77f5a40 nmethod 3180 0x00000242e2b1f710 code [0x00000242e2b1f920, 0x00000242e2b1fea8]
Event: 6.833 Thread 0x00000242fcddb550 3182       3       jdk.internal.reflect.ConstantPool::getIntAt (10 bytes)
Event: 6.833 Thread 0x00000242fcddb550 nmethod 3182 0x00000242e2b20190 code [0x00000242e2b20340, 0x00000242e2b20488]
Event: 6.858 Thread 0x00000242f79cf5e0 3184       3       java.lang.Class::copyConstructors (38 bytes)
Event: 6.860 Thread 0x00000242f79cf5e0 nmethod 3184 0x00000242e2b20510 code [0x00000242e2b20780, 0x00000242e2b21288]
Event: 6.863 Thread 0x00000242fcddb550 3185       3       org.gradle.internal.service.DefaultServiceRegistry::access$2000 (4 bytes)
Event: 6.863 Thread 0x00000242fcddb550 nmethod 3185 0x00000242e2b21710 code [0x00000242e2b218a0, 0x00000242e2b21998]
Event: 6.907 Thread 0x00000242fcddb550 3186       3       java.util.concurrent.locks.AbstractQueuedSynchronizer$Node::<init> (5 bytes)
Event: 7.060 Thread 0x00000242f79cf5e0 3187       3       jdk.internal.misc.Unsafe::getAndBitwiseAndInt (27 bytes)
Event: 7.106 Thread 0x00000242f77f5a40 3188       3       java.util.concurrent.locks.AbstractQueuedSynchronizer$Node::getAndUnsetStatus (14 bytes)
Event: 7.106 Thread 0x00000242f79d80e0 3189   !   3       java.util.concurrent.locks.AbstractQueuedSynchronizer::tryInitializeHead (66 bytes)

GC Heap History (10 events):
Event: 0.770 GC heap before
{Heap before GC invocations=0 (full 0):
 garbage-first heap   total 129024K, used 23552K [0x0000000080000000, 0x0000000100000000)
  region size 1024K, 23 young (23552K), 0 survivors (0K)
 Metaspace       used 8116K, committed 8256K, reserved 1114112K
  class space    used 748K, committed 832K, reserved 1048576K
}
Event: 0.775 GC heap after
{Heap after GC invocations=1 (full 0):
 garbage-first heap   total 129024K, used 2010K [0x0000000080000000, 0x0000000100000000)
  region size 1024K, 2 young (2048K), 2 survivors (2048K)
 Metaspace       used 8116K, committed 8256K, reserved 1114112K
  class space    used 748K, committed 832K, reserved 1048576K
}
Event: 1.852 GC heap before
{Heap before GC invocations=1 (full 0):
 garbage-first heap   total 129024K, used 39898K [0x0000000080000000, 0x0000000100000000)
  region size 1024K, 37 young (37888K), 2 survivors (2048K)
 Metaspace       used 12446K, committed 12672K, reserved 1114112K
  class space    used 1352K, committed 1472K, reserved 1048576K
}
Event: 1.858 GC heap after
{Heap after GC invocations=2 (full 0):
 garbage-first heap   total 129024K, used 10631K [0x0000000080000000, 0x0000000100000000)
  region size 1024K, 5 young (5120K), 5 survivors (5120K)
 Metaspace       used 12446K, committed 12672K, reserved 1114112K
  class space    used 1352K, committed 1472K, reserved 1048576K
}
Event: 2.571 GC heap before
{Heap before GC invocations=2 (full 0):
 garbage-first heap   total 129024K, used 60807K [0x0000000080000000, 0x0000000100000000)
  region size 1024K, 52 young (53248K), 5 survivors (5120K)
 Metaspace       used 13656K, committed 13824K, reserved 1114112K
  class space    used 1563K, committed 1664K, reserved 1048576K
}
Event: 2.580 GC heap after
{Heap after GC invocations=3 (full 0):
 garbage-first heap   total 129024K, used 17182K [0x0000000080000000, 0x0000000100000000)
  region size 1024K, 5 young (5120K), 5 survivors (5120K)
 Metaspace       used 13656K, committed 13824K, reserved 1114112K
  class space    used 1563K, committed 1664K, reserved 1048576K
}
Event: 3.262 GC heap before
{Heap before GC invocations=3 (full 0):
 garbage-first heap   total 129024K, used 40734K [0x0000000080000000, 0x0000000100000000)
  region size 1024K, 29 young (29696K), 5 survivors (5120K)
 Metaspace       used 21293K, committed 21504K, reserved 1114112K
  class space    used 2524K, committed 2624K, reserved 1048576K
}
Event: 3.268 GC heap after
{Heap after GC invocations=4 (full 0):
 garbage-first heap   total 129024K, used 20159K [0x0000000080000000, 0x0000000100000000)
  region size 1024K, 8 young (8192K), 8 survivors (8192K)
 Metaspace       used 21293K, committed 21504K, reserved 1114112K
  class space    used 2524K, committed 2624K, reserved 1048576K
}
Event: 4.420 GC heap before
{Heap before GC invocations=5 (full 0):
 garbage-first heap   total 68608K, used 67263K [0x0000000080000000, 0x0000000100000000)
  region size 1024K, 55 young (56320K), 8 survivors (8192K)
 Metaspace       used 29098K, committed 29568K, reserved 1114112K
  class space    used 3804K, committed 4032K, reserved 1048576K
}
Event: 4.428 GC heap after
{Heap after GC invocations=6 (full 0):
 garbage-first heap   total 80896K, used 22942K [0x0000000080000000, 0x0000000100000000)
  region size 1024K, 7 young (7168K), 7 survivors (7168K)
 Metaspace       used 29098K, committed 29568K, reserved 1114112K
  class space    used 3804K, committed 4032K, reserved 1048576K
}

Dll operation events (3 events):
Event: 0.012 Loaded shared library C:\Program Files\Android\Android Studio\jbr\bin\java.dll
Event: 0.020 Loaded shared library C:\Program Files\Android\Android Studio\jbr\bin\zip.dll
Event: 1.029 Loaded shared library C:\Program Files\Android\Android Studio\jbr\bin\verify.dll

Deoptimization events (20 events):
Event: 3.852 Thread 0x00000242fda259e0 Uncommon trap: trap_request=0xffffff45 fr.pc=0x00000242ea0b5200 relative=0x0000000000000620
Event: 3.852 Thread 0x00000242fda259e0 Uncommon trap: reason=unstable_if action=reinterpret pc=0x00000242ea0b5200 method=java.io.File.getName()Ljava/lang/String; @ 16 c2
Event: 3.852 Thread 0x00000242fda259e0 DEOPT PACKING pc=0x00000242ea0b5200 sp=0x0000009dda1fb230
Event: 3.852 Thread 0x00000242fda259e0 DEOPT UNPACKING pc=0x00000242e99846a2 sp=0x0000009dda1fb200 mode 2
Event: 3.924 Thread 0x00000242fda259e0 Uncommon trap: trap_request=0xffffff45 fr.pc=0x00000242ea0acb90 relative=0x00000000000000f0
Event: 3.924 Thread 0x00000242fda259e0 Uncommon trap: reason=unstable_if action=reinterpret pc=0x00000242ea0acb90 method=java.util.HashMap.hash(Ljava/lang/Object;)I @ 1 c2
Event: 3.924 Thread 0x00000242fda259e0 DEOPT PACKING pc=0x00000242ea0acb90 sp=0x0000009dda1fc2d0
Event: 3.924 Thread 0x00000242fda259e0 DEOPT UNPACKING pc=0x00000242e99846a2 sp=0x0000009dda1fc210 mode 2
Event: 3.985 Thread 0x00000242fda259e0 Uncommon trap: trap_request=0xffffff45 fr.pc=0x00000242ea1ce0a8 relative=0x0000000000000568
Event: 3.985 Thread 0x00000242fda259e0 Uncommon trap: reason=unstable_if action=reinterpret pc=0x00000242ea1ce0a8 method=java.util.ArrayList.grow(I)[Ljava/lang/Object; @ 17 c2
Event: 3.985 Thread 0x00000242fda259e0 DEOPT PACKING pc=0x00000242ea1ce0a8 sp=0x0000009dda1fd1f0
Event: 3.985 Thread 0x00000242fda259e0 DEOPT UNPACKING pc=0x00000242e99846a2 sp=0x0000009dda1fd1a8 mode 2
Event: 4.072 Thread 0x00000242fda259e0 DEOPT PACKING pc=0x00000242e29ccc81 sp=0x0000009dda1fc340
Event: 4.072 Thread 0x00000242fda259e0 DEOPT UNPACKING pc=0x00000242e9984e42 sp=0x0000009dda1fb850 mode 0
Event: 4.197 Thread 0x00000242fda259e0 DEOPT PACKING pc=0x00000242e29ccca2 sp=0x0000009dda1f6a90
Event: 4.197 Thread 0x00000242fda259e0 DEOPT UNPACKING pc=0x00000242e9984e42 sp=0x0000009dda1f5fa0 mode 0
Event: 4.238 Thread 0x00000242fda259e0 DEOPT PACKING pc=0x00000242e29ccc81 sp=0x0000009dda1f7ee0
Event: 4.238 Thread 0x00000242fda259e0 DEOPT UNPACKING pc=0x00000242e9984e42 sp=0x0000009dda1f73f0 mode 0
Event: 4.258 Thread 0x00000242fda259e0 DEOPT PACKING pc=0x00000242e29ccc81 sp=0x0000009dda1fbae0
Event: 4.258 Thread 0x00000242fda259e0 DEOPT UNPACKING pc=0x00000242e9984e42 sp=0x0000009dda1faff0 mode 0

Classes loaded (20 events):
Event: 4.115 Loading class java/util/Collections$2
Event: 4.115 Loading class java/util/Collections$2 done
Event: 4.250 Loading class java/util/function/LongFunction
Event: 4.250 Loading class java/util/function/LongFunction done
Event: 4.321 Loading class java/security/InvalidKeyException
Event: 4.321 Loading class java/security/KeyException
Event: 4.321 Loading class java/security/KeyException done
Event: 4.321 Loading class java/security/InvalidKeyException done
Event: 4.415 Loading class java/util/regex/Pattern$Dollar
Event: 4.415 Loading class java/util/regex/Pattern$Dollar done
Event: 4.434 Loading class java/io/ObjectInputStream
Event: 4.435 Loading class java/io/ObjectInput
Event: 4.435 Loading class java/io/ObjectInput done
Event: 4.435 Loading class java/io/ObjectStreamConstants
Event: 4.435 Loading class java/io/ObjectStreamConstants done
Event: 4.435 Loading class java/io/ObjectInputStream done
Event: 4.436 Loading class java/io/ObjectOutputStream
Event: 4.437 Loading class java/io/ObjectOutput
Event: 4.437 Loading class java/io/ObjectOutput done
Event: 4.437 Loading class java/io/ObjectOutputStream done

Classes unloaded (0 events):
No events

Classes redefined (0 events):
No events

Internal exceptions (20 events):
Event: 3.846 Thread 0x00000242fda259e0 Exception <a 'java/lang/NoSuchMethodError'{0x0000000082179a90}: 'java.lang.Object java.lang.invoke.DirectMethodHandle$Holder.invokeVirtual(java.lang.Object, java.lang.Object, java.lang.Object, java.lang.Object, java.lang.Object, java.lang.Object, java.lang.Object, java.lang.Object, java.lang.Object, java.lang.Object)'> (0x0000000082179a90) 
thrown [s\src\hotspot\share\interpreter\linkResolver.cpp, line 784]
Event: 3.894 Thread 0x00000242fda259e0 Exception <a 'java/lang/NoSuchMethodError'{0x0000000081f62810}: 'int java.lang.invoke.DirectMethodHandle$Holder.invokeSpecialIFC(java.lang.Object, java.lang.Object, java.lang.Object, java.lang.Object)'> (0x0000000081f62810) 
thrown [s\src\hotspot\share\interpreter\linkResolver.cpp, line 784]
Event: 3.896 Thread 0x00000242fda259e0 Exception <a 'java/lang/IncompatibleClassChangeError'{0x0000000081f6fd68}: Found class java.lang.Object, but interface was expected> (0x0000000081f6fd68) 
thrown [s\src\hotspot\share\interpreter\linkResolver.cpp, line 851]
Event: 3.924 Thread 0x00000242fda259e0 Implicit null exception at 0x00000242ea0acae6 to 0x00000242ea0acb86
Event: 4.017 Thread 0x00000242fda259e0 Exception <a 'java/lang/NoSuchMethodError'{0x0000000081bd7db8}: 'java.lang.Object java.lang.invoke.DelegatingMethodHandle$Holder.reinvoke_L(java.lang.Object, java.lang.Object, java.lang.Object, java.lang.Object, java.lang.Object, java.lang.Object, java.lang.Object, java.lang.Object, java.lang.Object, java.lang.Object, java.lang.Object, java.lang.Object, java.lang.Object, java.lang.Object, java.lang.Object, java.lang.Object, java.lang.Object, java.lang.Object, java.lang.Object, java.lang.Object, java.lang.O
Event: 4.022 Thread 0x00000242fda259e0 Exception <a 'java/lang/NoSuchMethodError'{0x0000000081a48150}: 'java.lang.Object java.lang.invoke.DirectMethodHandle$Holder.invokeStatic(java.lang.Object, java.lang.Object, java.lang.Object, java.lang.Object, java.lang.Object, java.lang.Object, java.lang.Object, java.lang.Object, java.lang.Object, java.lang.Object, java.lang.Object, java.lang.Object, java.lang.Object, java.lang.Object, java.lang.Object, java.lang.Object, java.lang.Object)'> (0x0000000081a48150) 
thrown [s\src\hotspot\share\interpreter\lin
Event: 4.024 Thread 0x00000242fda259e0 Exception <a 'java/lang/NoSuchMethodError'{0x0000000081a70ee0}: 'java.lang.Object java.lang.invoke.DirectMethodHandle$Holder.invokeStatic(java.lang.Object, java.lang.Object, java.lang.Object, java.lang.Object, java.lang.Object, java.lang.Object, java.lang.Object, java.lang.Object, java.lang.Object, java.lang.Object, java.lang.Object, java.lang.Object, java.lang.Object, java.lang.Object, java.lang.Object, java.lang.Object, java.lang.Object, java.lang.Object)'> (0x0000000081a70ee0) 
thrown [s\src\hotspot\sha
Event: 4.026 Thread 0x00000242fda259e0 Exception <a 'java/lang/NoSuchMethodError'{0x0000000081a9b378}: 'java.lang.Object java.lang.invoke.DirectMethodHandle$Holder.invokeStatic(java.lang.Object, java.lang.Object, java.lang.Object, java.lang.Object, java.lang.Object, java.lang.Object, java.lang.Object, java.lang.Object, java.lang.Object, java.lang.Object, java.lang.Object, java.lang.Object, java.lang.Object, java.lang.Object, java.lang.Object, java.lang.Object, java.lang.Object, java.lang.Object, java.lang.Object)'> (0x0000000081a9b378) 
thrown 
Event: 4.029 Thread 0x00000242fda259e0 Exception <a 'java/lang/NoSuchMethodError'{0x0000000081ac6a00}: 'java.lang.Object java.lang.invoke.DirectMethodHandle$Holder.invokeStatic(java.lang.Object, java.lang.Object, java.lang.Object, java.lang.Object, java.lang.Object, java.lang.Object, java.lang.Object, java.lang.Object, java.lang.Object, java.lang.Object, java.lang.Object, java.lang.Object, java.lang.Object, java.lang.Object, java.lang.Object, java.lang.Object, java.lang.Object, java.lang.Object, java.lang.Object, java.lang.Object)'> (0x00000000
Event: 4.031 Thread 0x00000242fda259e0 Exception <a 'java/lang/NoSuchMethodError'{0x0000000081af3558}: 'java.lang.Object java.lang.invoke.DirectMethodHandle$Holder.invokeStatic(java.lang.Object, java.lang.Object, java.lang.Object, java.lang.Object, java.lang.Object, java.lang.Object, java.lang.Object, java.lang.Object, java.lang.Object, java.lang.Object, java.lang.Object, java.lang.Object, java.lang.Object, java.lang.Object, java.lang.Object, java.lang.Object, java.lang.Object, java.lang.Object, java.lang.Object, java.lang.Object, java.lang.Obj
Event: 4.033 Thread 0x00000242fda259e0 Exception <a 'java/lang/NoSuchMethodError'{0x0000000081921320}: 'java.lang.Object java.lang.invoke.DirectMethodHandle$Holder.invokeStatic(java.lang.Object, java.lang.Object, java.lang.Object, java.lang.Object, java.lang.Object, java.lang.Object, java.lang.Object, java.lang.Object, java.lang.Object, java.lang.Object, java.lang.Object, java.lang.Object, java.lang.Object, java.lang.Object, java.lang.Object, java.lang.Object, java.lang.Object, java.lang.Object, java.lang.Object, java.lang.Object, java.lang.Obj
Event: 4.036 Thread 0x00000242fda259e0 Exception <a 'java/lang/NoSuchMethodError'{0x00000000819500a8}: 'java.lang.Object java.lang.invoke.DirectMethodHandle$Holder.invokeStatic(java.lang.Object, java.lang.Object, java.lang.Object, java.lang.Object, java.lang.Object, java.lang.Object, java.lang.Object, java.lang.Object, java.lang.Object, java.lang.Object, java.lang.Object, java.lang.Object, java.lang.Object, java.lang.Object, java.lang.Object, java.lang.Object, java.lang.Object, java.lang.Object, java.lang.Object, java.lang.Object, java.lang.Obj
Event: 4.038 Thread 0x00000242fda259e0 Exception <a 'java/lang/NoSuchMethodError'{0x000000008197f760}: 'java.lang.Object java.lang.invoke.DirectMethodHandle$Holder.invokeStatic(java.lang.Object, java.lang.Object, java.lang.Object, java.lang.Object, java.lang.Object, java.lang.Object, java.lang.Object, java.lang.Object, java.lang.Object, java.lang.Object, java.lang.Object, java.lang.Object, java.lang.Object, java.lang.Object, java.lang.Object, java.lang.Object, java.lang.Object, java.lang.Object, java.lang.Object, java.lang.Object, java.lang.Obj
Event: 4.041 Thread 0x00000242fda259e0 Exception <a 'java/lang/NoSuchMethodError'{0x00000000819b0508}: 'java.lang.Object java.lang.invoke.DirectMethodHandle$Holder.invokeStatic(java.lang.Object, java.lang.Object, java.lang.Object, java.lang.Object, java.lang.Object, java.lang.Object, java.lang.Object, java.lang.Object, java.lang.Object, java.lang.Object, java.lang.Object, java.lang.Object, java.lang.Object, java.lang.Object, java.lang.Object, java.lang.Object, java.lang.Object, java.lang.Object, java.lang.Object, java.lang.Object, java.lang.Obj
Event: 4.044 Thread 0x00000242fda259e0 Exception <a 'java/lang/NoSuchMethodError'{0x00000000819e1640}: 'java.lang.Object java.lang.invoke.DirectMethodHandle$Holder.invokeStatic(java.lang.Object, java.lang.Object, java.lang.Object, java.lang.Object, java.lang.Object, java.lang.Object, java.lang.Object, java.lang.Object, java.lang.Object, java.lang.Object, java.lang.Object, java.lang.Object, java.lang.Object, java.lang.Object, java.lang.Object, java.lang.Object, java.lang.Object, java.lang.Object, java.lang.Object, java.lang.Object, java.lang.Obj
Event: 4.047 Thread 0x00000242fda259e0 Exception <a 'java/lang/NoSuchMethodError'{0x0000000081814340}: 'java.lang.Object java.lang.invoke.DirectMethodHandle$Holder.invokeStatic(java.lang.Object, java.lang.Object, java.lang.Object, java.lang.Object, java.lang.Object, java.lang.Object, java.lang.Object, java.lang.Object, java.lang.Object, java.lang.Object, java.lang.Object, java.lang.Object, java.lang.Object, java.lang.Object, java.lang.Object, java.lang.Object, java.lang.Object, java.lang.Object, java.lang.Object, java.lang.Object, java.lang.Obj
Event: 4.089 Thread 0x00000242fda259e0 Exception <a 'java/lang/IncompatibleClassChangeError'{0x000000008173fa78}: Found class java.lang.Object, but interface was expected> (0x000000008173fa78) 
thrown [s\src\hotspot\share\interpreter\linkResolver.cpp, line 851]
Event: 4.404 Thread 0x00000242fda259e0 Exception <a 'java/lang/IncompatibleClassChangeError'{0x000000008076b738}: Found class java.lang.Object, but interface was expected> (0x000000008076b738) 
thrown [s\src\hotspot\share\interpreter\linkResolver.cpp, line 851]
Event: 4.409 Thread 0x00000242fda259e0 Exception <a 'java/lang/NoSuchMethodError'{0x0000000080796140}: 'java.lang.Object java.lang.invoke.DirectMethodHandle$Holder.newInvokeSpecial(java.lang.Object, java.lang.Object, java.lang.Object, java.lang.Object, java.lang.Object, java.lang.Object, java.lang.Object, java.lang.Object, java.lang.Object, java.lang.Object)'> (0x0000000080796140) 
thrown [s\src\hotspot\share\interpreter\linkResolver.cpp, line 784]
Event: 4.615 Thread 0x00000242fda259e0 Exception <a 'java/lang/NoSuchMethodError'{0x00000000860cb6f8}: 'void java.lang.invoke.DirectMethodHandle$Holder.invokeVirtual(java.lang.Object, java.lang.Object, java.lang.Object, java.lang.Object, java.lang.Object)'> (0x00000000860cb6f8) 
thrown [s\src\hotspot\share\interpreter\linkResolver.cpp, line 784]

ZGC Phase Switch (0 events):
No events

VM Operations (20 events):
Event: 3.261 Executing VM operation: CollectForMetadataAllocation (Metadata GC Threshold)
Event: 3.268 Executing VM operation: CollectForMetadataAllocation (Metadata GC Threshold) done
Event: 3.272 Executing VM operation: G1PauseRemark
Event: 3.274 Executing VM operation: G1PauseRemark done
Event: 3.275 Executing VM operation: G1PauseCleanup
Event: 3.280 Executing VM operation: G1PauseCleanup done
Event: 3.755 Executing VM operation: HandshakeAllThreads (Deoptimize)
Event: 3.755 Executing VM operation: HandshakeAllThreads (Deoptimize) done
Event: 4.056 Executing VM operation: HandshakeAllThreads (Deoptimize)
Event: 4.056 Executing VM operation: HandshakeAllThreads (Deoptimize) done
Event: 4.057 Executing VM operation: HandshakeAllThreads (Deoptimize)
Event: 4.057 Executing VM operation: HandshakeAllThreads (Deoptimize) done
Event: 4.320 Executing VM operation: ICBufferFull
Event: 4.321 Executing VM operation: ICBufferFull done
Event: 4.420 Executing VM operation: G1CollectForAllocation (G1 Evacuation Pause)
Event: 4.428 Executing VM operation: G1CollectForAllocation (G1 Evacuation Pause) done
Event: 5.428 Executing VM operation: Cleanup
Event: 5.693 Executing VM operation: Cleanup done
Event: 7.711 Executing VM operation: Cleanup
Event: 7.711 Executing VM operation: Cleanup done

Memory protections (0 events):
No events

Nmethod flushes (0 events):
No events

Events (20 events):
Event: 2.700 Loaded shared library C:\Program Files\Android\Android Studio\jbr\bin\management.dll
Event: 2.703 Loaded shared library C:\Program Files\Android\Android Studio\jbr\bin\management_ext.dll
Event: 2.739 Thread 0x00000242df393b70 Thread added: 0x00000242fda48370
Event: 2.858 Loaded shared library C:\Program Files\Android\Android Studio\jbr\bin\extnet.dll
Event: 2.986 Thread 0x00000242df393b70 Thread added: 0x00000242fda3e410
Event: 3.093 Thread 0x00000242df393b70 Thread added: 0x00000242fdde5850
Event: 3.137 Thread 0x00000242fda3e410 Thread added: 0x00000242fda2a400
Event: 3.139 Thread 0x00000242fda2a400 Thread added: 0x00000242fda2cca0
Event: 3.186 Thread 0x00000242fda2a400 Thread added: 0x00000242fda31a20
Event: 3.196 Thread 0x00000242fda2a400 Thread added: 0x00000242fda259e0
Event: 3.206 Thread 0x00000242fda259e0 Thread added: 0x00000242fdc234f0
Event: 3.210 Thread 0x00000242fda259e0 Thread added: 0x00000242fdc24f30
Event: 3.212 Thread 0x00000242fda259e0 Thread added: 0x00000242fdc23b80
Event: 3.747 Thread 0x00000242fd8e7c30 Thread exited: 0x00000242fd8e7c30
Event: 3.755 Thread 0x00000242fda259e0 Thread added: 0x00000242fdc25c50
Event: 3.764 Thread 0x00000242fda259e0 Thread added: 0x00000242fdc255c0
Event: 3.801 Thread 0x00000242fda259e0 Thread added: 0x00000242fdc248a0
Event: 3.833 Thread 0x00000242f79cf5e0 Thread added: 0x00000242fe33b550
Event: 4.042 Thread 0x00000242f79d80e0 Thread added: 0x00000242fe6bab70
Event: 6.797 Thread 0x00000242f79d80e0 Thread added: 0x00000242f78a82f0


Dynamic libraries:
0x00007ff7e46f0000 - 0x00007ff7e46fa000 	C:\Program Files\Android\Android Studio\jbr\bin\java.exe
0x00007ff8b86a0000 - 0x00007ff8b8907000 	C:\WINDOWS\SYSTEM32\ntdll.dll
0x00007ff8b7290000 - 0x00007ff8b7359000 	C:\WINDOWS\System32\KERNEL32.DLL
0x00007ff8b53a0000 - 0x00007ff8b5794000 	C:\WINDOWS\System32\KERNELBASE.dll
0x00007ff8b4f70000 - 0x00007ff8b50bb000 	C:\WINDOWS\System32\ucrtbase.dll
0x00007ff87ee70000 - 0x00007ff87ee88000 	C:\Program Files\Android\Android Studio\jbr\bin\jli.dll
0x00007ff89f100000 - 0x00007ff89f11b000 	C:\Program Files\Android\Android Studio\jbr\bin\VCRUNTIME140.dll
0x00007ff8b7aa0000 - 0x00007ff8b7c65000 	C:\WINDOWS\System32\USER32.dll
0x00007ff8b5370000 - 0x00007ff8b5397000 	C:\WINDOWS\System32\win32u.dll
0x00007ff8b77d0000 - 0x00007ff8b77fb000 	C:\WINDOWS\System32\GDI32.dll
0x00007ff89d350000 - 0x00007ff89d5e3000 	C:\WINDOWS\WinSxS\amd64_microsoft.windows.common-controls_6595b64144ccf1df_6.0.26100.8115_none_3e075c82e3354f9c\COMCTL32.dll
0x00007ff8b5240000 - 0x00007ff8b536b000 	C:\WINDOWS\System32\gdi32full.dll
0x00007ff8b7720000 - 0x00007ff8b77c9000 	C:\WINDOWS\System32\msvcrt.dll
0x00007ff8b6230000 - 0x00007ff8b62d3000 	C:\WINDOWS\System32\msvcp_win.dll
0x00007ff8b7250000 - 0x00007ff8b7282000 	C:\WINDOWS\System32\IMM32.DLL
0x00007ff89f0f0000 - 0x00007ff89f0fc000 	C:\Program Files\Android\Android Studio\jbr\bin\vcruntime140_1.dll
0x00007ffff8c20000 - 0x00007ffff8cad000 	C:\Program Files\Android\Android Studio\jbr\bin\msvcp140.dll
0x00007fffdcfe0000 - 0x00007fffddc76000 	C:\Program Files\Android\Android Studio\jbr\bin\server\jvm.dll
0x00007ff8b7800000 - 0x00007ff8b78b6000 	C:\WINDOWS\System32\ADVAPI32.dll
0x00007ff8b7d00000 - 0x00007ff8b7da7000 	C:\WINDOWS\System32\sechost.dll
0x00007ff8b80b0000 - 0x00007ff8b81c8000 	C:\WINDOWS\System32\RPCRT4.dll
0x00007ff8b7eb0000 - 0x00007ff8b7f30000 	C:\WINDOWS\System32\WS2_32.dll
0x00007ff8b4dd0000 - 0x00007ff8b4e2e000 	C:\WINDOWS\SYSTEM32\POWRPROF.dll
0x00007ff8a90c0000 - 0x00007ff8a90f6000 	C:\WINDOWS\SYSTEM32\WINMM.dll
0x00007ff8ae5e0000 - 0x00007ff8ae5eb000 	C:\WINDOWS\SYSTEM32\VERSION.dll
0x00007ff8b4db0000 - 0x00007ff8b4dc4000 	C:\WINDOWS\SYSTEM32\UMPDC.dll
0x00007ff8b3d00000 - 0x00007ff8b3d1b000 	C:\WINDOWS\SYSTEM32\kernel.appcore.dll
0x00007ff87cab0000 - 0x00007ff87caba000 	C:\Program Files\Android\Android Studio\jbr\bin\jimage.dll
0x00007ff8b3110000 - 0x00007ff8b3352000 	C:\WINDOWS\SYSTEM32\DBGHELP.DLL
0x00007ff8b7360000 - 0x00007ff8b76e2000 	C:\WINDOWS\System32\combase.dll
0x00007ff8b7f40000 - 0x00007ff8b8018000 	C:\WINDOWS\System32\OLEAUT32.dll
0x00007ff88a330000 - 0x00007ff88a36b000 	C:\WINDOWS\SYSTEM32\dbgcore.DLL
0x00007ff8b57a0000 - 0x00007ff8b5845000 	C:\WINDOWS\System32\bcryptPrimitives.dll
0x00007ff899570000 - 0x00007ff89957e000 	C:\Program Files\Android\Android Studio\jbr\bin\instrument.dll
0x00007ff87ca60000 - 0x00007ff87ca80000 	C:\Program Files\Android\Android Studio\jbr\bin\java.dll
0x00007ff87ca40000 - 0x00007ff87ca58000 	C:\Program Files\Android\Android Studio\jbr\bin\zip.dll
0x00007ff8b68c0000 - 0x00007ff8b7027000 	C:\WINDOWS\System32\SHELL32.dll
0x00007ff8b60c0000 - 0x00007ff8b622a000 	C:\WINDOWS\System32\wintypes.dll
0x00007ff8b5850000 - 0x00007ff8b60b8000 	C:\WINDOWS\System32\windows.storage.dll
0x00007ff8b6500000 - 0x00007ff8b65f8000 	C:\WINDOWS\System32\SHCORE.dll
0x00007ff8b6610000 - 0x00007ff8b6676000 	C:\WINDOWS\System32\shlwapi.dll
0x00007ff8b4e90000 - 0x00007ff8b4eb9000 	C:\WINDOWS\SYSTEM32\profapi.dll
0x00007ff87ca30000 - 0x00007ff87ca40000 	C:\Program Files\Android\Android Studio\jbr\bin\net.dll
0x00007ff8ae9f0000 - 0x00007ff8aeb1d000 	C:\WINDOWS\SYSTEM32\WINHTTP.dll
0x00007ff8b4270000 - 0x00007ff8b42dc000 	C:\WINDOWS\system32\mswsock.dll
0x00007ff878630000 - 0x00007ff878646000 	C:\Program Files\Android\Android Studio\jbr\bin\nio.dll
0x00007ff86dcd0000 - 0x00007ff86dce0000 	C:\Program Files\Android\Android Studio\jbr\bin\verify.dll
0x00007ff893a10000 - 0x00007ff893a37000 	C:\Users\pewie\.gradle\native\1def1411415f61bf3af743bc5b6707747c0891f09f0c88961ee8f79bc544acac\windows-amd64\native-platform.dll
0x00007ff864d20000 - 0x00007ff864d98000 	C:\Users\pewie\.gradle\native\0.2.7\x86_64-windows-gnu\gradle-fileevents.dll
0x00007ff872cc0000 - 0x00007ff872cc9000 	C:\Program Files\Android\Android Studio\jbr\bin\management.dll
0x00007ff872cb0000 - 0x00007ff872cbb000 	C:\Program Files\Android\Android Studio\jbr\bin\management_ext.dll
0x00007ff8b7c70000 - 0x00007ff8b7c78000 	C:\WINDOWS\System32\PSAPI.DLL
0x00007ff8b36b0000 - 0x00007ff8b36e2000 	C:\WINDOWS\SYSTEM32\IPHLPAPI.DLL
0x00007ff8b6860000 - 0x00007ff8b686a000 	C:\WINDOWS\System32\NSI.dll
0x00007ff87ca20000 - 0x00007ff87ca29000 	C:\Program Files\Android\Android Studio\jbr\bin\extnet.dll
0x00007ff8b4550000 - 0x00007ff8b456b000 	C:\WINDOWS\SYSTEM32\CRYPTSP.dll
0x00007ff8b3c60000 - 0x00007ff8b3c99000 	C:\WINDOWS\system32\rsaenh.dll
0x00007ff8b4320000 - 0x00007ff8b4353000 	C:\WINDOWS\SYSTEM32\USERENV.dll
0x00007ff8b4e60000 - 0x00007ff8b4e8a000 	C:\WINDOWS\SYSTEM32\bcrypt.dll
0x00007ff8b4570000 - 0x00007ff8b457c000 	C:\WINDOWS\SYSTEM32\CRYPTBASE.dll
0x00007ff867ab0000 - 0x00007ff867ab8000 	C:\WINDOWS\system32\wshunix.dll

JVMTI agents:
C:\Users\pewie\.gradle\wrapper\dists\gradle-8.13-bin\5xuhj0ry160q40clulazy9h7d\gradle-8.13\lib\agents\gradle-instrumentation-agent-8.13.jar path:C:\Program Files\Android\Android Studio\jbr\bin\instrument.dll, loaded, initialized, instrumentlib options:none

dbghelp: loaded successfully - version: 4.0.5 - missing functions: none
symbol engine: initialized successfully - sym options: 0x614 - pdb path: .;C:\Program Files\Android\Android Studio\jbr\bin;C:\WINDOWS\SYSTEM32;C:\WINDOWS\WinSxS\amd64_microsoft.windows.common-controls_6595b64144ccf1df_6.0.26100.8115_none_3e075c82e3354f9c;C:\Program Files\Android\Android Studio\jbr\bin\server;C:\Users\pewie\.gradle\native\1def1411415f61bf3af743bc5b6707747c0891f09f0c88961ee8f79bc544acac\windows-amd64;C:\Users\pewie\.gradle\native\0.2.7\x86_64-windows-gnu

VM Arguments:
jvm_args: --add-opens=java.base/java.lang=ALL-UNNAMED --add-opens=java.base/java.lang.invoke=ALL-UNNAMED --add-opens=java.base/java.util=ALL-UNNAMED --add-opens=java.prefs/java.util.prefs=ALL-UNNAMED --add-exports=jdk.compiler/com.sun.tools.javac.api=ALL-UNNAMED --add-exports=jdk.compiler/com.sun.tools.javac.util=ALL-UNNAMED --add-opens=java.base/java.util=ALL-UNNAMED --add-opens=java.prefs/java.util.prefs=ALL-UNNAMED --add-opens=java.base/java.nio.charset=ALL-UNNAMED --add-opens=java.base/java.net=ALL-UNNAMED --add-opens=java.base/java.util.concurrent.atomic=ALL-UNNAMED --add-opens=java.xml/javax.xml.namespace=ALL-UNNAMED -Xmx2048m -Dfile.encoding=UTF-8 -Duser.country=PL -Duser.language=pl -Duser.variant -javaagent:C:\Users\pewie\.gradle\wrapper\dists\gradle-8.13-bin\5xuhj0ry160q40clulazy9h7d\gradle-8.13\lib\agents\gradle-instrumentation-agent-8.13.jar 
java_command: org.gradle.launcher.daemon.bootstrap.GradleDaemon 8.13
java_class_path (initial): C:\Users\pewie\.gradle\wrapper\dists\gradle-8.13-bin\5xuhj0ry160q40clulazy9h7d\gradle-8.13\lib\gradle-daemon-main-8.13.jar
Launcher Type: SUN_STANDARD

[Global flags]
     intx CICompilerCount                          = 12                                        {product} {ergonomic}
     uint ConcGCThreads                            = 3                                         {product} {ergonomic}
     uint G1ConcRefinementThreads                  = 13                                        {product} {ergonomic}
   size_t G1HeapRegionSize                         = 1048576                                   {product} {ergonomic}
    uintx GCDrainStackTargetSize                   = 64                                        {product} {ergonomic}
   size_t InitialHeapSize                          = 132120576                                 {product} {ergonomic}
   size_t MarkStackSize                            = 4194304                                   {product} {ergonomic}
   size_t MaxHeapSize                              = 2147483648                                {product} {command line}
   size_t MaxNewSize                               = 1287651328                                {product} {ergonomic}
   size_t MinHeapDeltaBytes                        = 1048576                                   {product} {ergonomic}
   size_t MinHeapSize                              = 8388608                                   {product} {ergonomic}
    uintx NonNMethodCodeHeapSize                   = 7602480                                {pd product} {ergonomic}
    uintx NonProfiledCodeHeapSize                  = 122027880                              {pd product} {ergonomic}
    uintx ProfiledCodeHeapSize                     = 122027880                              {pd product} {ergonomic}
    uintx ReservedCodeCacheSize                    = 251658240                              {pd product} {ergonomic}
     bool SegmentedCodeCache                       = true                                      {product} {ergonomic}
   size_t SoftMaxHeapSize                          = 2147483648                             {manageable} {ergonomic}
     bool UseCompressedOops                        = true                           {product lp64_product} {ergonomic}
     bool UseG1GC                                  = true                                      {product} {ergonomic}
     bool UseLargePagesIndividualAllocation        = false                                  {pd product} {ergonomic}

Logging:
Log output configuration:
 #0: stdout all=warning uptime,level,tags foldmultilines=false
 #1: stderr all=off uptime,level,tags foldmultilines=false

Environment Variables:
PATH=C:\Program Files\Microsoft MPI\Bin\;C:\Program Files\Common Files\Oracle\Java\javapath;C:\Program Files (x86)\Common Files\Oracle\Java\java8path;C:\Program Files (x86)\Common Files\Oracle\Java\javapath;C:\Windows\system32;C:\Windows;C:\Windows\System32\Wbem;C:\Windows\System32\WindowsPowerShell\v1.0\;C:\Windows\System32\OpenSSH\;C:\Program Files (x86)\NVIDIA Corporation\PhysX\Common;C:\Program Files\NVIDIA Corporation\NVIDIA NvDLISR;C:\WINDOWS\system32;C:\WINDOWS;C:\WINDOWS\System32\Wbem;C:\WINDOWS\System32\WindowsPowerShell\v1.0\;C:\WINDOWS\System32\OpenSSH\;C:\Program Files (x86)\Microsoft SQL Server\160\Tools\Binn\;C:\Program Files\Microsoft SQL Server\160\Tools\Binn\;C:\Program Files\Microsoft SQL Server\Client SDK\ODBC\170\Tools\Binn\;C:\Program Files\Microsoft SQL Server\160\DTS\Binn\;C:\Program Files\dotnet\;C:\xampp\php;C:\ProgramData\ComposerSetup\bin;C:\Program Files\nodejs\;C:\Program Files\Git\cmd;C:\Program Files (x86)\Microsoft SQL Server\160\DTS\Binn\;C:\Program Files\Microsoft SQL Server\150\Tools\Binn\;C:\Program Files\PostgreSQL\18\bin;C:\Program Files\Docker\Docker\resources\bin;C:\Program Files (x86)\Windows Kits\10\Windows Performance Toolkit\;C:\Users\pewie\.cargo\bin;C:\Ruby34-x64\bin;C:\Users\pewie\AppData\Local\Programs\Python\Python313\Scripts\;C:\Users\pewie\AppData\Local\Programs\Python\Python313\;C:\Users\pewie\AppData\Local\Programs\Python\Launcher\;C:\Users\pewie\AppData\Local\Microsoft\WindowsApps;C:\Users\pewie\.dotnet\tools;C:\Users\pewie\AppData\Roaming\Composer\vendor\bin;C:\Users\pewie\AppData\Roaming\npm;C:\Users\pewie\AppData\Local\Programs\Microsoft VS Code\bin;C:\Users\pewie\AppData\Local\Programs\Antigravity\bin;C:\flutter\bin
USERNAME=pewie
OS=Windows_NT
PROCESSOR_IDENTIFIER=AMD64 Family 23 Model 96 Stepping 1, AuthenticAMD
TMP=C:\Users\pewie\AppData\Local\Temp
TEMP=C:\Users\pewie\AppData\Local\Temp




Periodic native trim disabled

JNI global refs:
JNI global refs: 32, weak refs: 0

JNI global refs memory usage: 835, weak refs: 201

Process memory usage:
Resident Set Size: 249064K (3% of 8254788K total physical memory with 1469080K free physical memory)

OOME stack traces (most recent first):
Classloader memory used:
Loader bootstrap                                                                       : 16747K
Loader org.gradle.internal.classloader.VisitableURLClassLoader                         : 12021K
Loader org.gradle.initialization.MixInLegacyTypesClassLoader                           : 1840K
Loader jdk.internal.loader.ClassLoaders$AppClassLoader                                 : 235K
Loader jdk.internal.loader.ClassLoaders$PlatformClassLoader                            : 148K

Classes loaded by more than one classloader:
Class org.gradle.internal.classloader.FilteringClassLoader                            : loaded 2 times (x 105B)
Class org.gradle.internal.classloader.ClassLoaderHierarchy                            : loaded 2 times (x 70B)
Class org.gradle.api.internal.classpath.ManifestUtil                                  : loaded 2 times (x 71B)
Class org.gradle.internal.classloader.DefaultClassLoaderFactory                       : loaded 2 times (x 82B)
Class org.gradle.internal.classloader.ClassLoaderVisitor                              : loaded 2 times (x 76B)
Class org.gradle.api.internal.classpath.EffectiveClassPath                            : loaded 2 times (x 90B)
Class org.gradle.api.internal.DefaultClassPathProvider                                : loaded 2 times (x 76B)
Class [Lorg.gradle.api.internal.ClassPathProvider;                                    : loaded 2 times (x 69B)
Class org.gradle.api.internal.ClassPathProvider                                       : loaded 2 times (x 70B)
Class org.gradle.internal.service.UnknownServiceException                             : loaded 2 times (x 83B)
Class org.gradle.internal.classpath.TransformedClassPath                              : loaded 2 times (x 96B)
Class org.gradle.internal.classloader.InstrumentingClassLoader                        : loaded 2 times (x 70B)
Class org.gradle.internal.service.ServiceLocator                                      : loaded 2 times (x 70B)
Class org.gradle.internal.InternalTransformer                                         : loaded 2 times (x 70B)
Class org.gradle.internal.classloader.ClasspathUtil$1                                 : loaded 2 times (x 76B)
Class org.gradle.api.internal.classpath.DefaultModuleRegistry$DefaultModule           : loaded 2 times (x 86B)
Class org.gradle.api.internal.classpath.Module                                        : loaded 2 times (x 70B)
Class org.gradle.api.internal.classpath.UnknownModuleException                        : loaded 2 times (x 82B)
Class org.gradle.api.internal.DefaultClassPathRegistry                                : loaded 2 times (x 76B)
Class org.gradle.api.internal.ClassPathRegistry                                       : loaded 2 times (x 70B)
Class org.gradle.internal.classpath.DefaultClassPath$ImmutableUniqueList              : loaded 2 times (x 199B)
Class org.gradle.internal.classpath.ClassPath                                         : loaded 2 times (x 70B)
Class org.gradle.api.UncheckedIOException                                             : loaded 2 times (x 82B)
Class org.gradle.internal.installation.GradleInstallation$1                           : loaded 2 times (x 75B)
Class org.gradle.api.internal.classpath.ModuleRegistry                                : loaded 2 times (x 70B)
Class org.gradle.api.internal.classpath.DefaultModuleRegistry                         : loaded 2 times (x 86B)
Class org.gradle.internal.service.ServiceLookupException                              : loaded 2 times (x 82B)
Class org.gradle.internal.classloader.ClassLoaderFactory                              : loaded 2 times (x 70B)
Class org.gradle.internal.service.CachingServiceLocator                               : loaded 2 times (x 82B)
Class org.gradle.internal.classloader.ClasspathUtil                                   : loaded 2 times (x 71B)
Class org.gradle.api.specs.Spec                                                       : loaded 2 times (x 70B)
Class org.gradle.internal.classloader.VisitableURLClassLoader$InstrumentingVisitableURLClassLoader: loaded 2 times (x 123B)
Class org.gradle.internal.classloader.VisitableURLClassLoader$Spec                    : loaded 2 times (x 74B)
Class org.gradle.internal.classpath.DefaultClassPath                                  : loaded 2 times (x 90B)
Class org.gradle.internal.classloader.ClassLoaderSpec                                 : loaded 2 times (x 71B)
Class org.gradle.internal.classloader.VisitableURLClassLoader                         : loaded 2 times (x 117B)
Class org.gradle.internal.Cast                                                        : loaded 2 times (x 71B)
Class org.gradle.api.Action                                                           : loaded 2 times (x 70B)
Class org.gradle.internal.classpath.DefaultClassPath$ImmutableUniqueList$Builder      : loaded 2 times (x 75B)
Class org.gradle.api.GradleException                                                  : loaded 2 times (x 82B)
Class org.gradle.internal.IoActions                                                   : loaded 2 times (x 71B)
Class org.gradle.internal.classloader.SystemClassLoaderSpec                           : loaded 2 times (x 71B)
Class org.gradle.api.internal.classpath.GlobalCacheRootsProvider                      : loaded 2 times (x 70B)
Class org.gradle.internal.installation.CurrentGradleInstallationLocator               : loaded 2 times (x 71B)
Class org.gradle.internal.service.DefaultServiceLocator                               : loaded 2 times (x 83B)
Class org.gradle.internal.installation.CurrentGradleInstallation                      : loaded 2 times (x 73B)
Class org.gradle.util.internal.GUtil                                                  : loaded 2 times (x 71B)
Class org.gradle.internal.installation.GradleInstallation                             : loaded 2 times (x 75B)

---------------  S Y S T E M  ---------------

OS:
 Windows 11 , 64 bit Build 26100 (10.0.26100.8246)
OS uptime: 12 days 5:43 hours
Hyper-V role detected

CPU: total 16 (initial active 16) (16 cores per cpu, 2 threads per core) family 23 model 96 stepping 1 microcode 0x8600104, cx8, cmov, fxsr, ht, mmx, 3dnowpref, sse, sse2, sse3, ssse3, sse4a, sse4.1, sse4.2, popcnt, lzcnt, tsc, tscinvbit, avx, avx2, aes, clmul, bmi1, bmi2, adx, sha, fma, vzeroupper, clflush, clflushopt, hv, rdtscp, rdpid, f16c
Processor Information for the first 16 processors :
  Max Mhz: 2900, Current Mhz: 2900, Mhz Limit: 2900

Memory: 4k page, system-wide physical 8061M (1434M free)
TotalPageFile size 26811M (AvailPageFile size 6M)
current process WorkingSet (physical memory assigned to process): 243M, peak: 246M
current process commit charge ("private bytes"): 296M, peak: 300M

vm_info: OpenJDK 64-Bit Server VM (21.0.8+-14018985-b1038.68) for windows-amd64 JRE (21.0.8+-14018985-b1038.68), built on 2025-08-29T19:56:34Z by "builder" with MS VC++ 16.10 / 16.11 (VS2019)

END.
